2023-06-01 10:14:02,489 [INFO] MainUpdater:2854 - connection check result : 10
2023-06-01 10:14:02,491 [INFO] MainUpdater:2854 - connection check result : 10
2023-06-01 10:14:02,516 [INFO] MicroXplorer:468 - Change Database Path : 
2023-06-01 10:14:02,516 [INFO] MicroXplorer:498 - Change Database Version : DB.6.0.81
2023-06-01 10:14:02,535 [WARN] ThirdParty:871 - waiting for thirdparty lock release [close project]
2023-06-01 10:14:02,535 [INFO] ThirdParty:873 - entering critical section [close project]
2023-06-01 10:14:02,535 [INFO] ThirdParty:883 - exiting critical section [close project]
2023-06-01 10:14:02,536 [INFO] PinOutPanel:1499 - setPackage(No Configuration,No Configuration)
2023-06-01 10:14:02,542 [WARN] IpParametersView:150 - Warning: This peripheral hasn't parameters
2023-06-01 10:14:02,544 [WARN] MainPanel:257 - <html><b><center>Warning: This peripheral has no parameters to be configured<br></b></html>
2023-06-01 10:14:02,547 [INFO] UtilMem:75 - Begin LoadConfig() Used Memory: 544197744 Bytes (954204160)
2023-06-01 10:14:02,547 [INFO] MicroXplorer:468 - Change Database Path : 
2023-06-01 10:14:02,547 [INFO] MicroXplorer:498 - Change Database Version : DB.6.0.81
2023-06-01 10:14:02,547 [INFO] OpenFileManager:308 - Change cursor
2023-06-01 10:14:02,553 [INFO] Mcu:1937 - Initializing MCU STM32F446R(C-E)Tx STM32F446RETx STM32F446RET6
2023-06-01 10:14:02,980 [INFO] Context:659 - Trying to add GPIOservice into a context  which must be forbidden
2023-06-01 10:14:03,100 [INFO] RtosManager:555 - Registered RTOS mode: class=CMSIS, group=RTOS, mode=CMSIS_V1, owner=FREERTOS
2023-06-01 10:14:03,100 [INFO] RtosManager:555 - Registered RTOS mode: class=CMSIS, group=RTOS2, mode=CMSIS_V2, owner=FREERTOS
2023-06-01 10:14:03,100 [INFO] RtosManager:555 - Registered RTOS mode: class=RTOS, group=Core, mode=CMSIS_V1, owner=FREERTOS
2023-06-01 10:14:03,100 [INFO] RtosManager:555 - Registered RTOS mode: class=RTOS, group=Core, mode=CMSIS_V2, owner=FREERTOS
2023-06-01 10:14:03,100 [WARN] ModelIntegratedComponent:184 - Missing modes for component STMicroelectronics:FreeRTOS:0.0.1:STMicroelectronics:RTOS:FreeRTOS:Core:::10.2.0:
2023-06-01 10:14:03,103 [WARN] ModelIntegratedComponent:63 - No mode defined for component null
2023-06-01 10:14:03,103 [WARN] ModelIntegratedComponent:63 - No mode defined for component null
2023-06-01 10:14:03,103 [WARN] ModelIntegratedComponent:63 - No mode defined for component null
2023-06-01 10:14:03,103 [WARN] ModelIntegratedComponent:63 - No mode defined for component null
2023-06-01 10:14:03,103 [WARN] ModelIntegratedComponent:63 - No mode defined for component null
2023-06-01 10:14:03,103 [WARN] ModelIntegratedComponent:63 - No mode defined for component null
2023-06-01 10:14:03,103 [WARN] ModelIntegratedComponent:63 - No mode defined for component null
2023-06-01 10:14:03,103 [WARN] ModelIntegratedComponent:63 - No mode defined for component null
2023-06-01 10:14:03,103 [WARN] ModelIntegratedComponent:63 - No mode defined for component null
2023-06-01 10:14:03,103 [WARN] ModelIntegratedComponent:63 - No mode defined for component null
2023-06-01 10:14:03,103 [WARN] ModelIntegratedComponent:63 - No mode defined for component null
2023-06-01 10:14:03,103 [WARN] ModelIntegratedComponent:63 - No mode defined for component null
2023-06-01 10:14:03,103 [WARN] ModelIntegratedComponent:63 - No mode defined for component null
2023-06-01 10:14:03,103 [WARN] ModelIntegratedComponent:63 - No mode defined for component null
2023-06-01 10:14:03,103 [WARN] ModelIntegratedComponent:63 - No mode defined for component null
2023-06-01 10:14:03,103 [WARN] ModelIntegratedComponent:63 - No mode defined for component null
2023-06-01 10:14:03,103 [WARN] ModelIntegratedComponent:63 - No mode defined for component null
2023-06-01 10:14:03,103 [WARN] ModelIntegratedComponent:63 - No mode defined for component null
2023-06-01 10:14:03,103 [WARN] ModelIntegratedComponent:63 - No mode defined for component null
2023-06-01 10:14:03,103 [WARN] ModelIntegratedComponent:63 - No mode defined for component null
2023-06-01 10:14:03,103 [WARN] ModelIntegratedComponent:63 - No mode defined for component null
2023-06-01 10:14:03,103 [WARN] ModelIntegratedComponent:63 - No mode defined for component null
2023-06-01 10:14:03,103 [WARN] ModelIntegratedComponent:63 - No mode defined for component null
2023-06-01 10:14:03,103 [WARN] ModelIntegratedComponent:63 - No mode defined for component null
2023-06-01 10:14:03,103 [WARN] ModelIntegratedComponent:63 - No mode defined for component null
2023-06-01 10:14:03,103 [WARN] ModelIntegratedComponent:63 - No mode defined for component null
2023-06-01 10:14:03,103 [WARN] ModelIntegratedComponent:63 - No mode defined for component null
2023-06-01 10:14:03,103 [WARN] ModelIntegratedComponent:63 - No mode defined for component null
2023-06-01 10:14:03,103 [WARN] ModelIntegratedComponent:63 - No mode defined for component null
2023-06-01 10:14:03,103 [WARN] ModelIntegratedComponent:63 - No mode defined for component null
2023-06-01 10:14:03,103 [WARN] ModelIntegratedComponent:63 - No mode defined for component null
2023-06-01 10:14:03,103 [WARN] ModelIntegratedComponent:63 - No mode defined for component null
2023-06-01 10:14:03,103 [WARN] ModelIntegratedComponent:63 - No mode defined for component null
2023-06-01 10:14:03,106 [INFO] ThirdPartyModel:298 - Start build external matchings
2023-06-01 10:14:03,211 [INFO] ThirdPartyModel:316 - End build external matchings
2023-06-01 10:14:03,213 [INFO] RtosManager:919 - Current active RTOS is FREERTOS [Cortex-M4NS]
2023-06-01 10:14:03,215 [WARN] IP:2113 - I2C_Coeff_DF not found: check if there is a RefParameter without a condition.
2023-06-01 10:14:03,215 [WARN] IP:2113 - Analog_Filter not found: check if there is a RefParameter without a condition.
2023-06-01 10:14:03,215 [INFO] ImportTextPane:194 - (OptionalMessage_ERROR) IP (RCC) : Parameter (FLatency) has Id (AdvancedSettings) currently not set
2023-06-01 10:14:03,215 [INFO] ImportTextPane:194 - (OptionalMessage_ERROR) IP (RCC) : Invalid parameter (FamilyName)
2023-06-01 10:14:03,215 [INFO] ImportTextPane:194 - (OptionalMessage_ERROR) IP (RCC) : Parameter (SDIOFreq_Value) has invalid value (168000000)
2023-06-01 10:14:03,215 [INFO] ImportTextPane:194 - (OptionalMessage_ERROR) IP (RCC) : Parameter (USBFreq_Value) has invalid value (168000000)
2023-06-01 10:14:03,215 [INFO] ImportTextPane:194 - (OptionalMessage_ERROR) IP (RCC) : Invalid parameter (VcooutputI2S)
2023-06-01 10:14:03,300 [INFO] UtilMem:75 - End LoadConfig() Used Memory: 431655136 Bytes (954204160)
2023-06-01 10:14:03,308 [WARN] ThirdParty:833 - waiting for thirdparty lock release [change project]
2023-06-01 10:14:03,308 [INFO] ThirdParty:835 - entering critical section [change project]
2023-06-01 10:14:03,308 [INFO] ThirdParty:1030 - CMSIS Pack Vendor :STMicroelectronics X-CUBE-ISPU 1.1.0
2023-06-01 10:14:03,308 [INFO] ThirdParty:1030 - CMSIS Pack Vendor :STMicroelectronics X-CUBE-GNSS1 6.0.0
2023-06-01 10:14:03,308 [INFO] ThirdParty:1030 - CMSIS Pack Vendor :STMicroelectronics USB_HOST 2.0.0
2023-06-01 10:14:03,308 [INFO] ThirdParty:1030 - CMSIS Pack Vendor :STMicroelectronics X-CUBE-AZRTOS-F4 1.1.0
2023-06-01 10:14:03,308 [INFO] ThirdParty:1030 - CMSIS Pack Vendor :STMicroelectronics LIBJPEG 8.0.0
2023-06-01 10:14:03,308 [INFO] ThirdParty:1030 - CMSIS Pack Vendor :STMicroelectronics X-CUBE-SMBUS 2.1.0
2023-06-01 10:14:03,308 [INFO] ThirdParty:1030 - CMSIS Pack Vendor :wolfSSL I-CUBE-wolfSSL 5.6.0
2023-06-01 10:14:03,308 [INFO] ThirdParty:1030 - CMSIS Pack Vendor :STMicroelectronics USB_DEVICE 3.0.0
2023-06-01 10:14:03,308 [INFO] ThirdParty:1030 - CMSIS Pack Vendor :STMicroelectronics X-CUBE-FREERTOS 1.0.1
2023-06-01 10:14:03,308 [INFO] ThirdParty:1030 - CMSIS Pack Vendor :STMicroelectronics X-CUBE-AZRTOS-F7 1.1.0
2023-06-01 10:14:03,308 [INFO] ThirdParty:1030 - CMSIS Pack Vendor :STMicroelectronics X-CUBE-TOUCHGFX 4.21.4
2023-06-01 10:14:03,308 [INFO] ThirdParty:1030 - CMSIS Pack Vendor :STMicroelectronics USB_DEVICE 2.0.0
2023-06-01 10:14:03,308 [INFO] ThirdParty:1030 - CMSIS Pack Vendor :STMicroelectronics X-CUBE-MEMS1 9.6.0
2023-06-01 10:14:03,308 [INFO] ThirdParty:1030 - CMSIS Pack Vendor :STMicroelectronics FP-SNS-MOTENV1 4.3.0
2023-06-01 10:14:03,309 [INFO] ThirdParty:1030 - CMSIS Pack Vendor :STMicroelectronics FP-SNS-FLIGHT1 5.0.0
2023-06-01 10:14:03,309 [INFO] ThirdParty:1030 - CMSIS Pack Vendor :STMicroelectronics FP-SNS-MOTENV1 4.3.1
2023-06-01 10:14:03,309 [INFO] ThirdParty:1030 - CMSIS Pack Vendor :STMicroelectronics FP-SNS-FLIGHT1 5.0.1
2023-06-01 10:14:03,309 [INFO] ThirdParty:1030 - CMSIS Pack Vendor :STMicroelectronics X-CUBE-ALGOBUILD 1.3.0
2023-06-01 10:14:03,309 [INFO] ThirdParty:1030 - CMSIS Pack Vendor :STMicroelectronics X-CUBE-BLE1 6.2.4
2023-06-01 10:14:03,309 [INFO] ThirdParty:1030 - CMSIS Pack Vendor :STMicroelectronics X-CUBE-AZRTOS-L5 1.1.0
2023-06-01 10:14:03,309 [INFO] ThirdParty:1030 - CMSIS Pack Vendor :STMicroelectronics FreeRTOS 0.0.1
2023-06-01 10:14:03,309 [INFO] ThirdParty:1030 - CMSIS Pack Vendor :emotas I-CUBE-CANOPEN 1.1.3
2023-06-01 10:14:03,309 [INFO] ThirdParty:1030 - CMSIS Pack Vendor :STMicroelectronics X-CUBE-AZRTOS-G0 1.1.0
2023-06-01 10:14:03,309 [INFO] ThirdParty:1030 - CMSIS Pack Vendor :STMicroelectronics X-CUBE-BLEMGR 2.0.0
2023-06-01 10:14:03,309 [INFO] ThirdParty:1030 - CMSIS Pack Vendor :STMicroelectronics X-CUBE-AI 8.0.1
2023-06-01 10:14:03,309 [INFO] ThirdParty:1030 - CMSIS Pack Vendor :STMicroelectronics X-CUBE-SUBG2 5.0.0
2023-06-01 10:14:03,309 [INFO] ThirdParty:1030 - CMSIS Pack Vendor :STMicroelectronics X-CUBE-NFC4 3.0.0
2023-06-01 10:14:03,309 [INFO] ThirdParty:1030 - CMSIS Pack Vendor :STMicroelectronics STM32_WPAN 1.0.0
2023-06-01 10:14:03,309 [INFO] ThirdParty:1030 - CMSIS Pack Vendor :STMicroelectronics lwIP 2.0.3
2023-06-01 10:14:03,309 [INFO] ThirdParty:1030 - CMSIS Pack Vendor :STMicroelectronics USB_HOST 1.0.0
2023-06-01 10:14:03,309 [INFO] ThirdParty:1030 - CMSIS Pack Vendor :STMicroelectronics X-CUBE-AZRTOS-G4 2.0.0
2023-06-01 10:14:03,309 [INFO] ThirdParty:1030 - CMSIS Pack Vendor :STMicroelectronics PDM2PCM 3.1.0
2023-06-01 10:14:03,309 [INFO] ThirdParty:1030 - CMSIS Pack Vendor :STMicroelectronics X-CUBE-AZRTOS-H7 3.1.0
2023-06-01 10:14:03,309 [INFO] ThirdParty:1030 - CMSIS Pack Vendor :STMicroelectronics X-CUBE-TOF1 3.3.0
2023-06-01 10:14:03,309 [INFO] ThirdParty:1030 - CMSIS Pack Vendor :STMicroelectronics PDM2PCM 3.3.0
2023-06-01 10:14:03,309 [INFO] ThirdParty:1030 - CMSIS Pack Vendor :STMicroelectronics X-CUBE-DISPLAY 3.0.0
2023-06-01 10:14:03,309 [INFO] ThirdParty:1030 - CMSIS Pack Vendor :STMicroelectronics FP-ATR-SIGFOX1 3.2.0
2023-06-01 10:14:03,309 [INFO] ThirdParty:1030 - CMSIS Pack Vendor :STMicroelectronics X-CUBE-AZRTOS-L4 1.0.0
2023-06-01 10:14:03,309 [INFO] ThirdParty:1030 - CMSIS Pack Vendor :STMicroelectronics HAL Drivers 0.0.0
2023-06-01 10:14:03,309 [INFO] ThirdParty:1030 - CMSIS Pack Vendor :STMicroelectronics MBEDTLS 2.16.2
2023-06-01 10:14:03,309 [INFO] ThirdParty:1030 - CMSIS Pack Vendor :STMicroelectronics MBEDTLS 2.14.1
2023-06-01 10:14:03,309 [INFO] ThirdParty:1030 - CMSIS Pack Vendor :STMicroelectronics X-CUBE-NFC7 1.0.0
2023-06-01 10:14:03,309 [INFO] ThirdParty:1030 - CMSIS Pack Vendor :STMicroelectronics X-CUBE-AZRTOS-WL 1.0.0
2023-06-01 10:14:03,309 [INFO] ThirdParty:1030 - CMSIS Pack Vendor :STMicroelectronics X-CUBE-EEPRMA1 4.1.0
2023-06-01 10:14:03,309 [INFO] ThirdParty:1030 - CMSIS Pack Vendor :portGmbH I-Cube-SoM-uGOAL 1.1.0
2023-06-01 10:14:03,309 [INFO] ThirdParty:1030 - CMSIS Pack Vendor :STMicroelectronics X-CUBE-ALS 1.0.1
2023-06-01 10:14:03,309 [INFO] ThirdParty:1030 - CMSIS Pack Vendor :STMicroelectronics ThreadX 1.0.0
2023-06-01 10:14:03,309 [INFO] ThirdParty:1030 - CMSIS Pack Vendor :STMicroelectronics X-CUBE-AZRTOS-WB 1.1.0
2023-06-01 10:14:03,309 [INFO] ThirdParty:1030 - CMSIS Pack Vendor :SEGGER I-CUBE-embOS 1.3.1
2023-06-01 10:14:03,309 [INFO] ThirdParty:1030 - CMSIS Pack Vendor :STMicroelectronics USB_DEVICE 1.0.0
2023-06-01 10:14:03,309 [INFO] ThirdParty:1030 - CMSIS Pack Vendor :STMicroelectronics X-CUBE-AZRTOS-L4 2.0.0
2023-06-01 10:14:03,309 [INFO] ThirdParty:1030 - CMSIS Pack Vendor :STMicroelectronics ThreadX 0.0.2
2023-06-01 10:14:03,309 [INFO] ThirdParty:1030 - CMSIS Pack Vendor :WES I-CUBE-Cesium 1.3.0
2023-06-01 10:14:03,309 [INFO] ThirdParty:1030 - CMSIS Pack Vendor :STMicroelectronics FP-ATR-ASTRA1 2.0.0
2023-06-01 10:14:03,309 [INFO] ThirdParty:1030 - CMSIS Pack Vendor :STMicroelectronics lwIP 2.1.2
2023-06-01 10:14:03,309 [INFO] ThirdParty:1030 - CMSIS Pack Vendor :STMicroelectronics X-CUBE-SFXS2LP1 4.0.0
2023-06-01 10:14:03,309 [INFO] ThirdParty:1030 - CMSIS Pack Vendor :STMicroelectronics X-CUBE-BLE2 3.3.0
2023-06-01 10:14:03,309 [INFO] ThirdParty:1030 - CMSIS Pack Vendor :STMicroelectronics PDM2PCM 3.2.0
2023-06-01 10:14:03,309 [INFO] ThirdParty:841 - exiting critical section [change project]
2023-06-01 10:14:03,446 [INFO] PinOutPanel:1499 - setPackage(No Configuration,No Configuration)
2023-06-01 10:14:03,447 [INFO] PinOutPanel:1499 - setPackage(STM32F446RETx,LQFP64)
2023-06-01 10:14:03,554 [INFO] UtilMem:75 - Before build in PCC Used Memory: 334781136 Bytes (954204160)
2023-06-01 10:14:03,668 [INFO] UtilMem:75 - After build in PCC Used Memory: 384064208 Bytes (954204160)
2023-06-01 10:14:03,695 [INFO] ApiDbMcu:507 - Load IP Config File for FREERTOS
2023-06-01 10:14:03,712 [INFO] IPUIPlugin:80 - create IPUIPlugin
2023-06-01 10:14:03,712 [INFO] IPUIPlugin:80 - create IPUIPlugin
2023-06-01 10:14:03,712 [INFO] IPUIPlugin:80 - create IPUIPlugin
2023-06-01 10:14:03,713 [INFO] IPUIPlugin:80 - create IPUIPlugin
2023-06-01 10:14:03,713 [INFO] IPUIPlugin:80 - create IPUIPlugin
2023-06-01 10:14:03,713 [INFO] IPUIPlugin:80 - create IPUIPlugin
2023-06-01 10:14:03,713 [INFO] IPUIPlugin:80 - create IPUIPlugin
2023-06-01 10:14:03,713 [INFO] IPUIPlugin:80 - create IPUIPlugin
2023-06-01 10:14:03,713 [INFO] IPUIPlugin:80 - create IPUIPlugin
2023-06-01 10:14:03,713 [INFO] IPUIPlugin:80 - create IPUIPlugin
2023-06-01 10:14:03,713 [INFO] IPUIPlugin:80 - create IPUIPlugin
2023-06-01 10:14:03,713 [INFO] IPUIPlugin:80 - create IPUIPlugin
2023-06-01 10:14:03,713 [INFO] IPUIPlugin:80 - create IPUIPlugin
2023-06-01 10:14:03,713 [INFO] IPUIPlugin:80 - create IPUIPlugin
2023-06-01 10:14:03,713 [INFO] IPUIPlugin:80 - create IPUIPlugin
2023-06-01 10:14:03,713 [INFO] IPUIPlugin:80 - create IPUIPlugin
2023-06-01 10:14:03,713 [INFO] IPUIPlugin:80 - create IPUIPlugin
2023-06-01 10:14:03,713 [INFO] IPUIPlugin:80 - create IPUIPlugin
2023-06-01 10:14:03,713 [INFO] IPUIPlugin:80 - create IPUIPlugin
2023-06-01 10:14:03,713 [INFO] IPUIPlugin:80 - create IPUIPlugin
2023-06-01 10:14:03,714 [INFO] IPUIPlugin:80 - create IPUIPlugin
2023-06-01 10:14:03,714 [INFO] IPUIPlugin:80 - create IPUIPlugin
2023-06-01 10:14:03,714 [INFO] IPUIPlugin:80 - create IPUIPlugin
2023-06-01 10:14:03,714 [INFO] IPUIPlugin:80 - create IPUIPlugin
2023-06-01 10:14:03,714 [INFO] IPUIPlugin:80 - create IPUIPlugin
2023-06-01 10:14:03,714 [INFO] IPUIPlugin:80 - create IPUIPlugin
2023-06-01 10:14:03,714 [INFO] IPUIPlugin:80 - create IPUIPlugin
2023-06-01 10:14:03,714 [INFO] IPUIPlugin:80 - create IPUIPlugin
2023-06-01 10:14:03,714 [INFO] IPUIPlugin:80 - create IPUIPlugin
2023-06-01 10:14:03,715 [INFO] IPUIPlugin:80 - create IPUIPlugin
2023-06-01 10:14:03,715 [INFO] IPUIPlugin:80 - create IPUIPlugin
2023-06-01 10:14:03,715 [INFO] IPUIPlugin:80 - create IPUIPlugin
2023-06-01 10:14:03,715 [INFO] IPUIPlugin:80 - create IPUIPlugin
2023-06-01 10:14:03,715 [INFO] IPUIPlugin:80 - create IPUIPlugin
2023-06-01 10:14:03,715 [INFO] IPUIPlugin:80 - create IPUIPlugin
2023-06-01 10:14:03,716 [INFO] IPUIPlugin:80 - create IPUIPlugin
2023-06-01 10:14:03,716 [INFO] IPUIPlugin:80 - create IPUIPlugin
2023-06-01 10:14:03,716 [INFO] IPUIPlugin:80 - create IPUIPlugin
2023-06-01 10:14:03,716 [INFO] IPUIPlugin:80 - create IPUIPlugin
2023-06-01 10:14:03,716 [INFO] IPUIPlugin:80 - create IPUIPlugin
2023-06-01 10:14:03,716 [INFO] IPUIPlugin:80 - create IPUIPlugin
2023-06-01 10:14:03,717 [INFO] IPUIPlugin:80 - create IPUIPlugin
2023-06-01 10:14:03,717 [INFO] IPUIPlugin:80 - create IPUIPlugin
2023-06-01 10:14:03,717 [INFO] IPUIPlugin:80 - create IPUIPlugin
2023-06-01 10:14:03,717 [INFO] IPUIPlugin:80 - create IPUIPlugin
2023-06-01 10:14:03,717 [INFO] IPUIPlugin:80 - create IPUIPlugin
2023-06-01 10:14:03,717 [INFO] IPUIPlugin:80 - create IPUIPlugin
2023-06-01 10:14:03,718 [INFO] IPUIPlugin:80 - create IPUIPlugin
2023-06-01 10:14:03,718 [INFO] IPUIPlugin:80 - create IPUIPlugin
2023-06-01 10:14:03,718 [INFO] IPUIPlugin:80 - create IPUIPlugin
2023-06-01 10:14:03,718 [INFO] IPUIPlugin:80 - create IPUIPlugin
2023-06-01 10:14:03,718 [INFO] IPUIPlugin:80 - create IPUIPlugin
2023-06-01 10:14:03,719 [INFO] IPUIPlugin:80 - create IPUIPlugin
2023-06-01 10:14:03,719 [INFO] IPUIPlugin:80 - create IPUIPlugin
2023-06-01 10:14:03,719 [INFO] IPUIPlugin:80 - create IPUIPlugin
2023-06-01 10:14:03,719 [INFO] IPUIPlugin:80 - create IPUIPlugin
2023-06-01 10:14:03,719 [INFO] IPUIPlugin:80 - create IPUIPlugin
2023-06-01 10:14:03,720 [INFO] IPUIPlugin:80 - create IPUIPlugin
2023-06-01 10:14:03,720 [INFO] IPUIPlugin:80 - create IPUIPlugin
2023-06-01 10:14:03,721 [INFO] IPUIPlugin:80 - create IPUIPlugin
2023-06-01 10:14:03,723 [INFO] ApiDbMcu:507 - Load IP Config File for PDM2PCM
2023-06-01 10:14:03,723 [WARN] IP:2113 - I2C_Coeff_DF not found: check if there is a RefParameter without a condition.
2023-06-01 10:14:03,723 [WARN] IP:2113 - Analog_Filter not found: check if there is a RefParameter without a condition.
2023-06-01 10:14:03,730 [WARN] FreeRTOS:1023 - Null or empty value: should not occur! (nothing added to the table)
2023-06-01 10:14:03,756 [INFO] CADModel:165 - CPN selected for project levelSTM32F446RET6
2023-06-01 10:14:03,756 [INFO] CADModel:114 - Register for checkConnection events
2023-06-01 10:14:03,758 [INFO] RtosManager:697 - Active RTOS found at IOC load: FREERTOS [Cortex-M4NS]
2023-06-01 10:14:03,795 [INFO] OpenFileManager:328 - Restore cursor
2023-06-01 10:14:03,907 [WARN] IP:2113 - I2C_Coeff_DF not found: check if there is a RefParameter without a condition.
2023-06-01 10:14:03,907 [WARN] IP:2113 - Analog_Filter not found: check if there is a RefParameter without a condition.
2023-06-01 10:14:03,908 [WARN] IP:2113 - I2C_Coeff_DF not found: check if there is a RefParameter without a condition.
2023-06-01 10:14:03,908 [WARN] IP:2113 - Analog_Filter not found: check if there is a RefParameter without a condition.
2023-06-01 10:14:13,832 [INFO] NvicIntPanel:101 - NVIC parent = com.st.microxplorer.plugins.ip.nvic.MultiNvicIntPanel[,0,0,515x283,layout=javax.swing.BoxLayout,alignmentX=0.0,alignmentY=0.0,border=,flags=9,maximumSize=,minimumSize=,preferredSize=]
2023-06-01 18:19:10,623 [INFO] Activator:176 - 


2023-06-01 18:19:10,624 [INFO] Activator:177 - !SESSION log4j initialized
2023-06-01 18:19:13,584 [INFO] LogOutputStream:77 - [STDOUT_REDIRECT] 
2023-06-01 18:19:34,651 [ERROR] LogOutputStream:75 - [STDERR_REDIRECT] SLF4J: Failed to load class "org.slf4j.impl.StaticLoggerBinder".
2023-06-01 18:19:34,651 [ERROR] LogOutputStream:75 - [STDERR_REDIRECT] SLF4J: Defaulting to no-operation (NOP) logger implementation
2023-06-01 18:19:34,652 [ERROR] LogOutputStream:75 - [STDERR_REDIRECT] SLF4J: See http://www.slf4j.org/codes.html#StaticLoggerBinder for further details.
2023-06-01 18:20:05,690 [INFO] ApplicationProperties:184 - Using Application install path: /opt/st/stm32cubeide_1.12.1/plugins/com.st.stm32cube.common.mx_6.8.1.202304191431
2023-06-01 18:20:05,715 [INFO] DbMcusXml:78 - Set database path to: /opt/st/stm32cubeide_1.12.1/plugins/com.st.stm32cube.common.mx_6.8.1.202304191431//db//mcu/
2023-06-01 18:20:05,715 [INFO] ApiDb:274 - Set plugin database path to: /opt/st/stm32cubeide_1.12.1/plugins/com.st.stm32cube.common.mx_6.8.1.202304191431//db//plugins/boardmanager/
2023-06-01 18:20:05,719 [WARN] ApiDb:259 - Overriding images path with different value:  => /opt/st/stm32cubeide_1.12.1/plugins/com.st.stm32cube.common.mx_6.8.1.202304191431//db//plugins/mcufinder/images/
2023-06-01 18:20:05,729 [INFO] ApiDb:250 - Set database path to: /home/jeff/.stmcufinder/plugins/mcufinder//mcu/
2023-06-01 18:20:05,730 [INFO] DbMcusAds:125 - Set database path to: /home/jeff/.stmcufinder/plugins/mcufinder//mcu/
2023-06-01 18:20:13,605 [INFO] CrossReferenceDbSqlite:203 - Set database path to: /home/jeff/.stmcufinder/plugins/mcufinder//mcu/cs/
2023-06-01 18:20:13,683 [INFO] RulesReader:64 - Compatibility file has been processed (293 Rules)
2023-06-01 18:20:13,720 [INFO] DbMcusXml:78 - Set database path to: /opt/st/stm32cubeide_1.12.1/plugins/com.st.stm32cube.common.mx_6.8.1.202304191431//db//mcu/
2023-06-01 18:20:13,720 [INFO] ApiDb:274 - Set plugin database path to: /opt/st/stm32cubeide_1.12.1/plugins/com.st.stm32cube.common.mx_6.8.1.202304191431//db//plugins/boardmanager/
2023-06-01 18:20:13,720 [INFO] ApiDb:261 - Set plugin images path to: /opt/st/stm32cubeide_1.12.1/plugins/com.st.stm32cube.common.mx_6.8.1.202304191431//db//plugins/mcufinder/images/
2023-06-01 18:20:13,720 [WARN] DbFile:41 - Overriding database path with different value: /home/jeff/.stmcufinder/plugins/mcufinder/ => /home/jeff/.stmcufinder/plugins/mcufinder
2023-06-01 18:20:13,720 [INFO] ApiDb:250 - Set database path to: /home/jeff/.stmcufinder/plugins/mcufinder//mcu/
2023-06-01 18:20:13,720 [WARN] DbFile:41 - Overriding database path with different value: /home/jeff/.stmcufinder/plugins/mcufinder/ => /home/jeff/.stmcufinder/plugins/mcufinder
2023-06-01 18:20:13,720 [INFO] DbMcusAds:125 - Set database path to: /home/jeff/.stmcufinder/plugins/mcufinder//mcu/
2023-06-01 18:20:13,720 [WARN] DbFile:41 - Overriding database path with different value: /home/jeff/.stmcufinder/plugins/mcufinder/ => /home/jeff/.stmcufinder/plugins/mcufinder
2023-06-01 18:20:13,721 [WARN] DbFile:41 - Overriding database path with different value: /home/jeff/.stmcufinder/plugins/mcufinder/ => /home/jeff/.stmcufinder/plugins/mcufinder
2023-06-01 18:20:13,721 [INFO] CrossReferenceDbSqlite:203 - Set database path to: /home/jeff/.stmcufinder/plugins/mcufinder//mcu/cs/
2023-06-01 18:20:13,760 [INFO] MainPanel:253 - HeapMemory: 446693376
2023-06-01 18:20:13,831 [INFO] DbMcusXml:78 - Set database path to: /opt/st/stm32cubeide_1.12.1/plugins/com.st.stm32cube.common.mx_6.8.1.202304191431//db//mcu/
2023-06-01 18:20:13,831 [INFO] ApiDb:274 - Set plugin database path to: /opt/st/stm32cubeide_1.12.1/plugins/com.st.stm32cube.common.mx_6.8.1.202304191431//db//plugins/boardmanager/
2023-06-01 18:20:13,831 [INFO] ApiDb:261 - Set plugin images path to: /opt/st/stm32cubeide_1.12.1/plugins/com.st.stm32cube.common.mx_6.8.1.202304191431//db//plugins/mcufinder/images/
2023-06-01 18:20:13,832 [WARN] DbFile:41 - Overriding database path with different value: /home/jeff/.stmcufinder/plugins/mcufinder/ => /home/jeff/.stmcufinder/plugins/mcufinder
2023-06-01 18:20:13,832 [INFO] ApiDb:250 - Set database path to: /home/jeff/.stmcufinder/plugins/mcufinder//mcu/
2023-06-01 18:20:13,832 [WARN] DbFile:41 - Overriding database path with different value: /home/jeff/.stmcufinder/plugins/mcufinder/ => /home/jeff/.stmcufinder/plugins/mcufinder
2023-06-01 18:20:13,832 [INFO] DbMcusAds:125 - Set database path to: /home/jeff/.stmcufinder/plugins/mcufinder//mcu/
2023-06-01 18:20:13,832 [WARN] DbFile:41 - Overriding database path with different value: /home/jeff/.stmcufinder/plugins/mcufinder/ => /home/jeff/.stmcufinder/plugins/mcufinder
2023-06-01 18:20:13,832 [WARN] DbFile:41 - Overriding database path with different value: /home/jeff/.stmcufinder/plugins/mcufinder/ => /home/jeff/.stmcufinder/plugins/mcufinder
2023-06-01 18:20:13,832 [INFO] CrossReferenceDbSqlite:203 - Set database path to: /home/jeff/.stmcufinder/plugins/mcufinder//mcu/cs/
2023-06-01 18:20:13,842 [INFO] ApplicationProperties:184 - Using Application install path: /opt/st/stm32cubeide_1.12.1/plugins/com.st.stm32cube.common.mx_6.8.1.202304191431
2023-06-01 18:20:13,843 [INFO] PluginManage:196 - Search for loadable plugins [exclusion list=, ]
2023-06-01 18:20:13,844 [INFO] PluginManage:310 - Check plugin analytics
2023-06-01 18:20:13,942 [INFO] AnalyticsPlugin:253 - Accepted Software Licenses: STM32CubeMX.6.8.1
2023-06-01 18:20:13,942 [INFO] AnalyticsPlugin:255 - Accepted CMSIS Pack Licenses: 
2023-06-01 18:20:13,942 [INFO] AnalyticsPlugin:257 - Accepted Firmware Licenses: FW.F7.1.17.0,FW.F4.1.27.0
2023-06-01 18:20:13,946 [INFO] PluginManage:359 - Loaded plugin analytics (category:tool,tabindex:-1)
2023-06-01 18:20:13,946 [INFO] PluginManage:310 - Check plugin cadmodel
2023-06-01 18:20:13,991 [INFO] CADModel:105 - Init CAD model plugin
2023-06-01 18:20:13,991 [INFO] PluginManage:359 - Loaded plugin cadmodel (category:power,tabindex:5)
2023-06-01 18:20:13,991 [INFO] PluginManage:310 - Check plugin clock
2023-06-01 18:20:13,998 [INFO] PluginManage:359 - Loaded plugin clock (category:base,tabindex:2)
2023-06-01 18:20:13,998 [INFO] PluginManage:310 - Check plugin ddr
2023-06-01 18:20:14,000 [INFO] PluginManage:359 - Loaded plugin ddr (category:tool,tabindex:6)
2023-06-01 18:20:14,000 [INFO] PluginManage:310 - Check plugin filemanager
2023-06-01 18:20:14,079 [INFO] PluginManage:359 - Loaded plugin filemanager (category:base,tabindex:10)
2023-06-01 18:20:14,079 [INFO] PluginManage:310 - Check plugin ipmanager
2023-06-01 18:20:14,084 [INFO] PluginManage:359 - Loaded plugin ipmanager (category:base,tabindex:5)
2023-06-01 18:20:14,084 [INFO] PluginManage:310 - Check plugin lpbam
2023-06-01 18:20:14,091 [INFO] PluginManage:359 - Loaded plugin lpbam (category:base,tabindex:0)
2023-06-01 18:20:14,091 [INFO] PluginManage:310 - Check plugin pinoutandconfiguration
2023-06-01 18:20:14,097 [INFO] PluginManage:359 - Loaded plugin pinoutandconfiguration (category:base,tabindex:1)
2023-06-01 18:20:14,097 [INFO] PluginManage:310 - Check plugin pinoutconfig
2023-06-01 18:20:14,157 [WARN] SupportedApi:132 - Cannot load RTOS API schema: s4s-elt-must-match.1: The content of 'definitions' must match (annotation?, (simpleType | complexType)?, (unique | key | keyref)*)). A problem was found starting at: attribute.
2023-06-01 18:20:14,236 [INFO] PluginManage:359 - Loaded plugin pinoutconfig (category:base,tabindex:0)
2023-06-01 18:20:14,236 [INFO] PluginManage:310 - Check plugin power
2023-06-01 18:20:14,243 [INFO] PluginManage:359 - Loaded plugin power (category:power,tabindex:4)
2023-06-01 18:20:14,243 [INFO] PluginManage:310 - Check plugin projectmanager
2023-06-01 18:20:14,255 [INFO] PluginManage:359 - Loaded plugin projectmanager (category:projectmanager,tabindex:3)
2023-06-01 18:20:14,255 [INFO] PluginManage:310 - Check plugin thirdparty
2023-06-01 18:20:14,329 [INFO] PluginManage:359 - Loaded plugin thirdparty (category:base,tabindex:-1)
2023-06-01 18:20:14,329 [WARN] IntegrityCheckThread:84 - waiting for thirdparty lock release [integrity check]
2023-06-01 18:20:14,329 [INFO] PluginManage:310 - Check plugin tools
2023-06-01 18:20:14,329 [INFO] IntegrityCheckThread:86 - entering critical section [integrity check]
2023-06-01 18:20:14,330 [INFO] ThirdPartyUpdaterWithRetryManager:70 - Updater plugin not ready yet. [1/15]
2023-06-01 18:20:14,331 [INFO] PluginManage:359 - Loaded plugin tools (category:base,tabindex:7)
2023-06-01 18:20:14,331 [INFO] PluginManage:310 - Check plugin tutovideos
2023-06-01 18:20:14,509 [INFO] PluginManage:359 - Loaded plugin tutovideos (category:base,tabindex:-1)
2023-06-01 18:20:14,509 [INFO] PluginManage:310 - Check plugin updater
2023-06-01 18:20:14,529 [INFO] PluginManage:359 - Loaded plugin updater (category:base,tabindex:12)
2023-06-01 18:20:14,530 [INFO] PluginManage:283 - PluginManage : Loaded plugins [15]
2023-06-01 18:20:14,716 [INFO] PinOutPanel:1499 - setPackage(No Configuration,No Configuration)
2023-06-01 18:20:14,765 [INFO] CADModel:165 - CPN selected for project level
2023-06-01 18:20:14,765 [INFO] CADModel:114 - Register for checkConnection events
2023-06-01 18:20:14,775 [INFO] IPUIPlugin:80 - create IPUIPlugin
2023-06-01 18:20:14,775 [INFO] PluginManager:220 - loadIPPluginJar : add usbx
2023-06-01 18:20:14,776 [INFO] IPUIPlugin:80 - create IPUIPlugin
2023-06-01 18:20:14,777 [INFO] PluginManager:220 - loadIPPluginJar : add tracer_emb
2023-06-01 18:20:14,777 [INFO] IPUIPlugin:80 - create IPUIPlugin
2023-06-01 18:20:14,777 [INFO] PluginManager:220 - loadIPPluginJar : add quadspi
2023-06-01 18:20:14,778 [INFO] IPUIPlugin:80 - create IPUIPlugin
2023-06-01 18:20:14,778 [INFO] PluginManager:220 - loadIPPluginJar : add comp
2023-06-01 18:20:14,779 [INFO] IPUIPlugin:80 - create IPUIPlugin
2023-06-01 18:20:14,780 [INFO] PluginManager:220 - loadIPPluginJar : add dma3
2023-06-01 18:20:14,781 [INFO] IPUIPlugin:80 - create IPUIPlugin
2023-06-01 18:20:14,781 [INFO] PluginManager:220 - loadIPPluginJar : add ucpd
2023-06-01 18:20:14,781 [INFO] IPUIPlugin:80 - create IPUIPlugin
2023-06-01 18:20:14,781 [INFO] PluginManager:220 - loadIPPluginJar : add fatfs
2023-06-01 18:20:14,782 [INFO] IPUIPlugin:80 - create IPUIPlugin
2023-06-01 18:20:14,782 [INFO] PluginManager:220 - loadIPPluginJar : add ts
2023-06-01 18:20:14,785 [INFO] IPUIPlugin:80 - create IPUIPlugin
2023-06-01 18:20:14,785 [INFO] PluginManager:220 - loadIPPluginJar : add gic
2023-06-01 18:20:14,787 [INFO] IPUIPlugin:80 - create IPUIPlugin
2023-06-01 18:20:14,787 [INFO] PluginManager:220 - loadIPPluginJar : add i3c
2023-06-01 18:20:14,788 [INFO] IPUIPlugin:80 - create IPUIPlugin
2023-06-01 18:20:14,788 [INFO] PluginManager:220 - loadIPPluginJar : add ltdc
2023-06-01 18:20:14,788 [INFO] IPUIPlugin:80 - create IPUIPlugin
2023-06-01 18:20:14,789 [INFO] PluginManager:220 - loadIPPluginJar : add tsc
2023-06-01 18:20:14,790 [INFO] IPUIPlugin:80 - create IPUIPlugin
2023-06-01 18:20:14,790 [INFO] PluginManager:220 - loadIPPluginJar : add i2c
2023-06-01 18:20:14,794 [INFO] IPUIPlugin:80 - create IPUIPlugin
2023-06-01 18:20:14,794 [INFO] PluginManager:220 - loadIPPluginJar : add resmgrutility
2023-06-01 18:20:14,795 [INFO] IPUIPlugin:80 - create IPUIPlugin
2023-06-01 18:20:14,795 [INFO] PluginManager:220 - loadIPPluginJar : add i2s
2023-06-01 18:20:14,796 [INFO] IPUIPlugin:80 - create IPUIPlugin
2023-06-01 18:20:14,796 [INFO] PluginManager:220 - loadIPPluginJar : add gfxmmu
2023-06-01 18:20:14,800 [INFO] IPUIPlugin:80 - create IPUIPlugin
2023-06-01 18:20:14,800 [INFO] PluginManager:220 - loadIPPluginJar : add freertos
2023-06-01 18:20:14,804 [INFO] IPUIPlugin:80 - create IPUIPlugin
2023-06-01 18:20:14,804 [INFO] PluginManager:220 - loadIPPluginJar : add dma
2023-06-01 18:20:14,809 [INFO] IPUIPlugin:80 - create IPUIPlugin
2023-06-01 18:20:14,809 [INFO] PluginManager:220 - loadIPPluginJar : add linkedlist
2023-06-01 18:20:14,812 [INFO] IPUIPlugin:80 - create IPUIPlugin
2023-06-01 18:20:14,812 [INFO] PluginManager:220 - loadIPPluginJar : add ipddr
2023-06-01 18:20:14,814 [INFO] IPUIPlugin:80 - create IPUIPlugin
2023-06-01 18:20:14,814 [INFO] PluginManager:220 - loadIPPluginJar : add lorawan
2023-06-01 18:20:14,817 [INFO] IPUIPlugin:80 - create IPUIPlugin
2023-06-01 18:20:14,818 [INFO] PluginManager:220 - loadIPPluginJar : add adc
2023-06-01 18:20:14,819 [INFO] IPUIPlugin:80 - create IPUIPlugin
2023-06-01 18:20:14,819 [INFO] PluginManager:220 - loadIPPluginJar : add touchsensing
2023-06-01 18:20:14,823 [INFO] IPUIPlugin:80 - create IPUIPlugin
2023-06-01 18:20:14,823 [INFO] PluginManager:220 - loadIPPluginJar : add mdma
2023-06-01 18:20:14,825 [INFO] IPUIPlugin:80 - create IPUIPlugin
2023-06-01 18:20:14,825 [INFO] PluginManager:220 - loadIPPluginJar : add gpio
2023-06-01 18:20:14,828 [INFO] IPUIPlugin:80 - create IPUIPlugin
2023-06-01 18:20:14,828 [INFO] PluginManager:220 - loadIPPluginJar : add nvic
2023-06-01 18:20:14,830 [INFO] IPUIPlugin:80 - create IPUIPlugin
2023-06-01 18:20:14,830 [INFO] PluginManager:220 - loadIPPluginJar : add hash
2023-06-01 18:20:14,836 [INFO] IPUIPlugin:80 - create IPUIPlugin
2023-06-01 18:20:14,838 [INFO] PluginManager:220 - loadIPPluginJar : add plateformsettings
2023-06-01 18:20:14,840 [INFO] IPUIPlugin:80 - create IPUIPlugin
2023-06-01 18:20:14,840 [INFO] PluginManager:220 - loadIPPluginJar : add usart
2023-06-01 18:20:14,841 [INFO] IPUIPlugin:80 - create IPUIPlugin
2023-06-01 18:20:14,841 [INFO] PluginManager:220 - loadIPPluginJar : add can
2023-06-01 18:20:14,843 [INFO] IPUIPlugin:80 - create IPUIPlugin
2023-06-01 18:20:14,843 [INFO] PluginManager:220 - loadIPPluginJar : add openamp
2023-06-01 18:20:14,844 [INFO] IPUIPlugin:80 - create IPUIPlugin
2023-06-01 18:20:14,845 [INFO] PluginManager:220 - loadIPPluginJar : add sai
2023-06-01 18:20:14,847 [INFO] IPUIPlugin:80 - create IPUIPlugin
2023-06-01 18:20:14,847 [INFO] PluginManager:220 - loadIPPluginJar : add fmc
2023-06-01 18:20:14,848 [INFO] IPUIPlugin:80 - create IPUIPlugin
2023-06-01 18:20:14,849 [INFO] PluginManager:220 - loadIPPluginJar : add aes
2023-06-01 18:20:14,850 [INFO] IPUIPlugin:80 - create IPUIPlugin
2023-06-01 18:20:14,850 [INFO] PluginManager:220 - loadIPPluginJar : add pdm2pcm
2023-06-01 18:20:14,851 [INFO] IPUIPlugin:80 - create IPUIPlugin
2023-06-01 18:20:14,852 [INFO] PluginManager:220 - loadIPPluginJar : add dfsdm
2023-06-01 18:20:14,854 [INFO] IPUIPlugin:80 - create IPUIPlugin
2023-06-01 18:20:14,854 [INFO] PluginManager:220 - loadIPPluginJar : add stm32_wpan
2023-06-01 18:20:14,855 [INFO] IPUIPlugin:80 - create IPUIPlugin
2023-06-01 18:20:14,855 [INFO] PluginManager:220 - loadIPPluginJar : add spi
2023-06-01 18:20:14,856 [INFO] IPUIPlugin:80 - create IPUIPlugin
2023-06-01 18:20:14,856 [INFO] PluginManager:220 - loadIPPluginJar : add cryp
2023-06-01 18:20:14,858 [INFO] IPUIPlugin:80 - create IPUIPlugin
2023-06-01 18:20:14,858 [INFO] PluginManager:220 - loadIPPluginJar : add gtzc
2023-06-01 18:20:14,859 [INFO] IPUIPlugin:80 - create IPUIPlugin
2023-06-01 18:20:14,860 [INFO] PluginManager:220 - loadIPPluginJar : add opamp
2023-06-01 18:20:14,860 [INFO] IPUIPlugin:80 - create IPUIPlugin
2023-06-01 18:20:14,860 [INFO] PluginManager:220 - loadIPPluginJar : add tim
2023-06-01 18:20:14,861 [INFO] IPUIPlugin:80 - create IPUIPlugin
2023-06-01 18:20:14,861 [INFO] PluginManager:220 - loadIPPluginJar : add genericplugin
2023-06-01 18:20:14,951 [INFO] CADModel:165 - CPN selected for project level
2023-06-01 18:20:14,951 [INFO] CADModel:114 - Register for checkConnection events
2023-06-01 18:20:14,952 [FATAL] Updater:308 - Updater called before beeing initialized
2023-06-01 18:20:14,952 [ERROR] CADModel:125 - Updater not yet initialized, retry later 
2023-06-01 18:20:15,030 [INFO] CADModel:165 - CPN selected for project level
2023-06-01 18:20:15,030 [INFO] CADModel:114 - Register for checkConnection events
2023-06-01 18:20:15,030 [FATAL] Updater:308 - Updater called before beeing initialized
2023-06-01 18:20:15,030 [ERROR] CADModel:125 - Updater not yet initialized, retry later 
2023-06-01 18:20:15,032 [FATAL] Updater:308 - Updater called before beeing initialized
2023-06-01 18:20:15,081 [FATAL] Updater:308 - Updater called before beeing initialized
2023-06-01 18:20:15,085 [INFO] DbMcusAds:53 - JSON generation date=Tue Mar 07 03:50:55 EST 2023 (1678179055335)
2023-06-01 18:20:15,085 [FATAL] Updater:308 - Updater called before beeing initialized
2023-06-01 18:20:15,122 [WARN] DetailPanel:346 - Failed to get advertising image, set to default
2023-06-01 18:20:15,255 [FATAL] Updater:308 - Updater called before beeing initialized
2023-06-01 18:20:15,257 [FATAL] Updater:308 - Updater called before beeing initialized
2023-06-01 18:20:15,257 [FATAL] Updater:308 - Updater called before beeing initialized
2023-06-01 18:20:15,257 [WARN] DetailPanel:346 - Failed to get advertising image, set to default
2023-06-01 18:20:15,258 [FATAL] Updater:308 - Updater called before beeing initialized
2023-06-01 18:20:15,291 [ERROR] Updater:1120 - MainUpdater not yet initialized. External WinMGr cannot be set.
2023-06-01 18:20:15,293 [INFO] Updater:1056 - Updater Version found : 6.8.1
2023-06-01 18:20:15,311 [INFO] ApplicationProperties:184 - Using Application install path: /opt/st/stm32cubeide_1.12.1/plugins/com.st.stm32cube.common.mx_6.8.1.202304191431
2023-06-01 18:20:15,444 [INFO] MainUpdater:2854 - connection check result : 10
2023-06-01 18:20:15,444 [INFO] MainUpdater:283 - Updater Check For Update Now.
2023-06-01 18:20:15,444 [INFO] MicroXplorer:498 - Change Database Version : DB.6.0.81
2023-06-01 18:20:15,583 [INFO] CheckServerUpdateThread:120 - End of CheckServer Thread
2023-06-01 18:20:15,652 [INFO] MainUpdater:2854 - connection check result : 10
2023-06-01 18:20:15,653 [INFO] MainUpdater:2854 - connection check result : 10
2023-06-01 18:20:15,685 [INFO] MicroXplorer:468 - Change Database Path : 
2023-06-01 18:20:15,685 [INFO] MicroXplorer:498 - Change Database Version : DB.6.0.81
2023-06-01 18:20:15,685 [WARN] ThirdParty:871 - waiting for thirdparty lock release [close project]
2023-06-01 18:20:17,399 [WARN] PackLoader:240 - Cannot read IP mode file for STMicroelectronics.X-CUBE-GNSS1.6.0.0
2023-06-01 18:20:17,412 [WARN] PackLoader:240 - Cannot read IP mode file for STMicroelectronics.X-CUBE-AZRTOS-F4.1.1.0
2023-06-01 18:20:17,420 [WARN] PackLoader:240 - Cannot read IP mode file for STMicroelectronics.X-CUBE-SMBUS.2.1.0
2023-06-01 18:20:17,422 [WARN] PackLoader:240 - Cannot read IP mode file for wolfSSL.I-CUBE-wolfSSL.5.6.0
2023-06-01 18:20:17,430 [WARN] PackLoader:240 - Cannot read IP mode file for STMicroelectronics.X-CUBE-AZRTOS-F7.1.1.0
2023-06-01 18:20:17,463 [WARN] PackLoader:240 - Cannot read IP mode file for STMicroelectronics.X-CUBE-MEMS1.9.6.0
2023-06-01 18:20:17,558 [ERROR] RealEvaluatedCondition:428 - Found unsupported composite condition: CLASS='Data Exchange' GROUP='STM32_MetaDataManager'
2023-06-01 18:20:17,558 [ERROR] RealEvaluatedCondition:428 - Found unsupported composite condition: CLASS='Data Exchange' GROUP='STM32_MetaDataManager'
2023-06-01 18:20:17,559 [WARN] PackLoader:240 - Cannot read IP mode file for STMicroelectronics.FP-SNS-MOTENV1.4.3.0
2023-06-01 18:20:17,561 [WARN] PackLoader:240 - Cannot read IP mode file for STMicroelectronics.FP-SNS-FLIGHT1.5.0.0
2023-06-01 18:20:17,563 [ERROR] RealEvaluatedCondition:428 - Found unsupported composite condition: CLASS='Data Exchange' GROUP='STM32_MetaDataManager'
2023-06-01 18:20:17,563 [ERROR] RealEvaluatedCondition:428 - Found unsupported composite condition: CLASS='Data Exchange' GROUP='STM32_MetaDataManager'
2023-06-01 18:20:17,564 [WARN] PackLoader:240 - Cannot read IP mode file for STMicroelectronics.FP-SNS-MOTENV1.4.3.1
2023-06-01 18:20:17,566 [WARN] PackLoader:240 - Cannot read IP mode file for STMicroelectronics.FP-SNS-FLIGHT1.5.0.1
2023-06-01 18:20:17,568 [WARN] PackLoader:240 - Cannot read IP mode file for STMicroelectronics.X-CUBE-BLE1.6.2.4
2023-06-01 18:20:17,572 [WARN] PackLoader:240 - Cannot read IP mode file for emotas.I-CUBE-CANOPEN.1.1.3
2023-06-01 18:20:17,576 [WARN] PackLoader:240 - Cannot read IP mode file for STMicroelectronics.X-CUBE-BLEMGR.2.0.0
2023-06-01 18:20:17,594 [WARN] ConditionMgr:438 - getConditionDescription Invalid condition id : UX DEVICE CLASS RTOS Condition cause : null
2023-06-01 18:20:17,594 [WARN] ConditionMgr:438 - getConditionDescription Invalid condition id : UX DEVICE CLASS RTOS Condition cause : null
2023-06-01 18:20:17,595 [WARN] PackLoader:240 - Cannot read IP mode file for STMicroelectronics.X-CUBE-AZRTOS-H7.3.1.0
2023-06-01 18:20:17,596 [WARN] ConditionMgr:1039 - genDependencies : Invalid condition id : UX DEVICE CLASS RTOS Condition cause : null
2023-06-01 18:20:17,596 [WARN] ConditionMgr:1039 - genDependencies : Invalid condition id : UX DEVICE CLASS RTOS Condition cause : null
2023-06-01 18:20:17,597 [WARN] ConditionMgr:1039 - genDependencies : Invalid condition id : UX DEVICE CLASS RTOS Condition cause : null
2023-06-01 18:20:17,597 [WARN] ConditionMgr:1039 - genDependencies : Invalid condition id : UX DEVICE CLASS RTOS Condition cause : null
2023-06-01 18:20:17,597 [WARN] ConditionMgr:1039 - genDependencies : Invalid condition id : UX DEVICE CLASS RTOS Condition cause : null
2023-06-01 18:20:17,601 [WARN] PackLoader:240 - Cannot read IP mode file for STMicroelectronics.X-CUBE-DISPLAY.3.0.0
2023-06-01 18:20:17,605 [WARN] PackLoader:240 - Cannot read IP mode file for STMicroelectronics.X-CUBE-NFC7.1.0.0
2023-06-01 18:20:17,608 [WARN] PackLoader:240 - Cannot read IP mode file for STMicroelectronics.X-CUBE-EEPRMA1.4.1.0
2023-06-01 18:20:17,622 [WARN] ConditionMgr:438 - getConditionDescription Invalid condition id : LAN8742 Phy interface Condition cause : null
2023-06-01 18:20:17,623 [WARN] PackLoader:240 - Cannot read IP mode file for STMicroelectronics.X-CUBE-AZRTOS-L4.2.0.0
2023-06-01 18:20:17,624 [WARN] ConditionMgr:1039 - genDependencies : Invalid condition id : LAN8742 Phy interface Condition cause : null
2023-06-01 18:20:17,624 [WARN] ConditionMgr:1039 - genDependencies : Invalid condition id : LAN8742 Phy interface Condition cause : null
2023-06-01 18:20:17,624 [WARN] ConditionMgr:1039 - genDependencies : Invalid condition id : LAN8742 Phy interface Condition cause : null
2023-06-01 18:20:17,629 [WARN] PackLoader:240 - Cannot read IP mode file for WES.I-CUBE-Cesium.1.3.0
2023-06-01 18:20:17,642 [WARN] PackLoader:240 - Cannot read IP mode file for STMicroelectronics.X-CUBE-SFXS2LP1.4.0.0
2023-06-01 18:20:17,645 [WARN] PackLoader:240 - Cannot read IP mode file for STMicroelectronics.X-CUBE-BLE2.3.3.0
2023-06-01 18:20:17,648 [WARN] PackLoader:240 - Cannot read IP mode file for STMicroelectronics.X-CUBE-ISPU.1.1.0
2023-06-01 18:20:17,651 [WARN] PackLoader:240 - Cannot read IP mode file for STMicroelectronics.X-CUBE-FREERTOS.1.0.1
2023-06-01 18:20:17,654 [WARN] PackLoader:240 - Cannot read IP mode file for STMicroelectronics.X-CUBE-TOUCHGFX.4.21.4
2023-06-01 18:20:17,657 [WARN] PackLoader:240 - Cannot read IP mode file for STMicroelectronics.X-CUBE-ALGOBUILD.1.3.0
2023-06-01 18:20:17,669 [WARN] PackLoader:240 - Cannot read IP mode file for STMicroelectronics.X-CUBE-AZRTOS-L5.1.1.0
2023-06-01 18:20:17,680 [WARN] PackLoader:240 - Cannot read IP mode file for STMicroelectronics.X-CUBE-AZRTOS-G0.1.1.0
2023-06-01 18:20:17,683 [WARN] PackLoader:240 - Cannot read IP mode file for STMicroelectronics.X-CUBE-AI.8.0.1
2023-06-01 18:20:17,689 [WARN] PackLoader:240 - Cannot read IP mode file for STMicroelectronics.X-CUBE-SUBG2.5.0.0
2023-06-01 18:20:17,696 [WARN] PackLoader:240 - Cannot read IP mode file for STMicroelectronics.X-CUBE-NFC4.3.0.0
2023-06-01 18:20:17,709 [WARN] PackLoader:240 - Cannot read IP mode file for STMicroelectronics.X-CUBE-AZRTOS-G4.2.0.0
2023-06-01 18:20:17,716 [WARN] PackLoader:240 - Cannot read IP mode file for STMicroelectronics.X-CUBE-TOF1.3.3.0
2023-06-01 18:20:17,724 [WARN] PackLoader:240 - Cannot read IP mode file for STMicroelectronics.FP-ATR-SIGFOX1.3.2.0
2023-06-01 18:20:17,737 [WARN] PackLoader:240 - Cannot read IP mode file for STMicroelectronics.X-CUBE-AZRTOS-L4.1.0.0
2023-06-01 18:20:17,745 [WARN] PackLoader:240 - Cannot read IP mode file for STMicroelectronics.X-CUBE-AZRTOS-WL.1.0.0
2023-06-01 18:20:17,748 [WARN] PackLoader:240 - Cannot read IP mode file for portGmbH.I-Cube-SoM-uGOAL.1.1.0
2023-06-01 18:20:17,751 [WARN] PackLoader:240 - Cannot read IP mode file for STMicroelectronics.X-CUBE-ALS.1.0.1
2023-06-01 18:20:17,759 [WARN] PackLoader:240 - Cannot read IP mode file for STMicroelectronics.X-CUBE-AZRTOS-WB.1.1.0
2023-06-01 18:20:17,781 [WARN] PackLoader:240 - Cannot read IP mode file for SEGGER.I-CUBE-embOS.1.3.1
2023-06-01 18:20:17,800 [WARN] PackLoader:240 - Cannot read IP mode file for STMicroelectronics.FP-ATR-ASTRA1.2.0.0
2023-06-01 18:20:17,801 [INFO] ThirdParty:978 - Integrity check success = true
2023-06-01 18:20:17,801 [INFO] IntegrityCheckThread:100 - exiting critical section [integrity check]
2023-06-01 18:20:17,801 [INFO] IntegrityCheckThread:103 - End integrity checks thread
2023-06-01 18:20:17,801 [INFO] ThirdParty:873 - entering critical section [close project]
2023-06-01 18:20:17,802 [INFO] ThirdParty:883 - exiting critical section [close project]
2023-06-01 18:20:17,806 [INFO] PinOutPanel:1499 - setPackage(No Configuration,No Configuration)
2023-06-01 18:20:17,811 [INFO] UtilMem:75 - Begin LoadConfig() Used Memory: 448549264 Bytes (465567744)
2023-06-01 18:20:17,812 [INFO] MicroXplorer:468 - Change Database Path : 
2023-06-01 18:20:17,812 [INFO] MicroXplorer:498 - Change Database Version : DB.6.0.81
2023-06-01 18:20:17,812 [INFO] OpenFileManager:308 - Change cursor
2023-06-01 18:20:17,835 [INFO] Mcu:1937 - Initializing MCU STM32F446R(C-E)Tx STM32F446RETx STM32F446RET6
2023-06-01 18:20:18,883 [INFO] Context:659 - Trying to add GPIOservice into a context  which must be forbidden
2023-06-01 18:20:19,419 [INFO] RtosManager:555 - Registered RTOS mode: class=CMSIS, group=RTOS, mode=CMSIS_V1, owner=FREERTOS
2023-06-01 18:20:19,419 [INFO] RtosManager:555 - Registered RTOS mode: class=CMSIS, group=RTOS2, mode=CMSIS_V2, owner=FREERTOS
2023-06-01 18:20:19,419 [INFO] RtosManager:555 - Registered RTOS mode: class=RTOS, group=Core, mode=CMSIS_V1, owner=FREERTOS
2023-06-01 18:20:19,419 [INFO] RtosManager:555 - Registered RTOS mode: class=RTOS, group=Core, mode=CMSIS_V2, owner=FREERTOS
2023-06-01 18:20:19,419 [WARN] ModelIntegratedComponent:184 - Missing modes for component STMicroelectronics:FreeRTOS:0.0.1:STMicroelectronics:RTOS:FreeRTOS:Core:::10.2.0:
2023-06-01 18:20:19,428 [WARN] ModelIntegratedComponent:63 - No mode defined for component null
2023-06-01 18:20:19,428 [WARN] ModelIntegratedComponent:63 - No mode defined for component null
2023-06-01 18:20:19,428 [WARN] ModelIntegratedComponent:63 - No mode defined for component null
2023-06-01 18:20:19,428 [WARN] ModelIntegratedComponent:63 - No mode defined for component null
2023-06-01 18:20:19,428 [WARN] ModelIntegratedComponent:63 - No mode defined for component null
2023-06-01 18:20:19,428 [WARN] ModelIntegratedComponent:63 - No mode defined for component null
2023-06-01 18:20:19,428 [WARN] ModelIntegratedComponent:63 - No mode defined for component null
2023-06-01 18:20:19,428 [WARN] ModelIntegratedComponent:63 - No mode defined for component null
2023-06-01 18:20:19,428 [WARN] ModelIntegratedComponent:63 - No mode defined for component null
2023-06-01 18:20:19,428 [WARN] ModelIntegratedComponent:63 - No mode defined for component null
2023-06-01 18:20:19,428 [WARN] ModelIntegratedComponent:63 - No mode defined for component null
2023-06-01 18:20:19,428 [WARN] ModelIntegratedComponent:63 - No mode defined for component null
2023-06-01 18:20:19,428 [WARN] ModelIntegratedComponent:63 - No mode defined for component null
2023-06-01 18:20:19,428 [WARN] ModelIntegratedComponent:63 - No mode defined for component null
2023-06-01 18:20:19,428 [WARN] ModelIntegratedComponent:63 - No mode defined for component null
2023-06-01 18:20:19,428 [WARN] ModelIntegratedComponent:63 - No mode defined for component null
2023-06-01 18:20:19,428 [WARN] ModelIntegratedComponent:63 - No mode defined for component null
2023-06-01 18:20:19,428 [WARN] ModelIntegratedComponent:63 - No mode defined for component null
2023-06-01 18:20:19,428 [WARN] ModelIntegratedComponent:63 - No mode defined for component null
2023-06-01 18:20:19,428 [WARN] ModelIntegratedComponent:63 - No mode defined for component null
2023-06-01 18:20:19,428 [WARN] ModelIntegratedComponent:63 - No mode defined for component null
2023-06-01 18:20:19,428 [WARN] ModelIntegratedComponent:63 - No mode defined for component null
2023-06-01 18:20:19,428 [WARN] ModelIntegratedComponent:63 - No mode defined for component null
2023-06-01 18:20:19,428 [WARN] ModelIntegratedComponent:63 - No mode defined for component null
2023-06-01 18:20:19,428 [WARN] ModelIntegratedComponent:63 - No mode defined for component null
2023-06-01 18:20:19,428 [WARN] ModelIntegratedComponent:63 - No mode defined for component null
2023-06-01 18:20:19,428 [WARN] ModelIntegratedComponent:63 - No mode defined for component null
2023-06-01 18:20:19,428 [WARN] ModelIntegratedComponent:63 - No mode defined for component null
2023-06-01 18:20:19,428 [WARN] ModelIntegratedComponent:63 - No mode defined for component null
2023-06-01 18:20:19,428 [WARN] ModelIntegratedComponent:63 - No mode defined for component null
2023-06-01 18:20:19,428 [WARN] ModelIntegratedComponent:63 - No mode defined for component null
2023-06-01 18:20:19,428 [WARN] ModelIntegratedComponent:63 - No mode defined for component null
2023-06-01 18:20:19,428 [WARN] ModelIntegratedComponent:63 - No mode defined for component null
2023-06-01 18:20:19,441 [INFO] ThirdPartyModel:298 - Start build external matchings
2023-06-01 18:20:19,591 [INFO] ThirdPartyModel:316 - End build external matchings
2023-06-01 18:20:19,596 [INFO] RtosManager:919 - Current active RTOS is FREERTOS [Cortex-M4NS]
2023-06-01 18:20:19,604 [WARN] IP:2113 - I2C_Coeff_DF not found: check if there is a RefParameter without a condition.
2023-06-01 18:20:19,604 [WARN] IP:2113 - Analog_Filter not found: check if there is a RefParameter without a condition.
2023-06-01 18:20:19,606 [INFO] ImportTextPane:194 - (OptionalMessage_ERROR) IP (RCC) : Parameter (FLatency) has Id (AdvancedSettings) currently not set
2023-06-01 18:20:19,606 [INFO] ImportTextPane:194 - (OptionalMessage_ERROR) IP (RCC) : Invalid parameter (FamilyName)
2023-06-01 18:20:19,607 [INFO] ImportTextPane:194 - (OptionalMessage_ERROR) IP (RCC) : Parameter (SDIOFreq_Value) has invalid value (168000000)
2023-06-01 18:20:19,607 [INFO] ImportTextPane:194 - (OptionalMessage_ERROR) IP (RCC) : Parameter (USBFreq_Value) has invalid value (168000000)
2023-06-01 18:20:19,607 [INFO] ImportTextPane:194 - (OptionalMessage_ERROR) IP (RCC) : Invalid parameter (VcooutputI2S)
2023-06-01 18:20:19,735 [INFO] UtilMem:75 - End LoadConfig() Used Memory: 535756224 Bytes (680525824)
2023-06-01 18:20:19,815 [INFO] ApiDb:581 - Connected to CubeFinder SQLite database (/home/jeff/.stmcufinder/plugins/mcufinder/mcu/cube-finder-db.db)
2023-06-01 18:20:19,858 [INFO] ApiDb:668 - CubeFinder database Data Model version=2.1
2023-06-01 18:20:19,858 [INFO] ApiDb:669 - CubeFinder database Configuration version=3.0.35
2023-06-01 18:20:19,859 [INFO] ApiDb:670 - CubeFinder database generation date=2023-05-12 (1683877179)
2023-06-01 18:20:19,859 [INFO] ApiDb:671 - CubeFinder database FW Pack versions=[FP-ATR-ASTRA1_V2.0.0, FP-SNS-FLIGHT1_V5.0.0, FP-SNS-MOTENV1_V4.3.0, STM32Cube_FW_C0_V1.0.1, STM32Cube_FW_F0_V1.11.4, STM32Cube_FW_F3_V1.11.4, STM32Cube_FW_F4_V1.27.1, STM32Cube_FW_F7_V1.17.0, STM32Cube_FW_G0_V1.6.1, STM32Cube_FW_G4_V1.5.1, STM32Cube_FW_H5_V0.5.1, STM32Cube_FW_H5_V1.0.0, STM32Cube_FW_H7_V1.11.0, STM32Cube_FW_L0_V1.12.2, STM32Cube_FW_L5_V1.5.0, STM32Cube_FW_U5_V1.2.0, STM32Cube_FW_WBA_V1.0.0, STM32Cube_FW_WBA_V1.0.0RC1, STM32Cube_FW_WBA_V1.0.0RC3, STM32Cube_FW_WB_V1.15.0RC1, STM32Cube_FW_WB_V1.16.0, STM32Cube_FW_WB_V1.16.0RC2, STM32Cube_FW_WL_V1.3.0, X-CUBE-ALGOBUILD_V1.3.0, X-CUBE-ALS_V1.0.1, X-CUBE-AZRTOS-F4_V1.1.0, X-CUBE-AZRTOS-F7_V1.1.0, X-CUBE-AZRTOS-G0_V1.1.0, X-CUBE-AZRTOS-G4_V2.0.0, X-CUBE-AZRTOS-H7_V3.1.0, X-CUBE-AZRTOS-L4_V1.0.0, X-CUBE-AZRTOS-L5_V1.1.0, X-CUBE-AZRTOS-WB_V1.1.0, X-CUBE-AZRTOS-WL_V1.0.0, X-CUBE-BLE1_V6.2.4, X-CUBE-BLE2_V3.3.0, X-CUBE-BLEMGR_V2.0.0, X-CUBE-EEPRMA1_V4.1.0, X-CUBE-FREERTOS_V1.0.1, X-CUBE-GNSS1_V6.0.0, X-CUBE-MEMS1_V9.1.0, X-CUBE-MEMS1_V9.4.0, X-CUBE-MEMS1_V9.6.0, X-CUBE-NFC4_V3.0.0, X-CUBE-NFC7_V1.0.0, X-CUBE-SFXS2LP1_V4.0.0, X-CUBE-SUBG2_V5.0.0]
2023-06-01 18:20:20,851 [INFO] ApiDb:240 - Found 297 in-development CPN: [B-G473E-ZEST1S, B-WB1M-WPAN1, B-WL5M-SUBG1, NUCLEO-C031C6, NUCLEO-H503RB, NUCLEO-H563ZI, NUCLEO-U545RE-Q, NUCLEO-U5A5ZJ-Q, NUCLEO-WBA52CG, STEVAL-PROTEUS1, STEVAL-STWINBX1, STM320518-EVAL, STM32C0116-DK, STM32C011D6Y3TR, STM32C011D6Y6TR, STM32C011F4P3, STM32C011F4P6, STM32C011F4U3, STM32C011F4U6TR, STM32C011F6P3, STM32C011F6P6, STM32C011F6U3, STM32C011F6U6TR, STM32C011J4M3, STM32C011J4M6, STM32C011J6M3, STM32C011J6M6, STM32C0316-DK, STM32C031C4T3, STM32C031C4T6, STM32C031C4U3, STM32C031C4U6, STM32C031C6T3, STM32C031C6T6, STM32C031C6U3, STM32C031C6U6, STM32C031F4P3, STM32C031F4P6, STM32C031F6P3, STM32C031F6P6, STM32C031G4U3, STM32C031G4U6, STM32C031G6U3, STM32C031G6U6, STM32C031K4T3, STM32C031K4T6, STM32C031K4U3, STM32C031K4U6, STM32C031K6T3, STM32C031K6T6, STM32C031K6U3, STM32C031K6U6, STM32G071K8TXN, STM32G071K8UXN, STM32G081GBU6N, STM32G081KBT6N, STM32G081KBUXN, STM32G0B1CCT6N, STM32G0B1KCT6, STM32G0B1NEY6TR, STM32G0B1RCT6N, STM32G0C1CCT6, STM32G0C1CCT6N, STM32G0C1CCU6N, STM32G0C1CET6N, STM32G0C1CEU6N, STM32G0C1KCT6, STM32G0C1NEY6TR, STM32G0C1RCI6N, STM32G0C1RCT6N, STM32G0C1REI6N, STM32G0C1RET6N, STM32G0C1VCI6, STM32G0C1VEI6, STM32G471CCT6, STM32G471CCU6, STM32G471CET3, STM32G471CET6, STM32G471CEU3, STM32G471CEU6, STM32G471MCT6, STM32G471MET3, STM32G471MET6, STM32G471MEY6TR, STM32G471QCT6, STM32G471QET3, STM32G471RCT6, STM32G471RET3, STM32G471RET6, STM32G471VCH6, STM32G471VCI6, STM32G471VCT6, STM32G471VEH3, STM32G471VEH6, STM32G471VEI3, STM32G471VEI6, STM32G471VET3, STM32G471VET6, STM32G474CCT6, STM32H503CBT6, STM32H503CBU6, STM32H503EBY6TR, STM32H503KBU6, STM32H503RBT6, STM32H562AGI6, STM32H562AII6, STM32H562IGK6, STM32H562IGT6, STM32H562IIK6, STM32H562IIT6, STM32H562RGT6, STM32H562RGV6, STM32H562RIT6, STM32H562RIV6, STM32H562VGT6, STM32H562VIT6, STM32H562ZGT6, STM32H562ZIT6, STM32H563AGI6, STM32H563AII3Q, STM32H563AII6, STM32H563IGK6, STM32H563IGT6, STM32H563IIK3Q, STM32H563IIK6, STM32H563IIT3Q, STM32H563IIT6, STM32H563MIY3QTR, STM32H563RGT6, STM32H563RGV6, STM32H563RIT6, STM32H563RIV6, STM32H563VGT6, STM32H563VIT3Q, STM32H563VIT6, STM32H563ZGT6, STM32H563ZIT3Q, STM32H563ZIT6, STM32H573AII3Q, STM32H573AII6, STM32H573I-DK, STM32H573IIK3Q, STM32H573IIK6, STM32H573IIT3Q, STM32H573IIT6, STM32H573MIY3QTR, STM32H573RIT6, STM32H573RIV6, STM32H573VIT3Q, STM32H573VIT6, STM32H573ZIT3Q, STM32H573ZIT6, STM32L4R5QGI6STR, STM32MP131AAE3, STM32MP131AAF3, STM32MP131AAG3, STM32MP131CAE3, STM32MP131CAF3, STM32MP131CAG3, STM32MP131DAE7, STM32MP131DAF7, STM32MP131DAG7, STM32MP131FAE7, STM32MP131FAF7, STM32MP131FAG7, STM32MP133AAE3, STM32MP133AAF3, STM32MP133AAG3, STM32MP133CAE3, STM32MP133CAF3, STM32MP133CAG3, STM32MP133DAE7, STM32MP133DAF7, STM32MP133DAG7, STM32MP133FAE7, STM32MP133FAF7, STM32MP133FAG7, STM32MP135AAE3, STM32MP135AAF3, STM32MP135AAG3, STM32MP135CAE3, STM32MP135CAF3, STM32MP135CAG3, STM32MP135DAE7, STM32MP135DAF7, STM32MP135DAG7, STM32MP135F-DK, STM32MP135FAE7, STM32MP135FAF7, STM32MP135FAF7T, STM32MP135FAF7U, STM32MP135FAG7, STM32U535CBT6, STM32U535CBT6Q, STM32U535CBU6, STM32U535CBU6Q, STM32U535CCT6, STM32U535CCT6Q, STM32U535CCU6, STM32U535CCU6Q, STM32U535CET6, STM32U535CET6Q, STM32U535CEU6, STM32U535CEU6Q, STM32U535JEY6QTR, STM32U535NCY6QTR, STM32U535NEY6QTR, STM32U535RBI6, STM32U535RBI6Q, STM32U535RBT6, STM32U535RBT6Q, STM32U535RCI6, STM32U535RCI6Q, STM32U535RCT6, STM32U535RCT6Q, STM32U535REI6, STM32U535REI6Q, STM32U535RET6, STM32U535RET6Q, STM32U535VCI6, STM32U535VCI6Q, STM32U535VCT6, STM32U535VCT6Q, STM32U535VEI6, STM32U535VEI6Q, STM32U535VET6, STM32U535VET6Q, STM32U545CET6, STM32U545CET6Q, STM32U545CEU6, STM32U545CEU6Q, STM32U545JEY6QTR, STM32U545NEY6QTR, STM32U545REI6, STM32U545REI6Q, STM32U545RET6, STM32U545RET6Q, STM32U545VEI6, STM32U545VEI6Q, STM32U545VET6, STM32U545VET6Q, STM32U595AIH6, STM32U595AIH6Q, STM32U595AJH6, STM32U595AJH6Q, STM32U595QII6, STM32U595QII6Q, STM32U595QJI6, STM32U595QJI6Q, STM32U595RIT6, STM32U595RIT6Q, STM32U595RJT6, STM32U595RJT6Q, STM32U595VIT6, STM32U595VIT6Q, STM32U595VJT6, STM32U595VJT6Q, STM32U595ZIT6, STM32U595ZIT6Q, STM32U595ZIY6QTR, STM32U595ZJT6, STM32U595ZJT6Q, STM32U595ZJY6QTR, STM32U599BJY6QTR, STM32U599NIH6Q, STM32U599NJH6Q, STM32U599VIT6Q, STM32U599VJT6, STM32U599VJT6Q, STM32U599ZIT6Q, STM32U599ZIY6QTR, STM32U599ZJT6Q, STM32U599ZJY6QTR, STM32U5A5AJH6, STM32U5A5AJH6Q, STM32U5A5QJI6, STM32U5A5QJI6Q, STM32U5A5RJT6, STM32U5A5RJT6Q, STM32U5A5VJT6, STM32U5A5VJT6Q, STM32U5A5ZJT6, STM32U5A5ZJT6Q, STM32U5A5ZJY6QTR, STM32U5A9BJY6QTR, STM32U5A9J-DK, STM32U5A9NJH6Q, STM32U5A9VJT6Q, STM32U5A9ZJT6Q, STM32U5A9ZJY6QTR, STM32WB1MMCH6, STM32WBA52CEU6, STM32WBA52CEU6T, STM32WBA52CGU6, STM32WBA52CGU6T, STM32WL5MOCH6, STM32WL5MOCH6TR]
2023-06-01 18:20:20,853 [INFO] DbMcus:216 - Found 3775 MCUs, 3775 are supported
2023-06-01 18:20:20,855 [INFO] ApiDb:423 - Load user favorites file /home/jeff/.stm32cubeide/favorites.mcus.txt: 0 item(s)
2023-06-01 18:20:20,855 [INFO] ApiDb:427 - User favorites MCUs=[]
2023-06-01 18:20:20,855 [INFO] DbMcus:222 - Set 0 / 0 favorites MCUs
2023-06-01 18:20:21,067 [WARN] ThirdParty:833 - waiting for thirdparty lock release [change project]
2023-06-01 18:20:21,067 [INFO] ThirdParty:835 - entering critical section [change project]
2023-06-01 18:20:21,067 [INFO] ThirdParty:1030 - CMSIS Pack Vendor :STMicroelectronics X-CUBE-ISPU 1.1.0
2023-06-01 18:20:21,067 [INFO] ThirdParty:1030 - CMSIS Pack Vendor :STMicroelectronics X-CUBE-GNSS1 6.0.0
2023-06-01 18:20:21,067 [INFO] ThirdParty:1030 - CMSIS Pack Vendor :STMicroelectronics USB_HOST 2.0.0
2023-06-01 18:20:21,067 [INFO] ThirdParty:1030 - CMSIS Pack Vendor :STMicroelectronics X-CUBE-AZRTOS-F4 1.1.0
2023-06-01 18:20:21,067 [INFO] ThirdParty:1030 - CMSIS Pack Vendor :STMicroelectronics LIBJPEG 8.0.0
2023-06-01 18:20:21,067 [INFO] ThirdParty:1030 - CMSIS Pack Vendor :STMicroelectronics X-CUBE-SMBUS 2.1.0
2023-06-01 18:20:21,067 [INFO] ThirdParty:1030 - CMSIS Pack Vendor :wolfSSL I-CUBE-wolfSSL 5.6.0
2023-06-01 18:20:21,067 [INFO] ThirdParty:1030 - CMSIS Pack Vendor :STMicroelectronics USB_DEVICE 3.0.0
2023-06-01 18:20:21,067 [INFO] ThirdParty:1030 - CMSIS Pack Vendor :STMicroelectronics X-CUBE-FREERTOS 1.0.1
2023-06-01 18:20:21,067 [INFO] ThirdParty:1030 - CMSIS Pack Vendor :STMicroelectronics X-CUBE-AZRTOS-F7 1.1.0
2023-06-01 18:20:21,067 [INFO] ThirdParty:1030 - CMSIS Pack Vendor :STMicroelectronics X-CUBE-TOUCHGFX 4.21.4
2023-06-01 18:20:21,067 [INFO] ThirdParty:1030 - CMSIS Pack Vendor :STMicroelectronics USB_DEVICE 2.0.0
2023-06-01 18:20:21,067 [INFO] ThirdParty:1030 - CMSIS Pack Vendor :STMicroelectronics X-CUBE-MEMS1 9.6.0
2023-06-01 18:20:21,067 [INFO] ThirdParty:1030 - CMSIS Pack Vendor :STMicroelectronics FP-SNS-MOTENV1 4.3.0
2023-06-01 18:20:21,067 [INFO] ThirdParty:1030 - CMSIS Pack Vendor :STMicroelectronics FP-SNS-FLIGHT1 5.0.0
2023-06-01 18:20:21,067 [INFO] ThirdParty:1030 - CMSIS Pack Vendor :STMicroelectronics FP-SNS-MOTENV1 4.3.1
2023-06-01 18:20:21,067 [INFO] ThirdParty:1030 - CMSIS Pack Vendor :STMicroelectronics FP-SNS-FLIGHT1 5.0.1
2023-06-01 18:20:21,067 [INFO] ThirdParty:1030 - CMSIS Pack Vendor :STMicroelectronics X-CUBE-ALGOBUILD 1.3.0
2023-06-01 18:20:21,067 [INFO] ThirdParty:1030 - CMSIS Pack Vendor :STMicroelectronics X-CUBE-BLE1 6.2.4
2023-06-01 18:20:21,067 [INFO] ThirdParty:1030 - CMSIS Pack Vendor :STMicroelectronics X-CUBE-AZRTOS-L5 1.1.0
2023-06-01 18:20:21,067 [INFO] ThirdParty:1030 - CMSIS Pack Vendor :STMicroelectronics FreeRTOS 0.0.1
2023-06-01 18:20:21,067 [INFO] ThirdParty:1030 - CMSIS Pack Vendor :emotas I-CUBE-CANOPEN 1.1.3
2023-06-01 18:20:21,067 [INFO] ThirdParty:1030 - CMSIS Pack Vendor :STMicroelectronics X-CUBE-AZRTOS-G0 1.1.0
2023-06-01 18:20:21,067 [INFO] ThirdParty:1030 - CMSIS Pack Vendor :STMicroelectronics X-CUBE-BLEMGR 2.0.0
2023-06-01 18:20:21,067 [INFO] ThirdParty:1030 - CMSIS Pack Vendor :STMicroelectronics X-CUBE-AI 8.0.1
2023-06-01 18:20:21,067 [INFO] ThirdParty:1030 - CMSIS Pack Vendor :STMicroelectronics X-CUBE-SUBG2 5.0.0
2023-06-01 18:20:21,067 [INFO] ThirdParty:1030 - CMSIS Pack Vendor :STMicroelectronics X-CUBE-NFC4 3.0.0
2023-06-01 18:20:21,067 [INFO] ThirdParty:1030 - CMSIS Pack Vendor :STMicroelectronics STM32_WPAN 1.0.0
2023-06-01 18:20:21,067 [INFO] ThirdParty:1030 - CMSIS Pack Vendor :STMicroelectronics lwIP 2.0.3
2023-06-01 18:20:21,067 [INFO] ThirdParty:1030 - CMSIS Pack Vendor :STMicroelectronics USB_HOST 1.0.0
2023-06-01 18:20:21,067 [INFO] ThirdParty:1030 - CMSIS Pack Vendor :STMicroelectronics X-CUBE-AZRTOS-G4 2.0.0
2023-06-01 18:20:21,067 [INFO] ThirdParty:1030 - CMSIS Pack Vendor :STMicroelectronics PDM2PCM 3.1.0
2023-06-01 18:20:21,067 [INFO] ThirdParty:1030 - CMSIS Pack Vendor :STMicroelectronics X-CUBE-AZRTOS-H7 3.1.0
2023-06-01 18:20:21,067 [INFO] ThirdParty:1030 - CMSIS Pack Vendor :STMicroelectronics X-CUBE-TOF1 3.3.0
2023-06-01 18:20:21,067 [INFO] ThirdParty:1030 - CMSIS Pack Vendor :STMicroelectronics PDM2PCM 3.3.0
2023-06-01 18:20:21,067 [INFO] ThirdParty:1030 - CMSIS Pack Vendor :STMicroelectronics X-CUBE-DISPLAY 3.0.0
2023-06-01 18:20:21,067 [INFO] ThirdParty:1030 - CMSIS Pack Vendor :STMicroelectronics FP-ATR-SIGFOX1 3.2.0
2023-06-01 18:20:21,068 [INFO] ThirdParty:1030 - CMSIS Pack Vendor :STMicroelectronics X-CUBE-AZRTOS-L4 1.0.0
2023-06-01 18:20:21,068 [INFO] ThirdParty:1030 - CMSIS Pack Vendor :STMicroelectronics HAL Drivers 0.0.0
2023-06-01 18:20:21,068 [INFO] ThirdParty:1030 - CMSIS Pack Vendor :STMicroelectronics MBEDTLS 2.16.2
2023-06-01 18:20:21,068 [INFO] ThirdParty:1030 - CMSIS Pack Vendor :STMicroelectronics MBEDTLS 2.14.1
2023-06-01 18:20:21,068 [INFO] ThirdParty:1030 - CMSIS Pack Vendor :STMicroelectronics X-CUBE-NFC7 1.0.0
2023-06-01 18:20:21,068 [INFO] ThirdParty:1030 - CMSIS Pack Vendor :STMicroelectronics X-CUBE-AZRTOS-WL 1.0.0
2023-06-01 18:20:21,068 [INFO] ThirdParty:1030 - CMSIS Pack Vendor :STMicroelectronics X-CUBE-EEPRMA1 4.1.0
2023-06-01 18:20:21,068 [INFO] ThirdParty:1030 - CMSIS Pack Vendor :portGmbH I-Cube-SoM-uGOAL 1.1.0
2023-06-01 18:20:21,068 [INFO] ThirdParty:1030 - CMSIS Pack Vendor :STMicroelectronics X-CUBE-ALS 1.0.1
2023-06-01 18:20:21,068 [INFO] ThirdParty:1030 - CMSIS Pack Vendor :STMicroelectronics ThreadX 1.0.0
2023-06-01 18:20:21,068 [INFO] ThirdParty:1030 - CMSIS Pack Vendor :STMicroelectronics X-CUBE-AZRTOS-WB 1.1.0
2023-06-01 18:20:21,068 [INFO] ThirdParty:1030 - CMSIS Pack Vendor :SEGGER I-CUBE-embOS 1.3.1
2023-06-01 18:20:21,068 [INFO] ThirdParty:1030 - CMSIS Pack Vendor :STMicroelectronics USB_DEVICE 1.0.0
2023-06-01 18:20:21,068 [INFO] ThirdParty:1030 - CMSIS Pack Vendor :STMicroelectronics X-CUBE-AZRTOS-L4 2.0.0
2023-06-01 18:20:21,068 [INFO] ThirdParty:1030 - CMSIS Pack Vendor :STMicroelectronics ThreadX 0.0.2
2023-06-01 18:20:21,068 [INFO] ThirdParty:1030 - CMSIS Pack Vendor :WES I-CUBE-Cesium 1.3.0
2023-06-01 18:20:21,068 [INFO] ThirdParty:1030 - CMSIS Pack Vendor :STMicroelectronics FP-ATR-ASTRA1 2.0.0
2023-06-01 18:20:21,068 [INFO] ThirdParty:1030 - CMSIS Pack Vendor :STMicroelectronics lwIP 2.1.2
2023-06-01 18:20:21,068 [INFO] ThirdParty:1030 - CMSIS Pack Vendor :STMicroelectronics X-CUBE-SFXS2LP1 4.0.0
2023-06-01 18:20:21,068 [INFO] ThirdParty:1030 - CMSIS Pack Vendor :STMicroelectronics X-CUBE-BLE2 3.3.0
2023-06-01 18:20:21,068 [INFO] ThirdParty:1030 - CMSIS Pack Vendor :STMicroelectronics PDM2PCM 3.2.0
2023-06-01 18:20:21,068 [INFO] ThirdParty:841 - exiting critical section [change project]
2023-06-01 18:20:21,283 [INFO] PinOutPanel:1499 - setPackage(No Configuration,No Configuration)
2023-06-01 18:20:21,285 [INFO] PinOutPanel:1499 - setPackage(STM32F446RETx,LQFP64)
2023-06-01 18:20:21,740 [INFO] UtilMem:75 - Before build in PCC Used Memory: 502002688 Bytes (680525824)
2023-06-01 18:20:22,195 [INFO] UtilMem:75 - After build in PCC Used Memory: 556797952 Bytes (680525824)
2023-06-01 18:20:22,260 [INFO] ApiDbMcu:507 - Load IP Config File for FREERTOS
2023-06-01 18:20:22,295 [INFO] IPUIPlugin:80 - create IPUIPlugin
2023-06-01 18:20:22,295 [INFO] IPUIPlugin:80 - create IPUIPlugin
2023-06-01 18:20:22,295 [INFO] IPUIPlugin:80 - create IPUIPlugin
2023-06-01 18:20:22,295 [INFO] IPUIPlugin:80 - create IPUIPlugin
2023-06-01 18:20:22,295 [INFO] IPUIPlugin:80 - create IPUIPlugin
2023-06-01 18:20:22,295 [INFO] IPUIPlugin:80 - create IPUIPlugin
2023-06-01 18:20:22,295 [INFO] IPUIPlugin:80 - create IPUIPlugin
2023-06-01 18:20:22,296 [INFO] IPUIPlugin:80 - create IPUIPlugin
2023-06-01 18:20:22,296 [INFO] IPUIPlugin:80 - create IPUIPlugin
2023-06-01 18:20:22,296 [INFO] IPUIPlugin:80 - create IPUIPlugin
2023-06-01 18:20:22,296 [INFO] IPUIPlugin:80 - create IPUIPlugin
2023-06-01 18:20:22,296 [INFO] IPUIPlugin:80 - create IPUIPlugin
2023-06-01 18:20:22,296 [INFO] IPUIPlugin:80 - create IPUIPlugin
2023-06-01 18:20:22,296 [INFO] IPUIPlugin:80 - create IPUIPlugin
2023-06-01 18:20:22,296 [INFO] IPUIPlugin:80 - create IPUIPlugin
2023-06-01 18:20:22,296 [INFO] IPUIPlugin:80 - create IPUIPlugin
2023-06-01 18:20:22,297 [INFO] IPUIPlugin:80 - create IPUIPlugin
2023-06-01 18:20:22,297 [INFO] IPUIPlugin:80 - create IPUIPlugin
2023-06-01 18:20:22,297 [INFO] IPUIPlugin:80 - create IPUIPlugin
2023-06-01 18:20:22,297 [INFO] IPUIPlugin:80 - create IPUIPlugin
2023-06-01 18:20:22,297 [INFO] IPUIPlugin:80 - create IPUIPlugin
2023-06-01 18:20:22,297 [INFO] IPUIPlugin:80 - create IPUIPlugin
2023-06-01 18:20:22,297 [INFO] IPUIPlugin:80 - create IPUIPlugin
2023-06-01 18:20:22,298 [INFO] IPUIPlugin:80 - create IPUIPlugin
2023-06-01 18:20:22,298 [INFO] IPUIPlugin:80 - create IPUIPlugin
2023-06-01 18:20:22,298 [INFO] IPUIPlugin:80 - create IPUIPlugin
2023-06-01 18:20:22,298 [INFO] IPUIPlugin:80 - create IPUIPlugin
2023-06-01 18:20:22,298 [INFO] IPUIPlugin:80 - create IPUIPlugin
2023-06-01 18:20:22,298 [INFO] IPUIPlugin:80 - create IPUIPlugin
2023-06-01 18:20:22,299 [INFO] IPUIPlugin:80 - create IPUIPlugin
2023-06-01 18:20:22,299 [INFO] IPUIPlugin:80 - create IPUIPlugin
2023-06-01 18:20:22,299 [INFO] IPUIPlugin:80 - create IPUIPlugin
2023-06-01 18:20:22,299 [INFO] IPUIPlugin:80 - create IPUIPlugin
2023-06-01 18:20:22,299 [INFO] IPUIPlugin:80 - create IPUIPlugin
2023-06-01 18:20:22,300 [INFO] IPUIPlugin:80 - create IPUIPlugin
2023-06-01 18:20:22,300 [INFO] IPUIPlugin:80 - create IPUIPlugin
2023-06-01 18:20:22,300 [INFO] IPUIPlugin:80 - create IPUIPlugin
2023-06-01 18:20:22,300 [INFO] IPUIPlugin:80 - create IPUIPlugin
2023-06-01 18:20:22,301 [INFO] IPUIPlugin:80 - create IPUIPlugin
2023-06-01 18:20:22,301 [INFO] IPUIPlugin:80 - create IPUIPlugin
2023-06-01 18:20:22,301 [INFO] IPUIPlugin:80 - create IPUIPlugin
2023-06-01 18:20:22,301 [INFO] IPUIPlugin:80 - create IPUIPlugin
2023-06-01 18:20:22,302 [INFO] IPUIPlugin:80 - create IPUIPlugin
2023-06-01 18:20:22,302 [INFO] IPUIPlugin:80 - create IPUIPlugin
2023-06-01 18:20:22,302 [INFO] IPUIPlugin:80 - create IPUIPlugin
2023-06-01 18:20:22,302 [INFO] IPUIPlugin:80 - create IPUIPlugin
2023-06-01 18:20:22,303 [INFO] IPUIPlugin:80 - create IPUIPlugin
2023-06-01 18:20:22,303 [INFO] IPUIPlugin:80 - create IPUIPlugin
2023-06-01 18:20:22,303 [INFO] IPUIPlugin:80 - create IPUIPlugin
2023-06-01 18:20:22,303 [INFO] IPUIPlugin:80 - create IPUIPlugin
2023-06-01 18:20:22,304 [INFO] IPUIPlugin:80 - create IPUIPlugin
2023-06-01 18:20:22,304 [INFO] IPUIPlugin:80 - create IPUIPlugin
2023-06-01 18:20:22,304 [INFO] IPUIPlugin:80 - create IPUIPlugin
2023-06-01 18:20:22,304 [INFO] IPUIPlugin:80 - create IPUIPlugin
2023-06-01 18:20:22,304 [INFO] IPUIPlugin:80 - create IPUIPlugin
2023-06-01 18:20:22,305 [INFO] IPUIPlugin:80 - create IPUIPlugin
2023-06-01 18:20:22,305 [INFO] IPUIPlugin:80 - create IPUIPlugin
2023-06-01 18:20:22,306 [INFO] IPUIPlugin:80 - create IPUIPlugin
2023-06-01 18:20:22,306 [INFO] IPUIPlugin:80 - create IPUIPlugin
2023-06-01 18:20:22,307 [INFO] IPUIPlugin:80 - create IPUIPlugin
2023-06-01 18:20:22,315 [INFO] ApiDbMcu:507 - Load IP Config File for PDM2PCM
2023-06-01 18:20:22,323 [WARN] IP:2113 - I2C_Coeff_DF not found: check if there is a RefParameter without a condition.
2023-06-01 18:20:22,323 [WARN] IP:2113 - Analog_Filter not found: check if there is a RefParameter without a condition.
2023-06-01 18:20:22,353 [WARN] FreeRTOS:1023 - Null or empty value: should not occur! (nothing added to the table)
2023-06-01 18:20:22,543 [INFO] CADModel:165 - CPN selected for project levelSTM32F446RET6
2023-06-01 18:20:22,543 [INFO] CADModel:114 - Register for checkConnection events
2023-06-01 18:20:22,545 [INFO] RtosManager:697 - Active RTOS found at IOC load: FREERTOS [Cortex-M4NS]
2023-06-01 18:20:22,583 [INFO] OpenFileManager:328 - Restore cursor
2023-06-01 18:20:22,724 [WARN] IP:2113 - I2C_Coeff_DF not found: check if there is a RefParameter without a condition.
2023-06-01 18:20:22,724 [WARN] IP:2113 - Analog_Filter not found: check if there is a RefParameter without a condition.
2023-06-01 18:20:22,724 [WARN] IP:2113 - I2C_Coeff_DF not found: check if there is a RefParameter without a condition.
2023-06-01 18:20:22,724 [WARN] IP:2113 - Analog_Filter not found: check if there is a RefParameter without a condition.
2023-06-01 18:21:55,738 [INFO] NvicIntPanel:101 - NVIC parent = com.st.microxplorer.plugins.ip.nvic.MultiNvicIntPanel[,0,0,515x283,layout=javax.swing.BoxLayout,alignmentX=0.0,alignmentY=0.0,border=,flags=9,maximumSize=,minimumSize=,preferredSize=]
