2023-06-19 11:13:45,307 [INFO] Activator:176 - 


2023-06-19 11:13:45,310 [INFO] Activator:177 - !SESSION log4j initialized
2023-06-19 11:13:48,696 [INFO] LogOutputStream:77 - [STDOUT_REDIRECT] 
2023-06-19 11:14:20,153 [ERROR] LogOutputStream:75 - [STDERR_REDIRECT] SLF4J: Failed to load class "org.slf4j.impl.StaticLoggerBinder".
2023-06-19 11:14:20,154 [ERROR] LogOutputStream:75 - [STDERR_REDIRECT] SLF4J: Defaulting to no-operation (NOP) logger implementation
2023-06-19 11:14:20,154 [ERROR] LogOutputStream:75 - [STDERR_REDIRECT] SLF4J: See http://www.slf4j.org/codes.html#StaticLoggerBinder for further details.
2023-06-19 14:33:37,365 [INFO] Activator:176 - 


2023-06-19 14:33:37,366 [INFO] Activator:177 - !SESSION log4j initialized
2023-06-19 14:33:40,567 [INFO] LogOutputStream:77 - [STDOUT_REDIRECT] 
2023-06-19 14:34:06,755 [ERROR] LogOutputStream:75 - [STDERR_REDIRECT] SLF4J: Failed to load class "org.slf4j.impl.StaticLoggerBinder".
2023-06-19 14:34:06,755 [ERROR] LogOutputStream:75 - [STDERR_REDIRECT] SLF4J: Defaulting to no-operation (NOP) logger implementation
2023-06-19 14:34:06,755 [ERROR] LogOutputStream:75 - [STDERR_REDIRECT] SLF4J: See http://www.slf4j.org/codes.html#StaticLoggerBinder for further details.
2023-06-19 18:49:55,400 [INFO] Activator:176 - 


2023-06-19 18:49:55,407 [INFO] Activator:177 - !SESSION log4j initialized
2023-06-19 18:49:58,400 [INFO] LogOutputStream:77 - [STDOUT_REDIRECT] 
2023-06-19 18:50:19,317 [ERROR] LogOutputStream:75 - [STDERR_REDIRECT] SLF4J: Failed to load class "org.slf4j.impl.StaticLoggerBinder".
2023-06-19 18:50:19,317 [ERROR] LogOutputStream:75 - [STDERR_REDIRECT] SLF4J: Defaulting to no-operation (NOP) logger implementation
2023-06-19 18:50:19,318 [ERROR] LogOutputStream:75 - [STDERR_REDIRECT] SLF4J: See http://www.slf4j.org/codes.html#StaticLoggerBinder for further details.
2023-06-19 20:58:18,676 [INFO] Activator:176 - 


2023-06-19 20:58:18,677 [INFO] Activator:177 - !SESSION log4j initialized
2023-06-19 20:58:22,023 [INFO] LogOutputStream:77 - [STDOUT_REDIRECT] 
2023-06-19 20:58:48,449 [ERROR] LogOutputStream:75 - [STDERR_REDIRECT] SLF4J: Failed to load class "org.slf4j.impl.StaticLoggerBinder".
2023-06-19 20:58:48,449 [ERROR] LogOutputStream:75 - [STDERR_REDIRECT] SLF4J: Defaulting to no-operation (NOP) logger implementation
2023-06-19 20:58:48,450 [ERROR] LogOutputStream:75 - [STDERR_REDIRECT] SLF4J: See http://www.slf4j.org/codes.html#StaticLoggerBinder for further details.
2023-06-19 21:42:36,340 [INFO] ApplicationProperties:184 - Using Application install path: /opt/st/stm32cubeide_1.12.1/plugins/com.st.stm32cube.common.mx_6.8.1.202304191431
2023-06-19 21:42:36,353 [INFO] DbMcusXml:78 - Set database path to: /opt/st/stm32cubeide_1.12.1/plugins/com.st.stm32cube.common.mx_6.8.1.202304191431//db//mcu/
2023-06-19 21:42:36,354 [INFO] ApiDb:274 - Set plugin database path to: /opt/st/stm32cubeide_1.12.1/plugins/com.st.stm32cube.common.mx_6.8.1.202304191431//db//plugins/boardmanager/
2023-06-19 21:42:36,355 [WARN] ApiDb:259 - Overriding images path with different value:  => /opt/st/stm32cubeide_1.12.1/plugins/com.st.stm32cube.common.mx_6.8.1.202304191431//db//plugins/mcufinder/images/
2023-06-19 21:42:36,365 [INFO] ApiDb:250 - Set database path to: /home/jeff/.stmcufinder/plugins/mcufinder//mcu/
2023-06-19 21:42:36,366 [INFO] DbMcusAds:125 - Set database path to: /home/jeff/.stmcufinder/plugins/mcufinder//mcu/
2023-06-19 21:42:47,235 [INFO] CrossReferenceDbSqlite:203 - Set database path to: /home/jeff/.stmcufinder/plugins/mcufinder//mcu/cs/
2023-06-19 21:42:47,321 [INFO] RulesReader:64 - Compatibility file has been processed (293 Rules)
2023-06-19 21:42:47,362 [INFO] DbMcusXml:78 - Set database path to: /opt/st/stm32cubeide_1.12.1/plugins/com.st.stm32cube.common.mx_6.8.1.202304191431//db//mcu/
2023-06-19 21:42:47,362 [INFO] ApiDb:274 - Set plugin database path to: /opt/st/stm32cubeide_1.12.1/plugins/com.st.stm32cube.common.mx_6.8.1.202304191431//db//plugins/boardmanager/
2023-06-19 21:42:47,362 [INFO] ApiDb:261 - Set plugin images path to: /opt/st/stm32cubeide_1.12.1/plugins/com.st.stm32cube.common.mx_6.8.1.202304191431//db//plugins/mcufinder/images/
2023-06-19 21:42:47,362 [WARN] DbFile:41 - Overriding database path with different value: /home/jeff/.stmcufinder/plugins/mcufinder/ => /home/jeff/.stmcufinder/plugins/mcufinder
2023-06-19 21:42:47,362 [INFO] ApiDb:250 - Set database path to: /home/jeff/.stmcufinder/plugins/mcufinder//mcu/
2023-06-19 21:42:47,362 [WARN] DbFile:41 - Overriding database path with different value: /home/jeff/.stmcufinder/plugins/mcufinder/ => /home/jeff/.stmcufinder/plugins/mcufinder
2023-06-19 21:42:47,362 [INFO] DbMcusAds:125 - Set database path to: /home/jeff/.stmcufinder/plugins/mcufinder//mcu/
2023-06-19 21:42:47,363 [WARN] DbFile:41 - Overriding database path with different value: /home/jeff/.stmcufinder/plugins/mcufinder/ => /home/jeff/.stmcufinder/plugins/mcufinder
2023-06-19 21:42:47,363 [WARN] DbFile:41 - Overriding database path with different value: /home/jeff/.stmcufinder/plugins/mcufinder/ => /home/jeff/.stmcufinder/plugins/mcufinder
2023-06-19 21:42:47,363 [INFO] CrossReferenceDbSqlite:203 - Set database path to: /home/jeff/.stmcufinder/plugins/mcufinder//mcu/cs/
2023-06-19 21:42:47,411 [INFO] MainPanel:253 - HeapMemory: 658505728
2023-06-19 21:42:47,480 [INFO] DbMcusXml:78 - Set database path to: /opt/st/stm32cubeide_1.12.1/plugins/com.st.stm32cube.common.mx_6.8.1.202304191431//db//mcu/
2023-06-19 21:42:47,480 [INFO] ApiDb:274 - Set plugin database path to: /opt/st/stm32cubeide_1.12.1/plugins/com.st.stm32cube.common.mx_6.8.1.202304191431//db//plugins/boardmanager/
2023-06-19 21:42:47,480 [INFO] ApiDb:261 - Set plugin images path to: /opt/st/stm32cubeide_1.12.1/plugins/com.st.stm32cube.common.mx_6.8.1.202304191431//db//plugins/mcufinder/images/
2023-06-19 21:42:47,481 [WARN] DbFile:41 - Overriding database path with different value: /home/jeff/.stmcufinder/plugins/mcufinder/ => /home/jeff/.stmcufinder/plugins/mcufinder
2023-06-19 21:42:47,481 [INFO] ApiDb:250 - Set database path to: /home/jeff/.stmcufinder/plugins/mcufinder//mcu/
2023-06-19 21:42:47,481 [WARN] DbFile:41 - Overriding database path with different value: /home/jeff/.stmcufinder/plugins/mcufinder/ => /home/jeff/.stmcufinder/plugins/mcufinder
2023-06-19 21:42:47,481 [INFO] DbMcusAds:125 - Set database path to: /home/jeff/.stmcufinder/plugins/mcufinder//mcu/
2023-06-19 21:42:47,481 [WARN] DbFile:41 - Overriding database path with different value: /home/jeff/.stmcufinder/plugins/mcufinder/ => /home/jeff/.stmcufinder/plugins/mcufinder
2023-06-19 21:42:47,481 [WARN] DbFile:41 - Overriding database path with different value: /home/jeff/.stmcufinder/plugins/mcufinder/ => /home/jeff/.stmcufinder/plugins/mcufinder
2023-06-19 21:42:47,481 [INFO] CrossReferenceDbSqlite:203 - Set database path to: /home/jeff/.stmcufinder/plugins/mcufinder//mcu/cs/
2023-06-19 21:42:47,490 [INFO] ApplicationProperties:184 - Using Application install path: /opt/st/stm32cubeide_1.12.1/plugins/com.st.stm32cube.common.mx_6.8.1.202304191431
2023-06-19 21:42:47,491 [INFO] PluginManage:196 - Search for loadable plugins [exclusion list=, ]
2023-06-19 21:42:47,491 [INFO] PluginManage:310 - Check plugin analytics
2023-06-19 21:42:47,606 [INFO] AnalyticsPlugin:253 - Accepted Software Licenses: STM32CubeMX.6.8.1
2023-06-19 21:42:47,607 [INFO] AnalyticsPlugin:255 - Accepted CMSIS Pack Licenses: 
2023-06-19 21:42:47,607 [INFO] AnalyticsPlugin:257 - Accepted Firmware Licenses: FW.F7.1.17.0,FW.F4.1.27.0
2023-06-19 21:42:47,609 [INFO] PluginManage:359 - Loaded plugin analytics (category:tool,tabindex:-1)
2023-06-19 21:42:47,609 [INFO] PluginManage:310 - Check plugin cadmodel
2023-06-19 21:42:47,669 [INFO] CADModel:105 - Init CAD model plugin
2023-06-19 21:42:47,669 [INFO] PluginManage:359 - Loaded plugin cadmodel (category:power,tabindex:5)
2023-06-19 21:42:47,669 [INFO] PluginManage:310 - Check plugin clock
2023-06-19 21:42:47,675 [INFO] PluginManage:359 - Loaded plugin clock (category:base,tabindex:2)
2023-06-19 21:42:47,675 [INFO] PluginManage:310 - Check plugin ddr
2023-06-19 21:42:47,676 [INFO] PluginManage:359 - Loaded plugin ddr (category:tool,tabindex:6)
2023-06-19 21:42:47,676 [INFO] PluginManage:310 - Check plugin filemanager
2023-06-19 21:42:47,757 [INFO] PluginManage:359 - Loaded plugin filemanager (category:base,tabindex:10)
2023-06-19 21:42:47,757 [INFO] PluginManage:310 - Check plugin ipmanager
2023-06-19 21:42:47,760 [INFO] PluginManage:359 - Loaded plugin ipmanager (category:base,tabindex:5)
2023-06-19 21:42:47,760 [INFO] PluginManage:310 - Check plugin lpbam
2023-06-19 21:42:47,766 [INFO] PluginManage:359 - Loaded plugin lpbam (category:base,tabindex:0)
2023-06-19 21:42:47,766 [INFO] PluginManage:310 - Check plugin pinoutandconfiguration
2023-06-19 21:42:47,771 [INFO] PluginManage:359 - Loaded plugin pinoutandconfiguration (category:base,tabindex:1)
2023-06-19 21:42:47,771 [INFO] PluginManage:310 - Check plugin pinoutconfig
2023-06-19 21:42:47,836 [WARN] SupportedApi:132 - Cannot load RTOS API schema: s4s-elt-must-match.1: The content of 'definitions' must match (annotation?, (simpleType | complexType)?, (unique | key | keyref)*)). A problem was found starting at: attribute.
2023-06-19 21:42:47,928 [INFO] PluginManage:359 - Loaded plugin pinoutconfig (category:base,tabindex:0)
2023-06-19 21:42:47,928 [INFO] PluginManage:310 - Check plugin power
2023-06-19 21:42:47,935 [INFO] PluginManage:359 - Loaded plugin power (category:power,tabindex:4)
2023-06-19 21:42:47,935 [INFO] PluginManage:310 - Check plugin projectmanager
2023-06-19 21:42:47,944 [INFO] PluginManage:359 - Loaded plugin projectmanager (category:projectmanager,tabindex:3)
2023-06-19 21:42:47,944 [INFO] PluginManage:310 - Check plugin thirdparty
2023-06-19 21:42:47,999 [INFO] PluginManage:359 - Loaded plugin thirdparty (category:base,tabindex:-1)
2023-06-19 21:42:47,999 [WARN] IntegrityCheckThread:84 - waiting for thirdparty lock release [integrity check]
2023-06-19 21:42:48,000 [INFO] PluginManage:310 - Check plugin tools
2023-06-19 21:42:48,000 [INFO] IntegrityCheckThread:86 - entering critical section [integrity check]
2023-06-19 21:42:48,001 [INFO] ThirdPartyUpdaterWithRetryManager:70 - Updater plugin not ready yet. [1/15]
2023-06-19 21:42:48,001 [INFO] PluginManage:359 - Loaded plugin tools (category:base,tabindex:7)
2023-06-19 21:42:48,001 [INFO] PluginManage:310 - Check plugin tutovideos
2023-06-19 21:42:48,115 [INFO] PluginManage:359 - Loaded plugin tutovideos (category:base,tabindex:-1)
2023-06-19 21:42:48,115 [INFO] PluginManage:310 - Check plugin updater
2023-06-19 21:42:48,126 [INFO] PluginManage:359 - Loaded plugin updater (category:base,tabindex:12)
2023-06-19 21:42:48,126 [INFO] PluginManage:283 - PluginManage : Loaded plugins [15]
2023-06-19 21:42:48,275 [INFO] PinOutPanel:1499 - setPackage(No Configuration,No Configuration)
2023-06-19 21:42:48,314 [INFO] CADModel:165 - CPN selected for project level
2023-06-19 21:42:48,314 [INFO] CADModel:114 - Register for checkConnection events
2023-06-19 21:42:48,328 [INFO] IPUIPlugin:80 - create IPUIPlugin
2023-06-19 21:42:48,329 [INFO] PluginManager:220 - loadIPPluginJar : add usbx
2023-06-19 21:42:48,330 [INFO] IPUIPlugin:80 - create IPUIPlugin
2023-06-19 21:42:48,330 [INFO] PluginManager:220 - loadIPPluginJar : add tracer_emb
2023-06-19 21:42:48,331 [INFO] IPUIPlugin:80 - create IPUIPlugin
2023-06-19 21:42:48,331 [INFO] PluginManager:220 - loadIPPluginJar : add quadspi
2023-06-19 21:42:48,332 [INFO] IPUIPlugin:80 - create IPUIPlugin
2023-06-19 21:42:48,332 [INFO] PluginManager:220 - loadIPPluginJar : add comp
2023-06-19 21:42:48,333 [INFO] IPUIPlugin:80 - create IPUIPlugin
2023-06-19 21:42:48,333 [INFO] PluginManager:220 - loadIPPluginJar : add dma3
2023-06-19 21:42:48,334 [INFO] IPUIPlugin:80 - create IPUIPlugin
2023-06-19 21:42:48,334 [INFO] PluginManager:220 - loadIPPluginJar : add ucpd
2023-06-19 21:42:48,335 [INFO] IPUIPlugin:80 - create IPUIPlugin
2023-06-19 21:42:48,335 [INFO] PluginManager:220 - loadIPPluginJar : add fatfs
2023-06-19 21:42:48,336 [INFO] IPUIPlugin:80 - create IPUIPlugin
2023-06-19 21:42:48,336 [INFO] PluginManager:220 - loadIPPluginJar : add ts
2023-06-19 21:42:48,339 [INFO] IPUIPlugin:80 - create IPUIPlugin
2023-06-19 21:42:48,339 [INFO] PluginManager:220 - loadIPPluginJar : add gic
2023-06-19 21:42:48,341 [INFO] IPUIPlugin:80 - create IPUIPlugin
2023-06-19 21:42:48,341 [INFO] PluginManager:220 - loadIPPluginJar : add i3c
2023-06-19 21:42:48,341 [INFO] IPUIPlugin:80 - create IPUIPlugin
2023-06-19 21:42:48,341 [INFO] PluginManager:220 - loadIPPluginJar : add ltdc
2023-06-19 21:42:48,342 [INFO] IPUIPlugin:80 - create IPUIPlugin
2023-06-19 21:42:48,342 [INFO] PluginManager:220 - loadIPPluginJar : add tsc
2023-06-19 21:42:48,344 [INFO] IPUIPlugin:80 - create IPUIPlugin
2023-06-19 21:42:48,344 [INFO] PluginManager:220 - loadIPPluginJar : add i2c
2023-06-19 21:42:48,348 [INFO] IPUIPlugin:80 - create IPUIPlugin
2023-06-19 21:42:48,348 [INFO] PluginManager:220 - loadIPPluginJar : add resmgrutility
2023-06-19 21:42:48,350 [INFO] IPUIPlugin:80 - create IPUIPlugin
2023-06-19 21:42:48,350 [INFO] PluginManager:220 - loadIPPluginJar : add i2s
2023-06-19 21:42:48,351 [INFO] IPUIPlugin:80 - create IPUIPlugin
2023-06-19 21:42:48,351 [INFO] PluginManager:220 - loadIPPluginJar : add gfxmmu
2023-06-19 21:42:48,355 [INFO] IPUIPlugin:80 - create IPUIPlugin
2023-06-19 21:42:48,355 [INFO] PluginManager:220 - loadIPPluginJar : add freertos
2023-06-19 21:42:48,359 [INFO] IPUIPlugin:80 - create IPUIPlugin
2023-06-19 21:42:48,359 [INFO] PluginManager:220 - loadIPPluginJar : add dma
2023-06-19 21:42:48,364 [INFO] IPUIPlugin:80 - create IPUIPlugin
2023-06-19 21:42:48,364 [INFO] PluginManager:220 - loadIPPluginJar : add linkedlist
2023-06-19 21:42:48,366 [INFO] IPUIPlugin:80 - create IPUIPlugin
2023-06-19 21:42:48,367 [INFO] PluginManager:220 - loadIPPluginJar : add ipddr
2023-06-19 21:42:48,368 [INFO] IPUIPlugin:80 - create IPUIPlugin
2023-06-19 21:42:48,368 [INFO] PluginManager:220 - loadIPPluginJar : add lorawan
2023-06-19 21:42:48,371 [INFO] IPUIPlugin:80 - create IPUIPlugin
2023-06-19 21:42:48,371 [INFO] PluginManager:220 - loadIPPluginJar : add adc
2023-06-19 21:42:48,373 [INFO] IPUIPlugin:80 - create IPUIPlugin
2023-06-19 21:42:48,373 [INFO] PluginManager:220 - loadIPPluginJar : add touchsensing
2023-06-19 21:42:48,376 [INFO] IPUIPlugin:80 - create IPUIPlugin
2023-06-19 21:42:48,376 [INFO] PluginManager:220 - loadIPPluginJar : add mdma
2023-06-19 21:42:48,378 [INFO] IPUIPlugin:80 - create IPUIPlugin
2023-06-19 21:42:48,378 [INFO] PluginManager:220 - loadIPPluginJar : add gpio
2023-06-19 21:42:48,380 [INFO] IPUIPlugin:80 - create IPUIPlugin
2023-06-19 21:42:48,380 [INFO] PluginManager:220 - loadIPPluginJar : add nvic
2023-06-19 21:42:48,381 [INFO] IPUIPlugin:80 - create IPUIPlugin
2023-06-19 21:42:48,381 [INFO] PluginManager:220 - loadIPPluginJar : add hash
2023-06-19 21:42:48,385 [INFO] IPUIPlugin:80 - create IPUIPlugin
2023-06-19 21:42:48,386 [INFO] PluginManager:220 - loadIPPluginJar : add plateformsettings
2023-06-19 21:42:48,388 [INFO] IPUIPlugin:80 - create IPUIPlugin
2023-06-19 21:42:48,388 [INFO] PluginManager:220 - loadIPPluginJar : add usart
2023-06-19 21:42:48,389 [INFO] IPUIPlugin:80 - create IPUIPlugin
2023-06-19 21:42:48,389 [INFO] PluginManager:220 - loadIPPluginJar : add can
2023-06-19 21:42:48,390 [INFO] IPUIPlugin:80 - create IPUIPlugin
2023-06-19 21:42:48,390 [INFO] PluginManager:220 - loadIPPluginJar : add openamp
2023-06-19 21:42:48,392 [INFO] IPUIPlugin:80 - create IPUIPlugin
2023-06-19 21:42:48,392 [INFO] PluginManager:220 - loadIPPluginJar : add sai
2023-06-19 21:42:48,395 [INFO] IPUIPlugin:80 - create IPUIPlugin
2023-06-19 21:42:48,395 [INFO] PluginManager:220 - loadIPPluginJar : add fmc
2023-06-19 21:42:48,396 [INFO] IPUIPlugin:80 - create IPUIPlugin
2023-06-19 21:42:48,396 [INFO] PluginManager:220 - loadIPPluginJar : add aes
2023-06-19 21:42:48,397 [INFO] IPUIPlugin:80 - create IPUIPlugin
2023-06-19 21:42:48,397 [INFO] PluginManager:220 - loadIPPluginJar : add pdm2pcm
2023-06-19 21:42:48,399 [INFO] IPUIPlugin:80 - create IPUIPlugin
2023-06-19 21:42:48,399 [INFO] PluginManager:220 - loadIPPluginJar : add dfsdm
2023-06-19 21:42:48,402 [INFO] IPUIPlugin:80 - create IPUIPlugin
2023-06-19 21:42:48,402 [INFO] PluginManager:220 - loadIPPluginJar : add stm32_wpan
2023-06-19 21:42:48,403 [INFO] IPUIPlugin:80 - create IPUIPlugin
2023-06-19 21:42:48,403 [INFO] PluginManager:220 - loadIPPluginJar : add spi
2023-06-19 21:42:48,404 [INFO] IPUIPlugin:80 - create IPUIPlugin
2023-06-19 21:42:48,404 [INFO] PluginManager:220 - loadIPPluginJar : add cryp
2023-06-19 21:42:48,405 [INFO] IPUIPlugin:80 - create IPUIPlugin
2023-06-19 21:42:48,405 [INFO] PluginManager:220 - loadIPPluginJar : add gtzc
2023-06-19 21:42:48,406 [INFO] IPUIPlugin:80 - create IPUIPlugin
2023-06-19 21:42:48,406 [INFO] PluginManager:220 - loadIPPluginJar : add opamp
2023-06-19 21:42:48,407 [INFO] IPUIPlugin:80 - create IPUIPlugin
2023-06-19 21:42:48,407 [INFO] PluginManager:220 - loadIPPluginJar : add tim
2023-06-19 21:42:48,408 [INFO] IPUIPlugin:80 - create IPUIPlugin
2023-06-19 21:42:48,408 [INFO] PluginManager:220 - loadIPPluginJar : add genericplugin
2023-06-19 21:42:48,502 [INFO] CADModel:165 - CPN selected for project level
2023-06-19 21:42:48,503 [INFO] CADModel:114 - Register for checkConnection events
2023-06-19 21:42:48,503 [FATAL] Updater:308 - Updater called before beeing initialized
2023-06-19 21:42:48,503 [ERROR] CADModel:125 - Updater not yet initialized, retry later 
2023-06-19 21:42:48,607 [INFO] CADModel:165 - CPN selected for project level
2023-06-19 21:42:48,607 [INFO] CADModel:114 - Register for checkConnection events
2023-06-19 21:42:48,607 [FATAL] Updater:308 - Updater called before beeing initialized
2023-06-19 21:42:48,607 [ERROR] CADModel:125 - Updater not yet initialized, retry later 
2023-06-19 21:42:48,610 [FATAL] Updater:308 - Updater called before beeing initialized
2023-06-19 21:42:48,685 [FATAL] Updater:308 - Updater called before beeing initialized
2023-06-19 21:42:48,692 [INFO] DbMcusAds:53 - JSON generation date=Tue Mar 07 03:50:55 EST 2023 (1678179055335)
2023-06-19 21:42:48,692 [FATAL] Updater:308 - Updater called before beeing initialized
2023-06-19 21:42:48,723 [WARN] DetailPanel:346 - Failed to get advertising image, set to default
2023-06-19 21:42:48,781 [FATAL] Updater:308 - Updater called before beeing initialized
2023-06-19 21:42:48,783 [FATAL] Updater:308 - Updater called before beeing initialized
2023-06-19 21:42:48,783 [FATAL] Updater:308 - Updater called before beeing initialized
2023-06-19 21:42:48,783 [WARN] DetailPanel:346 - Failed to get advertising image, set to default
2023-06-19 21:42:48,783 [FATAL] Updater:308 - Updater called before beeing initialized
2023-06-19 21:42:48,803 [ERROR] Updater:1120 - MainUpdater not yet initialized. External WinMGr cannot be set.
2023-06-19 21:42:48,804 [INFO] Updater:1056 - Updater Version found : 6.8.1
2023-06-19 21:42:48,817 [INFO] ApplicationProperties:184 - Using Application install path: /opt/st/stm32cubeide_1.12.1/plugins/com.st.stm32cube.common.mx_6.8.1.202304191431
2023-06-19 21:42:48,932 [INFO] MainUpdater:2854 - connection check result : 10
2023-06-19 21:42:48,932 [INFO] MainUpdater:3548 - Updater definition file requires update
2023-06-19 21:42:48,933 [INFO] MainUpdater:283 - Updater Check For Update Now.
2023-06-19 21:42:48,935 [INFO] MicroXplorer:498 - Change Database Version : DB.6.0.81
2023-06-19 21:42:50,070 [INFO] ServerAccessManage:473 - Download File updaters.zip
2023-06-19 21:42:50,162 [INFO] FileExtend:240 - Unzip File : updaters.zip
2023-06-19 21:42:50,162 [INFO] FileExtend:255 - Standard Zip Deflate
2023-06-19 21:42:50,621 [INFO] ServerAccessManage:473 - Download File PacksControlFlags.xml
2023-06-19 21:42:51,003 [WARN] MainUpdater:1187 - Updater busy. Cannot search thirdparties
2023-06-19 21:42:51,003 [INFO] ThirdPartyUpdaterWithRetryManager:96 - Updater plugin is busy. [1/15]
2023-06-19 21:42:51,057 [INFO] ServerAccessManage:473 - Download File cubemx.pidx
2023-06-19 21:42:51,641 [INFO] ServerAccessManage:473 - Download File STMicroelectronics.X-CUBE-NFC7.pdsc
2023-06-19 21:42:52,865 [ERROR] ServerAccessManage:1096 - Problem, Http access forbiden
2023-06-19 21:42:52,866 [ERROR] ServerAccessManage:651 - Problem, Http access forbiden : RoweBots.I-CUBE-UNISONRTOS.pdsc.
2023-06-19 21:42:52,940 [WARN] PackLoader:240 - Cannot read IP mode file for STMicroelectronics.X-CUBE-NFC7.1.0.1
2023-06-19 21:42:52,944 [INFO] PopulateThirdPartyThread:66 - Ending populate Thread
2023-06-19 21:42:52,947 [INFO] ThirdParty:1030 - CMSIS Pack Vendor :STMicroelectronics X-CUBE-NFC7 1.0.1
2023-06-19 21:42:52,947 [INFO] LoadServerUpdatesThread:373 - End of LoadServerUpdate Thread
2023-06-19 21:42:53,047 [INFO] CheckServerUpdateThread:120 - End of CheckServer Thread
2023-06-19 21:42:53,148 [INFO] MainUpdater:2854 - connection check result : 10
2023-06-19 21:42:53,150 [INFO] MainUpdater:2854 - connection check result : 10
2023-06-19 21:42:53,204 [INFO] MicroXplorer:468 - Change Database Path : 
2023-06-19 21:42:53,204 [INFO] MicroXplorer:498 - Change Database Version : DB.6.0.81
2023-06-19 21:42:53,204 [WARN] ThirdParty:871 - waiting for thirdparty lock release [close project]
2023-06-19 21:42:54,062 [WARN] PackLoader:240 - Cannot read IP mode file for STMicroelectronics.X-CUBE-SMBUS.2.1.0
2023-06-19 21:42:54,073 [WARN] PackLoader:240 - Cannot read IP mode file for STMicroelectronics.X-CUBE-AZRTOS-F7.1.1.0
2023-06-19 21:42:54,076 [ERROR] RealEvaluatedCondition:428 - Found unsupported composite condition: GROUP='STM32_MetaDataManager' CLASS='Data Exchange'
2023-06-19 21:42:54,076 [ERROR] RealEvaluatedCondition:428 - Found unsupported composite condition: GROUP='STM32_MetaDataManager' CLASS='Data Exchange'
2023-06-19 21:42:54,077 [WARN] PackLoader:240 - Cannot read IP mode file for STMicroelectronics.FP-SNS-MOTENV1.4.3.0
2023-06-19 21:42:54,079 [WARN] PackLoader:240 - Cannot read IP mode file for STMicroelectronics.FP-SNS-FLIGHT1.5.0.0
2023-06-19 21:42:54,080 [ERROR] RealEvaluatedCondition:428 - Found unsupported composite condition: GROUP='STM32_MetaDataManager' CLASS='Data Exchange'
2023-06-19 21:42:54,080 [ERROR] RealEvaluatedCondition:428 - Found unsupported composite condition: GROUP='STM32_MetaDataManager' CLASS='Data Exchange'
2023-06-19 21:42:54,081 [WARN] PackLoader:240 - Cannot read IP mode file for STMicroelectronics.FP-SNS-MOTENV1.4.3.1
2023-06-19 21:42:54,084 [WARN] PackLoader:240 - Cannot read IP mode file for STMicroelectronics.FP-SNS-FLIGHT1.5.0.1
2023-06-19 21:42:54,087 [WARN] PackLoader:240 - Cannot read IP mode file for STMicroelectronics.X-CUBE-BLE1.6.2.4
2023-06-19 21:42:54,093 [WARN] PackLoader:240 - Cannot read IP mode file for STMicroelectronics.X-CUBE-DISPLAY.3.0.0
2023-06-19 21:42:54,102 [WARN] PackLoader:240 - Cannot read IP mode file for WES.I-CUBE-Cesium.1.3.0
2023-06-19 21:42:54,104 [WARN] PackLoader:240 - Cannot read IP mode file for STMicroelectronics.X-CUBE-BLE2.3.3.0
2023-06-19 21:42:54,105 [WARN] PackLoader:240 - Cannot read IP mode file for STMicroelectronics.X-CUBE-TOUCHGFX.4.21.4
2023-06-19 21:42:54,108 [WARN] PackLoader:240 - Cannot read IP mode file for STMicroelectronics.X-CUBE-ALGOBUILD.1.3.0
2023-06-19 21:42:54,115 [WARN] PackLoader:240 - Cannot read IP mode file for STMicroelectronics.X-CUBE-AZRTOS-G0.1.1.0
2023-06-19 21:42:54,118 [WARN] PackLoader:240 - Cannot read IP mode file for STMicroelectronics.X-CUBE-NFC4.3.0.0
2023-06-19 21:42:54,120 [WARN] PackLoader:240 - Cannot read IP mode file for STMicroelectronics.FP-ATR-SIGFOX1.3.2.0
2023-06-19 21:42:54,134 [WARN] PackLoader:240 - Cannot read IP mode file for SEGGER.I-CUBE-embOS.1.3.1
2023-06-19 21:42:54,155 [WARN] PackLoader:240 - Cannot read IP mode file for STMicroelectronics.X-CUBE-GNSS1.6.0.0
2023-06-19 21:42:54,170 [WARN] PackLoader:240 - Cannot read IP mode file for STMicroelectronics.X-CUBE-AZRTOS-F4.1.1.0
2023-06-19 21:42:54,176 [WARN] PackLoader:240 - Cannot read IP mode file for wolfSSL.I-CUBE-wolfSSL.5.6.0
2023-06-19 21:42:54,212 [WARN] PackLoader:240 - Cannot read IP mode file for STMicroelectronics.X-CUBE-MEMS1.9.6.0
2023-06-19 21:42:54,330 [WARN] PackLoader:240 - Cannot read IP mode file for emotas.I-CUBE-CANOPEN.1.1.3
2023-06-19 21:42:54,337 [WARN] PackLoader:240 - Cannot read IP mode file for STMicroelectronics.X-CUBE-BLEMGR.2.0.0
2023-06-19 21:42:54,350 [WARN] ConditionMgr:438 - getConditionDescription Invalid condition id : UX DEVICE CLASS RTOS Condition cause : null
2023-06-19 21:42:54,350 [WARN] ConditionMgr:438 - getConditionDescription Invalid condition id : UX DEVICE CLASS RTOS Condition cause : null
2023-06-19 21:42:54,353 [WARN] PackLoader:240 - Cannot read IP mode file for STMicroelectronics.X-CUBE-AZRTOS-H7.3.1.0
2023-06-19 21:42:54,354 [WARN] ConditionMgr:1039 - genDependencies : Invalid condition id : UX DEVICE CLASS RTOS Condition cause : null
2023-06-19 21:42:54,354 [WARN] ConditionMgr:1039 - genDependencies : Invalid condition id : UX DEVICE CLASS RTOS Condition cause : null
2023-06-19 21:42:54,355 [WARN] ConditionMgr:1039 - genDependencies : Invalid condition id : UX DEVICE CLASS RTOS Condition cause : null
2023-06-19 21:42:54,355 [WARN] ConditionMgr:1039 - genDependencies : Invalid condition id : UX DEVICE CLASS RTOS Condition cause : null
2023-06-19 21:42:54,355 [WARN] ConditionMgr:1039 - genDependencies : Invalid condition id : UX DEVICE CLASS RTOS Condition cause : null
2023-06-19 21:42:54,359 [WARN] PackLoader:240 - Cannot read IP mode file for STMicroelectronics.X-CUBE-NFC7.1.0.1
2023-06-19 21:42:54,362 [WARN] PackLoader:240 - Cannot read IP mode file for STMicroelectronics.X-CUBE-NFC7.1.0.0
2023-06-19 21:42:54,366 [WARN] PackLoader:240 - Cannot read IP mode file for STMicroelectronics.X-CUBE-EEPRMA1.4.1.0
2023-06-19 21:42:54,379 [WARN] ConditionMgr:438 - getConditionDescription Invalid condition id : LAN8742 Phy interface Condition cause : null
2023-06-19 21:42:54,380 [WARN] PackLoader:240 - Cannot read IP mode file for STMicroelectronics.X-CUBE-AZRTOS-L4.2.0.0
2023-06-19 21:42:54,381 [WARN] ConditionMgr:1039 - genDependencies : Invalid condition id : LAN8742 Phy interface Condition cause : null
2023-06-19 21:42:54,381 [WARN] ConditionMgr:1039 - genDependencies : Invalid condition id : LAN8742 Phy interface Condition cause : null
2023-06-19 21:42:54,381 [WARN] ConditionMgr:1039 - genDependencies : Invalid condition id : LAN8742 Phy interface Condition cause : null
2023-06-19 21:42:54,386 [WARN] PackLoader:240 - Cannot read IP mode file for STMicroelectronics.X-CUBE-SFXS2LP1.4.0.0
2023-06-19 21:42:54,389 [WARN] PackLoader:240 - Cannot read IP mode file for STMicroelectronics.X-CUBE-ISPU.1.1.0
2023-06-19 21:42:54,393 [WARN] PackLoader:240 - Cannot read IP mode file for STMicroelectronics.X-CUBE-FREERTOS.1.0.1
2023-06-19 21:42:54,402 [WARN] PackLoader:240 - Cannot read IP mode file for STMicroelectronics.X-CUBE-AZRTOS-L5.1.1.0
2023-06-19 21:42:54,406 [WARN] PackLoader:240 - Cannot read IP mode file for STMicroelectronics.X-CUBE-AI.8.0.1
2023-06-19 21:42:54,412 [WARN] PackLoader:240 - Cannot read IP mode file for STMicroelectronics.X-CUBE-SUBG2.5.0.0
2023-06-19 21:42:54,424 [WARN] PackLoader:240 - Cannot read IP mode file for STMicroelectronics.X-CUBE-AZRTOS-G4.2.0.0
2023-06-19 21:42:54,431 [WARN] PackLoader:240 - Cannot read IP mode file for STMicroelectronics.X-CUBE-TOF1.3.3.0
2023-06-19 21:42:54,446 [WARN] PackLoader:240 - Cannot read IP mode file for STMicroelectronics.X-CUBE-AZRTOS-L4.1.0.0
2023-06-19 21:42:54,465 [WARN] PackLoader:240 - Cannot read IP mode file for STMicroelectronics.X-CUBE-AZRTOS-WL.1.0.0
2023-06-19 21:42:54,469 [WARN] PackLoader:240 - Cannot read IP mode file for portGmbH.I-Cube-SoM-uGOAL.1.1.0
2023-06-19 21:42:54,472 [WARN] PackLoader:240 - Cannot read IP mode file for STMicroelectronics.X-CUBE-ALS.1.0.1
2023-06-19 21:42:54,481 [WARN] PackLoader:240 - Cannot read IP mode file for STMicroelectronics.X-CUBE-AZRTOS-WB.1.1.0
2023-06-19 21:42:54,485 [WARN] PackLoader:240 - Cannot read IP mode file for STMicroelectronics.FP-ATR-ASTRA1.2.0.0
2023-06-19 21:42:54,485 [INFO] ThirdParty:978 - Integrity check success = true
2023-06-19 21:42:54,485 [INFO] IntegrityCheckThread:100 - exiting critical section [integrity check]
2023-06-19 21:42:54,485 [INFO] IntegrityCheckThread:103 - End integrity checks thread
2023-06-19 21:42:54,486 [INFO] ThirdParty:873 - entering critical section [close project]
2023-06-19 21:42:54,487 [INFO] ThirdParty:883 - exiting critical section [close project]
2023-06-19 21:42:54,490 [INFO] PinOutPanel:1499 - setPackage(No Configuration,No Configuration)
2023-06-19 21:42:54,495 [INFO] UtilMem:75 - Begin LoadConfig() Used Memory: 216284432 Bytes (671088640)
2023-06-19 21:42:54,496 [INFO] MicroXplorer:468 - Change Database Path : 
2023-06-19 21:42:54,496 [INFO] MicroXplorer:498 - Change Database Version : DB.6.0.81
2023-06-19 21:42:54,496 [INFO] OpenFileManager:308 - Change cursor
2023-06-19 21:42:54,555 [INFO] Mcu:1937 - Initializing MCU STM32F767ZITx STM32F767ZITx STM32F767ZIT6
2023-06-19 21:42:55,687 [INFO] Context:659 - Trying to add GPIOservice into a context  which must be forbidden
2023-06-19 21:42:56,271 [INFO] RtosManager:555 - Registered RTOS mode: class=CMSIS, group=RTOS, mode=CMSIS_V1, owner=FREERTOS
2023-06-19 21:42:56,271 [INFO] RtosManager:555 - Registered RTOS mode: class=CMSIS, group=RTOS2, mode=CMSIS_V2, owner=FREERTOS
2023-06-19 21:42:56,271 [INFO] RtosManager:555 - Registered RTOS mode: class=RTOS, group=Core, mode=CMSIS_V1, owner=FREERTOS
2023-06-19 21:42:56,271 [INFO] RtosManager:555 - Registered RTOS mode: class=RTOS, group=Core, mode=CMSIS_V2, owner=FREERTOS
2023-06-19 21:42:56,271 [WARN] ModelIntegratedComponent:184 - Missing modes for component STMicroelectronics:FreeRTOS:0.0.1:STMicroelectronics:RTOS:FreeRTOS:Core:::10.2.0:
2023-06-19 21:42:56,277 [WARN] ModelIntegratedComponent:63 - No mode defined for component null
2023-06-19 21:42:56,277 [WARN] ModelIntegratedComponent:63 - No mode defined for component null
2023-06-19 21:42:56,277 [WARN] ModelIntegratedComponent:63 - No mode defined for component null
2023-06-19 21:42:56,277 [WARN] ModelIntegratedComponent:63 - No mode defined for component null
2023-06-19 21:42:56,277 [WARN] ModelIntegratedComponent:63 - No mode defined for component null
2023-06-19 21:42:56,277 [WARN] ModelIntegratedComponent:63 - No mode defined for component null
2023-06-19 21:42:56,277 [WARN] ModelIntegratedComponent:63 - No mode defined for component null
2023-06-19 21:42:56,277 [WARN] ModelIntegratedComponent:63 - No mode defined for component null
2023-06-19 21:42:56,277 [WARN] ModelIntegratedComponent:63 - No mode defined for component null
2023-06-19 21:42:56,277 [WARN] ModelIntegratedComponent:63 - No mode defined for component null
2023-06-19 21:42:56,277 [WARN] ModelIntegratedComponent:63 - No mode defined for component null
2023-06-19 21:42:56,277 [WARN] ModelIntegratedComponent:63 - No mode defined for component null
2023-06-19 21:42:56,277 [WARN] ModelIntegratedComponent:63 - No mode defined for component null
2023-06-19 21:42:56,277 [WARN] ModelIntegratedComponent:63 - No mode defined for component null
2023-06-19 21:42:56,277 [WARN] ModelIntegratedComponent:63 - No mode defined for component null
2023-06-19 21:42:56,277 [WARN] ModelIntegratedComponent:63 - No mode defined for component null
2023-06-19 21:42:56,277 [WARN] ModelIntegratedComponent:63 - No mode defined for component null
2023-06-19 21:42:56,277 [WARN] ModelIntegratedComponent:63 - No mode defined for component null
2023-06-19 21:42:56,277 [WARN] ModelIntegratedComponent:63 - No mode defined for component null
2023-06-19 21:42:56,277 [WARN] ModelIntegratedComponent:63 - No mode defined for component null
2023-06-19 21:42:56,277 [WARN] ModelIntegratedComponent:63 - No mode defined for component null
2023-06-19 21:42:56,277 [WARN] ModelIntegratedComponent:63 - No mode defined for component null
2023-06-19 21:42:56,277 [WARN] ModelIntegratedComponent:63 - No mode defined for component null
2023-06-19 21:42:56,277 [WARN] ModelIntegratedComponent:63 - No mode defined for component null
2023-06-19 21:42:56,277 [WARN] ModelIntegratedComponent:63 - No mode defined for component null
2023-06-19 21:42:56,278 [WARN] ModelIntegratedComponent:63 - No mode defined for component null
2023-06-19 21:42:56,278 [WARN] ModelIntegratedComponent:63 - No mode defined for component null
2023-06-19 21:42:56,278 [WARN] ModelIntegratedComponent:63 - No mode defined for component null
2023-06-19 21:42:56,278 [WARN] ModelIntegratedComponent:63 - No mode defined for component null
2023-06-19 21:42:56,278 [WARN] ModelIntegratedComponent:63 - No mode defined for component null
2023-06-19 21:42:56,278 [WARN] ModelIntegratedComponent:63 - No mode defined for component null
2023-06-19 21:42:56,278 [WARN] ModelIntegratedComponent:63 - No mode defined for component null
2023-06-19 21:42:56,278 [WARN] ModelIntegratedComponent:63 - No mode defined for component null
2023-06-19 21:42:56,296 [INFO] ThirdPartyModel:298 - Start build external matchings
2023-06-19 21:42:56,412 [INFO] ThirdPartyModel:316 - End build external matchings
2023-06-19 21:42:56,417 [INFO] RtosManager:919 - Current active RTOS is FREERTOS [Cortex-M7NS]
2023-06-19 21:42:56,419 [INFO] ImportTextPane:194 - (OptionalMessage_ERROR) IP (CORTEX_M7) : Invalid parameter (BaseAddress_S)
2023-06-19 21:42:56,419 [INFO] ImportTextPane:194 - (OptionalMessage_ERROR) IP (CORTEX_M7) : Invalid parameter (Size_S)
2023-06-19 21:42:56,419 [INFO] ImportTextPane:194 - (OptionalMessage_ERROR) IP (CORTEX_M7) : Invalid parameter (AccessPermission_S)
2023-06-19 21:42:56,419 [INFO] ImportTextPane:194 - (OptionalMessage_ERROR) IP (CORTEX_M7) : Invalid parameter (DisableExec_S)
2023-06-19 21:42:56,419 [INFO] ImportTextPane:194 - (OptionalMessage_ERROR) IP (CORTEX_M7) : Invalid parameter (TypeExtField_S)
2023-06-19 21:42:56,419 [INFO] ImportTextPane:194 - (OptionalMessage_ERROR) IP (CORTEX_M7) : Invalid parameter (BaseAddress_S)
2023-06-19 21:42:56,419 [INFO] ImportTextPane:194 - (OptionalMessage_ERROR) IP (CORTEX_M7) : Invalid parameter (Size_S)
2023-06-19 21:42:56,419 [INFO] ImportTextPane:194 - (OptionalMessage_ERROR) IP (CORTEX_M7) : Invalid parameter (AccessPermission_S)
2023-06-19 21:42:56,419 [INFO] ImportTextPane:194 - (OptionalMessage_ERROR) IP (CORTEX_M7) : Invalid parameter (DisableExec_S)
2023-06-19 21:42:56,419 [INFO] ImportTextPane:194 - (OptionalMessage_ERROR) IP (CORTEX_M7) : Invalid parameter (IsShareable_S)
2023-06-19 21:42:56,419 [INFO] ImportTextPane:194 - (OptionalMessage_ERROR) IP (CORTEX_M7) : Invalid parameter (IsBufferable_S)
2023-06-19 21:42:56,419 [INFO] ImportTextPane:194 - (OptionalMessage_ERROR) IP (ETH) : Invalid parameter (PHY_Name)
2023-06-19 21:42:56,419 [INFO] ImportTextPane:194 - (OptionalMessage_ERROR) IP (ETH) : Invalid parameter (PHY_Value)
2023-06-19 21:42:56,419 [INFO] ImportTextPane:194 - (OptionalMessage_ERROR) IP (ETH) : Invalid parameter (PhyAddress)
2023-06-19 21:42:56,450 [INFO] ImportTextPane:194 - (OptionalMessage_ERROR) IP (RCC) : Invalid parameter (48MHZClocksFreq_Value)
2023-06-19 21:42:56,450 [INFO] ImportTextPane:194 - (OptionalMessage_ERROR) IP (RCC) : Invalid parameter (ADC12outputFreq_Value)
2023-06-19 21:42:56,450 [INFO] ImportTextPane:194 - (OptionalMessage_ERROR) IP (RCC) : Invalid parameter (ADC34outputFreq_Value)
2023-06-19 21:42:56,450 [INFO] ImportTextPane:194 - (OptionalMessage_ERROR) IP (RCC) : Invalid parameter (FamilyName)
2023-06-19 21:42:56,451 [INFO] ImportTextPane:194 - (OptionalMessage_ERROR) IP (RCC) : Invalid parameter (I2SClocksFreq_Value)
2023-06-19 21:42:56,451 [INFO] ImportTextPane:194 - (OptionalMessage_ERROR) IP (RCC) : Invalid parameter (LCDTFToutputFreq_Value)
2023-06-19 21:42:56,451 [INFO] ImportTextPane:194 - (OptionalMessage_ERROR) IP (RCC) : Invalid parameter (MCOFreq_Value)
2023-06-19 21:42:56,451 [INFO] ImportTextPane:194 - (OptionalMessage_ERROR) IP (RCC) : Invalid parameter (PLLMCOFreq_Value)
2023-06-19 21:42:56,451 [INFO] ImportTextPane:194 - (OptionalMessage_ERROR) IP (RCC) : Invalid parameter (PLLMUL)
2023-06-19 21:42:56,451 [INFO] ImportTextPane:194 - (OptionalMessage_ERROR) IP (RCC) : Invalid parameter (PRESCALERUSB)
2023-06-19 21:42:56,451 [INFO] ImportTextPane:194 - (OptionalMessage_ERROR) IP (RCC) : Invalid parameter (RTCHSEDivFreq_Value)
2023-06-19 21:42:56,453 [INFO] ImportTextPane:194 - (OptionalMessage_ERROR) IP (RCC) : Parameter (SDMMC2Freq_Value) has invalid value (216000000)
2023-06-19 21:42:56,453 [INFO] ImportTextPane:194 - (OptionalMessage_ERROR) IP (RCC) : Parameter (SDMMCFreq_Value) has invalid value (216000000)
2023-06-19 21:42:56,453 [INFO] ImportTextPane:194 - (OptionalMessage_ERROR) IP (RCC) : Invalid parameter (SYSCLKSourceVirtual)
2023-06-19 21:42:56,453 [INFO] ImportTextPane:194 - (OptionalMessage_ERROR) IP (RCC) : Invalid parameter (TIM15Freq_Value)
2023-06-19 21:42:56,453 [INFO] ImportTextPane:194 - (OptionalMessage_ERROR) IP (RCC) : Invalid parameter (TIM16Freq_Value)
2023-06-19 21:42:56,453 [INFO] ImportTextPane:194 - (OptionalMessage_ERROR) IP (RCC) : Invalid parameter (TIM17Freq_Value)
2023-06-19 21:42:56,453 [INFO] ImportTextPane:194 - (OptionalMessage_ERROR) IP (RCC) : Invalid parameter (TIM1Freq_Value)
2023-06-19 21:42:56,453 [INFO] ImportTextPane:194 - (OptionalMessage_ERROR) IP (RCC) : Invalid parameter (TIM20Freq_Value)
2023-06-19 21:42:56,453 [INFO] ImportTextPane:194 - (OptionalMessage_ERROR) IP (RCC) : Invalid parameter (TIM2Freq_Value)
2023-06-19 21:42:56,453 [INFO] ImportTextPane:194 - (OptionalMessage_ERROR) IP (RCC) : Invalid parameter (TIM3Freq_Value)
2023-06-19 21:42:56,453 [INFO] ImportTextPane:194 - (OptionalMessage_ERROR) IP (RCC) : Invalid parameter (TIM8Freq_Value)
2023-06-19 21:42:56,453 [INFO] ImportTextPane:194 - (OptionalMessage_ERROR) IP (RCC) : Invalid parameter (VCOOutput2Freq_Value)
2023-06-19 21:42:56,453 [INFO] ImportTextPane:194 - (OptionalMessage_ERROR) IP (RCC) : Invalid parameter (VcooutputI2S)
2023-06-19 21:42:56,661 [INFO] UtilMem:75 - End LoadConfig() Used Memory: 438311296 Bytes (671088640)
2023-06-19 21:42:56,729 [INFO] ApiDb:581 - Connected to CubeFinder SQLite database (/home/jeff/.stmcufinder/plugins/mcufinder/mcu/cube-finder-db.db)
2023-06-19 21:42:56,769 [INFO] ApiDb:668 - CubeFinder database Data Model version=2.1
2023-06-19 21:42:56,769 [INFO] ApiDb:669 - CubeFinder database Configuration version=3.0.35
2023-06-19 21:42:56,769 [INFO] ApiDb:670 - CubeFinder database generation date=2023-05-12 (1683877179)
2023-06-19 21:42:56,769 [INFO] ApiDb:671 - CubeFinder database FW Pack versions=[FP-ATR-ASTRA1_V2.0.0, FP-SNS-FLIGHT1_V5.0.0, FP-SNS-MOTENV1_V4.3.0, STM32Cube_FW_C0_V1.0.1, STM32Cube_FW_F0_V1.11.4, STM32Cube_FW_F3_V1.11.4, STM32Cube_FW_F4_V1.27.1, STM32Cube_FW_F7_V1.17.0, STM32Cube_FW_G0_V1.6.1, STM32Cube_FW_G4_V1.5.1, STM32Cube_FW_H5_V0.5.1, STM32Cube_FW_H5_V1.0.0, STM32Cube_FW_H7_V1.11.0, STM32Cube_FW_L0_V1.12.2, STM32Cube_FW_L5_V1.5.0, STM32Cube_FW_U5_V1.2.0, STM32Cube_FW_WBA_V1.0.0, STM32Cube_FW_WBA_V1.0.0RC1, STM32Cube_FW_WBA_V1.0.0RC3, STM32Cube_FW_WB_V1.15.0RC1, STM32Cube_FW_WB_V1.16.0, STM32Cube_FW_WB_V1.16.0RC2, STM32Cube_FW_WL_V1.3.0, X-CUBE-ALGOBUILD_V1.3.0, X-CUBE-ALS_V1.0.1, X-CUBE-AZRTOS-F4_V1.1.0, X-CUBE-AZRTOS-F7_V1.1.0, X-CUBE-AZRTOS-G0_V1.1.0, X-CUBE-AZRTOS-G4_V2.0.0, X-CUBE-AZRTOS-H7_V3.1.0, X-CUBE-AZRTOS-L4_V1.0.0, X-CUBE-AZRTOS-L5_V1.1.0, X-CUBE-AZRTOS-WB_V1.1.0, X-CUBE-AZRTOS-WL_V1.0.0, X-CUBE-BLE1_V6.2.4, X-CUBE-BLE2_V3.3.0, X-CUBE-BLEMGR_V2.0.0, X-CUBE-EEPRMA1_V4.1.0, X-CUBE-FREERTOS_V1.0.1, X-CUBE-GNSS1_V6.0.0, X-CUBE-MEMS1_V9.1.0, X-CUBE-MEMS1_V9.4.0, X-CUBE-MEMS1_V9.6.0, X-CUBE-NFC4_V3.0.0, X-CUBE-NFC7_V1.0.0, X-CUBE-SFXS2LP1_V4.0.0, X-CUBE-SUBG2_V5.0.0]
2023-06-19 21:42:57,752 [INFO] ApiDb:240 - Found 297 in-development CPN: [B-G473E-ZEST1S, B-WB1M-WPAN1, B-WL5M-SUBG1, NUCLEO-C031C6, NUCLEO-H503RB, NUCLEO-H563ZI, NUCLEO-U545RE-Q, NUCLEO-U5A5ZJ-Q, NUCLEO-WBA52CG, STEVAL-PROTEUS1, STEVAL-STWINBX1, STM320518-EVAL, STM32C0116-DK, STM32C011D6Y3TR, STM32C011D6Y6TR, STM32C011F4P3, STM32C011F4P6, STM32C011F4U3, STM32C011F4U6TR, STM32C011F6P3, STM32C011F6P6, STM32C011F6U3, STM32C011F6U6TR, STM32C011J4M3, STM32C011J4M6, STM32C011J6M3, STM32C011J6M6, STM32C0316-DK, STM32C031C4T3, STM32C031C4T6, STM32C031C4U3, STM32C031C4U6, STM32C031C6T3, STM32C031C6T6, STM32C031C6U3, STM32C031C6U6, STM32C031F4P3, STM32C031F4P6, STM32C031F6P3, STM32C031F6P6, STM32C031G4U3, STM32C031G4U6, STM32C031G6U3, STM32C031G6U6, STM32C031K4T3, STM32C031K4T6, STM32C031K4U3, STM32C031K4U6, STM32C031K6T3, STM32C031K6T6, STM32C031K6U3, STM32C031K6U6, STM32G071K8TXN, STM32G071K8UXN, STM32G081GBU6N, STM32G081KBT6N, STM32G081KBUXN, STM32G0B1CCT6N, STM32G0B1KCT6, STM32G0B1NEY6TR, STM32G0B1RCT6N, STM32G0C1CCT6, STM32G0C1CCT6N, STM32G0C1CCU6N, STM32G0C1CET6N, STM32G0C1CEU6N, STM32G0C1KCT6, STM32G0C1NEY6TR, STM32G0C1RCI6N, STM32G0C1RCT6N, STM32G0C1REI6N, STM32G0C1RET6N, STM32G0C1VCI6, STM32G0C1VEI6, STM32G471CCT6, STM32G471CCU6, STM32G471CET3, STM32G471CET6, STM32G471CEU3, STM32G471CEU6, STM32G471MCT6, STM32G471MET3, STM32G471MET6, STM32G471MEY6TR, STM32G471QCT6, STM32G471QET3, STM32G471RCT6, STM32G471RET3, STM32G471RET6, STM32G471VCH6, STM32G471VCI6, STM32G471VCT6, STM32G471VEH3, STM32G471VEH6, STM32G471VEI3, STM32G471VEI6, STM32G471VET3, STM32G471VET6, STM32G474CCT6, STM32H503CBT6, STM32H503CBU6, STM32H503EBY6TR, STM32H503KBU6, STM32H503RBT6, STM32H562AGI6, STM32H562AII6, STM32H562IGK6, STM32H562IGT6, STM32H562IIK6, STM32H562IIT6, STM32H562RGT6, STM32H562RGV6, STM32H562RIT6, STM32H562RIV6, STM32H562VGT6, STM32H562VIT6, STM32H562ZGT6, STM32H562ZIT6, STM32H563AGI6, STM32H563AII3Q, STM32H563AII6, STM32H563IGK6, STM32H563IGT6, STM32H563IIK3Q, STM32H563IIK6, STM32H563IIT3Q, STM32H563IIT6, STM32H563MIY3QTR, STM32H563RGT6, STM32H563RGV6, STM32H563RIT6, STM32H563RIV6, STM32H563VGT6, STM32H563VIT3Q, STM32H563VIT6, STM32H563ZGT6, STM32H563ZIT3Q, STM32H563ZIT6, STM32H573AII3Q, STM32H573AII6, STM32H573I-DK, STM32H573IIK3Q, STM32H573IIK6, STM32H573IIT3Q, STM32H573IIT6, STM32H573MIY3QTR, STM32H573RIT6, STM32H573RIV6, STM32H573VIT3Q, STM32H573VIT6, STM32H573ZIT3Q, STM32H573ZIT6, STM32L4R5QGI6STR, STM32MP131AAE3, STM32MP131AAF3, STM32MP131AAG3, STM32MP131CAE3, STM32MP131CAF3, STM32MP131CAG3, STM32MP131DAE7, STM32MP131DAF7, STM32MP131DAG7, STM32MP131FAE7, STM32MP131FAF7, STM32MP131FAG7, STM32MP133AAE3, STM32MP133AAF3, STM32MP133AAG3, STM32MP133CAE3, STM32MP133CAF3, STM32MP133CAG3, STM32MP133DAE7, STM32MP133DAF7, STM32MP133DAG7, STM32MP133FAE7, STM32MP133FAF7, STM32MP133FAG7, STM32MP135AAE3, STM32MP135AAF3, STM32MP135AAG3, STM32MP135CAE3, STM32MP135CAF3, STM32MP135CAG3, STM32MP135DAE7, STM32MP135DAF7, STM32MP135DAG7, STM32MP135F-DK, STM32MP135FAE7, STM32MP135FAF7, STM32MP135FAF7T, STM32MP135FAF7U, STM32MP135FAG7, STM32U535CBT6, STM32U535CBT6Q, STM32U535CBU6, STM32U535CBU6Q, STM32U535CCT6, STM32U535CCT6Q, STM32U535CCU6, STM32U535CCU6Q, STM32U535CET6, STM32U535CET6Q, STM32U535CEU6, STM32U535CEU6Q, STM32U535JEY6QTR, STM32U535NCY6QTR, STM32U535NEY6QTR, STM32U535RBI6, STM32U535RBI6Q, STM32U535RBT6, STM32U535RBT6Q, STM32U535RCI6, STM32U535RCI6Q, STM32U535RCT6, STM32U535RCT6Q, STM32U535REI6, STM32U535REI6Q, STM32U535RET6, STM32U535RET6Q, STM32U535VCI6, STM32U535VCI6Q, STM32U535VCT6, STM32U535VCT6Q, STM32U535VEI6, STM32U535VEI6Q, STM32U535VET6, STM32U535VET6Q, STM32U545CET6, STM32U545CET6Q, STM32U545CEU6, STM32U545CEU6Q, STM32U545JEY6QTR, STM32U545NEY6QTR, STM32U545REI6, STM32U545REI6Q, STM32U545RET6, STM32U545RET6Q, STM32U545VEI6, STM32U545VEI6Q, STM32U545VET6, STM32U545VET6Q, STM32U595AIH6, STM32U595AIH6Q, STM32U595AJH6, STM32U595AJH6Q, STM32U595QII6, STM32U595QII6Q, STM32U595QJI6, STM32U595QJI6Q, STM32U595RIT6, STM32U595RIT6Q, STM32U595RJT6, STM32U595RJT6Q, STM32U595VIT6, STM32U595VIT6Q, STM32U595VJT6, STM32U595VJT6Q, STM32U595ZIT6, STM32U595ZIT6Q, STM32U595ZIY6QTR, STM32U595ZJT6, STM32U595ZJT6Q, STM32U595ZJY6QTR, STM32U599BJY6QTR, STM32U599NIH6Q, STM32U599NJH6Q, STM32U599VIT6Q, STM32U599VJT6, STM32U599VJT6Q, STM32U599ZIT6Q, STM32U599ZIY6QTR, STM32U599ZJT6Q, STM32U599ZJY6QTR, STM32U5A5AJH6, STM32U5A5AJH6Q, STM32U5A5QJI6, STM32U5A5QJI6Q, STM32U5A5RJT6, STM32U5A5RJT6Q, STM32U5A5VJT6, STM32U5A5VJT6Q, STM32U5A5ZJT6, STM32U5A5ZJT6Q, STM32U5A5ZJY6QTR, STM32U5A9BJY6QTR, STM32U5A9J-DK, STM32U5A9NJH6Q, STM32U5A9VJT6Q, STM32U5A9ZJT6Q, STM32U5A9ZJY6QTR, STM32WB1MMCH6, STM32WBA52CEU6, STM32WBA52CEU6T, STM32WBA52CGU6, STM32WBA52CGU6T, STM32WL5MOCH6, STM32WL5MOCH6TR]
2023-06-19 21:42:57,754 [INFO] DbMcus:216 - Found 3775 MCUs, 3775 are supported
2023-06-19 21:42:57,755 [INFO] ApiDb:423 - Load user favorites file /home/jeff/.stm32cubeide/favorites.mcus.txt: 0 item(s)
2023-06-19 21:42:57,755 [INFO] ApiDb:427 - User favorites MCUs=[]
2023-06-19 21:42:57,755 [INFO] DbMcus:222 - Set 0 / 0 favorites MCUs
2023-06-19 21:42:57,921 [WARN] ThirdParty:833 - waiting for thirdparty lock release [change project]
2023-06-19 21:42:57,921 [INFO] ThirdParty:835 - entering critical section [change project]
2023-06-19 21:42:57,922 [INFO] ThirdParty:1030 - CMSIS Pack Vendor :STMicroelectronics X-CUBE-ISPU 1.1.0
2023-06-19 21:42:57,922 [INFO] ThirdParty:1030 - CMSIS Pack Vendor :STMicroelectronics X-CUBE-GNSS1 6.0.0
2023-06-19 21:42:57,922 [INFO] ThirdParty:1030 - CMSIS Pack Vendor :STMicroelectronics USB_HOST 2.0.0
2023-06-19 21:42:57,922 [INFO] ThirdParty:1030 - CMSIS Pack Vendor :STMicroelectronics X-CUBE-AZRTOS-F4 1.1.0
2023-06-19 21:42:57,922 [INFO] ThirdParty:1030 - CMSIS Pack Vendor :STMicroelectronics LIBJPEG 8.0.0
2023-06-19 21:42:57,922 [INFO] ThirdParty:1030 - CMSIS Pack Vendor :STMicroelectronics X-CUBE-SMBUS 2.1.0
2023-06-19 21:42:57,922 [INFO] ThirdParty:1030 - CMSIS Pack Vendor :wolfSSL I-CUBE-wolfSSL 5.6.0
2023-06-19 21:42:57,922 [INFO] ThirdParty:1030 - CMSIS Pack Vendor :STMicroelectronics USB_DEVICE 3.0.0
2023-06-19 21:42:57,922 [INFO] ThirdParty:1030 - CMSIS Pack Vendor :STMicroelectronics X-CUBE-FREERTOS 1.0.1
2023-06-19 21:42:57,922 [INFO] ThirdParty:1030 - CMSIS Pack Vendor :STMicroelectronics X-CUBE-AZRTOS-F7 1.1.0
2023-06-19 21:42:57,922 [INFO] ThirdParty:1030 - CMSIS Pack Vendor :STMicroelectronics X-CUBE-TOUCHGFX 4.21.4
2023-06-19 21:42:57,922 [INFO] ThirdParty:1030 - CMSIS Pack Vendor :STMicroelectronics USB_DEVICE 2.0.0
2023-06-19 21:42:57,922 [INFO] ThirdParty:1030 - CMSIS Pack Vendor :STMicroelectronics X-CUBE-MEMS1 9.6.0
2023-06-19 21:42:57,922 [INFO] ThirdParty:1030 - CMSIS Pack Vendor :STMicroelectronics FP-SNS-MOTENV1 4.3.0
2023-06-19 21:42:57,922 [INFO] ThirdParty:1030 - CMSIS Pack Vendor :STMicroelectronics FP-SNS-FLIGHT1 5.0.0
2023-06-19 21:42:57,922 [INFO] ThirdParty:1030 - CMSIS Pack Vendor :STMicroelectronics FP-SNS-MOTENV1 4.3.1
2023-06-19 21:42:57,922 [INFO] ThirdParty:1030 - CMSIS Pack Vendor :STMicroelectronics FP-SNS-FLIGHT1 5.0.1
2023-06-19 21:42:57,922 [INFO] ThirdParty:1030 - CMSIS Pack Vendor :STMicroelectronics X-CUBE-ALGOBUILD 1.3.0
2023-06-19 21:42:57,922 [INFO] ThirdParty:1030 - CMSIS Pack Vendor :STMicroelectronics X-CUBE-BLE1 6.2.4
2023-06-19 21:42:57,922 [INFO] ThirdParty:1030 - CMSIS Pack Vendor :STMicroelectronics X-CUBE-AZRTOS-L5 1.1.0
2023-06-19 21:42:57,922 [INFO] ThirdParty:1030 - CMSIS Pack Vendor :STMicroelectronics FreeRTOS 0.0.1
2023-06-19 21:42:57,922 [INFO] ThirdParty:1030 - CMSIS Pack Vendor :STMicroelectronics X-CUBE-AZRTOS-G0 1.1.0
2023-06-19 21:42:57,923 [INFO] ThirdParty:1030 - CMSIS Pack Vendor :emotas I-CUBE-CANOPEN 1.1.3
2023-06-19 21:42:57,923 [INFO] ThirdParty:1030 - CMSIS Pack Vendor :STMicroelectronics X-CUBE-BLEMGR 2.0.0
2023-06-19 21:42:57,923 [INFO] ThirdParty:1030 - CMSIS Pack Vendor :STMicroelectronics X-CUBE-AI 8.0.1
2023-06-19 21:42:57,923 [INFO] ThirdParty:1030 - CMSIS Pack Vendor :STMicroelectronics X-CUBE-NFC4 3.0.0
2023-06-19 21:42:57,923 [INFO] ThirdParty:1030 - CMSIS Pack Vendor :STMicroelectronics X-CUBE-SUBG2 5.0.0
2023-06-19 21:42:57,923 [INFO] ThirdParty:1030 - CMSIS Pack Vendor :STMicroelectronics STM32_WPAN 1.0.0
2023-06-19 21:42:57,923 [INFO] ThirdParty:1030 - CMSIS Pack Vendor :STMicroelectronics lwIP 2.0.3
2023-06-19 21:42:57,923 [INFO] ThirdParty:1030 - CMSIS Pack Vendor :STMicroelectronics USB_HOST 1.0.0
2023-06-19 21:42:57,923 [INFO] ThirdParty:1030 - CMSIS Pack Vendor :STMicroelectronics X-CUBE-AZRTOS-G4 2.0.0
2023-06-19 21:42:57,923 [INFO] ThirdParty:1030 - CMSIS Pack Vendor :STMicroelectronics PDM2PCM 3.1.0
2023-06-19 21:42:57,923 [INFO] ThirdParty:1030 - CMSIS Pack Vendor :STMicroelectronics X-CUBE-AZRTOS-H7 3.1.0
2023-06-19 21:42:57,923 [INFO] ThirdParty:1030 - CMSIS Pack Vendor :STMicroelectronics X-CUBE-TOF1 3.3.0
2023-06-19 21:42:57,923 [INFO] ThirdParty:1030 - CMSIS Pack Vendor :STMicroelectronics PDM2PCM 3.3.0
2023-06-19 21:42:57,923 [INFO] ThirdParty:1030 - CMSIS Pack Vendor :STMicroelectronics X-CUBE-DISPLAY 3.0.0
2023-06-19 21:42:57,923 [INFO] ThirdParty:1030 - CMSIS Pack Vendor :STMicroelectronics FP-ATR-SIGFOX1 3.2.0
2023-06-19 21:42:57,923 [INFO] ThirdParty:1030 - CMSIS Pack Vendor :STMicroelectronics X-CUBE-AZRTOS-L4 1.0.0
2023-06-19 21:42:57,923 [INFO] ThirdParty:1030 - CMSIS Pack Vendor :STMicroelectronics HAL Drivers 0.0.0
2023-06-19 21:42:57,923 [INFO] ThirdParty:1030 - CMSIS Pack Vendor :STMicroelectronics MBEDTLS 2.16.2
2023-06-19 21:42:57,923 [INFO] ThirdParty:1030 - CMSIS Pack Vendor :STMicroelectronics X-CUBE-NFC7 1.0.1
2023-06-19 21:42:57,923 [INFO] ThirdParty:1030 - CMSIS Pack Vendor :STMicroelectronics MBEDTLS 2.14.1
2023-06-19 21:42:57,923 [INFO] ThirdParty:1030 - CMSIS Pack Vendor :STMicroelectronics X-CUBE-NFC7 1.0.0
2023-06-19 21:42:57,923 [INFO] ThirdParty:1030 - CMSIS Pack Vendor :STMicroelectronics X-CUBE-AZRTOS-WL 1.0.0
2023-06-19 21:42:57,923 [INFO] ThirdParty:1030 - CMSIS Pack Vendor :STMicroelectronics X-CUBE-EEPRMA1 4.1.0
2023-06-19 21:42:57,923 [INFO] ThirdParty:1030 - CMSIS Pack Vendor :portGmbH I-Cube-SoM-uGOAL 1.1.0
2023-06-19 21:42:57,923 [INFO] ThirdParty:1030 - CMSIS Pack Vendor :STMicroelectronics X-CUBE-ALS 1.0.1
2023-06-19 21:42:57,923 [INFO] ThirdParty:1030 - CMSIS Pack Vendor :STMicroelectronics ThreadX 1.0.0
2023-06-19 21:42:57,924 [INFO] ThirdParty:1030 - CMSIS Pack Vendor :STMicroelectronics X-CUBE-AZRTOS-WB 1.1.0
2023-06-19 21:42:57,924 [INFO] ThirdParty:1030 - CMSIS Pack Vendor :SEGGER I-CUBE-embOS 1.3.1
2023-06-19 21:42:57,924 [INFO] ThirdParty:1030 - CMSIS Pack Vendor :STMicroelectronics USB_DEVICE 1.0.0
2023-06-19 21:42:57,924 [INFO] ThirdParty:1030 - CMSIS Pack Vendor :STMicroelectronics X-CUBE-AZRTOS-L4 2.0.0
2023-06-19 21:42:57,924 [INFO] ThirdParty:1030 - CMSIS Pack Vendor :STMicroelectronics ThreadX 0.0.2
2023-06-19 21:42:57,924 [INFO] ThirdParty:1030 - CMSIS Pack Vendor :WES I-CUBE-Cesium 1.3.0
2023-06-19 21:42:57,924 [INFO] ThirdParty:1030 - CMSIS Pack Vendor :STMicroelectronics FP-ATR-ASTRA1 2.0.0
2023-06-19 21:42:57,924 [INFO] ThirdParty:1030 - CMSIS Pack Vendor :STMicroelectronics lwIP 2.1.2
2023-06-19 21:42:57,924 [INFO] ThirdParty:1030 - CMSIS Pack Vendor :STMicroelectronics X-CUBE-SFXS2LP1 4.0.0
2023-06-19 21:42:57,924 [INFO] ThirdParty:1030 - CMSIS Pack Vendor :STMicroelectronics X-CUBE-BLE2 3.3.0
2023-06-19 21:42:57,924 [INFO] ThirdParty:1030 - CMSIS Pack Vendor :STMicroelectronics PDM2PCM 3.2.0
2023-06-19 21:42:57,924 [INFO] ThirdParty:841 - exiting critical section [change project]
2023-06-19 21:42:58,279 [INFO] PinOutPanel:1499 - setPackage(No Configuration,No Configuration)
2023-06-19 21:42:58,280 [INFO] PinOutPanel:1499 - setPackage(STM32F767ZITx,LQFP144)
2023-06-19 21:42:58,920 [INFO] UtilMem:75 - Before build in PCC Used Memory: 415682000 Bytes (671088640)
2023-06-19 21:42:59,514 [INFO] UtilMem:75 - After build in PCC Used Memory: 277329896 Bytes (671088640)
2023-06-19 21:42:59,587 [INFO] ApiDbMcu:507 - Load IP Config File for FREERTOS
2023-06-19 21:42:59,633 [INFO] ApiDbMcu:507 - Load IP Config File for LWIP
2023-06-19 21:42:59,670 [INFO] IPUIPlugin:80 - create IPUIPlugin
2023-06-19 21:42:59,670 [INFO] IPUIPlugin:80 - create IPUIPlugin
2023-06-19 21:42:59,671 [INFO] IPUIPlugin:80 - create IPUIPlugin
2023-06-19 21:42:59,671 [INFO] IPUIPlugin:80 - create IPUIPlugin
2023-06-19 21:42:59,671 [INFO] IPUIPlugin:80 - create IPUIPlugin
2023-06-19 21:42:59,671 [INFO] IPUIPlugin:80 - create IPUIPlugin
2023-06-19 21:42:59,671 [INFO] IPUIPlugin:80 - create IPUIPlugin
2023-06-19 21:42:59,671 [INFO] IPUIPlugin:80 - create IPUIPlugin
2023-06-19 21:42:59,671 [INFO] IPUIPlugin:80 - create IPUIPlugin
2023-06-19 21:42:59,672 [INFO] IPUIPlugin:80 - create IPUIPlugin
2023-06-19 21:42:59,672 [INFO] IPUIPlugin:80 - create IPUIPlugin
2023-06-19 21:42:59,672 [INFO] IPUIPlugin:80 - create IPUIPlugin
2023-06-19 21:42:59,672 [INFO] IPUIPlugin:80 - create IPUIPlugin
2023-06-19 21:42:59,672 [INFO] IPUIPlugin:80 - create IPUIPlugin
2023-06-19 21:42:59,672 [INFO] IPUIPlugin:80 - create IPUIPlugin
2023-06-19 21:42:59,672 [INFO] IPUIPlugin:80 - create IPUIPlugin
2023-06-19 21:42:59,672 [INFO] IPUIPlugin:80 - create IPUIPlugin
2023-06-19 21:42:59,673 [INFO] IPUIPlugin:80 - create IPUIPlugin
2023-06-19 21:42:59,673 [INFO] IPUIPlugin:80 - create IPUIPlugin
2023-06-19 21:42:59,673 [INFO] IPUIPlugin:80 - create IPUIPlugin
2023-06-19 21:42:59,673 [INFO] IPUIPlugin:80 - create IPUIPlugin
2023-06-19 21:42:59,673 [INFO] IPUIPlugin:80 - create IPUIPlugin
2023-06-19 21:42:59,673 [INFO] IPUIPlugin:80 - create IPUIPlugin
2023-06-19 21:42:59,673 [INFO] IPUIPlugin:80 - create IPUIPlugin
2023-06-19 21:42:59,673 [INFO] IPUIPlugin:80 - create IPUIPlugin
2023-06-19 21:42:59,673 [INFO] IPUIPlugin:80 - create IPUIPlugin
2023-06-19 21:42:59,673 [INFO] IPUIPlugin:80 - create IPUIPlugin
2023-06-19 21:42:59,674 [INFO] IPUIPlugin:80 - create IPUIPlugin
2023-06-19 21:42:59,674 [INFO] IPUIPlugin:80 - create IPUIPlugin
2023-06-19 21:42:59,674 [INFO] IPUIPlugin:80 - create IPUIPlugin
2023-06-19 21:42:59,674 [INFO] IPUIPlugin:80 - create IPUIPlugin
2023-06-19 21:42:59,674 [INFO] IPUIPlugin:80 - create IPUIPlugin
2023-06-19 21:42:59,675 [INFO] IPUIPlugin:80 - create IPUIPlugin
2023-06-19 21:42:59,675 [INFO] IPUIPlugin:80 - create IPUIPlugin
2023-06-19 21:42:59,675 [INFO] IPUIPlugin:80 - create IPUIPlugin
2023-06-19 21:42:59,675 [INFO] IPUIPlugin:80 - create IPUIPlugin
2023-06-19 21:42:59,675 [INFO] IPUIPlugin:80 - create IPUIPlugin
2023-06-19 21:42:59,676 [INFO] IPUIPlugin:80 - create IPUIPlugin
2023-06-19 21:42:59,676 [INFO] IPUIPlugin:80 - create IPUIPlugin
2023-06-19 21:42:59,676 [INFO] IPUIPlugin:80 - create IPUIPlugin
2023-06-19 21:42:59,676 [INFO] IPUIPlugin:80 - create IPUIPlugin
2023-06-19 21:42:59,677 [INFO] IPUIPlugin:80 - create IPUIPlugin
2023-06-19 21:42:59,677 [INFO] IPUIPlugin:80 - create IPUIPlugin
2023-06-19 21:42:59,677 [INFO] IPUIPlugin:80 - create IPUIPlugin
2023-06-19 21:42:59,677 [INFO] IPUIPlugin:80 - create IPUIPlugin
2023-06-19 21:42:59,678 [INFO] IPUIPlugin:80 - create IPUIPlugin
2023-06-19 21:42:59,678 [INFO] IPUIPlugin:80 - create IPUIPlugin
2023-06-19 21:42:59,678 [INFO] IPUIPlugin:80 - create IPUIPlugin
2023-06-19 21:42:59,678 [INFO] IPUIPlugin:80 - create IPUIPlugin
2023-06-19 21:42:59,679 [INFO] IPUIPlugin:80 - create IPUIPlugin
2023-06-19 21:42:59,679 [INFO] IPUIPlugin:80 - create IPUIPlugin
2023-06-19 21:42:59,679 [INFO] IPUIPlugin:80 - create IPUIPlugin
2023-06-19 21:42:59,679 [INFO] IPUIPlugin:80 - create IPUIPlugin
2023-06-19 21:42:59,680 [INFO] IPUIPlugin:80 - create IPUIPlugin
2023-06-19 21:42:59,680 [INFO] IPUIPlugin:80 - create IPUIPlugin
2023-06-19 21:42:59,680 [INFO] IPUIPlugin:80 - create IPUIPlugin
2023-06-19 21:42:59,680 [INFO] IPUIPlugin:80 - create IPUIPlugin
2023-06-19 21:42:59,681 [INFO] IPUIPlugin:80 - create IPUIPlugin
2023-06-19 21:42:59,681 [INFO] IPUIPlugin:80 - create IPUIPlugin
2023-06-19 21:42:59,681 [INFO] IPUIPlugin:80 - create IPUIPlugin
2023-06-19 21:42:59,682 [INFO] IPUIPlugin:80 - create IPUIPlugin
2023-06-19 21:42:59,682 [INFO] IPUIPlugin:80 - create IPUIPlugin
2023-06-19 21:42:59,682 [INFO] IPUIPlugin:80 - create IPUIPlugin
2023-06-19 21:42:59,683 [INFO] IPUIPlugin:80 - create IPUIPlugin
2023-06-19 21:42:59,683 [INFO] IPUIPlugin:80 - create IPUIPlugin
2023-06-19 21:42:59,683 [INFO] IPUIPlugin:80 - create IPUIPlugin
2023-06-19 21:42:59,684 [INFO] IPUIPlugin:80 - create IPUIPlugin
2023-06-19 21:42:59,684 [INFO] IPUIPlugin:80 - create IPUIPlugin
2023-06-19 21:42:59,684 [INFO] IPUIPlugin:80 - create IPUIPlugin
2023-06-19 21:42:59,684 [INFO] IPUIPlugin:80 - create IPUIPlugin
2023-06-19 21:42:59,685 [INFO] IPUIPlugin:80 - create IPUIPlugin
2023-06-19 21:42:59,685 [INFO] IPUIPlugin:80 - create IPUIPlugin
2023-06-19 21:42:59,685 [INFO] IPUIPlugin:80 - create IPUIPlugin
2023-06-19 21:42:59,686 [INFO] IPUIPlugin:80 - create IPUIPlugin
2023-06-19 21:42:59,686 [INFO] IPUIPlugin:80 - create IPUIPlugin
2023-06-19 21:42:59,686 [INFO] IPUIPlugin:80 - create IPUIPlugin
2023-06-19 21:42:59,687 [INFO] IPUIPlugin:80 - create IPUIPlugin
2023-06-19 21:42:59,687 [INFO] IPUIPlugin:80 - create IPUIPlugin
2023-06-19 21:42:59,688 [INFO] IPUIPlugin:80 - create IPUIPlugin
2023-06-19 21:42:59,695 [INFO] ApiDbMcu:507 - Load IP Config File for PDM2PCM
2023-06-19 21:42:59,727 [WARN] FreeRTOS:1023 - Null or empty value: should not occur! (nothing added to the table)
2023-06-19 21:42:59,925 [INFO] CADModel:165 - CPN selected for project levelSTM32F767ZIT6
2023-06-19 21:42:59,925 [INFO] CADModel:114 - Register for checkConnection events
2023-06-19 21:42:59,928 [INFO] RtosManager:697 - Active RTOS found at IOC load: FREERTOS [Cortex-M7NS]
2023-06-19 21:42:59,968 [INFO] OpenFileManager:328 - Restore cursor
2023-06-19 21:44:44,530 [ERROR] RtosPanel:558 - Can not restore the selected Tab for FREERTOS(A reason can be that the tab is no more available.)
2023-06-19 21:45:42,960 [INFO] UtilMem:75 - End SaveConfig() Used Memory: 269439440 Bytes (671088640)
2023-06-19 21:45:45,043 [INFO] UtilMem:75 - End SaveConfig() Used Memory: 317671888 Bytes (671088640)
2023-06-19 21:45:47,757 [INFO] UtilMem:75 - End SaveConfig() Used Memory: 429347280 Bytes (671088640)
2023-06-19 21:45:50,026 [INFO] BlockDiagram:2759 - set Specific Code input for plugin: SPI
2023-06-19 21:45:50,026 [INFO] BlockDiagram:2759 - set Specific Code input for plugin: FREERTOS
2023-06-19 21:45:50,026 [INFO] BlockDiagram:2759 - set Specific Code input for plugin: SYS
2023-06-19 21:45:50,026 [INFO] BlockDiagram:2759 - set Specific Code input for plugin: RCC
2023-06-19 21:45:50,026 [INFO] BlockDiagram:2759 - set Specific Code input for plugin: USB_OTG_FS
2023-06-19 21:45:50,026 [INFO] BlockDiagram:2759 - set Specific Code input for plugin: NVIC
2023-06-19 21:45:50,026 [INFO] BlockDiagram:2759 - set Specific Code input for plugin: LWIP
2023-06-19 21:45:50,026 [INFO] BlockDiagram:2759 - set Specific Code input for plugin: USART
2023-06-19 21:45:50,026 [INFO] BlockDiagram:2759 - set Specific Code input for plugin: CORTEX_M7
2023-06-19 21:45:50,027 [INFO] BlockDiagram:2759 - set Specific Code input for plugin: GPIO
2023-06-19 21:45:50,027 [INFO] BlockDiagram:2759 - set Specific Code input for plugin: ETH
2023-06-19 21:45:50,028 [INFO] CodeGenerator:793 - code generatio: config db path: /opt/st/stm32cubeide_1.12.1/plugins/com.st.stm32cube.common.mx_6.8.1.202304191431//db/
2023-06-19 21:45:50,334 [INFO] CodeEngine:255 - oldGeneratedFile, /home/jeff/STM32CubeIDE/workspace_1.12.1/Intruder-Detection-System/Trial_LWIP/MXTmpFiles/license.tmp_save
2023-06-19 21:45:50,603 [INFO] CodeEngine:279 - Generated code: /home/jeff/STM32CubeIDE/workspace_1.12.1/Intruder-Detection-System/Trial_LWIP/MXTmpFiles/license.tmp
2023-06-19 21:45:50,711 [INFO] CodeEngine:255 - oldGeneratedFile, /home/jeff/STM32CubeIDE/workspace_1.12.1/Intruder-Detection-System/Trial_LWIP/MXTmpFiles/gpio.tmp_save
2023-06-19 21:45:50,830 [INFO] CodeEngine:279 - Generated code: /home/jeff/STM32CubeIDE/workspace_1.12.1/Intruder-Detection-System/Trial_LWIP/MXTmpFiles/gpio.tmp
2023-06-19 21:45:51,001 [INFO] CodeEngine:255 - oldGeneratedFile, /home/jeff/STM32CubeIDE/workspace_1.12.1/Intruder-Detection-System/Trial_LWIP/MXTmpFiles/eth_vars.tmp_save
2023-06-19 21:45:51,087 [INFO] CodeEngine:279 - Generated code: /home/jeff/STM32CubeIDE/workspace_1.12.1/Intruder-Detection-System/Trial_LWIP/MXTmpFiles/eth_vars.tmp
2023-06-19 21:45:51,088 [INFO] CodeEngine:255 - oldGeneratedFile, /home/jeff/STM32CubeIDE/workspace_1.12.1/Intruder-Detection-System/Trial_LWIP/MXTmpFiles/eth_inc.tmp_save
2023-06-19 21:45:51,140 [INFO] CodeEngine:279 - Generated code: /home/jeff/STM32CubeIDE/workspace_1.12.1/Intruder-Detection-System/Trial_LWIP/MXTmpFiles/eth_inc.tmp
2023-06-19 21:45:51,142 [INFO] CodeEngine:255 - oldGeneratedFile, /home/jeff/STM32CubeIDE/workspace_1.12.1/Intruder-Detection-System/Trial_LWIP/MXTmpFiles/eth_HalInit.tmp_save
2023-06-19 21:45:51,209 [INFO] CodeEngine:279 - Generated code: /home/jeff/STM32CubeIDE/workspace_1.12.1/Intruder-Detection-System/Trial_LWIP/MXTmpFiles/eth_HalInit.tmp
2023-06-19 21:45:51,210 [INFO] CodeEngine:255 - oldGeneratedFile, /home/jeff/STM32CubeIDE/workspace_1.12.1/Intruder-Detection-System/Trial_LWIP/MXTmpFiles/eth_Msp.tmp_save
2023-06-19 21:45:51,258 [INFO] CodeEngine:279 - Generated code: /home/jeff/STM32CubeIDE/workspace_1.12.1/Intruder-Detection-System/Trial_LWIP/MXTmpFiles/eth_Msp.tmp
2023-06-19 21:45:51,729 [WARN] IPConfigManager:2937 - Warning: the RefConfig PWREx_EnableUSBVoltageDetector is not available in your config.xml file
2023-06-19 21:45:51,751 [INFO] Middleware:1439 - No code input for Bsp Dependency
2023-06-19 21:45:51,756 [INFO] CodeEngine:255 - oldGeneratedFile, /home/jeff/STM32CubeIDE/workspace_1.12.1/Intruder-Detection-System/Trial_LWIP/MXTmpFiles/rtos_inc.tmp_save
2023-06-19 21:45:51,814 [INFO] CodeEngine:279 - Generated code: /home/jeff/STM32CubeIDE/workspace_1.12.1/Intruder-Detection-System/Trial_LWIP/MXTmpFiles/rtos_inc.tmp
2023-06-19 21:45:51,815 [INFO] CodeEngine:255 - oldGeneratedFile, /home/jeff/STM32CubeIDE/workspace_1.12.1/Intruder-Detection-System/Trial_LWIP/MXTmpFiles/rtos_vars.tmp_save
2023-06-19 21:45:51,872 [INFO] CodeEngine:279 - Generated code: /home/jeff/STM32CubeIDE/workspace_1.12.1/Intruder-Detection-System/Trial_LWIP/MXTmpFiles/rtos_vars.tmp
2023-06-19 21:45:51,873 [INFO] CodeEngine:255 - oldGeneratedFile, /home/jeff/STM32CubeIDE/workspace_1.12.1/Intruder-Detection-System/Trial_LWIP/MXTmpFiles/rtos_pfp.tmp_save
2023-06-19 21:45:51,925 [INFO] CodeEngine:279 - Generated code: /home/jeff/STM32CubeIDE/workspace_1.12.1/Intruder-Detection-System/Trial_LWIP/MXTmpFiles/rtos_pfp.tmp
2023-06-19 21:45:51,926 [INFO] CodeEngine:255 - oldGeneratedFile, /home/jeff/STM32CubeIDE/workspace_1.12.1/Intruder-Detection-System/Trial_LWIP/MXTmpFiles/rtos_obj_creat.tmp_save
2023-06-19 21:45:51,980 [INFO] CodeEngine:279 - Generated code: /home/jeff/STM32CubeIDE/workspace_1.12.1/Intruder-Detection-System/Trial_LWIP/MXTmpFiles/rtos_obj_creat.tmp
2023-06-19 21:45:51,981 [INFO] CodeEngine:255 - oldGeneratedFile, /home/jeff/STM32CubeIDE/workspace_1.12.1/Intruder-Detection-System/Trial_LWIP/MXTmpFiles/rtos_kernelStart.tmp_save
2023-06-19 21:45:52,012 [INFO] CodeEngine:279 - Generated code: /home/jeff/STM32CubeIDE/workspace_1.12.1/Intruder-Detection-System/Trial_LWIP/MXTmpFiles/rtos_kernelStart.tmp
2023-06-19 21:45:52,013 [INFO] CodeEngine:255 - oldGeneratedFile, /home/jeff/STM32CubeIDE/workspace_1.12.1/Intruder-Detection-System/Trial_LWIP/MXTmpFiles/rtos_default_thread.tmp_save
2023-06-19 21:45:52,041 [INFO] CodeEngine:279 - Generated code: /home/jeff/STM32CubeIDE/workspace_1.12.1/Intruder-Detection-System/Trial_LWIP/MXTmpFiles/rtos_default_thread.tmp
2023-06-19 21:45:52,042 [INFO] CodeEngine:255 - oldGeneratedFile, /home/jeff/STM32CubeIDE/workspace_1.12.1/Intruder-Detection-System/Trial_LWIP/MXTmpFiles/rtos_threads.tmp_save
2023-06-19 21:45:52,069 [INFO] CodeEngine:279 - Generated code: /home/jeff/STM32CubeIDE/workspace_1.12.1/Intruder-Detection-System/Trial_LWIP/MXTmpFiles/rtos_threads.tmp
2023-06-19 21:45:52,077 [INFO] Middleware:1439 - No code input for Bsp Dependency
2023-06-19 21:45:52,086 [INFO] Middleware:1439 - No code input for Bsp Dependency
2023-06-19 21:45:52,088 [INFO] CodeEngine:255 - oldGeneratedFile, /home/jeff/STM32CubeIDE/workspace_1.12.1/Intruder-Detection-System/Trial_LWIP/MXTmpFiles/rtos_inc.tmp_save
2023-06-19 21:45:52,115 [INFO] CodeEngine:279 - Generated code: /home/jeff/STM32CubeIDE/workspace_1.12.1/Intruder-Detection-System/Trial_LWIP/MXTmpFiles/rtos_inc.tmp
2023-06-19 21:45:52,115 [INFO] CodeEngine:255 - oldGeneratedFile, /home/jeff/STM32CubeIDE/workspace_1.12.1/Intruder-Detection-System/Trial_LWIP/MXTmpFiles/rtos_vars.tmp_save
2023-06-19 21:45:52,142 [INFO] CodeEngine:279 - Generated code: /home/jeff/STM32CubeIDE/workspace_1.12.1/Intruder-Detection-System/Trial_LWIP/MXTmpFiles/rtos_vars.tmp
2023-06-19 21:45:52,143 [INFO] CodeEngine:255 - oldGeneratedFile, /home/jeff/STM32CubeIDE/workspace_1.12.1/Intruder-Detection-System/Trial_LWIP/MXTmpFiles/rtos_pfp.tmp_save
2023-06-19 21:45:52,169 [INFO] CodeEngine:279 - Generated code: /home/jeff/STM32CubeIDE/workspace_1.12.1/Intruder-Detection-System/Trial_LWIP/MXTmpFiles/rtos_pfp.tmp
2023-06-19 21:45:52,169 [INFO] CodeEngine:255 - oldGeneratedFile, /home/jeff/STM32CubeIDE/workspace_1.12.1/Intruder-Detection-System/Trial_LWIP/MXTmpFiles/rtos_obj_creat.tmp_save
2023-06-19 21:45:52,200 [INFO] CodeEngine:279 - Generated code: /home/jeff/STM32CubeIDE/workspace_1.12.1/Intruder-Detection-System/Trial_LWIP/MXTmpFiles/rtos_obj_creat.tmp
2023-06-19 21:45:52,200 [INFO] CodeEngine:255 - oldGeneratedFile, /home/jeff/STM32CubeIDE/workspace_1.12.1/Intruder-Detection-System/Trial_LWIP/MXTmpFiles/rtos_kernelStart.tmp_save
2023-06-19 21:45:52,226 [INFO] CodeEngine:279 - Generated code: /home/jeff/STM32CubeIDE/workspace_1.12.1/Intruder-Detection-System/Trial_LWIP/MXTmpFiles/rtos_kernelStart.tmp
2023-06-19 21:45:52,226 [INFO] CodeEngine:255 - oldGeneratedFile, /home/jeff/STM32CubeIDE/workspace_1.12.1/Intruder-Detection-System/Trial_LWIP/MXTmpFiles/rtos_default_thread.tmp_save
2023-06-19 21:45:52,250 [INFO] CodeEngine:279 - Generated code: /home/jeff/STM32CubeIDE/workspace_1.12.1/Intruder-Detection-System/Trial_LWIP/MXTmpFiles/rtos_default_thread.tmp
2023-06-19 21:45:52,251 [INFO] CodeEngine:255 - oldGeneratedFile, /home/jeff/STM32CubeIDE/workspace_1.12.1/Intruder-Detection-System/Trial_LWIP/MXTmpFiles/rtos_threads.tmp_save
2023-06-19 21:45:52,275 [INFO] CodeEngine:279 - Generated code: /home/jeff/STM32CubeIDE/workspace_1.12.1/Intruder-Detection-System/Trial_LWIP/MXTmpFiles/rtos_threads.tmp
2023-06-19 21:45:52,276 [INFO] CodeEngine:255 - oldGeneratedFile, /home/jeff/STM32CubeIDE/workspace_1.12.1/Intruder-Detection-System/Trial_LWIP/Core/Inc/FreeRTOSConfig.h_save
2023-06-19 21:45:52,321 [INFO] CodeEngine:279 - Generated code: /home/jeff/STM32CubeIDE/workspace_1.12.1/Intruder-Detection-System/Trial_LWIP/Core/Inc/FreeRTOSConfig.h
2023-06-19 21:45:52,323 [INFO] CodeEngine:255 - oldGeneratedFile, /home/jeff/STM32CubeIDE/workspace_1.12.1/Intruder-Detection-System/Trial_LWIP/Core/Src/freertos.c_save
2023-06-19 21:45:52,380 [INFO] CodeEngine:279 - Generated code: /home/jeff/STM32CubeIDE/workspace_1.12.1/Intruder-Detection-System/Trial_LWIP/Core/Src/freertos.c
2023-06-19 21:45:52,382 [INFO] CodeEngine:255 - oldGeneratedFile, /home/jeff/STM32CubeIDE/workspace_1.12.1/Intruder-Detection-System/Trial_LWIP/MXTmpFiles/cortex.tmp_save
2023-06-19 21:45:52,408 [INFO] CodeEngine:279 - Generated code: /home/jeff/STM32CubeIDE/workspace_1.12.1/Intruder-Detection-System/Trial_LWIP/MXTmpFiles/cortex.tmp
2023-06-19 21:45:52,414 [INFO] Middleware:1439 - No code input for Bsp Dependency
2023-06-19 21:45:52,420 [INFO] CodeEngine:255 - oldGeneratedFile, /home/jeff/STM32CubeIDE/workspace_1.12.1/Intruder-Detection-System/Trial_LWIP/LWIP/App/lwip.c_save
2023-06-19 21:45:52,458 [INFO] CodeEngine:279 - Generated code: /home/jeff/STM32CubeIDE/workspace_1.12.1/Intruder-Detection-System/Trial_LWIP/LWIP/App/lwip.c
2023-06-19 21:45:52,459 [INFO] CodeEngine:255 - oldGeneratedFile, /home/jeff/STM32CubeIDE/workspace_1.12.1/Intruder-Detection-System/Trial_LWIP/LWIP/App/lwip.h_save
2023-06-19 21:45:52,489 [INFO] CodeEngine:279 - Generated code: /home/jeff/STM32CubeIDE/workspace_1.12.1/Intruder-Detection-System/Trial_LWIP/LWIP/App/lwip.h
2023-06-19 21:45:52,490 [INFO] CodeEngine:255 - oldGeneratedFile, /home/jeff/STM32CubeIDE/workspace_1.12.1/Intruder-Detection-System/Trial_LWIP/LWIP/Target/lwipopts.h_save
2023-06-19 21:45:52,578 [INFO] CodeEngine:279 - Generated code: /home/jeff/STM32CubeIDE/workspace_1.12.1/Intruder-Detection-System/Trial_LWIP/LWIP/Target/lwipopts.h
2023-06-19 21:45:52,579 [INFO] CodeEngine:255 - oldGeneratedFile, /home/jeff/STM32CubeIDE/workspace_1.12.1/Intruder-Detection-System/Trial_LWIP/LWIP/Target/ethernetif.c_save
2023-06-19 21:45:52,614 [INFO] CodeEngine:279 - Generated code: /home/jeff/STM32CubeIDE/workspace_1.12.1/Intruder-Detection-System/Trial_LWIP/LWIP/Target/ethernetif.c
2023-06-19 21:45:52,615 [INFO] CodeEngine:255 - oldGeneratedFile, /home/jeff/STM32CubeIDE/workspace_1.12.1/Intruder-Detection-System/Trial_LWIP/LWIP/Target/ethernetif.h_save
2023-06-19 21:45:52,644 [INFO] CodeEngine:279 - Generated code: /home/jeff/STM32CubeIDE/workspace_1.12.1/Intruder-Detection-System/Trial_LWIP/LWIP/Target/ethernetif.h
2023-06-19 21:45:52,652 [INFO] CodeEngine:255 - oldGeneratedFile, /home/jeff/STM32CubeIDE/workspace_1.12.1/Intruder-Detection-System/Trial_LWIP/Core/Src/stm32f7xx_it.c_save
2023-06-19 21:45:52,692 [INFO] CodeEngine:279 - Generated code: /home/jeff/STM32CubeIDE/workspace_1.12.1/Intruder-Detection-System/Trial_LWIP/Core/Src/stm32f7xx_it.c
2023-06-19 21:45:52,692 [INFO] CodeEngine:255 - oldGeneratedFile, /home/jeff/STM32CubeIDE/workspace_1.12.1/Intruder-Detection-System/Trial_LWIP/Core/Inc/stm32f7xx_it.h_save
2023-06-19 21:45:52,721 [INFO] CodeEngine:279 - Generated code: /home/jeff/STM32CubeIDE/workspace_1.12.1/Intruder-Detection-System/Trial_LWIP/Core/Inc/stm32f7xx_it.h
2023-06-19 21:45:52,725 [INFO] CodeEngine:255 - oldGeneratedFile, /home/jeff/STM32CubeIDE/workspace_1.12.1/Intruder-Detection-System/Trial_LWIP/Core/Src/stm32f7xx_hal_msp.c_save
2023-06-19 21:45:52,774 [INFO] CodeEngine:279 - Generated code: /home/jeff/STM32CubeIDE/workspace_1.12.1/Intruder-Detection-System/Trial_LWIP/Core/Src/stm32f7xx_hal_msp.c
2023-06-19 21:45:52,775 [INFO] CodeEngine:255 - oldGeneratedFile, /home/jeff/STM32CubeIDE/workspace_1.12.1/Intruder-Detection-System/Trial_LWIP/MXTmpFiles/system.tmp_save
2023-06-19 21:45:52,803 [INFO] CodeEngine:279 - Generated code: /home/jeff/STM32CubeIDE/workspace_1.12.1/Intruder-Detection-System/Trial_LWIP/MXTmpFiles/system.tmp
2023-06-19 21:45:52,804 [INFO] CodeEngine:255 - oldGeneratedFile, /home/jeff/STM32CubeIDE/workspace_1.12.1/Intruder-Detection-System/Trial_LWIP/Core/Src/stm32f7xx_hal_timebase_tim.c_save
2023-06-19 21:45:52,842 [INFO] CodeEngine:279 - Generated code: /home/jeff/STM32CubeIDE/workspace_1.12.1/Intruder-Detection-System/Trial_LWIP/Core/Src/stm32f7xx_hal_timebase_tim.c
2023-06-19 21:45:52,844 [INFO] CodeEngine:311 - oldGeneratedFile, /home/jeff/STM32CubeIDE/workspace_1.12.1/Intruder-Detection-System/Trial_LWIP/Core/Inc/stm32f7xx_hal_conf.h_save
2023-06-19 21:45:52,876 [INFO] CodeEngine:335 - Generated code: /home/jeff/STM32CubeIDE/workspace_1.12.1/Intruder-Detection-System/Trial_LWIP/Core/Inc/stm32f7xx_hal_conf.h
2023-06-19 21:45:52,900 [WARN] IPConfigManager:3431 - IP not found : USB_OTG
2023-06-19 21:45:52,901 [WARN] CodeGenerator:3754 - IP not found : null
2023-06-19 21:45:52,904 [INFO] CodeEngine:255 - oldGeneratedFile, /home/jeff/STM32CubeIDE/workspace_1.12.1/Intruder-Detection-System/Trial_LWIP/Core/Inc/main.h_save
2023-06-19 21:45:52,947 [INFO] CodeEngine:279 - Generated code: /home/jeff/STM32CubeIDE/workspace_1.12.1/Intruder-Detection-System/Trial_LWIP/Core/Inc/main.h
2023-06-19 21:45:52,948 [INFO] CodeEngine:255 - oldGeneratedFile, /home/jeff/STM32CubeIDE/workspace_1.12.1/Intruder-Detection-System/Trial_LWIP/Core/Src/main.c_save
2023-06-19 21:45:53,034 [INFO] CodeEngine:279 - Generated code: /home/jeff/STM32CubeIDE/workspace_1.12.1/Intruder-Detection-System/Trial_LWIP/Core/Src/main.c
2023-06-19 21:45:53,361 [INFO] ProjectBuilder:2996 - Time for Copy HAL[1] : 102mS.
2023-06-19 21:45:53,377 [INFO] ProjectBuilder:4304 - Project Generator version: 3.19.2
2023-06-19 21:45:53,559 [INFO] ConfigFileManager:1483 - The Die is : DIE451
2023-06-19 21:45:53,568 [INFO] ApiDbMcu:507 - Load IP Config File for FATFS
2023-06-19 21:45:53,569 [INFO] ApiDbMcu:507 - Load IP Config File for LIBJPEG
2023-06-19 21:45:53,573 [INFO] ApiDbMcu:507 - Load IP Config File for MBEDTLS
2023-06-19 21:45:53,604 [INFO] ApiDbMcu:507 - Load IP Config File for USB_DEVICE
2023-06-19 21:45:53,607 [INFO] ApiDbMcu:507 - Load IP Config File for USB_HOST
2023-06-19 21:45:54,118 [INFO] LogOutputStream:77 - [STDOUT_REDIRECT] 
2023-06-19 21:45:54,691 [INFO] ProjectBuilder:4505 - Time for Generating toolchain IDE Files: 1314mS.
2023-06-19 21:45:54,692 [INFO] ProjectBuilder:2867 - Time for Copy CMSIS : 0mS.
2023-06-19 21:45:54,693 [INFO] ProjectBuilder:2867 - Time for Copy CMSIS : 0mS.
