2023-06-07 12:36:49,423 [INFO] ApplicationProperties:184 - Using Application install path: /opt/st/stm32cubeide_1.12.1/plugins/com.st.stm32cube.common.mx_6.8.1.202304191431
2023-06-07 12:36:49,437 [INFO] DbMcusXml:78 - Set database path to: /opt/st/stm32cubeide_1.12.1/plugins/com.st.stm32cube.common.mx_6.8.1.202304191431//db//mcu/
2023-06-07 12:36:49,438 [INFO] ApiDb:274 - Set plugin database path to: /opt/st/stm32cubeide_1.12.1/plugins/com.st.stm32cube.common.mx_6.8.1.202304191431//db//plugins/boardmanager/
2023-06-07 12:36:49,439 [WARN] ApiDb:259 - Overriding images path with different value:  => /opt/st/stm32cubeide_1.12.1/plugins/com.st.stm32cube.common.mx_6.8.1.202304191431//db//plugins/mcufinder/images/
2023-06-07 12:36:49,450 [INFO] ApiDb:250 - Set database path to: /home/jeff/.stmcufinder/plugins/mcufinder//mcu/
2023-06-07 12:36:49,451 [INFO] DbMcusAds:125 - Set database path to: /home/jeff/.stmcufinder/plugins/mcufinder//mcu/
2023-06-07 12:36:55,382 [INFO] CrossReferenceDbSqlite:203 - Set database path to: /home/jeff/.stmcufinder/plugins/mcufinder//mcu/cs/
2023-06-07 12:36:55,459 [INFO] RulesReader:64 - Compatibility file has been processed (293 Rules)
2023-06-07 12:36:55,505 [INFO] DbMcusXml:78 - Set database path to: /opt/st/stm32cubeide_1.12.1/plugins/com.st.stm32cube.common.mx_6.8.1.202304191431//db//mcu/
2023-06-07 12:36:55,505 [INFO] ApiDb:274 - Set plugin database path to: /opt/st/stm32cubeide_1.12.1/plugins/com.st.stm32cube.common.mx_6.8.1.202304191431//db//plugins/boardmanager/
2023-06-07 12:36:55,506 [INFO] ApiDb:261 - Set plugin images path to: /opt/st/stm32cubeide_1.12.1/plugins/com.st.stm32cube.common.mx_6.8.1.202304191431//db//plugins/mcufinder/images/
2023-06-07 12:36:55,506 [WARN] DbFile:41 - Overriding database path with different value: /home/jeff/.stmcufinder/plugins/mcufinder/ => /home/jeff/.stmcufinder/plugins/mcufinder
2023-06-07 12:36:55,506 [INFO] ApiDb:250 - Set database path to: /home/jeff/.stmcufinder/plugins/mcufinder//mcu/
2023-06-07 12:36:55,506 [WARN] DbFile:41 - Overriding database path with different value: /home/jeff/.stmcufinder/plugins/mcufinder/ => /home/jeff/.stmcufinder/plugins/mcufinder
2023-06-07 12:36:55,506 [INFO] DbMcusAds:125 - Set database path to: /home/jeff/.stmcufinder/plugins/mcufinder//mcu/
2023-06-07 12:36:55,506 [WARN] DbFile:41 - Overriding database path with different value: /home/jeff/.stmcufinder/plugins/mcufinder/ => /home/jeff/.stmcufinder/plugins/mcufinder
2023-06-07 12:36:55,506 [WARN] DbFile:41 - Overriding database path with different value: /home/jeff/.stmcufinder/plugins/mcufinder/ => /home/jeff/.stmcufinder/plugins/mcufinder
2023-06-07 12:36:55,507 [INFO] CrossReferenceDbSqlite:203 - Set database path to: /home/jeff/.stmcufinder/plugins/mcufinder//mcu/cs/
2023-06-07 12:36:55,560 [INFO] MainPanel:253 - HeapMemory: 434110464
2023-06-07 12:36:55,630 [INFO] DbMcusXml:78 - Set database path to: /opt/st/stm32cubeide_1.12.1/plugins/com.st.stm32cube.common.mx_6.8.1.202304191431//db//mcu/
2023-06-07 12:36:55,630 [INFO] ApiDb:274 - Set plugin database path to: /opt/st/stm32cubeide_1.12.1/plugins/com.st.stm32cube.common.mx_6.8.1.202304191431//db//plugins/boardmanager/
2023-06-07 12:36:55,630 [INFO] ApiDb:261 - Set plugin images path to: /opt/st/stm32cubeide_1.12.1/plugins/com.st.stm32cube.common.mx_6.8.1.202304191431//db//plugins/mcufinder/images/
2023-06-07 12:36:55,630 [WARN] DbFile:41 - Overriding database path with different value: /home/jeff/.stmcufinder/plugins/mcufinder/ => /home/jeff/.stmcufinder/plugins/mcufinder
2023-06-07 12:36:55,631 [INFO] ApiDb:250 - Set database path to: /home/jeff/.stmcufinder/plugins/mcufinder//mcu/
2023-06-07 12:36:55,631 [WARN] DbFile:41 - Overriding database path with different value: /home/jeff/.stmcufinder/plugins/mcufinder/ => /home/jeff/.stmcufinder/plugins/mcufinder
2023-06-07 12:36:55,631 [INFO] DbMcusAds:125 - Set database path to: /home/jeff/.stmcufinder/plugins/mcufinder//mcu/
2023-06-07 12:36:55,631 [WARN] DbFile:41 - Overriding database path with different value: /home/jeff/.stmcufinder/plugins/mcufinder/ => /home/jeff/.stmcufinder/plugins/mcufinder
2023-06-07 12:36:55,631 [WARN] DbFile:41 - Overriding database path with different value: /home/jeff/.stmcufinder/plugins/mcufinder/ => /home/jeff/.stmcufinder/plugins/mcufinder
2023-06-07 12:36:55,631 [INFO] CrossReferenceDbSqlite:203 - Set database path to: /home/jeff/.stmcufinder/plugins/mcufinder//mcu/cs/
2023-06-07 12:36:55,644 [INFO] ApplicationProperties:184 - Using Application install path: /opt/st/stm32cubeide_1.12.1/plugins/com.st.stm32cube.common.mx_6.8.1.202304191431
2023-06-07 12:36:55,646 [INFO] PluginManage:196 - Search for loadable plugins [exclusion list=, ]
2023-06-07 12:36:55,647 [INFO] PluginManage:310 - Check plugin analytics
2023-06-07 12:36:55,737 [INFO] AnalyticsPlugin:253 - Accepted Software Licenses: STM32CubeMX.6.8.1
2023-06-07 12:36:55,737 [INFO] AnalyticsPlugin:255 - Accepted CMSIS Pack Licenses: 
2023-06-07 12:36:55,737 [INFO] AnalyticsPlugin:257 - Accepted Firmware Licenses: FW.F7.1.17.0,FW.F4.1.27.0
2023-06-07 12:36:55,744 [INFO] PluginManage:359 - Loaded plugin analytics (category:tool,tabindex:-1)
2023-06-07 12:36:55,744 [INFO] PluginManage:310 - Check plugin cadmodel
2023-06-07 12:36:55,813 [INFO] CADModel:105 - Init CAD model plugin
2023-06-07 12:36:55,813 [INFO] PluginManage:359 - Loaded plugin cadmodel (category:power,tabindex:5)
2023-06-07 12:36:55,813 [INFO] PluginManage:310 - Check plugin clock
2023-06-07 12:36:55,822 [INFO] PluginManage:359 - Loaded plugin clock (category:base,tabindex:2)
2023-06-07 12:36:55,822 [INFO] PluginManage:310 - Check plugin ddr
2023-06-07 12:36:55,824 [INFO] PluginManage:359 - Loaded plugin ddr (category:tool,tabindex:6)
2023-06-07 12:36:55,824 [INFO] PluginManage:310 - Check plugin filemanager
2023-06-07 12:36:55,905 [INFO] PluginManage:359 - Loaded plugin filemanager (category:base,tabindex:10)
2023-06-07 12:36:55,905 [INFO] PluginManage:310 - Check plugin ipmanager
2023-06-07 12:36:55,909 [INFO] PluginManage:359 - Loaded plugin ipmanager (category:base,tabindex:5)
2023-06-07 12:36:55,909 [INFO] PluginManage:310 - Check plugin lpbam
2023-06-07 12:36:55,917 [INFO] PluginManage:359 - Loaded plugin lpbam (category:base,tabindex:0)
2023-06-07 12:36:55,917 [INFO] PluginManage:310 - Check plugin pinoutandconfiguration
2023-06-07 12:36:55,924 [INFO] PluginManage:359 - Loaded plugin pinoutandconfiguration (category:base,tabindex:1)
2023-06-07 12:36:55,924 [INFO] PluginManage:310 - Check plugin pinoutconfig
2023-06-07 12:36:55,976 [WARN] SupportedApi:132 - Cannot load RTOS API schema: s4s-elt-must-match.1: The content of 'definitions' must match (annotation?, (simpleType | complexType)?, (unique | key | keyref)*)). A problem was found starting at: attribute.
2023-06-07 12:36:56,048 [INFO] PluginManage:359 - Loaded plugin pinoutconfig (category:base,tabindex:0)
2023-06-07 12:36:56,048 [INFO] PluginManage:310 - Check plugin power
2023-06-07 12:36:56,057 [INFO] PluginManage:359 - Loaded plugin power (category:power,tabindex:4)
2023-06-07 12:36:56,057 [INFO] PluginManage:310 - Check plugin projectmanager
2023-06-07 12:36:56,068 [INFO] PluginManage:359 - Loaded plugin projectmanager (category:projectmanager,tabindex:3)
2023-06-07 12:36:56,068 [INFO] PluginManage:310 - Check plugin thirdparty
2023-06-07 12:36:56,138 [INFO] PluginManage:359 - Loaded plugin thirdparty (category:base,tabindex:-1)
2023-06-07 12:36:56,138 [WARN] IntegrityCheckThread:84 - waiting for thirdparty lock release [integrity check]
2023-06-07 12:36:56,139 [INFO] PluginManage:310 - Check plugin tools
2023-06-07 12:36:56,139 [INFO] IntegrityCheckThread:86 - entering critical section [integrity check]
2023-06-07 12:36:56,140 [INFO] PluginManage:359 - Loaded plugin tools (category:base,tabindex:7)
2023-06-07 12:36:56,140 [INFO] ThirdPartyUpdaterWithRetryManager:70 - Updater plugin not ready yet. [1/15]
2023-06-07 12:36:56,140 [INFO] PluginManage:310 - Check plugin tutovideos
2023-06-07 12:36:56,242 [INFO] PluginManage:359 - Loaded plugin tutovideos (category:base,tabindex:-1)
2023-06-07 12:36:56,242 [INFO] PluginManage:310 - Check plugin updater
2023-06-07 12:36:56,254 [INFO] PluginManage:359 - Loaded plugin updater (category:base,tabindex:12)
2023-06-07 12:36:56,254 [INFO] PluginManage:283 - PluginManage : Loaded plugins [15]
2023-06-07 12:36:56,393 [INFO] PinOutPanel:1499 - setPackage(No Configuration,No Configuration)
2023-06-07 12:36:56,433 [INFO] CADModel:165 - CPN selected for project level
2023-06-07 12:36:56,433 [INFO] CADModel:114 - Register for checkConnection events
2023-06-07 12:36:56,444 [INFO] IPUIPlugin:80 - create IPUIPlugin
2023-06-07 12:36:56,444 [INFO] PluginManager:220 - loadIPPluginJar : add usbx
2023-06-07 12:36:56,445 [INFO] IPUIPlugin:80 - create IPUIPlugin
2023-06-07 12:36:56,445 [INFO] PluginManager:220 - loadIPPluginJar : add tracer_emb
2023-06-07 12:36:56,446 [INFO] IPUIPlugin:80 - create IPUIPlugin
2023-06-07 12:36:56,446 [INFO] PluginManager:220 - loadIPPluginJar : add quadspi
2023-06-07 12:36:56,447 [INFO] IPUIPlugin:80 - create IPUIPlugin
2023-06-07 12:36:56,447 [INFO] PluginManager:220 - loadIPPluginJar : add comp
2023-06-07 12:36:56,448 [INFO] IPUIPlugin:80 - create IPUIPlugin
2023-06-07 12:36:56,449 [INFO] PluginManager:220 - loadIPPluginJar : add dma3
2023-06-07 12:36:56,450 [INFO] IPUIPlugin:80 - create IPUIPlugin
2023-06-07 12:36:56,450 [INFO] PluginManager:220 - loadIPPluginJar : add ucpd
2023-06-07 12:36:56,450 [INFO] IPUIPlugin:80 - create IPUIPlugin
2023-06-07 12:36:56,450 [INFO] PluginManager:220 - loadIPPluginJar : add fatfs
2023-06-07 12:36:56,451 [INFO] IPUIPlugin:80 - create IPUIPlugin
2023-06-07 12:36:56,452 [INFO] PluginManager:220 - loadIPPluginJar : add ts
2023-06-07 12:36:56,455 [INFO] IPUIPlugin:80 - create IPUIPlugin
2023-06-07 12:36:56,455 [INFO] PluginManager:220 - loadIPPluginJar : add gic
2023-06-07 12:36:56,457 [INFO] IPUIPlugin:80 - create IPUIPlugin
2023-06-07 12:36:56,457 [INFO] PluginManager:220 - loadIPPluginJar : add i3c
2023-06-07 12:36:56,458 [INFO] IPUIPlugin:80 - create IPUIPlugin
2023-06-07 12:36:56,458 [INFO] PluginManager:220 - loadIPPluginJar : add ltdc
2023-06-07 12:36:56,459 [INFO] IPUIPlugin:80 - create IPUIPlugin
2023-06-07 12:36:56,459 [INFO] PluginManager:220 - loadIPPluginJar : add tsc
2023-06-07 12:36:56,461 [INFO] IPUIPlugin:80 - create IPUIPlugin
2023-06-07 12:36:56,461 [INFO] PluginManager:220 - loadIPPluginJar : add i2c
2023-06-07 12:36:56,465 [INFO] IPUIPlugin:80 - create IPUIPlugin
2023-06-07 12:36:56,465 [INFO] PluginManager:220 - loadIPPluginJar : add resmgrutility
2023-06-07 12:36:56,467 [INFO] IPUIPlugin:80 - create IPUIPlugin
2023-06-07 12:36:56,467 [INFO] PluginManager:220 - loadIPPluginJar : add i2s
2023-06-07 12:36:56,469 [INFO] IPUIPlugin:80 - create IPUIPlugin
2023-06-07 12:36:56,469 [INFO] PluginManager:220 - loadIPPluginJar : add gfxmmu
2023-06-07 12:36:56,474 [INFO] IPUIPlugin:80 - create IPUIPlugin
2023-06-07 12:36:56,475 [INFO] PluginManager:220 - loadIPPluginJar : add freertos
2023-06-07 12:36:56,480 [INFO] IPUIPlugin:80 - create IPUIPlugin
2023-06-07 12:36:56,480 [INFO] PluginManager:220 - loadIPPluginJar : add dma
2023-06-07 12:36:56,485 [INFO] IPUIPlugin:80 - create IPUIPlugin
2023-06-07 12:36:56,485 [INFO] PluginManager:220 - loadIPPluginJar : add linkedlist
2023-06-07 12:36:56,488 [INFO] IPUIPlugin:80 - create IPUIPlugin
2023-06-07 12:36:56,488 [INFO] PluginManager:220 - loadIPPluginJar : add ipddr
2023-06-07 12:36:56,490 [INFO] IPUIPlugin:80 - create IPUIPlugin
2023-06-07 12:36:56,490 [INFO] PluginManager:220 - loadIPPluginJar : add lorawan
2023-06-07 12:36:56,494 [INFO] IPUIPlugin:80 - create IPUIPlugin
2023-06-07 12:36:56,494 [INFO] PluginManager:220 - loadIPPluginJar : add adc
2023-06-07 12:36:56,496 [INFO] IPUIPlugin:80 - create IPUIPlugin
2023-06-07 12:36:56,497 [INFO] PluginManager:220 - loadIPPluginJar : add touchsensing
2023-06-07 12:36:56,500 [INFO] IPUIPlugin:80 - create IPUIPlugin
2023-06-07 12:36:56,500 [INFO] PluginManager:220 - loadIPPluginJar : add mdma
2023-06-07 12:36:56,502 [INFO] IPUIPlugin:80 - create IPUIPlugin
2023-06-07 12:36:56,502 [INFO] PluginManager:220 - loadIPPluginJar : add gpio
2023-06-07 12:36:56,504 [INFO] IPUIPlugin:80 - create IPUIPlugin
2023-06-07 12:36:56,504 [INFO] PluginManager:220 - loadIPPluginJar : add nvic
2023-06-07 12:36:56,505 [INFO] IPUIPlugin:80 - create IPUIPlugin
2023-06-07 12:36:56,505 [INFO] PluginManager:220 - loadIPPluginJar : add hash
2023-06-07 12:36:56,509 [INFO] IPUIPlugin:80 - create IPUIPlugin
2023-06-07 12:36:56,510 [INFO] PluginManager:220 - loadIPPluginJar : add plateformsettings
2023-06-07 12:36:56,511 [INFO] IPUIPlugin:80 - create IPUIPlugin
2023-06-07 12:36:56,512 [INFO] PluginManager:220 - loadIPPluginJar : add usart
2023-06-07 12:36:56,513 [INFO] IPUIPlugin:80 - create IPUIPlugin
2023-06-07 12:36:56,513 [INFO] PluginManager:220 - loadIPPluginJar : add can
2023-06-07 12:36:56,514 [INFO] IPUIPlugin:80 - create IPUIPlugin
2023-06-07 12:36:56,514 [INFO] PluginManager:220 - loadIPPluginJar : add openamp
2023-06-07 12:36:56,516 [INFO] IPUIPlugin:80 - create IPUIPlugin
2023-06-07 12:36:56,516 [INFO] PluginManager:220 - loadIPPluginJar : add sai
2023-06-07 12:36:56,518 [INFO] IPUIPlugin:80 - create IPUIPlugin
2023-06-07 12:36:56,518 [INFO] PluginManager:220 - loadIPPluginJar : add fmc
2023-06-07 12:36:56,519 [INFO] IPUIPlugin:80 - create IPUIPlugin
2023-06-07 12:36:56,519 [INFO] PluginManager:220 - loadIPPluginJar : add aes
2023-06-07 12:36:56,521 [INFO] IPUIPlugin:80 - create IPUIPlugin
2023-06-07 12:36:56,521 [INFO] PluginManager:220 - loadIPPluginJar : add pdm2pcm
2023-06-07 12:36:56,522 [INFO] IPUIPlugin:80 - create IPUIPlugin
2023-06-07 12:36:56,522 [INFO] PluginManager:220 - loadIPPluginJar : add dfsdm
2023-06-07 12:36:56,525 [INFO] IPUIPlugin:80 - create IPUIPlugin
2023-06-07 12:36:56,525 [INFO] PluginManager:220 - loadIPPluginJar : add stm32_wpan
2023-06-07 12:36:56,526 [INFO] IPUIPlugin:80 - create IPUIPlugin
2023-06-07 12:36:56,526 [INFO] PluginManager:220 - loadIPPluginJar : add spi
2023-06-07 12:36:56,527 [INFO] IPUIPlugin:80 - create IPUIPlugin
2023-06-07 12:36:56,527 [INFO] PluginManager:220 - loadIPPluginJar : add cryp
2023-06-07 12:36:56,528 [INFO] IPUIPlugin:80 - create IPUIPlugin
2023-06-07 12:36:56,528 [INFO] PluginManager:220 - loadIPPluginJar : add gtzc
2023-06-07 12:36:56,530 [INFO] IPUIPlugin:80 - create IPUIPlugin
2023-06-07 12:36:56,530 [INFO] PluginManager:220 - loadIPPluginJar : add opamp
2023-06-07 12:36:56,530 [INFO] IPUIPlugin:80 - create IPUIPlugin
2023-06-07 12:36:56,530 [INFO] PluginManager:220 - loadIPPluginJar : add tim
2023-06-07 12:36:56,531 [INFO] IPUIPlugin:80 - create IPUIPlugin
2023-06-07 12:36:56,531 [INFO] PluginManager:220 - loadIPPluginJar : add genericplugin
2023-06-07 12:36:56,625 [INFO] CADModel:165 - CPN selected for project level
2023-06-07 12:36:56,625 [INFO] CADModel:114 - Register for checkConnection events
2023-06-07 12:36:56,626 [FATAL] Updater:308 - Updater called before beeing initialized
2023-06-07 12:36:56,626 [ERROR] CADModel:125 - Updater not yet initialized, retry later 
2023-06-07 12:36:56,703 [INFO] CADModel:165 - CPN selected for project level
2023-06-07 12:36:56,703 [INFO] CADModel:114 - Register for checkConnection events
2023-06-07 12:36:56,703 [FATAL] Updater:308 - Updater called before beeing initialized
2023-06-07 12:36:56,703 [ERROR] CADModel:125 - Updater not yet initialized, retry later 
2023-06-07 12:36:56,706 [FATAL] Updater:308 - Updater called before beeing initialized
2023-06-07 12:36:56,774 [FATAL] Updater:308 - Updater called before beeing initialized
2023-06-07 12:36:56,778 [INFO] DbMcusAds:53 - JSON generation date=Tue Mar 07 03:50:55 EST 2023 (1678179055335)
2023-06-07 12:36:56,778 [FATAL] Updater:308 - Updater called before beeing initialized
2023-06-07 12:36:56,799 [WARN] DetailPanel:346 - Failed to get advertising image, set to default
2023-06-07 12:36:56,853 [FATAL] Updater:308 - Updater called before beeing initialized
2023-06-07 12:36:56,855 [FATAL] Updater:308 - Updater called before beeing initialized
2023-06-07 12:36:56,855 [FATAL] Updater:308 - Updater called before beeing initialized
2023-06-07 12:36:56,855 [WARN] DetailPanel:346 - Failed to get advertising image, set to default
2023-06-07 12:36:56,855 [FATAL] Updater:308 - Updater called before beeing initialized
2023-06-07 12:36:56,875 [ERROR] Updater:1120 - MainUpdater not yet initialized. External WinMGr cannot be set.
2023-06-07 12:36:56,877 [INFO] Updater:1056 - Updater Version found : 6.8.1
2023-06-07 12:36:56,894 [INFO] ApplicationProperties:184 - Using Application install path: /opt/st/stm32cubeide_1.12.1/plugins/com.st.stm32cube.common.mx_6.8.1.202304191431
2023-06-07 12:36:57,008 [INFO] MainUpdater:2854 - connection check result : 10
2023-06-07 12:36:57,008 [INFO] MainUpdater:3548 - Updater definition file requires update
2023-06-07 12:36:57,009 [INFO] MainUpdater:283 - Updater Check For Update Now.
2023-06-07 12:36:57,009 [INFO] MicroXplorer:498 - Change Database Version : DB.6.0.81
2023-06-07 12:36:57,051 [INFO] ServerAccessManage:473 - Download File updaters.zip
2023-06-07 12:36:57,142 [INFO] FileExtend:240 - Unzip File : updaters.zip
2023-06-07 12:36:57,143 [INFO] FileExtend:255 - Standard Zip Deflate
2023-06-07 12:36:57,279 [INFO] ServerAccessManage:473 - Download File PacksControlFlags.xml
2023-06-07 12:36:57,321 [INFO] ServerAccessManage:473 - Download File cubemx.pidx
2023-06-07 12:36:57,369 [INFO] LoadServerUpdatesThread:373 - End of LoadServerUpdate Thread
2023-06-07 12:36:57,513 [INFO] CheckServerUpdateThread:120 - End of CheckServer Thread
2023-06-07 12:36:57,617 [INFO] MainUpdater:2854 - connection check result : 10
2023-06-07 12:36:57,618 [INFO] MainUpdater:2854 - connection check result : 10
2023-06-07 12:36:57,647 [INFO] MicroXplorer:468 - Change Database Path : 
2023-06-07 12:36:57,648 [INFO] MicroXplorer:498 - Change Database Version : DB.6.0.81
2023-06-07 12:36:57,648 [WARN] ThirdParty:871 - waiting for thirdparty lock release [close project]
2023-06-07 12:36:59,223 [WARN] PackLoader:240 - Cannot read IP mode file for STMicroelectronics.X-CUBE-GNSS1.6.0.0
2023-06-07 12:36:59,238 [WARN] PackLoader:240 - Cannot read IP mode file for STMicroelectronics.X-CUBE-AZRTOS-F4.1.1.0
2023-06-07 12:36:59,243 [WARN] PackLoader:240 - Cannot read IP mode file for STMicroelectronics.X-CUBE-SMBUS.2.1.0
2023-06-07 12:36:59,246 [WARN] PackLoader:240 - Cannot read IP mode file for wolfSSL.I-CUBE-wolfSSL.5.6.0
2023-06-07 12:36:59,262 [WARN] PackLoader:240 - Cannot read IP mode file for STMicroelectronics.X-CUBE-AZRTOS-F7.1.1.0
2023-06-07 12:36:59,311 [WARN] PackLoader:240 - Cannot read IP mode file for STMicroelectronics.X-CUBE-MEMS1.9.6.0
2023-06-07 12:36:59,391 [ERROR] RealEvaluatedCondition:428 - Found unsupported composite condition: CLASS='Data Exchange' GROUP='STM32_MetaDataManager'
2023-06-07 12:36:59,391 [ERROR] RealEvaluatedCondition:428 - Found unsupported composite condition: GROUP='STM32_MetaDataManager' CLASS='Data Exchange'
2023-06-07 12:36:59,393 [WARN] PackLoader:240 - Cannot read IP mode file for STMicroelectronics.FP-SNS-MOTENV1.4.3.0
2023-06-07 12:36:59,396 [WARN] PackLoader:240 - Cannot read IP mode file for STMicroelectronics.FP-SNS-FLIGHT1.5.0.0
2023-06-07 12:36:59,399 [ERROR] RealEvaluatedCondition:428 - Found unsupported composite condition: CLASS='Data Exchange' GROUP='STM32_MetaDataManager'
2023-06-07 12:36:59,399 [ERROR] RealEvaluatedCondition:428 - Found unsupported composite condition: GROUP='STM32_MetaDataManager' CLASS='Data Exchange'
2023-06-07 12:36:59,400 [WARN] PackLoader:240 - Cannot read IP mode file for STMicroelectronics.FP-SNS-MOTENV1.4.3.1
2023-06-07 12:36:59,404 [WARN] PackLoader:240 - Cannot read IP mode file for STMicroelectronics.FP-SNS-FLIGHT1.5.0.1
2023-06-07 12:36:59,408 [WARN] PackLoader:240 - Cannot read IP mode file for STMicroelectronics.X-CUBE-BLE1.6.2.4
2023-06-07 12:36:59,415 [WARN] PackLoader:240 - Cannot read IP mode file for emotas.I-CUBE-CANOPEN.1.1.3
2023-06-07 12:36:59,422 [WARN] PackLoader:240 - Cannot read IP mode file for STMicroelectronics.X-CUBE-BLEMGR.2.0.0
2023-06-07 12:36:59,437 [WARN] ConditionMgr:438 - getConditionDescription Invalid condition id : UX DEVICE CLASS RTOS Condition cause : null
2023-06-07 12:36:59,437 [WARN] ConditionMgr:438 - getConditionDescription Invalid condition id : UX DEVICE CLASS RTOS Condition cause : null
2023-06-07 12:36:59,440 [WARN] PackLoader:240 - Cannot read IP mode file for STMicroelectronics.X-CUBE-AZRTOS-H7.3.1.0
2023-06-07 12:36:59,442 [WARN] ConditionMgr:1039 - genDependencies : Invalid condition id : UX DEVICE CLASS RTOS Condition cause : null
2023-06-07 12:36:59,442 [WARN] ConditionMgr:1039 - genDependencies : Invalid condition id : UX DEVICE CLASS RTOS Condition cause : null
2023-06-07 12:36:59,442 [WARN] ConditionMgr:1039 - genDependencies : Invalid condition id : UX DEVICE CLASS RTOS Condition cause : null
2023-06-07 12:36:59,443 [WARN] ConditionMgr:1039 - genDependencies : Invalid condition id : UX DEVICE CLASS RTOS Condition cause : null
2023-06-07 12:36:59,443 [WARN] ConditionMgr:1039 - genDependencies : Invalid condition id : UX DEVICE CLASS RTOS Condition cause : null
2023-06-07 12:36:59,449 [WARN] PackLoader:240 - Cannot read IP mode file for STMicroelectronics.X-CUBE-DISPLAY.3.0.0
2023-06-07 12:36:59,456 [WARN] PackLoader:240 - Cannot read IP mode file for STMicroelectronics.X-CUBE-NFC7.1.0.0
2023-06-07 12:36:59,460 [WARN] PackLoader:240 - Cannot read IP mode file for STMicroelectronics.X-CUBE-EEPRMA1.4.1.0
2023-06-07 12:36:59,474 [WARN] ConditionMgr:438 - getConditionDescription Invalid condition id : LAN8742 Phy interface Condition cause : null
2023-06-07 12:36:59,475 [WARN] PackLoader:240 - Cannot read IP mode file for STMicroelectronics.X-CUBE-AZRTOS-L4.2.0.0
2023-06-07 12:36:59,476 [WARN] ConditionMgr:1039 - genDependencies : Invalid condition id : LAN8742 Phy interface Condition cause : null
2023-06-07 12:36:59,476 [WARN] ConditionMgr:1039 - genDependencies : Invalid condition id : LAN8742 Phy interface Condition cause : null
2023-06-07 12:36:59,477 [WARN] ConditionMgr:1039 - genDependencies : Invalid condition id : LAN8742 Phy interface Condition cause : null
2023-06-07 12:36:59,482 [WARN] PackLoader:240 - Cannot read IP mode file for WES.I-CUBE-Cesium.1.3.0
2023-06-07 12:36:59,487 [WARN] PackLoader:240 - Cannot read IP mode file for STMicroelectronics.X-CUBE-SFXS2LP1.4.0.0
2023-06-07 12:36:59,490 [WARN] PackLoader:240 - Cannot read IP mode file for STMicroelectronics.X-CUBE-BLE2.3.3.0
2023-06-07 12:36:59,493 [WARN] PackLoader:240 - Cannot read IP mode file for STMicroelectronics.X-CUBE-ISPU.1.1.0
2023-06-07 12:36:59,497 [WARN] PackLoader:240 - Cannot read IP mode file for STMicroelectronics.X-CUBE-FREERTOS.1.0.1
2023-06-07 12:36:59,500 [WARN] PackLoader:240 - Cannot read IP mode file for STMicroelectronics.X-CUBE-TOUCHGFX.4.21.4
2023-06-07 12:36:59,504 [WARN] PackLoader:240 - Cannot read IP mode file for STMicroelectronics.X-CUBE-ALGOBUILD.1.3.0
2023-06-07 12:36:59,514 [WARN] PackLoader:240 - Cannot read IP mode file for STMicroelectronics.X-CUBE-AZRTOS-L5.1.1.0
2023-06-07 12:36:59,528 [WARN] PackLoader:240 - Cannot read IP mode file for STMicroelectronics.X-CUBE-AZRTOS-G0.1.1.0
2023-06-07 12:36:59,532 [WARN] PackLoader:240 - Cannot read IP mode file for STMicroelectronics.X-CUBE-AI.8.0.1
2023-06-07 12:36:59,538 [WARN] PackLoader:240 - Cannot read IP mode file for STMicroelectronics.X-CUBE-SUBG2.5.0.0
2023-06-07 12:36:59,545 [WARN] PackLoader:240 - Cannot read IP mode file for STMicroelectronics.X-CUBE-NFC4.3.0.0
2023-06-07 12:36:59,554 [WARN] PackLoader:240 - Cannot read IP mode file for STMicroelectronics.X-CUBE-AZRTOS-G4.2.0.0
2023-06-07 12:36:59,562 [WARN] PackLoader:240 - Cannot read IP mode file for STMicroelectronics.X-CUBE-TOF1.3.3.0
2023-06-07 12:36:59,570 [WARN] PackLoader:240 - Cannot read IP mode file for STMicroelectronics.FP-ATR-SIGFOX1.3.2.0
2023-06-07 12:36:59,579 [WARN] PackLoader:240 - Cannot read IP mode file for STMicroelectronics.X-CUBE-AZRTOS-L4.1.0.0
2023-06-07 12:36:59,587 [WARN] PackLoader:240 - Cannot read IP mode file for STMicroelectronics.X-CUBE-AZRTOS-WL.1.0.0
2023-06-07 12:36:59,591 [WARN] PackLoader:240 - Cannot read IP mode file for portGmbH.I-Cube-SoM-uGOAL.1.1.0
2023-06-07 12:36:59,593 [WARN] PackLoader:240 - Cannot read IP mode file for STMicroelectronics.X-CUBE-ALS.1.0.1
2023-06-07 12:36:59,601 [WARN] PackLoader:240 - Cannot read IP mode file for STMicroelectronics.X-CUBE-AZRTOS-WB.1.1.0
2023-06-07 12:36:59,624 [WARN] PackLoader:240 - Cannot read IP mode file for SEGGER.I-CUBE-embOS.1.3.1
2023-06-07 12:36:59,652 [WARN] PackLoader:240 - Cannot read IP mode file for STMicroelectronics.FP-ATR-ASTRA1.2.0.0
2023-06-07 12:36:59,653 [INFO] ThirdParty:978 - Integrity check success = true
2023-06-07 12:36:59,653 [INFO] IntegrityCheckThread:100 - exiting critical section [integrity check]
2023-06-07 12:36:59,653 [INFO] IntegrityCheckThread:103 - End integrity checks thread
2023-06-07 12:36:59,653 [INFO] ThirdParty:873 - entering critical section [close project]
2023-06-07 12:36:59,654 [INFO] ThirdParty:883 - exiting critical section [close project]
2023-06-07 12:36:59,656 [INFO] PinOutPanel:1499 - setPackage(No Configuration,No Configuration)
2023-06-07 12:36:59,660 [INFO] UtilMem:75 - Begin LoadConfig() Used Memory: 412160520 Bytes (623902720)
2023-06-07 12:36:59,661 [INFO] MicroXplorer:468 - Change Database Path : 
2023-06-07 12:36:59,661 [INFO] MicroXplorer:498 - Change Database Version : DB.6.0.81
2023-06-07 12:36:59,662 [INFO] OpenFileManager:308 - Change cursor
2023-06-07 12:36:59,684 [INFO] Mcu:1937 - Initializing MCU STM32F767ZITx STM32F767ZITx STM32F767ZIT6
2023-06-07 12:37:00,791 [INFO] Context:659 - Trying to add GPIOservice into a context  which must be forbidden
2023-06-07 12:37:01,314 [INFO] RtosManager:555 - Registered RTOS mode: class=CMSIS, group=RTOS, mode=CMSIS_V1, owner=FREERTOS
2023-06-07 12:37:01,314 [INFO] RtosManager:555 - Registered RTOS mode: class=CMSIS, group=RTOS2, mode=CMSIS_V2, owner=FREERTOS
2023-06-07 12:37:01,314 [INFO] RtosManager:555 - Registered RTOS mode: class=RTOS, group=Core, mode=CMSIS_V1, owner=FREERTOS
2023-06-07 12:37:01,314 [INFO] RtosManager:555 - Registered RTOS mode: class=RTOS, group=Core, mode=CMSIS_V2, owner=FREERTOS
2023-06-07 12:37:01,314 [WARN] ModelIntegratedComponent:184 - Missing modes for component STMicroelectronics:FreeRTOS:0.0.1:STMicroelectronics:RTOS:FreeRTOS:Core:::10.2.0:
2023-06-07 12:37:01,320 [WARN] ModelIntegratedComponent:63 - No mode defined for component null
2023-06-07 12:37:01,320 [WARN] ModelIntegratedComponent:63 - No mode defined for component null
2023-06-07 12:37:01,320 [WARN] ModelIntegratedComponent:63 - No mode defined for component null
2023-06-07 12:37:01,320 [WARN] ModelIntegratedComponent:63 - No mode defined for component null
2023-06-07 12:37:01,320 [WARN] ModelIntegratedComponent:63 - No mode defined for component null
2023-06-07 12:37:01,320 [WARN] ModelIntegratedComponent:63 - No mode defined for component null
2023-06-07 12:37:01,320 [WARN] ModelIntegratedComponent:63 - No mode defined for component null
2023-06-07 12:37:01,320 [WARN] ModelIntegratedComponent:63 - No mode defined for component null
2023-06-07 12:37:01,320 [WARN] ModelIntegratedComponent:63 - No mode defined for component null
2023-06-07 12:37:01,320 [WARN] ModelIntegratedComponent:63 - No mode defined for component null
2023-06-07 12:37:01,320 [WARN] ModelIntegratedComponent:63 - No mode defined for component null
2023-06-07 12:37:01,320 [WARN] ModelIntegratedComponent:63 - No mode defined for component null
2023-06-07 12:37:01,320 [WARN] ModelIntegratedComponent:63 - No mode defined for component null
2023-06-07 12:37:01,320 [WARN] ModelIntegratedComponent:63 - No mode defined for component null
2023-06-07 12:37:01,320 [WARN] ModelIntegratedComponent:63 - No mode defined for component null
2023-06-07 12:37:01,320 [WARN] ModelIntegratedComponent:63 - No mode defined for component null
2023-06-07 12:37:01,320 [WARN] ModelIntegratedComponent:63 - No mode defined for component null
2023-06-07 12:37:01,320 [WARN] ModelIntegratedComponent:63 - No mode defined for component null
2023-06-07 12:37:01,320 [WARN] ModelIntegratedComponent:63 - No mode defined for component null
2023-06-07 12:37:01,320 [WARN] ModelIntegratedComponent:63 - No mode defined for component null
2023-06-07 12:37:01,320 [WARN] ModelIntegratedComponent:63 - No mode defined for component null
2023-06-07 12:37:01,320 [WARN] ModelIntegratedComponent:63 - No mode defined for component null
2023-06-07 12:37:01,320 [WARN] ModelIntegratedComponent:63 - No mode defined for component null
2023-06-07 12:37:01,320 [WARN] ModelIntegratedComponent:63 - No mode defined for component null
2023-06-07 12:37:01,320 [WARN] ModelIntegratedComponent:63 - No mode defined for component null
2023-06-07 12:37:01,320 [WARN] ModelIntegratedComponent:63 - No mode defined for component null
2023-06-07 12:37:01,320 [WARN] ModelIntegratedComponent:63 - No mode defined for component null
2023-06-07 12:37:01,320 [WARN] ModelIntegratedComponent:63 - No mode defined for component null
2023-06-07 12:37:01,321 [WARN] ModelIntegratedComponent:63 - No mode defined for component null
2023-06-07 12:37:01,321 [WARN] ModelIntegratedComponent:63 - No mode defined for component null
2023-06-07 12:37:01,321 [WARN] ModelIntegratedComponent:63 - No mode defined for component null
2023-06-07 12:37:01,321 [WARN] ModelIntegratedComponent:63 - No mode defined for component null
2023-06-07 12:37:01,321 [WARN] ModelIntegratedComponent:63 - No mode defined for component null
2023-06-07 12:37:01,341 [INFO] ThirdPartyModel:298 - Start build external matchings
2023-06-07 12:37:01,463 [INFO] ThirdPartyModel:316 - End build external matchings
2023-06-07 12:37:01,468 [INFO] RtosManager:919 - Current active RTOS is FREERTOS [Cortex-M7NS]
2023-06-07 12:37:01,469 [INFO] ImportTextPane:194 - (OptionalMessage_ERROR) IP (CORTEX_M7) : Invalid parameter (BaseAddress_S)
2023-06-07 12:37:01,469 [INFO] ImportTextPane:194 - (OptionalMessage_ERROR) IP (CORTEX_M7) : Invalid parameter (Size_S)
2023-06-07 12:37:01,469 [INFO] ImportTextPane:194 - (OptionalMessage_ERROR) IP (CORTEX_M7) : Invalid parameter (AccessPermission_S)
2023-06-07 12:37:01,469 [INFO] ImportTextPane:194 - (OptionalMessage_ERROR) IP (CORTEX_M7) : Invalid parameter (DisableExec_S)
2023-06-07 12:37:01,470 [INFO] ImportTextPane:194 - (OptionalMessage_ERROR) IP (CORTEX_M7) : Invalid parameter (TypeExtField_S)
2023-06-07 12:37:01,470 [INFO] ImportTextPane:194 - (OptionalMessage_ERROR) IP (CORTEX_M7) : Invalid parameter (BaseAddress_S)
2023-06-07 12:37:01,470 [INFO] ImportTextPane:194 - (OptionalMessage_ERROR) IP (CORTEX_M7) : Invalid parameter (Size_S)
2023-06-07 12:37:01,470 [INFO] ImportTextPane:194 - (OptionalMessage_ERROR) IP (CORTEX_M7) : Invalid parameter (AccessPermission_S)
2023-06-07 12:37:01,470 [INFO] ImportTextPane:194 - (OptionalMessage_ERROR) IP (CORTEX_M7) : Invalid parameter (DisableExec_S)
2023-06-07 12:37:01,470 [INFO] ImportTextPane:194 - (OptionalMessage_ERROR) IP (CORTEX_M7) : Invalid parameter (IsShareable_S)
2023-06-07 12:37:01,470 [INFO] ImportTextPane:194 - (OptionalMessage_ERROR) IP (CORTEX_M7) : Invalid parameter (IsBufferable_S)
2023-06-07 12:37:01,470 [INFO] ImportTextPane:194 - (OptionalMessage_ERROR) IP (ETH) : Invalid parameter (PHY_Name)
2023-06-07 12:37:01,470 [INFO] ImportTextPane:194 - (OptionalMessage_ERROR) IP (ETH) : Invalid parameter (PHY_Value)
2023-06-07 12:37:01,470 [INFO] ImportTextPane:194 - (OptionalMessage_ERROR) IP (ETH) : Invalid parameter (PhyAddress)
2023-06-07 12:37:01,499 [INFO] ImportTextPane:194 - (OptionalMessage_ERROR) IP (RCC) : Invalid parameter (48MHZClocksFreq_Value)
2023-06-07 12:37:01,499 [INFO] ImportTextPane:194 - (OptionalMessage_ERROR) IP (RCC) : Invalid parameter (ADC12outputFreq_Value)
2023-06-07 12:37:01,499 [INFO] ImportTextPane:194 - (OptionalMessage_ERROR) IP (RCC) : Invalid parameter (ADC34outputFreq_Value)
2023-06-07 12:37:01,500 [INFO] ImportTextPane:194 - (OptionalMessage_ERROR) IP (RCC) : Invalid parameter (FamilyName)
2023-06-07 12:37:01,500 [INFO] ImportTextPane:194 - (OptionalMessage_ERROR) IP (RCC) : Invalid parameter (I2SClocksFreq_Value)
2023-06-07 12:37:01,500 [INFO] ImportTextPane:194 - (OptionalMessage_ERROR) IP (RCC) : Invalid parameter (LCDTFToutputFreq_Value)
2023-06-07 12:37:01,500 [INFO] ImportTextPane:194 - (OptionalMessage_ERROR) IP (RCC) : Invalid parameter (MCOFreq_Value)
2023-06-07 12:37:01,500 [INFO] ImportTextPane:194 - (OptionalMessage_ERROR) IP (RCC) : Invalid parameter (PLLMCOFreq_Value)
2023-06-07 12:37:01,500 [INFO] ImportTextPane:194 - (OptionalMessage_ERROR) IP (RCC) : Invalid parameter (PLLMUL)
2023-06-07 12:37:01,500 [INFO] ImportTextPane:194 - (OptionalMessage_ERROR) IP (RCC) : Invalid parameter (PRESCALERUSB)
2023-06-07 12:37:01,500 [INFO] ImportTextPane:194 - (OptionalMessage_ERROR) IP (RCC) : Invalid parameter (RTCHSEDivFreq_Value)
2023-06-07 12:37:01,502 [INFO] ImportTextPane:194 - (OptionalMessage_ERROR) IP (RCC) : Parameter (SDMMC2Freq_Value) has invalid value (216000000)
2023-06-07 12:37:01,502 [INFO] ImportTextPane:194 - (OptionalMessage_ERROR) IP (RCC) : Parameter (SDMMCFreq_Value) has invalid value (216000000)
2023-06-07 12:37:01,502 [INFO] ImportTextPane:194 - (OptionalMessage_ERROR) IP (RCC) : Invalid parameter (SYSCLKSourceVirtual)
2023-06-07 12:37:01,502 [INFO] ImportTextPane:194 - (OptionalMessage_ERROR) IP (RCC) : Invalid parameter (TIM15Freq_Value)
2023-06-07 12:37:01,502 [INFO] ImportTextPane:194 - (OptionalMessage_ERROR) IP (RCC) : Invalid parameter (TIM16Freq_Value)
2023-06-07 12:37:01,502 [INFO] ImportTextPane:194 - (OptionalMessage_ERROR) IP (RCC) : Invalid parameter (TIM17Freq_Value)
2023-06-07 12:37:01,502 [INFO] ImportTextPane:194 - (OptionalMessage_ERROR) IP (RCC) : Invalid parameter (TIM1Freq_Value)
2023-06-07 12:37:01,502 [INFO] ImportTextPane:194 - (OptionalMessage_ERROR) IP (RCC) : Invalid parameter (TIM20Freq_Value)
2023-06-07 12:37:01,502 [INFO] ImportTextPane:194 - (OptionalMessage_ERROR) IP (RCC) : Invalid parameter (TIM2Freq_Value)
2023-06-07 12:37:01,502 [INFO] ImportTextPane:194 - (OptionalMessage_ERROR) IP (RCC) : Invalid parameter (TIM3Freq_Value)
2023-06-07 12:37:01,502 [INFO] ImportTextPane:194 - (OptionalMessage_ERROR) IP (RCC) : Invalid parameter (TIM8Freq_Value)
2023-06-07 12:37:01,503 [INFO] ImportTextPane:194 - (OptionalMessage_ERROR) IP (RCC) : Invalid parameter (VCOOutput2Freq_Value)
2023-06-07 12:37:01,503 [INFO] ImportTextPane:194 - (OptionalMessage_ERROR) IP (RCC) : Invalid parameter (VcooutputI2S)
2023-06-07 12:37:01,684 [INFO] UtilMem:75 - End LoadConfig() Used Memory: 375045216 Bytes (623902720)
2023-06-07 12:37:01,748 [INFO] ApiDb:581 - Connected to CubeFinder SQLite database (/home/jeff/.stmcufinder/plugins/mcufinder/mcu/cube-finder-db.db)
2023-06-07 12:37:01,774 [INFO] ApiDb:668 - CubeFinder database Data Model version=2.1
2023-06-07 12:37:01,774 [INFO] ApiDb:669 - CubeFinder database Configuration version=3.0.35
2023-06-07 12:37:01,774 [INFO] ApiDb:670 - CubeFinder database generation date=2023-05-12 (1683877179)
2023-06-07 12:37:01,774 [INFO] ApiDb:671 - CubeFinder database FW Pack versions=[FP-ATR-ASTRA1_V2.0.0, FP-SNS-FLIGHT1_V5.0.0, FP-SNS-MOTENV1_V4.3.0, STM32Cube_FW_C0_V1.0.1, STM32Cube_FW_F0_V1.11.4, STM32Cube_FW_F3_V1.11.4, STM32Cube_FW_F4_V1.27.1, STM32Cube_FW_F7_V1.17.0, STM32Cube_FW_G0_V1.6.1, STM32Cube_FW_G4_V1.5.1, STM32Cube_FW_H5_V0.5.1, STM32Cube_FW_H5_V1.0.0, STM32Cube_FW_H7_V1.11.0, STM32Cube_FW_L0_V1.12.2, STM32Cube_FW_L5_V1.5.0, STM32Cube_FW_U5_V1.2.0, STM32Cube_FW_WBA_V1.0.0, STM32Cube_FW_WBA_V1.0.0RC1, STM32Cube_FW_WBA_V1.0.0RC3, STM32Cube_FW_WB_V1.15.0RC1, STM32Cube_FW_WB_V1.16.0, STM32Cube_FW_WB_V1.16.0RC2, STM32Cube_FW_WL_V1.3.0, X-CUBE-ALGOBUILD_V1.3.0, X-CUBE-ALS_V1.0.1, X-CUBE-AZRTOS-F4_V1.1.0, X-CUBE-AZRTOS-F7_V1.1.0, X-CUBE-AZRTOS-G0_V1.1.0, X-CUBE-AZRTOS-G4_V2.0.0, X-CUBE-AZRTOS-H7_V3.1.0, X-CUBE-AZRTOS-L4_V1.0.0, X-CUBE-AZRTOS-L5_V1.1.0, X-CUBE-AZRTOS-WB_V1.1.0, X-CUBE-AZRTOS-WL_V1.0.0, X-CUBE-BLE1_V6.2.4, X-CUBE-BLE2_V3.3.0, X-CUBE-BLEMGR_V2.0.0, X-CUBE-EEPRMA1_V4.1.0, X-CUBE-FREERTOS_V1.0.1, X-CUBE-GNSS1_V6.0.0, X-CUBE-MEMS1_V9.1.0, X-CUBE-MEMS1_V9.4.0, X-CUBE-MEMS1_V9.6.0, X-CUBE-NFC4_V3.0.0, X-CUBE-NFC7_V1.0.0, X-CUBE-SFXS2LP1_V4.0.0, X-CUBE-SUBG2_V5.0.0]
2023-06-07 12:37:02,741 [INFO] ApiDb:240 - Found 297 in-development CPN: [B-G473E-ZEST1S, B-WB1M-WPAN1, B-WL5M-SUBG1, NUCLEO-C031C6, NUCLEO-H503RB, NUCLEO-H563ZI, NUCLEO-U545RE-Q, NUCLEO-U5A5ZJ-Q, NUCLEO-WBA52CG, STEVAL-PROTEUS1, STEVAL-STWINBX1, STM320518-EVAL, STM32C0116-DK, STM32C011D6Y3TR, STM32C011D6Y6TR, STM32C011F4P3, STM32C011F4P6, STM32C011F4U3, STM32C011F4U6TR, STM32C011F6P3, STM32C011F6P6, STM32C011F6U3, STM32C011F6U6TR, STM32C011J4M3, STM32C011J4M6, STM32C011J6M3, STM32C011J6M6, STM32C0316-DK, STM32C031C4T3, STM32C031C4T6, STM32C031C4U3, STM32C031C4U6, STM32C031C6T3, STM32C031C6T6, STM32C031C6U3, STM32C031C6U6, STM32C031F4P3, STM32C031F4P6, STM32C031F6P3, STM32C031F6P6, STM32C031G4U3, STM32C031G4U6, STM32C031G6U3, STM32C031G6U6, STM32C031K4T3, STM32C031K4T6, STM32C031K4U3, STM32C031K4U6, STM32C031K6T3, STM32C031K6T6, STM32C031K6U3, STM32C031K6U6, STM32G071K8TXN, STM32G071K8UXN, STM32G081GBU6N, STM32G081KBT6N, STM32G081KBUXN, STM32G0B1CCT6N, STM32G0B1KCT6, STM32G0B1NEY6TR, STM32G0B1RCT6N, STM32G0C1CCT6, STM32G0C1CCT6N, STM32G0C1CCU6N, STM32G0C1CET6N, STM32G0C1CEU6N, STM32G0C1KCT6, STM32G0C1NEY6TR, STM32G0C1RCI6N, STM32G0C1RCT6N, STM32G0C1REI6N, STM32G0C1RET6N, STM32G0C1VCI6, STM32G0C1VEI6, STM32G471CCT6, STM32G471CCU6, STM32G471CET3, STM32G471CET6, STM32G471CEU3, STM32G471CEU6, STM32G471MCT6, STM32G471MET3, STM32G471MET6, STM32G471MEY6TR, STM32G471QCT6, STM32G471QET3, STM32G471RCT6, STM32G471RET3, STM32G471RET6, STM32G471VCH6, STM32G471VCI6, STM32G471VCT6, STM32G471VEH3, STM32G471VEH6, STM32G471VEI3, STM32G471VEI6, STM32G471VET3, STM32G471VET6, STM32G474CCT6, STM32H503CBT6, STM32H503CBU6, STM32H503EBY6TR, STM32H503KBU6, STM32H503RBT6, STM32H562AGI6, STM32H562AII6, STM32H562IGK6, STM32H562IGT6, STM32H562IIK6, STM32H562IIT6, STM32H562RGT6, STM32H562RGV6, STM32H562RIT6, STM32H562RIV6, STM32H562VGT6, STM32H562VIT6, STM32H562ZGT6, STM32H562ZIT6, STM32H563AGI6, STM32H563AII3Q, STM32H563AII6, STM32H563IGK6, STM32H563IGT6, STM32H563IIK3Q, STM32H563IIK6, STM32H563IIT3Q, STM32H563IIT6, STM32H563MIY3QTR, STM32H563RGT6, STM32H563RGV6, STM32H563RIT6, STM32H563RIV6, STM32H563VGT6, STM32H563VIT3Q, STM32H563VIT6, STM32H563ZGT6, STM32H563ZIT3Q, STM32H563ZIT6, STM32H573AII3Q, STM32H573AII6, STM32H573I-DK, STM32H573IIK3Q, STM32H573IIK6, STM32H573IIT3Q, STM32H573IIT6, STM32H573MIY3QTR, STM32H573RIT6, STM32H573RIV6, STM32H573VIT3Q, STM32H573VIT6, STM32H573ZIT3Q, STM32H573ZIT6, STM32L4R5QGI6STR, STM32MP131AAE3, STM32MP131AAF3, STM32MP131AAG3, STM32MP131CAE3, STM32MP131CAF3, STM32MP131CAG3, STM32MP131DAE7, STM32MP131DAF7, STM32MP131DAG7, STM32MP131FAE7, STM32MP131FAF7, STM32MP131FAG7, STM32MP133AAE3, STM32MP133AAF3, STM32MP133AAG3, STM32MP133CAE3, STM32MP133CAF3, STM32MP133CAG3, STM32MP133DAE7, STM32MP133DAF7, STM32MP133DAG7, STM32MP133FAE7, STM32MP133FAF7, STM32MP133FAG7, STM32MP135AAE3, STM32MP135AAF3, STM32MP135AAG3, STM32MP135CAE3, STM32MP135CAF3, STM32MP135CAG3, STM32MP135DAE7, STM32MP135DAF7, STM32MP135DAG7, STM32MP135F-DK, STM32MP135FAE7, STM32MP135FAF7, STM32MP135FAF7T, STM32MP135FAF7U, STM32MP135FAG7, STM32U535CBT6, STM32U535CBT6Q, STM32U535CBU6, STM32U535CBU6Q, STM32U535CCT6, STM32U535CCT6Q, STM32U535CCU6, STM32U535CCU6Q, STM32U535CET6, STM32U535CET6Q, STM32U535CEU6, STM32U535CEU6Q, STM32U535JEY6QTR, STM32U535NCY6QTR, STM32U535NEY6QTR, STM32U535RBI6, STM32U535RBI6Q, STM32U535RBT6, STM32U535RBT6Q, STM32U535RCI6, STM32U535RCI6Q, STM32U535RCT6, STM32U535RCT6Q, STM32U535REI6, STM32U535REI6Q, STM32U535RET6, STM32U535RET6Q, STM32U535VCI6, STM32U535VCI6Q, STM32U535VCT6, STM32U535VCT6Q, STM32U535VEI6, STM32U535VEI6Q, STM32U535VET6, STM32U535VET6Q, STM32U545CET6, STM32U545CET6Q, STM32U545CEU6, STM32U545CEU6Q, STM32U545JEY6QTR, STM32U545NEY6QTR, STM32U545REI6, STM32U545REI6Q, STM32U545RET6, STM32U545RET6Q, STM32U545VEI6, STM32U545VEI6Q, STM32U545VET6, STM32U545VET6Q, STM32U595AIH6, STM32U595AIH6Q, STM32U595AJH6, STM32U595AJH6Q, STM32U595QII6, STM32U595QII6Q, STM32U595QJI6, STM32U595QJI6Q, STM32U595RIT6, STM32U595RIT6Q, STM32U595RJT6, STM32U595RJT6Q, STM32U595VIT6, STM32U595VIT6Q, STM32U595VJT6, STM32U595VJT6Q, STM32U595ZIT6, STM32U595ZIT6Q, STM32U595ZIY6QTR, STM32U595ZJT6, STM32U595ZJT6Q, STM32U595ZJY6QTR, STM32U599BJY6QTR, STM32U599NIH6Q, STM32U599NJH6Q, STM32U599VIT6Q, STM32U599VJT6, STM32U599VJT6Q, STM32U599ZIT6Q, STM32U599ZIY6QTR, STM32U599ZJT6Q, STM32U599ZJY6QTR, STM32U5A5AJH6, STM32U5A5AJH6Q, STM32U5A5QJI6, STM32U5A5QJI6Q, STM32U5A5RJT6, STM32U5A5RJT6Q, STM32U5A5VJT6, STM32U5A5VJT6Q, STM32U5A5ZJT6, STM32U5A5ZJT6Q, STM32U5A5ZJY6QTR, STM32U5A9BJY6QTR, STM32U5A9J-DK, STM32U5A9NJH6Q, STM32U5A9VJT6Q, STM32U5A9ZJT6Q, STM32U5A9ZJY6QTR, STM32WB1MMCH6, STM32WBA52CEU6, STM32WBA52CEU6T, STM32WBA52CGU6, STM32WBA52CGU6T, STM32WL5MOCH6, STM32WL5MOCH6TR]
2023-06-07 12:37:02,743 [INFO] DbMcus:216 - Found 3775 MCUs, 3775 are supported
2023-06-07 12:37:02,745 [INFO] ApiDb:423 - Load user favorites file /home/jeff/.stm32cubeide/favorites.mcus.txt: 0 item(s)
2023-06-07 12:37:02,745 [INFO] ApiDb:427 - User favorites MCUs=[]
2023-06-07 12:37:02,745 [INFO] DbMcus:222 - Set 0 / 0 favorites MCUs
2023-06-07 12:37:02,926 [WARN] ThirdParty:833 - waiting for thirdparty lock release [change project]
2023-06-07 12:37:02,926 [INFO] ThirdParty:835 - entering critical section [change project]
2023-06-07 12:37:02,926 [INFO] ThirdParty:1030 - CMSIS Pack Vendor :STMicroelectronics X-CUBE-ISPU 1.1.0
2023-06-07 12:37:02,926 [INFO] ThirdParty:1030 - CMSIS Pack Vendor :STMicroelectronics X-CUBE-GNSS1 6.0.0
2023-06-07 12:37:02,926 [INFO] ThirdParty:1030 - CMSIS Pack Vendor :STMicroelectronics USB_HOST 2.0.0
2023-06-07 12:37:02,926 [INFO] ThirdParty:1030 - CMSIS Pack Vendor :STMicroelectronics X-CUBE-AZRTOS-F4 1.1.0
2023-06-07 12:37:02,926 [INFO] ThirdParty:1030 - CMSIS Pack Vendor :STMicroelectronics LIBJPEG 8.0.0
2023-06-07 12:37:02,926 [INFO] ThirdParty:1030 - CMSIS Pack Vendor :STMicroelectronics X-CUBE-SMBUS 2.1.0
2023-06-07 12:37:02,926 [INFO] ThirdParty:1030 - CMSIS Pack Vendor :wolfSSL I-CUBE-wolfSSL 5.6.0
2023-06-07 12:37:02,926 [INFO] ThirdParty:1030 - CMSIS Pack Vendor :STMicroelectronics USB_DEVICE 3.0.0
2023-06-07 12:37:02,926 [INFO] ThirdParty:1030 - CMSIS Pack Vendor :STMicroelectronics X-CUBE-FREERTOS 1.0.1
2023-06-07 12:37:02,926 [INFO] ThirdParty:1030 - CMSIS Pack Vendor :STMicroelectronics X-CUBE-AZRTOS-F7 1.1.0
2023-06-07 12:37:02,926 [INFO] ThirdParty:1030 - CMSIS Pack Vendor :STMicroelectronics X-CUBE-TOUCHGFX 4.21.4
2023-06-07 12:37:02,926 [INFO] ThirdParty:1030 - CMSIS Pack Vendor :STMicroelectronics USB_DEVICE 2.0.0
2023-06-07 12:37:02,926 [INFO] ThirdParty:1030 - CMSIS Pack Vendor :STMicroelectronics X-CUBE-MEMS1 9.6.0
2023-06-07 12:37:02,926 [INFO] ThirdParty:1030 - CMSIS Pack Vendor :STMicroelectronics FP-SNS-MOTENV1 4.3.0
2023-06-07 12:37:02,926 [INFO] ThirdParty:1030 - CMSIS Pack Vendor :STMicroelectronics FP-SNS-FLIGHT1 5.0.0
2023-06-07 12:37:02,926 [INFO] ThirdParty:1030 - CMSIS Pack Vendor :STMicroelectronics FP-SNS-MOTENV1 4.3.1
2023-06-07 12:37:02,926 [INFO] ThirdParty:1030 - CMSIS Pack Vendor :STMicroelectronics FP-SNS-FLIGHT1 5.0.1
2023-06-07 12:37:02,926 [INFO] ThirdParty:1030 - CMSIS Pack Vendor :STMicroelectronics X-CUBE-ALGOBUILD 1.3.0
2023-06-07 12:37:02,926 [INFO] ThirdParty:1030 - CMSIS Pack Vendor :STMicroelectronics X-CUBE-BLE1 6.2.4
2023-06-07 12:37:02,926 [INFO] ThirdParty:1030 - CMSIS Pack Vendor :STMicroelectronics X-CUBE-AZRTOS-L5 1.1.0
2023-06-07 12:37:02,926 [INFO] ThirdParty:1030 - CMSIS Pack Vendor :STMicroelectronics FreeRTOS 0.0.1
2023-06-07 12:37:02,926 [INFO] ThirdParty:1030 - CMSIS Pack Vendor :emotas I-CUBE-CANOPEN 1.1.3
2023-06-07 12:37:02,927 [INFO] ThirdParty:1030 - CMSIS Pack Vendor :STMicroelectronics X-CUBE-AZRTOS-G0 1.1.0
2023-06-07 12:37:02,927 [INFO] ThirdParty:1030 - CMSIS Pack Vendor :STMicroelectronics X-CUBE-BLEMGR 2.0.0
2023-06-07 12:37:02,927 [INFO] ThirdParty:1030 - CMSIS Pack Vendor :STMicroelectronics X-CUBE-AI 8.0.1
2023-06-07 12:37:02,927 [INFO] ThirdParty:1030 - CMSIS Pack Vendor :STMicroelectronics X-CUBE-SUBG2 5.0.0
2023-06-07 12:37:02,927 [INFO] ThirdParty:1030 - CMSIS Pack Vendor :STMicroelectronics X-CUBE-NFC4 3.0.0
2023-06-07 12:37:02,927 [INFO] ThirdParty:1030 - CMSIS Pack Vendor :STMicroelectronics STM32_WPAN 1.0.0
2023-06-07 12:37:02,927 [INFO] ThirdParty:1030 - CMSIS Pack Vendor :STMicroelectronics lwIP 2.0.3
2023-06-07 12:37:02,927 [INFO] ThirdParty:1030 - CMSIS Pack Vendor :STMicroelectronics USB_HOST 1.0.0
2023-06-07 12:37:02,927 [INFO] ThirdParty:1030 - CMSIS Pack Vendor :STMicroelectronics X-CUBE-AZRTOS-G4 2.0.0
2023-06-07 12:37:02,927 [INFO] ThirdParty:1030 - CMSIS Pack Vendor :STMicroelectronics PDM2PCM 3.1.0
2023-06-07 12:37:02,927 [INFO] ThirdParty:1030 - CMSIS Pack Vendor :STMicroelectronics X-CUBE-AZRTOS-H7 3.1.0
2023-06-07 12:37:02,927 [INFO] ThirdParty:1030 - CMSIS Pack Vendor :STMicroelectronics X-CUBE-TOF1 3.3.0
2023-06-07 12:37:02,927 [INFO] ThirdParty:1030 - CMSIS Pack Vendor :STMicroelectronics PDM2PCM 3.3.0
2023-06-07 12:37:02,927 [INFO] ThirdParty:1030 - CMSIS Pack Vendor :STMicroelectronics X-CUBE-DISPLAY 3.0.0
2023-06-07 12:37:02,927 [INFO] ThirdParty:1030 - CMSIS Pack Vendor :STMicroelectronics FP-ATR-SIGFOX1 3.2.0
2023-06-07 12:37:02,927 [INFO] ThirdParty:1030 - CMSIS Pack Vendor :STMicroelectronics X-CUBE-AZRTOS-L4 1.0.0
2023-06-07 12:37:02,927 [INFO] ThirdParty:1030 - CMSIS Pack Vendor :STMicroelectronics HAL Drivers 0.0.0
2023-06-07 12:37:02,927 [INFO] ThirdParty:1030 - CMSIS Pack Vendor :STMicroelectronics MBEDTLS 2.16.2
2023-06-07 12:37:02,927 [INFO] ThirdParty:1030 - CMSIS Pack Vendor :STMicroelectronics MBEDTLS 2.14.1
2023-06-07 12:37:02,927 [INFO] ThirdParty:1030 - CMSIS Pack Vendor :STMicroelectronics X-CUBE-NFC7 1.0.0
2023-06-07 12:37:02,927 [INFO] ThirdParty:1030 - CMSIS Pack Vendor :STMicroelectronics X-CUBE-AZRTOS-WL 1.0.0
2023-06-07 12:37:02,927 [INFO] ThirdParty:1030 - CMSIS Pack Vendor :STMicroelectronics X-CUBE-EEPRMA1 4.1.0
2023-06-07 12:37:02,927 [INFO] ThirdParty:1030 - CMSIS Pack Vendor :portGmbH I-Cube-SoM-uGOAL 1.1.0
2023-06-07 12:37:02,927 [INFO] ThirdParty:1030 - CMSIS Pack Vendor :STMicroelectronics X-CUBE-ALS 1.0.1
2023-06-07 12:37:02,927 [INFO] ThirdParty:1030 - CMSIS Pack Vendor :STMicroelectronics ThreadX 1.0.0
2023-06-07 12:37:02,927 [INFO] ThirdParty:1030 - CMSIS Pack Vendor :STMicroelectronics X-CUBE-AZRTOS-WB 1.1.0
2023-06-07 12:37:02,927 [INFO] ThirdParty:1030 - CMSIS Pack Vendor :SEGGER I-CUBE-embOS 1.3.1
2023-06-07 12:37:02,927 [INFO] ThirdParty:1030 - CMSIS Pack Vendor :STMicroelectronics USB_DEVICE 1.0.0
2023-06-07 12:37:02,927 [INFO] ThirdParty:1030 - CMSIS Pack Vendor :STMicroelectronics X-CUBE-AZRTOS-L4 2.0.0
2023-06-07 12:37:02,927 [INFO] ThirdParty:1030 - CMSIS Pack Vendor :STMicroelectronics ThreadX 0.0.2
2023-06-07 12:37:02,927 [INFO] ThirdParty:1030 - CMSIS Pack Vendor :WES I-CUBE-Cesium 1.3.0
2023-06-07 12:37:02,927 [INFO] ThirdParty:1030 - CMSIS Pack Vendor :STMicroelectronics FP-ATR-ASTRA1 2.0.0
2023-06-07 12:37:02,927 [INFO] ThirdParty:1030 - CMSIS Pack Vendor :STMicroelectronics lwIP 2.1.2
2023-06-07 12:37:02,927 [INFO] ThirdParty:1030 - CMSIS Pack Vendor :STMicroelectronics X-CUBE-SFXS2LP1 4.0.0
2023-06-07 12:37:02,927 [INFO] ThirdParty:1030 - CMSIS Pack Vendor :STMicroelectronics X-CUBE-BLE2 3.3.0
2023-06-07 12:37:02,927 [INFO] ThirdParty:1030 - CMSIS Pack Vendor :STMicroelectronics PDM2PCM 3.2.0
2023-06-07 12:37:02,927 [INFO] ThirdParty:841 - exiting critical section [change project]
2023-06-07 12:37:03,286 [INFO] PinOutPanel:1499 - setPackage(No Configuration,No Configuration)
2023-06-07 12:37:03,288 [INFO] PinOutPanel:1499 - setPackage(STM32F767ZITx,LQFP144)
2023-06-07 12:37:03,853 [INFO] UtilMem:75 - Before build in PCC Used Memory: 349578240 Bytes (623902720)
2023-06-07 12:37:04,383 [INFO] UtilMem:75 - After build in PCC Used Memory: 225277440 Bytes (623902720)
2023-06-07 12:37:04,455 [INFO] ApiDbMcu:507 - Load IP Config File for FREERTOS
2023-06-07 12:37:04,537 [INFO] ApiDbMcu:507 - Load IP Config File for LWIP
2023-06-07 12:37:04,584 [INFO] IPUIPlugin:80 - create IPUIPlugin
2023-06-07 12:37:04,584 [INFO] IPUIPlugin:80 - create IPUIPlugin
2023-06-07 12:37:04,584 [INFO] IPUIPlugin:80 - create IPUIPlugin
2023-06-07 12:37:04,584 [INFO] IPUIPlugin:80 - create IPUIPlugin
2023-06-07 12:37:04,584 [INFO] IPUIPlugin:80 - create IPUIPlugin
2023-06-07 12:37:04,585 [INFO] IPUIPlugin:80 - create IPUIPlugin
2023-06-07 12:37:04,585 [INFO] IPUIPlugin:80 - create IPUIPlugin
2023-06-07 12:37:04,585 [INFO] IPUIPlugin:80 - create IPUIPlugin
2023-06-07 12:37:04,585 [INFO] IPUIPlugin:80 - create IPUIPlugin
2023-06-07 12:37:04,585 [INFO] IPUIPlugin:80 - create IPUIPlugin
2023-06-07 12:37:04,585 [INFO] IPUIPlugin:80 - create IPUIPlugin
2023-06-07 12:37:04,586 [INFO] IPUIPlugin:80 - create IPUIPlugin
2023-06-07 12:37:04,586 [INFO] IPUIPlugin:80 - create IPUIPlugin
2023-06-07 12:37:04,586 [INFO] IPUIPlugin:80 - create IPUIPlugin
2023-06-07 12:37:04,586 [INFO] IPUIPlugin:80 - create IPUIPlugin
2023-06-07 12:37:04,586 [INFO] IPUIPlugin:80 - create IPUIPlugin
2023-06-07 12:37:04,586 [INFO] IPUIPlugin:80 - create IPUIPlugin
2023-06-07 12:37:04,587 [INFO] IPUIPlugin:80 - create IPUIPlugin
2023-06-07 12:37:04,587 [INFO] IPUIPlugin:80 - create IPUIPlugin
2023-06-07 12:37:04,587 [INFO] IPUIPlugin:80 - create IPUIPlugin
2023-06-07 12:37:04,587 [INFO] IPUIPlugin:80 - create IPUIPlugin
2023-06-07 12:37:04,587 [INFO] IPUIPlugin:80 - create IPUIPlugin
2023-06-07 12:37:04,587 [INFO] IPUIPlugin:80 - create IPUIPlugin
2023-06-07 12:37:04,588 [INFO] IPUIPlugin:80 - create IPUIPlugin
2023-06-07 12:37:04,588 [INFO] IPUIPlugin:80 - create IPUIPlugin
2023-06-07 12:37:04,588 [INFO] IPUIPlugin:80 - create IPUIPlugin
2023-06-07 12:37:04,588 [INFO] IPUIPlugin:80 - create IPUIPlugin
2023-06-07 12:37:04,588 [INFO] IPUIPlugin:80 - create IPUIPlugin
2023-06-07 12:37:04,589 [INFO] IPUIPlugin:80 - create IPUIPlugin
2023-06-07 12:37:04,589 [INFO] IPUIPlugin:80 - create IPUIPlugin
2023-06-07 12:37:04,589 [INFO] IPUIPlugin:80 - create IPUIPlugin
2023-06-07 12:37:04,589 [INFO] IPUIPlugin:80 - create IPUIPlugin
2023-06-07 12:37:04,590 [INFO] IPUIPlugin:80 - create IPUIPlugin
2023-06-07 12:37:04,590 [INFO] IPUIPlugin:80 - create IPUIPlugin
2023-06-07 12:37:04,590 [INFO] IPUIPlugin:80 - create IPUIPlugin
2023-06-07 12:37:04,590 [INFO] IPUIPlugin:80 - create IPUIPlugin
2023-06-07 12:37:04,590 [INFO] IPUIPlugin:80 - create IPUIPlugin
2023-06-07 12:37:04,591 [INFO] IPUIPlugin:80 - create IPUIPlugin
2023-06-07 12:37:04,591 [INFO] IPUIPlugin:80 - create IPUIPlugin
2023-06-07 12:37:04,592 [INFO] IPUIPlugin:80 - create IPUIPlugin
2023-06-07 12:37:04,592 [INFO] IPUIPlugin:80 - create IPUIPlugin
2023-06-07 12:37:04,592 [INFO] IPUIPlugin:80 - create IPUIPlugin
2023-06-07 12:37:04,593 [INFO] IPUIPlugin:80 - create IPUIPlugin
2023-06-07 12:37:04,593 [INFO] IPUIPlugin:80 - create IPUIPlugin
2023-06-07 12:37:04,593 [INFO] IPUIPlugin:80 - create IPUIPlugin
2023-06-07 12:37:04,593 [INFO] IPUIPlugin:80 - create IPUIPlugin
2023-06-07 12:37:04,594 [INFO] IPUIPlugin:80 - create IPUIPlugin
2023-06-07 12:37:04,594 [INFO] IPUIPlugin:80 - create IPUIPlugin
2023-06-07 12:37:04,594 [INFO] IPUIPlugin:80 - create IPUIPlugin
2023-06-07 12:37:04,595 [INFO] IPUIPlugin:80 - create IPUIPlugin
2023-06-07 12:37:04,595 [INFO] IPUIPlugin:80 - create IPUIPlugin
2023-06-07 12:37:04,595 [INFO] IPUIPlugin:80 - create IPUIPlugin
2023-06-07 12:37:04,596 [INFO] IPUIPlugin:80 - create IPUIPlugin
2023-06-07 12:37:04,596 [INFO] IPUIPlugin:80 - create IPUIPlugin
2023-06-07 12:37:04,597 [INFO] IPUIPlugin:80 - create IPUIPlugin
2023-06-07 12:37:04,597 [INFO] IPUIPlugin:80 - create IPUIPlugin
2023-06-07 12:37:04,597 [INFO] IPUIPlugin:80 - create IPUIPlugin
2023-06-07 12:37:04,598 [INFO] IPUIPlugin:80 - create IPUIPlugin
2023-06-07 12:37:04,598 [INFO] IPUIPlugin:80 - create IPUIPlugin
2023-06-07 12:37:04,598 [INFO] IPUIPlugin:80 - create IPUIPlugin
2023-06-07 12:37:04,599 [INFO] IPUIPlugin:80 - create IPUIPlugin
2023-06-07 12:37:04,599 [INFO] IPUIPlugin:80 - create IPUIPlugin
2023-06-07 12:37:04,599 [INFO] IPUIPlugin:80 - create IPUIPlugin
2023-06-07 12:37:04,600 [INFO] IPUIPlugin:80 - create IPUIPlugin
2023-06-07 12:37:04,600 [INFO] IPUIPlugin:80 - create IPUIPlugin
2023-06-07 12:37:04,600 [INFO] IPUIPlugin:80 - create IPUIPlugin
2023-06-07 12:37:04,601 [INFO] IPUIPlugin:80 - create IPUIPlugin
2023-06-07 12:37:04,601 [INFO] IPUIPlugin:80 - create IPUIPlugin
2023-06-07 12:37:04,601 [INFO] IPUIPlugin:80 - create IPUIPlugin
2023-06-07 12:37:04,601 [INFO] IPUIPlugin:80 - create IPUIPlugin
2023-06-07 12:37:04,602 [INFO] IPUIPlugin:80 - create IPUIPlugin
2023-06-07 12:37:04,602 [INFO] IPUIPlugin:80 - create IPUIPlugin
2023-06-07 12:37:04,602 [INFO] IPUIPlugin:80 - create IPUIPlugin
2023-06-07 12:37:04,603 [INFO] IPUIPlugin:80 - create IPUIPlugin
2023-06-07 12:37:04,603 [INFO] IPUIPlugin:80 - create IPUIPlugin
2023-06-07 12:37:04,604 [INFO] IPUIPlugin:80 - create IPUIPlugin
2023-06-07 12:37:04,604 [INFO] IPUIPlugin:80 - create IPUIPlugin
2023-06-07 12:37:04,604 [INFO] IPUIPlugin:80 - create IPUIPlugin
2023-06-07 12:37:04,605 [INFO] IPUIPlugin:80 - create IPUIPlugin
2023-06-07 12:37:04,612 [INFO] ApiDbMcu:507 - Load IP Config File for PDM2PCM
2023-06-07 12:37:04,643 [WARN] FreeRTOS:1023 - Null or empty value: should not occur! (nothing added to the table)
2023-06-07 12:37:04,884 [INFO] CADModel:165 - CPN selected for project levelSTM32F767ZIT6
2023-06-07 12:37:04,884 [INFO] CADModel:114 - Register for checkConnection events
2023-06-07 12:37:04,887 [INFO] RtosManager:697 - Active RTOS found at IOC load: FREERTOS [Cortex-M7NS]
2023-06-07 12:37:04,934 [INFO] OpenFileManager:328 - Restore cursor
2023-06-07 13:08:20,821 [INFO] UtilMem:75 - End SaveConfig() Used Memory: 268335608 Bytes (623902720)
2023-06-07 13:08:28,007 [INFO] UtilMem:75 - End SaveConfig() Used Memory: 316265440 Bytes (623902720)
2023-06-07 13:08:29,935 [INFO] UtilMem:75 - End SaveConfig() Used Memory: 399625184 Bytes (623902720)
2023-06-07 13:08:32,519 [INFO] BlockDiagram:2759 - set Specific Code input for plugin: SPI
2023-06-07 13:08:32,519 [INFO] BlockDiagram:2759 - set Specific Code input for plugin: FREERTOS
2023-06-07 13:08:32,519 [INFO] BlockDiagram:2759 - set Specific Code input for plugin: SYS
2023-06-07 13:08:32,519 [INFO] BlockDiagram:2759 - set Specific Code input for plugin: RCC
2023-06-07 13:08:32,520 [INFO] BlockDiagram:2759 - set Specific Code input for plugin: USB_OTG_FS
2023-06-07 13:08:32,520 [INFO] BlockDiagram:2759 - set Specific Code input for plugin: NVIC
2023-06-07 13:08:32,520 [INFO] BlockDiagram:2759 - set Specific Code input for plugin: LWIP
2023-06-07 13:08:32,520 [INFO] BlockDiagram:2759 - set Specific Code input for plugin: USART
2023-06-07 13:08:32,520 [INFO] BlockDiagram:2759 - set Specific Code input for plugin: CORTEX_M7
2023-06-07 13:08:32,520 [INFO] BlockDiagram:2759 - set Specific Code input for plugin: GPIO
2023-06-07 13:08:32,520 [INFO] BlockDiagram:2759 - set Specific Code input for plugin: ETH
2023-06-07 13:08:32,521 [INFO] CodeGenerator:793 - code generatio: config db path: /opt/st/stm32cubeide_1.12.1/plugins/com.st.stm32cube.common.mx_6.8.1.202304191431//db/
2023-06-07 13:08:32,694 [INFO] CodeEngine:255 - oldGeneratedFile, /home/jeff/STM32CubeIDE/workspace_1.12.1/Intruder-Detection-System/Trial_LWIP/MXTmpFiles/license.tmp_save
2023-06-07 13:08:32,903 [INFO] CodeEngine:279 - Generated code: /home/jeff/STM32CubeIDE/workspace_1.12.1/Intruder-Detection-System/Trial_LWIP/MXTmpFiles/license.tmp
2023-06-07 13:08:33,029 [INFO] CodeEngine:255 - oldGeneratedFile, /home/jeff/STM32CubeIDE/workspace_1.12.1/Intruder-Detection-System/Trial_LWIP/MXTmpFiles/gpio.tmp_save
2023-06-07 13:08:33,129 [INFO] CodeEngine:279 - Generated code: /home/jeff/STM32CubeIDE/workspace_1.12.1/Intruder-Detection-System/Trial_LWIP/MXTmpFiles/gpio.tmp
2023-06-07 13:08:33,227 [INFO] CodeEngine:255 - oldGeneratedFile, /home/jeff/STM32CubeIDE/workspace_1.12.1/Intruder-Detection-System/Trial_LWIP/MXTmpFiles/eth_vars.tmp_save
2023-06-07 13:08:33,271 [INFO] CodeEngine:279 - Generated code: /home/jeff/STM32CubeIDE/workspace_1.12.1/Intruder-Detection-System/Trial_LWIP/MXTmpFiles/eth_vars.tmp
2023-06-07 13:08:33,272 [INFO] CodeEngine:255 - oldGeneratedFile, /home/jeff/STM32CubeIDE/workspace_1.12.1/Intruder-Detection-System/Trial_LWIP/MXTmpFiles/eth_inc.tmp_save
2023-06-07 13:08:33,311 [INFO] CodeEngine:279 - Generated code: /home/jeff/STM32CubeIDE/workspace_1.12.1/Intruder-Detection-System/Trial_LWIP/MXTmpFiles/eth_inc.tmp
2023-06-07 13:08:33,312 [INFO] CodeEngine:255 - oldGeneratedFile, /home/jeff/STM32CubeIDE/workspace_1.12.1/Intruder-Detection-System/Trial_LWIP/MXTmpFiles/eth_HalInit.tmp_save
2023-06-07 13:08:33,360 [INFO] CodeEngine:279 - Generated code: /home/jeff/STM32CubeIDE/workspace_1.12.1/Intruder-Detection-System/Trial_LWIP/MXTmpFiles/eth_HalInit.tmp
2023-06-07 13:08:33,361 [INFO] CodeEngine:255 - oldGeneratedFile, /home/jeff/STM32CubeIDE/workspace_1.12.1/Intruder-Detection-System/Trial_LWIP/MXTmpFiles/eth_Msp.tmp_save
2023-06-07 13:08:33,409 [INFO] CodeEngine:279 - Generated code: /home/jeff/STM32CubeIDE/workspace_1.12.1/Intruder-Detection-System/Trial_LWIP/MXTmpFiles/eth_Msp.tmp
2023-06-07 13:08:33,754 [WARN] IPConfigManager:2937 - Warning: the RefConfig PWREx_EnableUSBVoltageDetector is not available in your config.xml file
2023-06-07 13:08:33,779 [INFO] Middleware:1439 - No code input for Bsp Dependency
2023-06-07 13:08:33,783 [INFO] CodeEngine:255 - oldGeneratedFile, /home/jeff/STM32CubeIDE/workspace_1.12.1/Intruder-Detection-System/Trial_LWIP/MXTmpFiles/rtos_inc.tmp_save
2023-06-07 13:08:33,840 [INFO] CodeEngine:279 - Generated code: /home/jeff/STM32CubeIDE/workspace_1.12.1/Intruder-Detection-System/Trial_LWIP/MXTmpFiles/rtos_inc.tmp
2023-06-07 13:08:33,841 [INFO] CodeEngine:255 - oldGeneratedFile, /home/jeff/STM32CubeIDE/workspace_1.12.1/Intruder-Detection-System/Trial_LWIP/MXTmpFiles/rtos_vars.tmp_save
2023-06-07 13:08:33,896 [INFO] CodeEngine:279 - Generated code: /home/jeff/STM32CubeIDE/workspace_1.12.1/Intruder-Detection-System/Trial_LWIP/MXTmpFiles/rtos_vars.tmp
2023-06-07 13:08:33,897 [INFO] CodeEngine:255 - oldGeneratedFile, /home/jeff/STM32CubeIDE/workspace_1.12.1/Intruder-Detection-System/Trial_LWIP/MXTmpFiles/rtos_pfp.tmp_save
2023-06-07 13:08:33,947 [INFO] CodeEngine:279 - Generated code: /home/jeff/STM32CubeIDE/workspace_1.12.1/Intruder-Detection-System/Trial_LWIP/MXTmpFiles/rtos_pfp.tmp
2023-06-07 13:08:33,948 [INFO] CodeEngine:255 - oldGeneratedFile, /home/jeff/STM32CubeIDE/workspace_1.12.1/Intruder-Detection-System/Trial_LWIP/MXTmpFiles/rtos_obj_creat.tmp_save
2023-06-07 13:08:33,978 [INFO] CodeEngine:279 - Generated code: /home/jeff/STM32CubeIDE/workspace_1.12.1/Intruder-Detection-System/Trial_LWIP/MXTmpFiles/rtos_obj_creat.tmp
2023-06-07 13:08:33,979 [INFO] CodeEngine:255 - oldGeneratedFile, /home/jeff/STM32CubeIDE/workspace_1.12.1/Intruder-Detection-System/Trial_LWIP/MXTmpFiles/rtos_kernelStart.tmp_save
2023-06-07 13:08:34,007 [INFO] CodeEngine:279 - Generated code: /home/jeff/STM32CubeIDE/workspace_1.12.1/Intruder-Detection-System/Trial_LWIP/MXTmpFiles/rtos_kernelStart.tmp
2023-06-07 13:08:34,008 [INFO] CodeEngine:255 - oldGeneratedFile, /home/jeff/STM32CubeIDE/workspace_1.12.1/Intruder-Detection-System/Trial_LWIP/MXTmpFiles/rtos_default_thread.tmp_save
2023-06-07 13:08:34,036 [INFO] CodeEngine:279 - Generated code: /home/jeff/STM32CubeIDE/workspace_1.12.1/Intruder-Detection-System/Trial_LWIP/MXTmpFiles/rtos_default_thread.tmp
2023-06-07 13:08:34,037 [INFO] CodeEngine:255 - oldGeneratedFile, /home/jeff/STM32CubeIDE/workspace_1.12.1/Intruder-Detection-System/Trial_LWIP/MXTmpFiles/rtos_threads.tmp_save
2023-06-07 13:08:34,065 [INFO] CodeEngine:279 - Generated code: /home/jeff/STM32CubeIDE/workspace_1.12.1/Intruder-Detection-System/Trial_LWIP/MXTmpFiles/rtos_threads.tmp
2023-06-07 13:08:34,073 [INFO] Middleware:1439 - No code input for Bsp Dependency
2023-06-07 13:08:34,081 [INFO] Middleware:1439 - No code input for Bsp Dependency
2023-06-07 13:08:34,083 [INFO] CodeEngine:255 - oldGeneratedFile, /home/jeff/STM32CubeIDE/workspace_1.12.1/Intruder-Detection-System/Trial_LWIP/MXTmpFiles/rtos_inc.tmp_save
2023-06-07 13:08:34,109 [INFO] CodeEngine:279 - Generated code: /home/jeff/STM32CubeIDE/workspace_1.12.1/Intruder-Detection-System/Trial_LWIP/MXTmpFiles/rtos_inc.tmp
2023-06-07 13:08:34,110 [INFO] CodeEngine:255 - oldGeneratedFile, /home/jeff/STM32CubeIDE/workspace_1.12.1/Intruder-Detection-System/Trial_LWIP/MXTmpFiles/rtos_vars.tmp_save
2023-06-07 13:08:34,137 [INFO] CodeEngine:279 - Generated code: /home/jeff/STM32CubeIDE/workspace_1.12.1/Intruder-Detection-System/Trial_LWIP/MXTmpFiles/rtos_vars.tmp
2023-06-07 13:08:34,138 [INFO] CodeEngine:255 - oldGeneratedFile, /home/jeff/STM32CubeIDE/workspace_1.12.1/Intruder-Detection-System/Trial_LWIP/MXTmpFiles/rtos_pfp.tmp_save
2023-06-07 13:08:34,164 [INFO] CodeEngine:279 - Generated code: /home/jeff/STM32CubeIDE/workspace_1.12.1/Intruder-Detection-System/Trial_LWIP/MXTmpFiles/rtos_pfp.tmp
2023-06-07 13:08:34,164 [INFO] CodeEngine:255 - oldGeneratedFile, /home/jeff/STM32CubeIDE/workspace_1.12.1/Intruder-Detection-System/Trial_LWIP/MXTmpFiles/rtos_obj_creat.tmp_save
2023-06-07 13:08:34,190 [INFO] CodeEngine:279 - Generated code: /home/jeff/STM32CubeIDE/workspace_1.12.1/Intruder-Detection-System/Trial_LWIP/MXTmpFiles/rtos_obj_creat.tmp
2023-06-07 13:08:34,190 [INFO] CodeEngine:255 - oldGeneratedFile, /home/jeff/STM32CubeIDE/workspace_1.12.1/Intruder-Detection-System/Trial_LWIP/MXTmpFiles/rtos_kernelStart.tmp_save
2023-06-07 13:08:34,215 [INFO] CodeEngine:279 - Generated code: /home/jeff/STM32CubeIDE/workspace_1.12.1/Intruder-Detection-System/Trial_LWIP/MXTmpFiles/rtos_kernelStart.tmp
2023-06-07 13:08:34,216 [INFO] CodeEngine:255 - oldGeneratedFile, /home/jeff/STM32CubeIDE/workspace_1.12.1/Intruder-Detection-System/Trial_LWIP/MXTmpFiles/rtos_default_thread.tmp_save
2023-06-07 13:08:34,240 [INFO] CodeEngine:279 - Generated code: /home/jeff/STM32CubeIDE/workspace_1.12.1/Intruder-Detection-System/Trial_LWIP/MXTmpFiles/rtos_default_thread.tmp
2023-06-07 13:08:34,241 [INFO] CodeEngine:255 - oldGeneratedFile, /home/jeff/STM32CubeIDE/workspace_1.12.1/Intruder-Detection-System/Trial_LWIP/MXTmpFiles/rtos_threads.tmp_save
2023-06-07 13:08:34,266 [INFO] CodeEngine:279 - Generated code: /home/jeff/STM32CubeIDE/workspace_1.12.1/Intruder-Detection-System/Trial_LWIP/MXTmpFiles/rtos_threads.tmp
2023-06-07 13:08:34,267 [INFO] CodeEngine:255 - oldGeneratedFile, /home/jeff/STM32CubeIDE/workspace_1.12.1/Intruder-Detection-System/Trial_LWIP/Core/Inc/FreeRTOSConfig.h_save
2023-06-07 13:08:34,299 [INFO] CodeEngine:279 - Generated code: /home/jeff/STM32CubeIDE/workspace_1.12.1/Intruder-Detection-System/Trial_LWIP/Core/Inc/FreeRTOSConfig.h
2023-06-07 13:08:34,300 [INFO] CodeEngine:255 - oldGeneratedFile, /home/jeff/STM32CubeIDE/workspace_1.12.1/Intruder-Detection-System/Trial_LWIP/Core/Src/freertos.c_save
2023-06-07 13:08:34,333 [INFO] CodeEngine:279 - Generated code: /home/jeff/STM32CubeIDE/workspace_1.12.1/Intruder-Detection-System/Trial_LWIP/Core/Src/freertos.c
2023-06-07 13:08:34,335 [INFO] CodeEngine:255 - oldGeneratedFile, /home/jeff/STM32CubeIDE/workspace_1.12.1/Intruder-Detection-System/Trial_LWIP/MXTmpFiles/cortex.tmp_save
2023-06-07 13:08:34,362 [INFO] CodeEngine:279 - Generated code: /home/jeff/STM32CubeIDE/workspace_1.12.1/Intruder-Detection-System/Trial_LWIP/MXTmpFiles/cortex.tmp
2023-06-07 13:08:34,367 [INFO] Middleware:1439 - No code input for Bsp Dependency
2023-06-07 13:08:34,373 [INFO] CodeEngine:255 - oldGeneratedFile, /home/jeff/STM32CubeIDE/workspace_1.12.1/Intruder-Detection-System/Trial_LWIP/LWIP/App/lwip.c_save
2023-06-07 13:08:34,413 [INFO] CodeEngine:279 - Generated code: /home/jeff/STM32CubeIDE/workspace_1.12.1/Intruder-Detection-System/Trial_LWIP/LWIP/App/lwip.c
2023-06-07 13:08:34,414 [INFO] CodeEngine:255 - oldGeneratedFile, /home/jeff/STM32CubeIDE/workspace_1.12.1/Intruder-Detection-System/Trial_LWIP/LWIP/App/lwip.h_save
2023-06-07 13:08:34,455 [INFO] CodeEngine:279 - Generated code: /home/jeff/STM32CubeIDE/workspace_1.12.1/Intruder-Detection-System/Trial_LWIP/LWIP/App/lwip.h
2023-06-07 13:08:34,456 [INFO] CodeEngine:255 - oldGeneratedFile, /home/jeff/STM32CubeIDE/workspace_1.12.1/Intruder-Detection-System/Trial_LWIP/LWIP/Target/lwipopts.h_save
2023-06-07 13:08:34,641 [INFO] CodeEngine:279 - Generated code: /home/jeff/STM32CubeIDE/workspace_1.12.1/Intruder-Detection-System/Trial_LWIP/LWIP/Target/lwipopts.h
2023-06-07 13:08:34,643 [INFO] CodeEngine:255 - oldGeneratedFile, /home/jeff/STM32CubeIDE/workspace_1.12.1/Intruder-Detection-System/Trial_LWIP/LWIP/Target/ethernetif.c_save
2023-06-07 13:08:34,694 [INFO] CodeEngine:279 - Generated code: /home/jeff/STM32CubeIDE/workspace_1.12.1/Intruder-Detection-System/Trial_LWIP/LWIP/Target/ethernetif.c
2023-06-07 13:08:34,695 [INFO] CodeEngine:255 - oldGeneratedFile, /home/jeff/STM32CubeIDE/workspace_1.12.1/Intruder-Detection-System/Trial_LWIP/LWIP/Target/ethernetif.h_save
2023-06-07 13:08:34,720 [INFO] CodeEngine:279 - Generated code: /home/jeff/STM32CubeIDE/workspace_1.12.1/Intruder-Detection-System/Trial_LWIP/LWIP/Target/ethernetif.h
2023-06-07 13:08:34,728 [INFO] CodeEngine:255 - oldGeneratedFile, /home/jeff/STM32CubeIDE/workspace_1.12.1/Intruder-Detection-System/Trial_LWIP/Core/Src/stm32f7xx_it.c_save
2023-06-07 13:08:34,765 [INFO] CodeEngine:279 - Generated code: /home/jeff/STM32CubeIDE/workspace_1.12.1/Intruder-Detection-System/Trial_LWIP/Core/Src/stm32f7xx_it.c
2023-06-07 13:08:34,765 [INFO] CodeEngine:255 - oldGeneratedFile, /home/jeff/STM32CubeIDE/workspace_1.12.1/Intruder-Detection-System/Trial_LWIP/Core/Inc/stm32f7xx_it.h_save
2023-06-07 13:08:34,794 [INFO] CodeEngine:279 - Generated code: /home/jeff/STM32CubeIDE/workspace_1.12.1/Intruder-Detection-System/Trial_LWIP/Core/Inc/stm32f7xx_it.h
2023-06-07 13:08:34,797 [INFO] CodeEngine:255 - oldGeneratedFile, /home/jeff/STM32CubeIDE/workspace_1.12.1/Intruder-Detection-System/Trial_LWIP/Core/Src/stm32f7xx_hal_msp.c_save
2023-06-07 13:08:34,858 [INFO] CodeEngine:279 - Generated code: /home/jeff/STM32CubeIDE/workspace_1.12.1/Intruder-Detection-System/Trial_LWIP/Core/Src/stm32f7xx_hal_msp.c
2023-06-07 13:08:34,859 [INFO] CodeEngine:255 - oldGeneratedFile, /home/jeff/STM32CubeIDE/workspace_1.12.1/Intruder-Detection-System/Trial_LWIP/MXTmpFiles/system.tmp_save
2023-06-07 13:08:34,888 [INFO] CodeEngine:279 - Generated code: /home/jeff/STM32CubeIDE/workspace_1.12.1/Intruder-Detection-System/Trial_LWIP/MXTmpFiles/system.tmp
2023-06-07 13:08:34,889 [INFO] CodeEngine:255 - oldGeneratedFile, /home/jeff/STM32CubeIDE/workspace_1.12.1/Intruder-Detection-System/Trial_LWIP/Core/Src/stm32f7xx_hal_timebase_tim.c_save
2023-06-07 13:08:34,939 [INFO] CodeEngine:279 - Generated code: /home/jeff/STM32CubeIDE/workspace_1.12.1/Intruder-Detection-System/Trial_LWIP/Core/Src/stm32f7xx_hal_timebase_tim.c
2023-06-07 13:08:34,941 [INFO] CodeEngine:311 - oldGeneratedFile, /home/jeff/STM32CubeIDE/workspace_1.12.1/Intruder-Detection-System/Trial_LWIP/Core/Inc/stm32f7xx_hal_conf.h_save
2023-06-07 13:08:34,970 [INFO] CodeEngine:335 - Generated code: /home/jeff/STM32CubeIDE/workspace_1.12.1/Intruder-Detection-System/Trial_LWIP/Core/Inc/stm32f7xx_hal_conf.h
2023-06-07 13:08:34,988 [WARN] IPConfigManager:3431 - IP not found : USB_OTG
2023-06-07 13:08:34,989 [WARN] CodeGenerator:3754 - IP not found : null
2023-06-07 13:08:34,991 [INFO] CodeEngine:255 - oldGeneratedFile, /home/jeff/STM32CubeIDE/workspace_1.12.1/Intruder-Detection-System/Trial_LWIP/Core/Inc/main.h_save
2023-06-07 13:08:35,031 [INFO] CodeEngine:279 - Generated code: /home/jeff/STM32CubeIDE/workspace_1.12.1/Intruder-Detection-System/Trial_LWIP/Core/Inc/main.h
2023-06-07 13:08:35,032 [INFO] CodeEngine:255 - oldGeneratedFile, /home/jeff/STM32CubeIDE/workspace_1.12.1/Intruder-Detection-System/Trial_LWIP/Core/Src/main.c_save
2023-06-07 13:08:35,100 [INFO] CodeEngine:279 - Generated code: /home/jeff/STM32CubeIDE/workspace_1.12.1/Intruder-Detection-System/Trial_LWIP/Core/Src/main.c
2023-06-07 13:08:35,549 [INFO] ProjectBuilder:2996 - Time for Copy HAL[1] : 105mS.
2023-06-07 13:08:35,566 [INFO] ProjectBuilder:4304 - Project Generator version: 3.19.2
2023-06-07 13:08:35,768 [INFO] ConfigFileManager:1483 - The Die is : DIE451
2023-06-07 13:08:35,776 [INFO] ApiDbMcu:507 - Load IP Config File for FATFS
2023-06-07 13:08:35,778 [INFO] ApiDbMcu:507 - Load IP Config File for LIBJPEG
2023-06-07 13:08:35,782 [INFO] ApiDbMcu:507 - Load IP Config File for MBEDTLS
2023-06-07 13:08:35,790 [INFO] ApiDbMcu:507 - Load IP Config File for USB_DEVICE
2023-06-07 13:08:35,794 [INFO] ApiDbMcu:507 - Load IP Config File for USB_HOST
2023-06-07 13:08:37,220 [INFO] ProjectBuilder:4505 - Time for Generating toolchain IDE Files: 1653mS.
2023-06-07 13:08:37,221 [INFO] ProjectBuilder:2867 - Time for Copy CMSIS : 1mS.
2023-06-07 13:08:37,223 [INFO] ProjectBuilder:2867 - Time for Copy CMSIS : 0mS.
2023-06-07 13:11:47,265 [INFO] UtilMem:75 - End SaveConfig() Used Memory: 338661200 Bytes (708837376)
2023-06-07 13:11:48,772 [INFO] UtilMem:75 - End SaveConfig() Used Memory: 310541576 Bytes (708837376)
2023-06-07 13:11:50,366 [INFO] UtilMem:75 - End SaveConfig() Used Memory: 393901320 Bytes (708837376)
2023-06-07 13:11:52,482 [INFO] BlockDiagram:2759 - set Specific Code input for plugin: SPI
2023-06-07 13:11:52,482 [INFO] BlockDiagram:2759 - set Specific Code input for plugin: FREERTOS
2023-06-07 13:11:52,482 [INFO] BlockDiagram:2759 - set Specific Code input for plugin: SYS
2023-06-07 13:11:52,482 [INFO] BlockDiagram:2759 - set Specific Code input for plugin: RCC
2023-06-07 13:11:52,482 [INFO] BlockDiagram:2759 - set Specific Code input for plugin: USB_OTG_FS
2023-06-07 13:11:52,483 [INFO] BlockDiagram:2759 - set Specific Code input for plugin: NVIC
2023-06-07 13:11:52,483 [INFO] BlockDiagram:2759 - set Specific Code input for plugin: LWIP
2023-06-07 13:11:52,483 [INFO] BlockDiagram:2759 - set Specific Code input for plugin: USART
2023-06-07 13:11:52,483 [INFO] BlockDiagram:2759 - set Specific Code input for plugin: CORTEX_M7
2023-06-07 13:11:52,483 [INFO] BlockDiagram:2759 - set Specific Code input for plugin: GPIO
2023-06-07 13:11:52,483 [INFO] BlockDiagram:2759 - set Specific Code input for plugin: ETH
2023-06-07 13:11:52,484 [INFO] CodeGenerator:793 - code generatio: config db path: /opt/st/stm32cubeide_1.12.1/plugins/com.st.stm32cube.common.mx_6.8.1.202304191431//db/
2023-06-07 13:11:52,586 [INFO] CodeEngine:255 - oldGeneratedFile, /home/jeff/STM32CubeIDE/workspace_1.12.1/Intruder-Detection-System/Trial_LWIP/MXTmpFiles/license.tmp_save
2023-06-07 13:11:52,616 [INFO] CodeEngine:279 - Generated code: /home/jeff/STM32CubeIDE/workspace_1.12.1/Intruder-Detection-System/Trial_LWIP/MXTmpFiles/license.tmp
2023-06-07 13:11:52,643 [INFO] CodeEngine:255 - oldGeneratedFile, /home/jeff/STM32CubeIDE/workspace_1.12.1/Intruder-Detection-System/Trial_LWIP/MXTmpFiles/gpio.tmp_save
2023-06-07 13:11:52,674 [INFO] CodeEngine:279 - Generated code: /home/jeff/STM32CubeIDE/workspace_1.12.1/Intruder-Detection-System/Trial_LWIP/MXTmpFiles/gpio.tmp
2023-06-07 13:11:52,824 [INFO] CodeEngine:255 - oldGeneratedFile, /home/jeff/STM32CubeIDE/workspace_1.12.1/Intruder-Detection-System/Trial_LWIP/MXTmpFiles/eth_vars.tmp_save
2023-06-07 13:11:52,865 [INFO] CodeEngine:279 - Generated code: /home/jeff/STM32CubeIDE/workspace_1.12.1/Intruder-Detection-System/Trial_LWIP/MXTmpFiles/eth_vars.tmp
2023-06-07 13:11:52,866 [INFO] CodeEngine:255 - oldGeneratedFile, /home/jeff/STM32CubeIDE/workspace_1.12.1/Intruder-Detection-System/Trial_LWIP/MXTmpFiles/eth_inc.tmp_save
2023-06-07 13:11:52,893 [INFO] CodeEngine:279 - Generated code: /home/jeff/STM32CubeIDE/workspace_1.12.1/Intruder-Detection-System/Trial_LWIP/MXTmpFiles/eth_inc.tmp
2023-06-07 13:11:52,893 [INFO] CodeEngine:255 - oldGeneratedFile, /home/jeff/STM32CubeIDE/workspace_1.12.1/Intruder-Detection-System/Trial_LWIP/MXTmpFiles/eth_HalInit.tmp_save
2023-06-07 13:11:52,925 [INFO] CodeEngine:279 - Generated code: /home/jeff/STM32CubeIDE/workspace_1.12.1/Intruder-Detection-System/Trial_LWIP/MXTmpFiles/eth_HalInit.tmp
2023-06-07 13:11:52,925 [INFO] CodeEngine:255 - oldGeneratedFile, /home/jeff/STM32CubeIDE/workspace_1.12.1/Intruder-Detection-System/Trial_LWIP/MXTmpFiles/eth_Msp.tmp_save
2023-06-07 13:11:52,964 [INFO] CodeEngine:279 - Generated code: /home/jeff/STM32CubeIDE/workspace_1.12.1/Intruder-Detection-System/Trial_LWIP/MXTmpFiles/eth_Msp.tmp
2023-06-07 13:11:53,263 [WARN] IPConfigManager:2937 - Warning: the RefConfig PWREx_EnableUSBVoltageDetector is not available in your config.xml file
2023-06-07 13:11:53,271 [INFO] Middleware:1439 - No code input for Bsp Dependency
2023-06-07 13:11:53,272 [INFO] CodeEngine:255 - oldGeneratedFile, /home/jeff/STM32CubeIDE/workspace_1.12.1/Intruder-Detection-System/Trial_LWIP/MXTmpFiles/rtos_inc.tmp_save
2023-06-07 13:11:53,299 [INFO] CodeEngine:279 - Generated code: /home/jeff/STM32CubeIDE/workspace_1.12.1/Intruder-Detection-System/Trial_LWIP/MXTmpFiles/rtos_inc.tmp
2023-06-07 13:11:53,300 [INFO] CodeEngine:255 - oldGeneratedFile, /home/jeff/STM32CubeIDE/workspace_1.12.1/Intruder-Detection-System/Trial_LWIP/MXTmpFiles/rtos_vars.tmp_save
2023-06-07 13:11:53,327 [INFO] CodeEngine:279 - Generated code: /home/jeff/STM32CubeIDE/workspace_1.12.1/Intruder-Detection-System/Trial_LWIP/MXTmpFiles/rtos_vars.tmp
2023-06-07 13:11:53,327 [INFO] CodeEngine:255 - oldGeneratedFile, /home/jeff/STM32CubeIDE/workspace_1.12.1/Intruder-Detection-System/Trial_LWIP/MXTmpFiles/rtos_pfp.tmp_save
2023-06-07 13:11:53,352 [INFO] CodeEngine:279 - Generated code: /home/jeff/STM32CubeIDE/workspace_1.12.1/Intruder-Detection-System/Trial_LWIP/MXTmpFiles/rtos_pfp.tmp
2023-06-07 13:11:53,352 [INFO] CodeEngine:255 - oldGeneratedFile, /home/jeff/STM32CubeIDE/workspace_1.12.1/Intruder-Detection-System/Trial_LWIP/MXTmpFiles/rtos_obj_creat.tmp_save
2023-06-07 13:11:53,379 [INFO] CodeEngine:279 - Generated code: /home/jeff/STM32CubeIDE/workspace_1.12.1/Intruder-Detection-System/Trial_LWIP/MXTmpFiles/rtos_obj_creat.tmp
2023-06-07 13:11:53,380 [INFO] CodeEngine:255 - oldGeneratedFile, /home/jeff/STM32CubeIDE/workspace_1.12.1/Intruder-Detection-System/Trial_LWIP/MXTmpFiles/rtos_kernelStart.tmp_save
2023-06-07 13:11:53,403 [INFO] CodeEngine:279 - Generated code: /home/jeff/STM32CubeIDE/workspace_1.12.1/Intruder-Detection-System/Trial_LWIP/MXTmpFiles/rtos_kernelStart.tmp
2023-06-07 13:11:53,403 [INFO] CodeEngine:255 - oldGeneratedFile, /home/jeff/STM32CubeIDE/workspace_1.12.1/Intruder-Detection-System/Trial_LWIP/MXTmpFiles/rtos_default_thread.tmp_save
2023-06-07 13:11:53,427 [INFO] CodeEngine:279 - Generated code: /home/jeff/STM32CubeIDE/workspace_1.12.1/Intruder-Detection-System/Trial_LWIP/MXTmpFiles/rtos_default_thread.tmp
2023-06-07 13:11:53,428 [INFO] CodeEngine:255 - oldGeneratedFile, /home/jeff/STM32CubeIDE/workspace_1.12.1/Intruder-Detection-System/Trial_LWIP/MXTmpFiles/rtos_threads.tmp_save
2023-06-07 13:11:53,452 [INFO] CodeEngine:279 - Generated code: /home/jeff/STM32CubeIDE/workspace_1.12.1/Intruder-Detection-System/Trial_LWIP/MXTmpFiles/rtos_threads.tmp
2023-06-07 13:11:53,457 [INFO] Middleware:1439 - No code input for Bsp Dependency
2023-06-07 13:11:53,464 [INFO] Middleware:1439 - No code input for Bsp Dependency
2023-06-07 13:11:53,465 [INFO] CodeEngine:255 - oldGeneratedFile, /home/jeff/STM32CubeIDE/workspace_1.12.1/Intruder-Detection-System/Trial_LWIP/MXTmpFiles/rtos_inc.tmp_save
2023-06-07 13:11:53,494 [INFO] CodeEngine:279 - Generated code: /home/jeff/STM32CubeIDE/workspace_1.12.1/Intruder-Detection-System/Trial_LWIP/MXTmpFiles/rtos_inc.tmp
2023-06-07 13:11:53,494 [INFO] CodeEngine:255 - oldGeneratedFile, /home/jeff/STM32CubeIDE/workspace_1.12.1/Intruder-Detection-System/Trial_LWIP/MXTmpFiles/rtos_vars.tmp_save
2023-06-07 13:11:53,518 [INFO] CodeEngine:279 - Generated code: /home/jeff/STM32CubeIDE/workspace_1.12.1/Intruder-Detection-System/Trial_LWIP/MXTmpFiles/rtos_vars.tmp
2023-06-07 13:11:53,519 [INFO] CodeEngine:255 - oldGeneratedFile, /home/jeff/STM32CubeIDE/workspace_1.12.1/Intruder-Detection-System/Trial_LWIP/MXTmpFiles/rtos_pfp.tmp_save
2023-06-07 13:11:53,544 [INFO] CodeEngine:279 - Generated code: /home/jeff/STM32CubeIDE/workspace_1.12.1/Intruder-Detection-System/Trial_LWIP/MXTmpFiles/rtos_pfp.tmp
2023-06-07 13:11:53,544 [INFO] CodeEngine:255 - oldGeneratedFile, /home/jeff/STM32CubeIDE/workspace_1.12.1/Intruder-Detection-System/Trial_LWIP/MXTmpFiles/rtos_obj_creat.tmp_save
2023-06-07 13:11:53,570 [INFO] CodeEngine:279 - Generated code: /home/jeff/STM32CubeIDE/workspace_1.12.1/Intruder-Detection-System/Trial_LWIP/MXTmpFiles/rtos_obj_creat.tmp
2023-06-07 13:11:53,571 [INFO] CodeEngine:255 - oldGeneratedFile, /home/jeff/STM32CubeIDE/workspace_1.12.1/Intruder-Detection-System/Trial_LWIP/MXTmpFiles/rtos_kernelStart.tmp_save
2023-06-07 13:11:53,598 [INFO] CodeEngine:279 - Generated code: /home/jeff/STM32CubeIDE/workspace_1.12.1/Intruder-Detection-System/Trial_LWIP/MXTmpFiles/rtos_kernelStart.tmp
2023-06-07 13:11:53,598 [INFO] CodeEngine:255 - oldGeneratedFile, /home/jeff/STM32CubeIDE/workspace_1.12.1/Intruder-Detection-System/Trial_LWIP/MXTmpFiles/rtos_default_thread.tmp_save
2023-06-07 13:11:53,622 [INFO] CodeEngine:279 - Generated code: /home/jeff/STM32CubeIDE/workspace_1.12.1/Intruder-Detection-System/Trial_LWIP/MXTmpFiles/rtos_default_thread.tmp
2023-06-07 13:11:53,622 [INFO] CodeEngine:255 - oldGeneratedFile, /home/jeff/STM32CubeIDE/workspace_1.12.1/Intruder-Detection-System/Trial_LWIP/MXTmpFiles/rtos_threads.tmp_save
2023-06-07 13:11:53,645 [INFO] CodeEngine:279 - Generated code: /home/jeff/STM32CubeIDE/workspace_1.12.1/Intruder-Detection-System/Trial_LWIP/MXTmpFiles/rtos_threads.tmp
2023-06-07 13:11:53,646 [INFO] CodeEngine:255 - oldGeneratedFile, /home/jeff/STM32CubeIDE/workspace_1.12.1/Intruder-Detection-System/Trial_LWIP/Core/Inc/FreeRTOSConfig.h_save
2023-06-07 13:11:53,683 [INFO] CodeEngine:279 - Generated code: /home/jeff/STM32CubeIDE/workspace_1.12.1/Intruder-Detection-System/Trial_LWIP/Core/Inc/FreeRTOSConfig.h
2023-06-07 13:11:53,684 [INFO] CodeEngine:255 - oldGeneratedFile, /home/jeff/STM32CubeIDE/workspace_1.12.1/Intruder-Detection-System/Trial_LWIP/Core/Src/freertos.c_save
2023-06-07 13:11:53,711 [INFO] CodeEngine:279 - Generated code: /home/jeff/STM32CubeIDE/workspace_1.12.1/Intruder-Detection-System/Trial_LWIP/Core/Src/freertos.c
2023-06-07 13:11:53,712 [INFO] CodeEngine:255 - oldGeneratedFile, /home/jeff/STM32CubeIDE/workspace_1.12.1/Intruder-Detection-System/Trial_LWIP/MXTmpFiles/cortex.tmp_save
2023-06-07 13:11:53,737 [INFO] CodeEngine:279 - Generated code: /home/jeff/STM32CubeIDE/workspace_1.12.1/Intruder-Detection-System/Trial_LWIP/MXTmpFiles/cortex.tmp
2023-06-07 13:11:53,741 [INFO] Middleware:1439 - No code input for Bsp Dependency
2023-06-07 13:11:53,745 [INFO] CodeEngine:255 - oldGeneratedFile, /home/jeff/STM32CubeIDE/workspace_1.12.1/Intruder-Detection-System/Trial_LWIP/LWIP/App/lwip.c_save
2023-06-07 13:11:53,774 [INFO] CodeEngine:279 - Generated code: /home/jeff/STM32CubeIDE/workspace_1.12.1/Intruder-Detection-System/Trial_LWIP/LWIP/App/lwip.c
2023-06-07 13:11:53,774 [INFO] CodeEngine:255 - oldGeneratedFile, /home/jeff/STM32CubeIDE/workspace_1.12.1/Intruder-Detection-System/Trial_LWIP/LWIP/App/lwip.h_save
2023-06-07 13:11:53,798 [INFO] CodeEngine:279 - Generated code: /home/jeff/STM32CubeIDE/workspace_1.12.1/Intruder-Detection-System/Trial_LWIP/LWIP/App/lwip.h
2023-06-07 13:11:53,799 [INFO] CodeEngine:255 - oldGeneratedFile, /home/jeff/STM32CubeIDE/workspace_1.12.1/Intruder-Detection-System/Trial_LWIP/LWIP/Target/lwipopts.h_save
2023-06-07 13:11:53,856 [INFO] CodeEngine:279 - Generated code: /home/jeff/STM32CubeIDE/workspace_1.12.1/Intruder-Detection-System/Trial_LWIP/LWIP/Target/lwipopts.h
2023-06-07 13:11:53,856 [INFO] CodeEngine:255 - oldGeneratedFile, /home/jeff/STM32CubeIDE/workspace_1.12.1/Intruder-Detection-System/Trial_LWIP/LWIP/Target/ethernetif.c_save
2023-06-07 13:11:53,885 [INFO] CodeEngine:279 - Generated code: /home/jeff/STM32CubeIDE/workspace_1.12.1/Intruder-Detection-System/Trial_LWIP/LWIP/Target/ethernetif.c
2023-06-07 13:11:53,885 [INFO] CodeEngine:255 - oldGeneratedFile, /home/jeff/STM32CubeIDE/workspace_1.12.1/Intruder-Detection-System/Trial_LWIP/LWIP/Target/ethernetif.h_save
2023-06-07 13:11:53,910 [INFO] CodeEngine:279 - Generated code: /home/jeff/STM32CubeIDE/workspace_1.12.1/Intruder-Detection-System/Trial_LWIP/LWIP/Target/ethernetif.h
2023-06-07 13:11:53,916 [INFO] CodeEngine:255 - oldGeneratedFile, /home/jeff/STM32CubeIDE/workspace_1.12.1/Intruder-Detection-System/Trial_LWIP/Core/Src/stm32f7xx_it.c_save
2023-06-07 13:11:53,943 [INFO] CodeEngine:279 - Generated code: /home/jeff/STM32CubeIDE/workspace_1.12.1/Intruder-Detection-System/Trial_LWIP/Core/Src/stm32f7xx_it.c
2023-06-07 13:11:53,944 [INFO] CodeEngine:255 - oldGeneratedFile, /home/jeff/STM32CubeIDE/workspace_1.12.1/Intruder-Detection-System/Trial_LWIP/Core/Inc/stm32f7xx_it.h_save
2023-06-07 13:11:53,968 [INFO] CodeEngine:279 - Generated code: /home/jeff/STM32CubeIDE/workspace_1.12.1/Intruder-Detection-System/Trial_LWIP/Core/Inc/stm32f7xx_it.h
2023-06-07 13:11:53,970 [INFO] CodeEngine:255 - oldGeneratedFile, /home/jeff/STM32CubeIDE/workspace_1.12.1/Intruder-Detection-System/Trial_LWIP/Core/Src/stm32f7xx_hal_msp.c_save
2023-06-07 13:11:54,011 [INFO] CodeEngine:279 - Generated code: /home/jeff/STM32CubeIDE/workspace_1.12.1/Intruder-Detection-System/Trial_LWIP/Core/Src/stm32f7xx_hal_msp.c
2023-06-07 13:11:54,011 [INFO] CodeEngine:255 - oldGeneratedFile, /home/jeff/STM32CubeIDE/workspace_1.12.1/Intruder-Detection-System/Trial_LWIP/MXTmpFiles/system.tmp_save
2023-06-07 13:11:54,035 [INFO] CodeEngine:279 - Generated code: /home/jeff/STM32CubeIDE/workspace_1.12.1/Intruder-Detection-System/Trial_LWIP/MXTmpFiles/system.tmp
2023-06-07 13:11:54,036 [INFO] CodeEngine:255 - oldGeneratedFile, /home/jeff/STM32CubeIDE/workspace_1.12.1/Intruder-Detection-System/Trial_LWIP/Core/Src/stm32f7xx_hal_timebase_tim.c_save
2023-06-07 13:11:54,061 [INFO] CodeEngine:279 - Generated code: /home/jeff/STM32CubeIDE/workspace_1.12.1/Intruder-Detection-System/Trial_LWIP/Core/Src/stm32f7xx_hal_timebase_tim.c
2023-06-07 13:11:54,063 [INFO] CodeEngine:311 - oldGeneratedFile, /home/jeff/STM32CubeIDE/workspace_1.12.1/Intruder-Detection-System/Trial_LWIP/Core/Inc/stm32f7xx_hal_conf.h_save
2023-06-07 13:11:54,090 [INFO] CodeEngine:335 - Generated code: /home/jeff/STM32CubeIDE/workspace_1.12.1/Intruder-Detection-System/Trial_LWIP/Core/Inc/stm32f7xx_hal_conf.h
2023-06-07 13:11:54,100 [WARN] IPConfigManager:3431 - IP not found : USB_OTG
2023-06-07 13:11:54,100 [WARN] CodeGenerator:3754 - IP not found : null
2023-06-07 13:11:54,101 [INFO] CodeEngine:255 - oldGeneratedFile, /home/jeff/STM32CubeIDE/workspace_1.12.1/Intruder-Detection-System/Trial_LWIP/Core/Inc/main.h_save
2023-06-07 13:11:54,128 [INFO] CodeEngine:279 - Generated code: /home/jeff/STM32CubeIDE/workspace_1.12.1/Intruder-Detection-System/Trial_LWIP/Core/Inc/main.h
2023-06-07 13:11:54,129 [INFO] CodeEngine:255 - oldGeneratedFile, /home/jeff/STM32CubeIDE/workspace_1.12.1/Intruder-Detection-System/Trial_LWIP/Core/Src/main.c_save
2023-06-07 13:11:54,172 [INFO] CodeEngine:279 - Generated code: /home/jeff/STM32CubeIDE/workspace_1.12.1/Intruder-Detection-System/Trial_LWIP/Core/Src/main.c
2023-06-07 13:11:54,401 [INFO] ProjectBuilder:2996 - Time for Copy HAL[1] : 28mS.
2023-06-07 13:11:54,405 [INFO] ProjectBuilder:4304 - Project Generator version: 3.19.2
2023-06-07 13:11:54,507 [INFO] ConfigFileManager:1483 - The Die is : DIE451
2023-06-07 13:11:55,416 [INFO] ProjectBuilder:4505 - Time for Generating toolchain IDE Files: 1012mS.
2023-06-07 13:11:55,416 [INFO] ProjectBuilder:2867 - Time for Copy CMSIS : 0mS.
2023-06-07 13:11:55,418 [INFO] ProjectBuilder:2867 - Time for Copy CMSIS : 0mS.
