2024-01-08 12:14:17,176 [INFO] Activator:176 - 


2024-01-08 12:14:17,179 [INFO] Activator:177 - !SESSION log4j initialized
2024-01-08 12:14:20,228 [INFO] LogOutputStream:77 - [STDOUT_REDIRECT] 
2024-01-08 12:15:00,655 [ERROR] LogOutputStream:75 - [STDERR_REDIRECT] SLF4J: Failed to load class "org.slf4j.impl.StaticLoggerBinder".
2024-01-08 12:15:00,655 [ERROR] LogOutputStream:75 - [STDERR_REDIRECT] SLF4J: Defaulting to no-operation (NOP) logger implementation
2024-01-08 12:15:00,656 [ERROR] LogOutputStream:75 - [STDERR_REDIRECT] SLF4J: See http://www.slf4j.org/codes.html#StaticLoggerBinder for further details.
2024-01-08 12:22:32,803 [ERROR] AdobePublisher:162 - Exception while opening the connection: java.net.ConnectException: Connection refused (Connection refused)
2024-01-08 12:22:32,805 [ERROR] AdobePublisher:162 - Exception while opening the connection: java.net.ConnectException: Connection refused (Connection refused)
2024-01-08 12:22:32,806 [ERROR] AdobePublisher:162 - Exception while opening the connection: java.net.ConnectException: Connection refused (Connection refused)
2024-01-08 12:22:32,807 [ERROR] AdobePublisher:162 - Exception while opening the connection: java.net.ConnectException: Connection refused (Connection refused)
2024-01-08 12:22:32,807 [ERROR] AdobePublisher:162 - Exception while opening the connection: java.net.ConnectException: Connection refused (Connection refused)
2024-01-08 12:22:32,821 [ERROR] AdobePublisher:162 - Exception while opening the connection: java.net.ConnectException: Connection refused (Connection refused)
2024-01-08 12:22:32,821 [ERROR] AdobePublisher:162 - Exception while opening the connection: java.net.ConnectException: Connection refused (Connection refused)
2024-01-08 12:22:32,822 [ERROR] AdobePublisher:162 - Exception while opening the connection: java.net.ConnectException: Connection refused (Connection refused)
2024-01-08 12:22:32,822 [ERROR] AdobePublisher:162 - Exception while opening the connection: java.net.ConnectException: Connection refused (Connection refused)
2024-01-08 12:22:32,822 [ERROR] AdobePublisher:162 - Exception while opening the connection: java.net.ConnectException: Connection refused (Connection refused)
2024-01-08 16:33:35,361 [INFO] Activator:176 - 


2024-01-08 16:33:35,362 [INFO] Activator:177 - !SESSION log4j initialized
2024-01-08 16:33:38,430 [INFO] LogOutputStream:77 - [STDOUT_REDIRECT] 
2024-01-08 16:34:18,885 [ERROR] LogOutputStream:75 - [STDERR_REDIRECT] SLF4J: Failed to load class "org.slf4j.impl.StaticLoggerBinder".
2024-01-08 16:34:18,886 [ERROR] LogOutputStream:75 - [STDERR_REDIRECT] SLF4J: Defaulting to no-operation (NOP) logger implementation
2024-01-08 16:34:18,886 [ERROR] LogOutputStream:75 - [STDERR_REDIRECT] SLF4J: See http://www.slf4j.org/codes.html#StaticLoggerBinder for further details.
2024-01-08 16:35:32,514 [ERROR] AdobePublisher:162 - Exception while opening the connection: java.net.ConnectException: Connection refused (Connection refused)
2024-01-08 16:35:32,515 [ERROR] AdobePublisher:162 - Exception while opening the connection: java.net.ConnectException: Connection refused (Connection refused)
2024-01-08 16:35:32,515 [ERROR] AdobePublisher:162 - Exception while opening the connection: java.net.ConnectException: Connection refused (Connection refused)
2024-01-08 16:35:32,516 [ERROR] AdobePublisher:162 - Exception while opening the connection: java.net.ConnectException: Connection refused (Connection refused)
2024-01-08 16:35:32,516 [ERROR] AdobePublisher:162 - Exception while opening the connection: java.net.ConnectException: Connection refused (Connection refused)
2024-01-08 16:35:32,525 [ERROR] AdobePublisher:162 - Exception while opening the connection: java.net.ConnectException: Connection refused (Connection refused)
2024-01-08 16:35:32,526 [ERROR] AdobePublisher:162 - Exception while opening the connection: java.net.ConnectException: Connection refused (Connection refused)
2024-01-08 16:35:32,526 [ERROR] AdobePublisher:162 - Exception while opening the connection: java.net.ConnectException: Connection refused (Connection refused)
2024-01-08 16:35:32,526 [ERROR] AdobePublisher:162 - Exception while opening the connection: java.net.ConnectException: Connection refused (Connection refused)
2024-01-08 16:35:32,526 [ERROR] AdobePublisher:162 - Exception while opening the connection: java.net.ConnectException: Connection refused (Connection refused)
