2023-06-08 10:41:20,016 [INFO] Activator:176 - 


2023-06-08 10:41:20,020 [INFO] Activator:177 - !SESSION log4j initialized
2023-06-08 10:41:23,061 [INFO] LogOutputStream:77 - [STDOUT_REDIRECT] 
2023-06-08 10:41:36,289 [INFO] ApplicationProperties:184 - Using Application install path: /opt/st/stm32cubeide_1.12.1/plugins/com.st.stm32cube.common.mx_6.8.1.202304191431
2023-06-08 10:41:36,300 [INFO] DbMcusXml:78 - Set database path to: /opt/st/stm32cubeide_1.12.1/plugins/com.st.stm32cube.common.mx_6.8.1.202304191431//db//mcu/
2023-06-08 10:41:36,301 [INFO] ApiDb:274 - Set plugin database path to: /opt/st/stm32cubeide_1.12.1/plugins/com.st.stm32cube.common.mx_6.8.1.202304191431//db//plugins/boardmanager/
2023-06-08 10:41:36,302 [WARN] ApiDb:259 - Overriding images path with different value:  => /opt/st/stm32cubeide_1.12.1/plugins/com.st.stm32cube.common.mx_6.8.1.202304191431//db//plugins/mcufinder/images/
2023-06-08 10:41:36,310 [INFO] ApiDb:250 - Set database path to: /home/jeff/.stmcufinder/plugins/mcufinder//mcu/
2023-06-08 10:41:36,311 [INFO] DbMcusAds:125 - Set database path to: /home/jeff/.stmcufinder/plugins/mcufinder//mcu/
2023-06-08 10:41:36,313 [INFO] CrossReferenceDbSqlite:203 - Set database path to: /home/jeff/.stmcufinder/plugins/mcufinder//mcu/cs/
2023-06-08 10:41:36,374 [INFO] RulesReader:64 - Compatibility file has been processed (293 Rules)
2023-06-08 10:41:36,415 [INFO] DbMcusXml:78 - Set database path to: /opt/st/stm32cubeide_1.12.1/plugins/com.st.stm32cube.common.mx_6.8.1.202304191431//db//mcu/
2023-06-08 10:41:36,415 [INFO] ApiDb:274 - Set plugin database path to: /opt/st/stm32cubeide_1.12.1/plugins/com.st.stm32cube.common.mx_6.8.1.202304191431//db//plugins/boardmanager/
2023-06-08 10:41:36,415 [INFO] ApiDb:261 - Set plugin images path to: /opt/st/stm32cubeide_1.12.1/plugins/com.st.stm32cube.common.mx_6.8.1.202304191431//db//plugins/mcufinder/images/
2023-06-08 10:41:36,415 [WARN] DbFile:41 - Overriding database path with different value: /home/jeff/.stmcufinder/plugins/mcufinder/ => /home/jeff/.stmcufinder/plugins/mcufinder
2023-06-08 10:41:36,415 [INFO] ApiDb:250 - Set database path to: /home/jeff/.stmcufinder/plugins/mcufinder//mcu/
2023-06-08 10:41:36,415 [WARN] DbFile:41 - Overriding database path with different value: /home/jeff/.stmcufinder/plugins/mcufinder/ => /home/jeff/.stmcufinder/plugins/mcufinder
2023-06-08 10:41:36,415 [INFO] DbMcusAds:125 - Set database path to: /home/jeff/.stmcufinder/plugins/mcufinder//mcu/
2023-06-08 10:41:36,415 [WARN] DbFile:41 - Overriding database path with different value: /home/jeff/.stmcufinder/plugins/mcufinder/ => /home/jeff/.stmcufinder/plugins/mcufinder
2023-06-08 10:41:36,415 [WARN] DbFile:41 - Overriding database path with different value: /home/jeff/.stmcufinder/plugins/mcufinder/ => /home/jeff/.stmcufinder/plugins/mcufinder
2023-06-08 10:41:36,415 [INFO] CrossReferenceDbSqlite:203 - Set database path to: /home/jeff/.stmcufinder/plugins/mcufinder//mcu/cs/
2023-06-08 10:41:36,466 [INFO] MainPanel:253 - HeapMemory: 268435456
2023-06-08 10:41:36,545 [INFO] DbMcusXml:78 - Set database path to: /opt/st/stm32cubeide_1.12.1/plugins/com.st.stm32cube.common.mx_6.8.1.202304191431//db//mcu/
2023-06-08 10:41:36,545 [INFO] ApiDb:274 - Set plugin database path to: /opt/st/stm32cubeide_1.12.1/plugins/com.st.stm32cube.common.mx_6.8.1.202304191431//db//plugins/boardmanager/
2023-06-08 10:41:36,545 [INFO] ApiDb:261 - Set plugin images path to: /opt/st/stm32cubeide_1.12.1/plugins/com.st.stm32cube.common.mx_6.8.1.202304191431//db//plugins/mcufinder/images/
2023-06-08 10:41:36,545 [WARN] DbFile:41 - Overriding database path with different value: /home/jeff/.stmcufinder/plugins/mcufinder/ => /home/jeff/.stmcufinder/plugins/mcufinder
2023-06-08 10:41:36,545 [INFO] ApiDb:250 - Set database path to: /home/jeff/.stmcufinder/plugins/mcufinder//mcu/
2023-06-08 10:41:36,545 [WARN] DbFile:41 - Overriding database path with different value: /home/jeff/.stmcufinder/plugins/mcufinder/ => /home/jeff/.stmcufinder/plugins/mcufinder
2023-06-08 10:41:36,545 [INFO] DbMcusAds:125 - Set database path to: /home/jeff/.stmcufinder/plugins/mcufinder//mcu/
2023-06-08 10:41:36,545 [WARN] DbFile:41 - Overriding database path with different value: /home/jeff/.stmcufinder/plugins/mcufinder/ => /home/jeff/.stmcufinder/plugins/mcufinder
2023-06-08 10:41:36,545 [WARN] DbFile:41 - Overriding database path with different value: /home/jeff/.stmcufinder/plugins/mcufinder/ => /home/jeff/.stmcufinder/plugins/mcufinder
2023-06-08 10:41:36,546 [INFO] CrossReferenceDbSqlite:203 - Set database path to: /home/jeff/.stmcufinder/plugins/mcufinder//mcu/cs/
2023-06-08 10:41:36,557 [INFO] ApplicationProperties:184 - Using Application install path: /opt/st/stm32cubeide_1.12.1/plugins/com.st.stm32cube.common.mx_6.8.1.202304191431
2023-06-08 10:41:36,558 [INFO] PluginManage:196 - Search for loadable plugins [exclusion list=, ]
2023-06-08 10:41:36,559 [INFO] PluginManage:310 - Check plugin analytics
2023-06-08 10:41:36,635 [INFO] AnalyticsPlugin:253 - Accepted Software Licenses: STM32CubeMX.6.8.1
2023-06-08 10:41:36,636 [INFO] AnalyticsPlugin:255 - Accepted CMSIS Pack Licenses: 
2023-06-08 10:41:36,636 [INFO] AnalyticsPlugin:257 - Accepted Firmware Licenses: FW.F7.1.17.0,FW.F4.1.27.0
2023-06-08 10:41:36,641 [INFO] PluginManage:359 - Loaded plugin analytics (category:tool,tabindex:-1)
2023-06-08 10:41:36,641 [INFO] PluginManage:310 - Check plugin cadmodel
2023-06-08 10:41:36,694 [INFO] CADModel:105 - Init CAD model plugin
2023-06-08 10:41:36,694 [INFO] PluginManage:359 - Loaded plugin cadmodel (category:power,tabindex:5)
2023-06-08 10:41:36,694 [INFO] PluginManage:310 - Check plugin clock
2023-06-08 10:41:36,701 [INFO] PluginManage:359 - Loaded plugin clock (category:base,tabindex:2)
2023-06-08 10:41:36,701 [INFO] PluginManage:310 - Check plugin ddr
2023-06-08 10:41:36,702 [INFO] PluginManage:359 - Loaded plugin ddr (category:tool,tabindex:6)
2023-06-08 10:41:36,702 [INFO] PluginManage:310 - Check plugin filemanager
2023-06-08 10:41:36,789 [INFO] PluginManage:359 - Loaded plugin filemanager (category:base,tabindex:10)
2023-06-08 10:41:36,789 [INFO] PluginManage:310 - Check plugin ipmanager
2023-06-08 10:41:36,793 [INFO] PluginManage:359 - Loaded plugin ipmanager (category:base,tabindex:5)
2023-06-08 10:41:36,793 [INFO] PluginManage:310 - Check plugin lpbam
2023-06-08 10:41:36,799 [INFO] PluginManage:359 - Loaded plugin lpbam (category:base,tabindex:0)
2023-06-08 10:41:36,799 [INFO] PluginManage:310 - Check plugin pinoutandconfiguration
2023-06-08 10:41:36,804 [INFO] PluginManage:359 - Loaded plugin pinoutandconfiguration (category:base,tabindex:1)
2023-06-08 10:41:36,805 [INFO] PluginManage:310 - Check plugin pinoutconfig
2023-06-08 10:41:36,855 [WARN] SupportedApi:132 - Cannot load RTOS API schema: s4s-elt-must-match.1: The content of 'definitions' must match (annotation?, (simpleType | complexType)?, (unique | key | keyref)*)). A problem was found starting at: attribute.
2023-06-08 10:41:36,928 [INFO] PluginManage:359 - Loaded plugin pinoutconfig (category:base,tabindex:0)
2023-06-08 10:41:36,928 [INFO] PluginManage:310 - Check plugin power
2023-06-08 10:41:36,935 [INFO] PluginManage:359 - Loaded plugin power (category:power,tabindex:4)
2023-06-08 10:41:36,935 [INFO] PluginManage:310 - Check plugin projectmanager
2023-06-08 10:41:36,947 [INFO] PluginManage:359 - Loaded plugin projectmanager (category:projectmanager,tabindex:3)
2023-06-08 10:41:36,947 [INFO] PluginManage:310 - Check plugin thirdparty
2023-06-08 10:41:37,014 [INFO] PluginManage:359 - Loaded plugin thirdparty (category:base,tabindex:-1)
2023-06-08 10:41:37,014 [WARN] IntegrityCheckThread:84 - waiting for thirdparty lock release [integrity check]
2023-06-08 10:41:37,014 [INFO] PluginManage:310 - Check plugin tools
2023-06-08 10:41:37,014 [INFO] IntegrityCheckThread:86 - entering critical section [integrity check]
2023-06-08 10:41:37,016 [INFO] ThirdPartyUpdaterWithRetryManager:70 - Updater plugin not ready yet. [1/15]
2023-06-08 10:41:37,016 [INFO] PluginManage:359 - Loaded plugin tools (category:base,tabindex:7)
2023-06-08 10:41:37,016 [INFO] PluginManage:310 - Check plugin tutovideos
2023-06-08 10:41:37,144 [INFO] PluginManage:359 - Loaded plugin tutovideos (category:base,tabindex:-1)
2023-06-08 10:41:37,144 [INFO] PluginManage:310 - Check plugin updater
2023-06-08 10:41:37,158 [INFO] PluginManage:359 - Loaded plugin updater (category:base,tabindex:12)
2023-06-08 10:41:37,158 [INFO] PluginManage:283 - PluginManage : Loaded plugins [15]
2023-06-08 10:41:37,302 [INFO] PinOutPanel:1499 - setPackage(No Configuration,No Configuration)
2023-06-08 10:41:37,346 [INFO] CADModel:165 - CPN selected for project level
2023-06-08 10:41:37,346 [INFO] CADModel:114 - Register for checkConnection events
2023-06-08 10:41:37,357 [INFO] IPUIPlugin:80 - create IPUIPlugin
2023-06-08 10:41:37,358 [INFO] PluginManager:220 - loadIPPluginJar : add usbx
2023-06-08 10:41:37,359 [INFO] IPUIPlugin:80 - create IPUIPlugin
2023-06-08 10:41:37,359 [INFO] PluginManager:220 - loadIPPluginJar : add tracer_emb
2023-06-08 10:41:37,360 [INFO] IPUIPlugin:80 - create IPUIPlugin
2023-06-08 10:41:37,360 [INFO] PluginManager:220 - loadIPPluginJar : add quadspi
2023-06-08 10:41:37,361 [INFO] IPUIPlugin:80 - create IPUIPlugin
2023-06-08 10:41:37,361 [INFO] PluginManager:220 - loadIPPluginJar : add comp
2023-06-08 10:41:37,362 [INFO] IPUIPlugin:80 - create IPUIPlugin
2023-06-08 10:41:37,362 [INFO] PluginManager:220 - loadIPPluginJar : add dma3
2023-06-08 10:41:37,363 [INFO] IPUIPlugin:80 - create IPUIPlugin
2023-06-08 10:41:37,363 [INFO] PluginManager:220 - loadIPPluginJar : add ucpd
2023-06-08 10:41:37,364 [INFO] IPUIPlugin:80 - create IPUIPlugin
2023-06-08 10:41:37,364 [INFO] PluginManager:220 - loadIPPluginJar : add fatfs
2023-06-08 10:41:37,365 [INFO] IPUIPlugin:80 - create IPUIPlugin
2023-06-08 10:41:37,365 [INFO] PluginManager:220 - loadIPPluginJar : add ts
2023-06-08 10:41:37,368 [INFO] IPUIPlugin:80 - create IPUIPlugin
2023-06-08 10:41:37,368 [INFO] PluginManager:220 - loadIPPluginJar : add gic
2023-06-08 10:41:37,369 [INFO] IPUIPlugin:80 - create IPUIPlugin
2023-06-08 10:41:37,369 [INFO] PluginManager:220 - loadIPPluginJar : add i3c
2023-06-08 10:41:37,370 [INFO] IPUIPlugin:80 - create IPUIPlugin
2023-06-08 10:41:37,370 [INFO] PluginManager:220 - loadIPPluginJar : add ltdc
2023-06-08 10:41:37,371 [INFO] IPUIPlugin:80 - create IPUIPlugin
2023-06-08 10:41:37,371 [INFO] PluginManager:220 - loadIPPluginJar : add tsc
2023-06-08 10:41:37,372 [INFO] IPUIPlugin:80 - create IPUIPlugin
2023-06-08 10:41:37,372 [INFO] PluginManager:220 - loadIPPluginJar : add i2c
2023-06-08 10:41:37,376 [INFO] IPUIPlugin:80 - create IPUIPlugin
2023-06-08 10:41:37,376 [INFO] PluginManager:220 - loadIPPluginJar : add resmgrutility
2023-06-08 10:41:37,377 [INFO] IPUIPlugin:80 - create IPUIPlugin
2023-06-08 10:41:37,377 [INFO] PluginManager:220 - loadIPPluginJar : add i2s
2023-06-08 10:41:37,378 [INFO] IPUIPlugin:80 - create IPUIPlugin
2023-06-08 10:41:37,379 [INFO] PluginManager:220 - loadIPPluginJar : add gfxmmu
2023-06-08 10:41:37,382 [INFO] IPUIPlugin:80 - create IPUIPlugin
2023-06-08 10:41:37,382 [INFO] PluginManager:220 - loadIPPluginJar : add freertos
2023-06-08 10:41:37,387 [INFO] IPUIPlugin:80 - create IPUIPlugin
2023-06-08 10:41:37,388 [INFO] PluginManager:220 - loadIPPluginJar : add dma
2023-06-08 10:41:37,393 [INFO] IPUIPlugin:80 - create IPUIPlugin
2023-06-08 10:41:37,393 [INFO] PluginManager:220 - loadIPPluginJar : add linkedlist
2023-06-08 10:41:37,395 [INFO] IPUIPlugin:80 - create IPUIPlugin
2023-06-08 10:41:37,395 [INFO] PluginManager:220 - loadIPPluginJar : add ipddr
2023-06-08 10:41:37,397 [INFO] IPUIPlugin:80 - create IPUIPlugin
2023-06-08 10:41:37,397 [INFO] PluginManager:220 - loadIPPluginJar : add lorawan
2023-06-08 10:41:37,400 [INFO] IPUIPlugin:80 - create IPUIPlugin
2023-06-08 10:41:37,400 [INFO] PluginManager:220 - loadIPPluginJar : add adc
2023-06-08 10:41:37,402 [INFO] IPUIPlugin:80 - create IPUIPlugin
2023-06-08 10:41:37,402 [INFO] PluginManager:220 - loadIPPluginJar : add touchsensing
2023-06-08 10:41:37,406 [INFO] IPUIPlugin:80 - create IPUIPlugin
2023-06-08 10:41:37,406 [INFO] PluginManager:220 - loadIPPluginJar : add mdma
2023-06-08 10:41:37,408 [INFO] IPUIPlugin:80 - create IPUIPlugin
2023-06-08 10:41:37,409 [INFO] PluginManager:220 - loadIPPluginJar : add gpio
2023-06-08 10:41:37,411 [INFO] IPUIPlugin:80 - create IPUIPlugin
2023-06-08 10:41:37,411 [INFO] PluginManager:220 - loadIPPluginJar : add nvic
2023-06-08 10:41:37,412 [INFO] IPUIPlugin:80 - create IPUIPlugin
2023-06-08 10:41:37,412 [INFO] PluginManager:220 - loadIPPluginJar : add hash
2023-06-08 10:41:37,415 [INFO] IPUIPlugin:80 - create IPUIPlugin
2023-06-08 10:41:37,417 [INFO] PluginManager:220 - loadIPPluginJar : add plateformsettings
2023-06-08 10:41:37,418 [INFO] IPUIPlugin:80 - create IPUIPlugin
2023-06-08 10:41:37,418 [INFO] PluginManager:220 - loadIPPluginJar : add usart
2023-06-08 10:41:37,420 [INFO] IPUIPlugin:80 - create IPUIPlugin
2023-06-08 10:41:37,420 [INFO] PluginManager:220 - loadIPPluginJar : add can
2023-06-08 10:41:37,421 [INFO] IPUIPlugin:80 - create IPUIPlugin
2023-06-08 10:41:37,421 [INFO] PluginManager:220 - loadIPPluginJar : add openamp
2023-06-08 10:41:37,423 [INFO] IPUIPlugin:80 - create IPUIPlugin
2023-06-08 10:41:37,423 [INFO] PluginManager:220 - loadIPPluginJar : add sai
2023-06-08 10:41:37,425 [INFO] IPUIPlugin:80 - create IPUIPlugin
2023-06-08 10:41:37,425 [INFO] PluginManager:220 - loadIPPluginJar : add fmc
2023-06-08 10:41:37,426 [INFO] IPUIPlugin:80 - create IPUIPlugin
2023-06-08 10:41:37,426 [INFO] PluginManager:220 - loadIPPluginJar : add aes
2023-06-08 10:41:37,427 [INFO] IPUIPlugin:80 - create IPUIPlugin
2023-06-08 10:41:37,427 [INFO] PluginManager:220 - loadIPPluginJar : add pdm2pcm
2023-06-08 10:41:37,429 [INFO] IPUIPlugin:80 - create IPUIPlugin
2023-06-08 10:41:37,429 [INFO] PluginManager:220 - loadIPPluginJar : add dfsdm
2023-06-08 10:41:37,431 [INFO] IPUIPlugin:80 - create IPUIPlugin
2023-06-08 10:41:37,431 [INFO] PluginManager:220 - loadIPPluginJar : add stm32_wpan
2023-06-08 10:41:37,432 [INFO] IPUIPlugin:80 - create IPUIPlugin
2023-06-08 10:41:37,433 [INFO] PluginManager:220 - loadIPPluginJar : add spi
2023-06-08 10:41:37,434 [INFO] IPUIPlugin:80 - create IPUIPlugin
2023-06-08 10:41:37,434 [INFO] PluginManager:220 - loadIPPluginJar : add cryp
2023-06-08 10:41:37,435 [INFO] IPUIPlugin:80 - create IPUIPlugin
2023-06-08 10:41:37,435 [INFO] PluginManager:220 - loadIPPluginJar : add gtzc
2023-06-08 10:41:37,437 [INFO] IPUIPlugin:80 - create IPUIPlugin
2023-06-08 10:41:37,437 [INFO] PluginManager:220 - loadIPPluginJar : add opamp
2023-06-08 10:41:37,437 [INFO] IPUIPlugin:80 - create IPUIPlugin
2023-06-08 10:41:37,437 [INFO] PluginManager:220 - loadIPPluginJar : add tim
2023-06-08 10:41:37,438 [INFO] IPUIPlugin:80 - create IPUIPlugin
2023-06-08 10:41:37,438 [INFO] PluginManager:220 - loadIPPluginJar : add genericplugin
2023-06-08 10:41:37,531 [INFO] CADModel:165 - CPN selected for project level
2023-06-08 10:41:37,532 [INFO] CADModel:114 - Register for checkConnection events
2023-06-08 10:41:37,532 [FATAL] Updater:308 - Updater called before beeing initialized
2023-06-08 10:41:37,532 [ERROR] CADModel:125 - Updater not yet initialized, retry later 
2023-06-08 10:41:37,609 [INFO] CADModel:165 - CPN selected for project level
2023-06-08 10:41:37,609 [INFO] CADModel:114 - Register for checkConnection events
2023-06-08 10:41:37,609 [FATAL] Updater:308 - Updater called before beeing initialized
2023-06-08 10:41:37,609 [ERROR] CADModel:125 - Updater not yet initialized, retry later 
2023-06-08 10:41:37,612 [FATAL] Updater:308 - Updater called before beeing initialized
2023-06-08 10:41:37,678 [FATAL] Updater:308 - Updater called before beeing initialized
2023-06-08 10:41:37,683 [INFO] DbMcusAds:53 - JSON generation date=Tue Mar 07 03:50:55 EST 2023 (1678179055335)
2023-06-08 10:41:37,683 [FATAL] Updater:308 - Updater called before beeing initialized
2023-06-08 10:41:37,704 [WARN] DetailPanel:346 - Failed to get advertising image, set to default
2023-06-08 10:41:37,811 [FATAL] Updater:308 - Updater called before beeing initialized
2023-06-08 10:41:37,813 [FATAL] Updater:308 - Updater called before beeing initialized
2023-06-08 10:41:37,813 [FATAL] Updater:308 - Updater called before beeing initialized
2023-06-08 10:41:37,813 [WARN] DetailPanel:346 - Failed to get advertising image, set to default
2023-06-08 10:41:37,813 [FATAL] Updater:308 - Updater called before beeing initialized
2023-06-08 10:41:37,831 [ERROR] Updater:1120 - MainUpdater not yet initialized. External WinMGr cannot be set.
2023-06-08 10:41:37,832 [INFO] Updater:1056 - Updater Version found : 6.8.1
2023-06-08 10:41:37,845 [INFO] ApplicationProperties:184 - Using Application install path: /opt/st/stm32cubeide_1.12.1/plugins/com.st.stm32cube.common.mx_6.8.1.202304191431
2023-06-08 10:41:37,955 [INFO] MainUpdater:2854 - connection check result : 10
2023-06-08 10:41:37,956 [INFO] MainUpdater:283 - Updater Check For Update Now.
2023-06-08 10:41:37,956 [INFO] MicroXplorer:498 - Change Database Version : DB.6.0.81
2023-06-08 10:41:38,095 [INFO] CheckServerUpdateThread:120 - End of CheckServer Thread
2023-06-08 10:41:38,164 [INFO] MainUpdater:2854 - connection check result : 10
2023-06-08 10:41:38,166 [INFO] MainUpdater:2854 - connection check result : 10
2023-06-08 10:41:38,197 [INFO] MicroXplorer:468 - Change Database Path : 
2023-06-08 10:41:38,197 [INFO] MicroXplorer:498 - Change Database Version : DB.6.0.81
2023-06-08 10:41:38,198 [WARN] ThirdParty:871 - waiting for thirdparty lock release [close project]
2023-06-08 10:41:40,093 [WARN] PackLoader:240 - Cannot read IP mode file for STMicroelectronics.X-CUBE-GNSS1.6.0.0
2023-06-08 10:41:40,107 [WARN] PackLoader:240 - Cannot read IP mode file for STMicroelectronics.X-CUBE-AZRTOS-F4.1.1.0
2023-06-08 10:41:40,112 [WARN] PackLoader:240 - Cannot read IP mode file for STMicroelectronics.X-CUBE-SMBUS.2.1.0
2023-06-08 10:41:40,113 [WARN] PackLoader:240 - Cannot read IP mode file for wolfSSL.I-CUBE-wolfSSL.5.6.0
2023-06-08 10:41:40,123 [WARN] PackLoader:240 - Cannot read IP mode file for STMicroelectronics.X-CUBE-AZRTOS-F7.1.1.0
2023-06-08 10:41:40,162 [WARN] PackLoader:240 - Cannot read IP mode file for STMicroelectronics.X-CUBE-MEMS1.9.6.0
2023-06-08 10:41:40,296 [ERROR] RealEvaluatedCondition:428 - Found unsupported composite condition: CLASS='Data Exchange' GROUP='STM32_MetaDataManager'
2023-06-08 10:41:40,296 [ERROR] RealEvaluatedCondition:428 - Found unsupported composite condition: CLASS='Data Exchange' GROUP='STM32_MetaDataManager'
2023-06-08 10:41:40,297 [WARN] PackLoader:240 - Cannot read IP mode file for STMicroelectronics.FP-SNS-MOTENV1.4.3.0
2023-06-08 10:41:40,300 [WARN] PackLoader:240 - Cannot read IP mode file for STMicroelectronics.FP-SNS-FLIGHT1.5.0.0
2023-06-08 10:41:40,302 [ERROR] RealEvaluatedCondition:428 - Found unsupported composite condition: CLASS='Data Exchange' GROUP='STM32_MetaDataManager'
2023-06-08 10:41:40,302 [ERROR] RealEvaluatedCondition:428 - Found unsupported composite condition: GROUP='STM32_MetaDataManager' CLASS='Data Exchange'
2023-06-08 10:41:40,303 [WARN] PackLoader:240 - Cannot read IP mode file for STMicroelectronics.FP-SNS-MOTENV1.4.3.1
2023-06-08 10:41:40,306 [WARN] PackLoader:240 - Cannot read IP mode file for STMicroelectronics.FP-SNS-FLIGHT1.5.0.1
2023-06-08 10:41:40,309 [WARN] PackLoader:240 - Cannot read IP mode file for STMicroelectronics.X-CUBE-BLE1.6.2.4
2023-06-08 10:41:40,314 [WARN] PackLoader:240 - Cannot read IP mode file for emotas.I-CUBE-CANOPEN.1.1.3
2023-06-08 10:41:40,321 [WARN] PackLoader:240 - Cannot read IP mode file for STMicroelectronics.X-CUBE-BLEMGR.2.0.0
2023-06-08 10:41:40,338 [WARN] ConditionMgr:438 - getConditionDescription Invalid condition id : UX DEVICE CLASS RTOS Condition cause : null
2023-06-08 10:41:40,338 [WARN] ConditionMgr:438 - getConditionDescription Invalid condition id : UX DEVICE CLASS RTOS Condition cause : null
2023-06-08 10:41:40,341 [WARN] PackLoader:240 - Cannot read IP mode file for STMicroelectronics.X-CUBE-AZRTOS-H7.3.1.0
2023-06-08 10:41:40,342 [WARN] ConditionMgr:1039 - genDependencies : Invalid condition id : UX DEVICE CLASS RTOS Condition cause : null
2023-06-08 10:41:40,342 [WARN] ConditionMgr:1039 - genDependencies : Invalid condition id : UX DEVICE CLASS RTOS Condition cause : null
2023-06-08 10:41:40,342 [WARN] ConditionMgr:1039 - genDependencies : Invalid condition id : UX DEVICE CLASS RTOS Condition cause : null
2023-06-08 10:41:40,343 [WARN] ConditionMgr:1039 - genDependencies : Invalid condition id : UX DEVICE CLASS RTOS Condition cause : null
2023-06-08 10:41:40,343 [WARN] ConditionMgr:1039 - genDependencies : Invalid condition id : UX DEVICE CLASS RTOS Condition cause : null
2023-06-08 10:41:40,352 [WARN] PackLoader:240 - Cannot read IP mode file for STMicroelectronics.X-CUBE-DISPLAY.3.0.0
2023-06-08 10:41:40,356 [WARN] PackLoader:240 - Cannot read IP mode file for STMicroelectronics.X-CUBE-NFC7.1.0.0
2023-06-08 10:41:40,358 [WARN] PackLoader:240 - Cannot read IP mode file for STMicroelectronics.X-CUBE-EEPRMA1.4.1.0
2023-06-08 10:41:40,365 [WARN] ConditionMgr:438 - getConditionDescription Invalid condition id : LAN8742 Phy interface Condition cause : null
2023-06-08 10:41:40,366 [WARN] PackLoader:240 - Cannot read IP mode file for STMicroelectronics.X-CUBE-AZRTOS-L4.2.0.0
2023-06-08 10:41:40,366 [WARN] ConditionMgr:1039 - genDependencies : Invalid condition id : LAN8742 Phy interface Condition cause : null
2023-06-08 10:41:40,366 [WARN] ConditionMgr:1039 - genDependencies : Invalid condition id : LAN8742 Phy interface Condition cause : null
2023-06-08 10:41:40,366 [WARN] ConditionMgr:1039 - genDependencies : Invalid condition id : LAN8742 Phy interface Condition cause : null
2023-06-08 10:41:40,370 [WARN] PackLoader:240 - Cannot read IP mode file for WES.I-CUBE-Cesium.1.3.0
2023-06-08 10:41:40,372 [WARN] PackLoader:240 - Cannot read IP mode file for STMicroelectronics.X-CUBE-SFXS2LP1.4.0.0
2023-06-08 10:41:40,375 [WARN] PackLoader:240 - Cannot read IP mode file for STMicroelectronics.X-CUBE-BLE2.3.3.0
2023-06-08 10:41:40,378 [WARN] PackLoader:240 - Cannot read IP mode file for STMicroelectronics.X-CUBE-ISPU.1.1.0
2023-06-08 10:41:40,381 [WARN] PackLoader:240 - Cannot read IP mode file for STMicroelectronics.X-CUBE-FREERTOS.1.0.1
2023-06-08 10:41:40,384 [WARN] PackLoader:240 - Cannot read IP mode file for STMicroelectronics.X-CUBE-TOUCHGFX.4.21.4
2023-06-08 10:41:40,387 [WARN] PackLoader:240 - Cannot read IP mode file for STMicroelectronics.X-CUBE-ALGOBUILD.1.3.0
2023-06-08 10:41:40,396 [WARN] PackLoader:240 - Cannot read IP mode file for STMicroelectronics.X-CUBE-AZRTOS-L5.1.1.0
2023-06-08 10:41:40,406 [WARN] PackLoader:240 - Cannot read IP mode file for STMicroelectronics.X-CUBE-AZRTOS-G0.1.1.0
2023-06-08 10:41:40,409 [WARN] PackLoader:240 - Cannot read IP mode file for STMicroelectronics.X-CUBE-AI.8.0.1
2023-06-08 10:41:40,413 [WARN] PackLoader:240 - Cannot read IP mode file for STMicroelectronics.X-CUBE-SUBG2.5.0.0
2023-06-08 10:41:40,417 [WARN] PackLoader:240 - Cannot read IP mode file for STMicroelectronics.X-CUBE-NFC4.3.0.0
2023-06-08 10:41:40,425 [WARN] PackLoader:240 - Cannot read IP mode file for STMicroelectronics.X-CUBE-AZRTOS-G4.2.0.0
2023-06-08 10:41:40,430 [WARN] PackLoader:240 - Cannot read IP mode file for STMicroelectronics.X-CUBE-TOF1.3.3.0
2023-06-08 10:41:40,435 [WARN] PackLoader:240 - Cannot read IP mode file for STMicroelectronics.FP-ATR-SIGFOX1.3.2.0
2023-06-08 10:41:40,441 [WARN] PackLoader:240 - Cannot read IP mode file for STMicroelectronics.X-CUBE-AZRTOS-L4.1.0.0
2023-06-08 10:41:40,446 [WARN] PackLoader:240 - Cannot read IP mode file for STMicroelectronics.X-CUBE-AZRTOS-WL.1.0.0
2023-06-08 10:41:40,448 [WARN] PackLoader:240 - Cannot read IP mode file for portGmbH.I-Cube-SoM-uGOAL.1.1.0
2023-06-08 10:41:40,450 [WARN] PackLoader:240 - Cannot read IP mode file for STMicroelectronics.X-CUBE-ALS.1.0.1
2023-06-08 10:41:40,458 [WARN] PackLoader:240 - Cannot read IP mode file for STMicroelectronics.X-CUBE-AZRTOS-WB.1.1.0
2023-06-08 10:41:40,473 [WARN] PackLoader:240 - Cannot read IP mode file for SEGGER.I-CUBE-embOS.1.3.1
2023-06-08 10:41:40,499 [WARN] PackLoader:240 - Cannot read IP mode file for STMicroelectronics.FP-ATR-ASTRA1.2.0.0
2023-06-08 10:41:40,500 [INFO] ThirdParty:978 - Integrity check success = true
2023-06-08 10:41:40,500 [INFO] IntegrityCheckThread:100 - exiting critical section [integrity check]
2023-06-08 10:41:40,500 [INFO] IntegrityCheckThread:103 - End integrity checks thread
2023-06-08 10:41:40,500 [INFO] ThirdParty:873 - entering critical section [close project]
2023-06-08 10:41:40,501 [INFO] ThirdParty:883 - exiting critical section [close project]
2023-06-08 10:41:40,505 [INFO] PinOutPanel:1499 - setPackage(No Configuration,No Configuration)
2023-06-08 10:41:40,510 [INFO] UtilMem:75 - Begin LoadConfig() Used Memory: 188153088 Bytes (268435456)
2023-06-08 10:41:40,511 [INFO] MicroXplorer:468 - Change Database Path : 
2023-06-08 10:41:40,511 [INFO] MicroXplorer:498 - Change Database Version : DB.6.0.81
2023-06-08 10:41:40,511 [INFO] OpenFileManager:308 - Change cursor
2023-06-08 10:41:40,535 [INFO] Mcu:1937 - Initializing MCU STM32F446R(C-E)Tx STM32F446RETx STM32F446RET6
2023-06-08 10:41:41,334 [INFO] Context:659 - Trying to add GPIOservice into a context  which must be forbidden
2023-06-08 10:41:41,694 [INFO] RtosManager:555 - Registered RTOS mode: class=CMSIS, group=RTOS, mode=CMSIS_V1, owner=FREERTOS
2023-06-08 10:41:41,694 [INFO] RtosManager:555 - Registered RTOS mode: class=CMSIS, group=RTOS2, mode=CMSIS_V2, owner=FREERTOS
2023-06-08 10:41:41,694 [INFO] RtosManager:555 - Registered RTOS mode: class=RTOS, group=Core, mode=CMSIS_V1, owner=FREERTOS
2023-06-08 10:41:41,694 [INFO] RtosManager:555 - Registered RTOS mode: class=RTOS, group=Core, mode=CMSIS_V2, owner=FREERTOS
2023-06-08 10:41:41,694 [WARN] ModelIntegratedComponent:184 - Missing modes for component STMicroelectronics:FreeRTOS:0.0.1:STMicroelectronics:RTOS:FreeRTOS:Core:::10.2.0:
2023-06-08 10:41:41,720 [WARN] ModelIntegratedComponent:63 - No mode defined for component null
2023-06-08 10:41:41,720 [WARN] ModelIntegratedComponent:63 - No mode defined for component null
2023-06-08 10:41:41,720 [WARN] ModelIntegratedComponent:63 - No mode defined for component null
2023-06-08 10:41:41,720 [WARN] ModelIntegratedComponent:63 - No mode defined for component null
2023-06-08 10:41:41,720 [WARN] ModelIntegratedComponent:63 - No mode defined for component null
2023-06-08 10:41:41,720 [WARN] ModelIntegratedComponent:63 - No mode defined for component null
2023-06-08 10:41:41,720 [WARN] ModelIntegratedComponent:63 - No mode defined for component null
2023-06-08 10:41:41,720 [WARN] ModelIntegratedComponent:63 - No mode defined for component null
2023-06-08 10:41:41,720 [WARN] ModelIntegratedComponent:63 - No mode defined for component null
2023-06-08 10:41:41,720 [WARN] ModelIntegratedComponent:63 - No mode defined for component null
2023-06-08 10:41:41,720 [WARN] ModelIntegratedComponent:63 - No mode defined for component null
2023-06-08 10:41:41,720 [WARN] ModelIntegratedComponent:63 - No mode defined for component null
2023-06-08 10:41:41,720 [WARN] ModelIntegratedComponent:63 - No mode defined for component null
2023-06-08 10:41:41,720 [WARN] ModelIntegratedComponent:63 - No mode defined for component null
2023-06-08 10:41:41,721 [WARN] ModelIntegratedComponent:63 - No mode defined for component null
2023-06-08 10:41:41,721 [WARN] ModelIntegratedComponent:63 - No mode defined for component null
2023-06-08 10:41:41,721 [WARN] ModelIntegratedComponent:63 - No mode defined for component null
2023-06-08 10:41:41,721 [WARN] ModelIntegratedComponent:63 - No mode defined for component null
2023-06-08 10:41:41,721 [WARN] ModelIntegratedComponent:63 - No mode defined for component null
2023-06-08 10:41:41,721 [WARN] ModelIntegratedComponent:63 - No mode defined for component null
2023-06-08 10:41:41,721 [WARN] ModelIntegratedComponent:63 - No mode defined for component null
2023-06-08 10:41:41,721 [WARN] ModelIntegratedComponent:63 - No mode defined for component null
2023-06-08 10:41:41,721 [WARN] ModelIntegratedComponent:63 - No mode defined for component null
2023-06-08 10:41:41,721 [WARN] ModelIntegratedComponent:63 - No mode defined for component null
2023-06-08 10:41:41,721 [WARN] ModelIntegratedComponent:63 - No mode defined for component null
2023-06-08 10:41:41,721 [WARN] ModelIntegratedComponent:63 - No mode defined for component null
2023-06-08 10:41:41,721 [WARN] ModelIntegratedComponent:63 - No mode defined for component null
2023-06-08 10:41:41,721 [WARN] ModelIntegratedComponent:63 - No mode defined for component null
2023-06-08 10:41:41,721 [WARN] ModelIntegratedComponent:63 - No mode defined for component null
2023-06-08 10:41:41,721 [WARN] ModelIntegratedComponent:63 - No mode defined for component null
2023-06-08 10:41:41,721 [WARN] ModelIntegratedComponent:63 - No mode defined for component null
2023-06-08 10:41:41,721 [WARN] ModelIntegratedComponent:63 - No mode defined for component null
2023-06-08 10:41:41,721 [WARN] ModelIntegratedComponent:63 - No mode defined for component null
2023-06-08 10:41:41,738 [INFO] ThirdPartyModel:298 - Start build external matchings
2023-06-08 10:41:41,880 [INFO] ThirdPartyModel:316 - End build external matchings
2023-06-08 10:41:41,885 [INFO] RtosManager:919 - Current active RTOS is FREERTOS [Cortex-M4NS]
2023-06-08 10:41:41,892 [WARN] IP:2113 - I2C_Coeff_DF not found: check if there is a RefParameter without a condition.
2023-06-08 10:41:41,893 [WARN] IP:2113 - Analog_Filter not found: check if there is a RefParameter without a condition.
2023-06-08 10:41:41,895 [INFO] ImportTextPane:194 - (OptionalMessage_ERROR) IP (RCC) : Parameter (FLatency) has Id (AdvancedSettings) currently not set
2023-06-08 10:41:41,895 [INFO] ImportTextPane:194 - (OptionalMessage_ERROR) IP (RCC) : Invalid parameter (FamilyName)
2023-06-08 10:41:41,895 [INFO] ImportTextPane:194 - (OptionalMessage_ERROR) IP (RCC) : Parameter (SDIOFreq_Value) has invalid value (168000000)
2023-06-08 10:41:41,895 [INFO] ImportTextPane:194 - (OptionalMessage_ERROR) IP (RCC) : Parameter (USBFreq_Value) has invalid value (168000000)
2023-06-08 10:41:41,896 [INFO] ImportTextPane:194 - (OptionalMessage_ERROR) IP (RCC) : Invalid parameter (VcooutputI2S)
2023-06-08 10:41:42,043 [INFO] UtilMem:75 - End LoadConfig() Used Memory: 204477480 Bytes (406847488)
2023-06-08 10:41:42,095 [INFO] ApiDb:581 - Connected to CubeFinder SQLite database (/home/jeff/.stmcufinder/plugins/mcufinder/mcu/cube-finder-db.db)
2023-06-08 10:41:42,126 [INFO] ApiDb:668 - CubeFinder database Data Model version=2.1
2023-06-08 10:41:42,127 [INFO] ApiDb:669 - CubeFinder database Configuration version=3.0.35
2023-06-08 10:41:42,127 [INFO] ApiDb:670 - CubeFinder database generation date=2023-05-12 (1683877179)
2023-06-08 10:41:42,127 [INFO] ApiDb:671 - CubeFinder database FW Pack versions=[FP-ATR-ASTRA1_V2.0.0, FP-SNS-FLIGHT1_V5.0.0, FP-SNS-MOTENV1_V4.3.0, STM32Cube_FW_C0_V1.0.1, STM32Cube_FW_F0_V1.11.4, STM32Cube_FW_F3_V1.11.4, STM32Cube_FW_F4_V1.27.1, STM32Cube_FW_F7_V1.17.0, STM32Cube_FW_G0_V1.6.1, STM32Cube_FW_G4_V1.5.1, STM32Cube_FW_H5_V0.5.1, STM32Cube_FW_H5_V1.0.0, STM32Cube_FW_H7_V1.11.0, STM32Cube_FW_L0_V1.12.2, STM32Cube_FW_L5_V1.5.0, STM32Cube_FW_U5_V1.2.0, STM32Cube_FW_WBA_V1.0.0, STM32Cube_FW_WBA_V1.0.0RC1, STM32Cube_FW_WBA_V1.0.0RC3, STM32Cube_FW_WB_V1.15.0RC1, STM32Cube_FW_WB_V1.16.0, STM32Cube_FW_WB_V1.16.0RC2, STM32Cube_FW_WL_V1.3.0, X-CUBE-ALGOBUILD_V1.3.0, X-CUBE-ALS_V1.0.1, X-CUBE-AZRTOS-F4_V1.1.0, X-CUBE-AZRTOS-F7_V1.1.0, X-CUBE-AZRTOS-G0_V1.1.0, X-CUBE-AZRTOS-G4_V2.0.0, X-CUBE-AZRTOS-H7_V3.1.0, X-CUBE-AZRTOS-L4_V1.0.0, X-CUBE-AZRTOS-L5_V1.1.0, X-CUBE-AZRTOS-WB_V1.1.0, X-CUBE-AZRTOS-WL_V1.0.0, X-CUBE-BLE1_V6.2.4, X-CUBE-BLE2_V3.3.0, X-CUBE-BLEMGR_V2.0.0, X-CUBE-EEPRMA1_V4.1.0, X-CUBE-FREERTOS_V1.0.1, X-CUBE-GNSS1_V6.0.0, X-CUBE-MEMS1_V9.1.0, X-CUBE-MEMS1_V9.4.0, X-CUBE-MEMS1_V9.6.0, X-CUBE-NFC4_V3.0.0, X-CUBE-NFC7_V1.0.0, X-CUBE-SFXS2LP1_V4.0.0, X-CUBE-SUBG2_V5.0.0]
2023-06-08 10:41:43,097 [INFO] ApiDb:240 - Found 297 in-development CPN: [B-G473E-ZEST1S, B-WB1M-WPAN1, B-WL5M-SUBG1, NUCLEO-C031C6, NUCLEO-H503RB, NUCLEO-H563ZI, NUCLEO-U545RE-Q, NUCLEO-U5A5ZJ-Q, NUCLEO-WBA52CG, STEVAL-PROTEUS1, STEVAL-STWINBX1, STM320518-EVAL, STM32C0116-DK, STM32C011D6Y3TR, STM32C011D6Y6TR, STM32C011F4P3, STM32C011F4P6, STM32C011F4U3, STM32C011F4U6TR, STM32C011F6P3, STM32C011F6P6, STM32C011F6U3, STM32C011F6U6TR, STM32C011J4M3, STM32C011J4M6, STM32C011J6M3, STM32C011J6M6, STM32C0316-DK, STM32C031C4T3, STM32C031C4T6, STM32C031C4U3, STM32C031C4U6, STM32C031C6T3, STM32C031C6T6, STM32C031C6U3, STM32C031C6U6, STM32C031F4P3, STM32C031F4P6, STM32C031F6P3, STM32C031F6P6, STM32C031G4U3, STM32C031G4U6, STM32C031G6U3, STM32C031G6U6, STM32C031K4T3, STM32C031K4T6, STM32C031K4U3, STM32C031K4U6, STM32C031K6T3, STM32C031K6T6, STM32C031K6U3, STM32C031K6U6, STM32G071K8TXN, STM32G071K8UXN, STM32G081GBU6N, STM32G081KBT6N, STM32G081KBUXN, STM32G0B1CCT6N, STM32G0B1KCT6, STM32G0B1NEY6TR, STM32G0B1RCT6N, STM32G0C1CCT6, STM32G0C1CCT6N, STM32G0C1CCU6N, STM32G0C1CET6N, STM32G0C1CEU6N, STM32G0C1KCT6, STM32G0C1NEY6TR, STM32G0C1RCI6N, STM32G0C1RCT6N, STM32G0C1REI6N, STM32G0C1RET6N, STM32G0C1VCI6, STM32G0C1VEI6, STM32G471CCT6, STM32G471CCU6, STM32G471CET3, STM32G471CET6, STM32G471CEU3, STM32G471CEU6, STM32G471MCT6, STM32G471MET3, STM32G471MET6, STM32G471MEY6TR, STM32G471QCT6, STM32G471QET3, STM32G471RCT6, STM32G471RET3, STM32G471RET6, STM32G471VCH6, STM32G471VCI6, STM32G471VCT6, STM32G471VEH3, STM32G471VEH6, STM32G471VEI3, STM32G471VEI6, STM32G471VET3, STM32G471VET6, STM32G474CCT6, STM32H503CBT6, STM32H503CBU6, STM32H503EBY6TR, STM32H503KBU6, STM32H503RBT6, STM32H562AGI6, STM32H562AII6, STM32H562IGK6, STM32H562IGT6, STM32H562IIK6, STM32H562IIT6, STM32H562RGT6, STM32H562RGV6, STM32H562RIT6, STM32H562RIV6, STM32H562VGT6, STM32H562VIT6, STM32H562ZGT6, STM32H562ZIT6, STM32H563AGI6, STM32H563AII3Q, STM32H563AII6, STM32H563IGK6, STM32H563IGT6, STM32H563IIK3Q, STM32H563IIK6, STM32H563IIT3Q, STM32H563IIT6, STM32H563MIY3QTR, STM32H563RGT6, STM32H563RGV6, STM32H563RIT6, STM32H563RIV6, STM32H563VGT6, STM32H563VIT3Q, STM32H563VIT6, STM32H563ZGT6, STM32H563ZIT3Q, STM32H563ZIT6, STM32H573AII3Q, STM32H573AII6, STM32H573I-DK, STM32H573IIK3Q, STM32H573IIK6, STM32H573IIT3Q, STM32H573IIT6, STM32H573MIY3QTR, STM32H573RIT6, STM32H573RIV6, STM32H573VIT3Q, STM32H573VIT6, STM32H573ZIT3Q, STM32H573ZIT6, STM32L4R5QGI6STR, STM32MP131AAE3, STM32MP131AAF3, STM32MP131AAG3, STM32MP131CAE3, STM32MP131CAF3, STM32MP131CAG3, STM32MP131DAE7, STM32MP131DAF7, STM32MP131DAG7, STM32MP131FAE7, STM32MP131FAF7, STM32MP131FAG7, STM32MP133AAE3, STM32MP133AAF3, STM32MP133AAG3, STM32MP133CAE3, STM32MP133CAF3, STM32MP133CAG3, STM32MP133DAE7, STM32MP133DAF7, STM32MP133DAG7, STM32MP133FAE7, STM32MP133FAF7, STM32MP133FAG7, STM32MP135AAE3, STM32MP135AAF3, STM32MP135AAG3, STM32MP135CAE3, STM32MP135CAF3, STM32MP135CAG3, STM32MP135DAE7, STM32MP135DAF7, STM32MP135DAG7, STM32MP135F-DK, STM32MP135FAE7, STM32MP135FAF7, STM32MP135FAF7T, STM32MP135FAF7U, STM32MP135FAG7, STM32U535CBT6, STM32U535CBT6Q, STM32U535CBU6, STM32U535CBU6Q, STM32U535CCT6, STM32U535CCT6Q, STM32U535CCU6, STM32U535CCU6Q, STM32U535CET6, STM32U535CET6Q, STM32U535CEU6, STM32U535CEU6Q, STM32U535JEY6QTR, STM32U535NCY6QTR, STM32U535NEY6QTR, STM32U535RBI6, STM32U535RBI6Q, STM32U535RBT6, STM32U535RBT6Q, STM32U535RCI6, STM32U535RCI6Q, STM32U535RCT6, STM32U535RCT6Q, STM32U535REI6, STM32U535REI6Q, STM32U535RET6, STM32U535RET6Q, STM32U535VCI6, STM32U535VCI6Q, STM32U535VCT6, STM32U535VCT6Q, STM32U535VEI6, STM32U535VEI6Q, STM32U535VET6, STM32U535VET6Q, STM32U545CET6, STM32U545CET6Q, STM32U545CEU6, STM32U545CEU6Q, STM32U545JEY6QTR, STM32U545NEY6QTR, STM32U545REI6, STM32U545REI6Q, STM32U545RET6, STM32U545RET6Q, STM32U545VEI6, STM32U545VEI6Q, STM32U545VET6, STM32U545VET6Q, STM32U595AIH6, STM32U595AIH6Q, STM32U595AJH6, STM32U595AJH6Q, STM32U595QII6, STM32U595QII6Q, STM32U595QJI6, STM32U595QJI6Q, STM32U595RIT6, STM32U595RIT6Q, STM32U595RJT6, STM32U595RJT6Q, STM32U595VIT6, STM32U595VIT6Q, STM32U595VJT6, STM32U595VJT6Q, STM32U595ZIT6, STM32U595ZIT6Q, STM32U595ZIY6QTR, STM32U595ZJT6, STM32U595ZJT6Q, STM32U595ZJY6QTR, STM32U599BJY6QTR, STM32U599NIH6Q, STM32U599NJH6Q, STM32U599VIT6Q, STM32U599VJT6, STM32U599VJT6Q, STM32U599ZIT6Q, STM32U599ZIY6QTR, STM32U599ZJT6Q, STM32U599ZJY6QTR, STM32U5A5AJH6, STM32U5A5AJH6Q, STM32U5A5QJI6, STM32U5A5QJI6Q, STM32U5A5RJT6, STM32U5A5RJT6Q, STM32U5A5VJT6, STM32U5A5VJT6Q, STM32U5A5ZJT6, STM32U5A5ZJT6Q, STM32U5A5ZJY6QTR, STM32U5A9BJY6QTR, STM32U5A9J-DK, STM32U5A9NJH6Q, STM32U5A9VJT6Q, STM32U5A9ZJT6Q, STM32U5A9ZJY6QTR, STM32WB1MMCH6, STM32WBA52CEU6, STM32WBA52CEU6T, STM32WBA52CGU6, STM32WBA52CGU6T, STM32WL5MOCH6, STM32WL5MOCH6TR]
2023-06-08 10:41:43,099 [INFO] DbMcus:216 - Found 3775 MCUs, 3775 are supported
2023-06-08 10:41:43,100 [INFO] ApiDb:423 - Load user favorites file /home/jeff/.stm32cubeide/favorites.mcus.txt: 0 item(s)
2023-06-08 10:41:43,100 [INFO] ApiDb:427 - User favorites MCUs=[]
2023-06-08 10:41:43,100 [INFO] DbMcus:222 - Set 0 / 0 favorites MCUs
2023-06-08 10:41:43,300 [WARN] ThirdParty:833 - waiting for thirdparty lock release [change project]
2023-06-08 10:41:43,300 [INFO] ThirdParty:835 - entering critical section [change project]
2023-06-08 10:41:43,300 [INFO] ThirdParty:1030 - CMSIS Pack Vendor :STMicroelectronics X-CUBE-ISPU 1.1.0
2023-06-08 10:41:43,300 [INFO] ThirdParty:1030 - CMSIS Pack Vendor :STMicroelectronics X-CUBE-GNSS1 6.0.0
2023-06-08 10:41:43,300 [INFO] ThirdParty:1030 - CMSIS Pack Vendor :STMicroelectronics USB_HOST 2.0.0
2023-06-08 10:41:43,300 [INFO] ThirdParty:1030 - CMSIS Pack Vendor :STMicroelectronics X-CUBE-AZRTOS-F4 1.1.0
2023-06-08 10:41:43,300 [INFO] ThirdParty:1030 - CMSIS Pack Vendor :STMicroelectronics LIBJPEG 8.0.0
2023-06-08 10:41:43,300 [INFO] ThirdParty:1030 - CMSIS Pack Vendor :STMicroelectronics X-CUBE-SMBUS 2.1.0
2023-06-08 10:41:43,300 [INFO] ThirdParty:1030 - CMSIS Pack Vendor :wolfSSL I-CUBE-wolfSSL 5.6.0
2023-06-08 10:41:43,300 [INFO] ThirdParty:1030 - CMSIS Pack Vendor :STMicroelectronics USB_DEVICE 3.0.0
2023-06-08 10:41:43,300 [INFO] ThirdParty:1030 - CMSIS Pack Vendor :STMicroelectronics X-CUBE-FREERTOS 1.0.1
2023-06-08 10:41:43,300 [INFO] ThirdParty:1030 - CMSIS Pack Vendor :STMicroelectronics X-CUBE-AZRTOS-F7 1.1.0
2023-06-08 10:41:43,301 [INFO] ThirdParty:1030 - CMSIS Pack Vendor :STMicroelectronics X-CUBE-TOUCHGFX 4.21.4
2023-06-08 10:41:43,301 [INFO] ThirdParty:1030 - CMSIS Pack Vendor :STMicroelectronics USB_DEVICE 2.0.0
2023-06-08 10:41:43,301 [INFO] ThirdParty:1030 - CMSIS Pack Vendor :STMicroelectronics X-CUBE-MEMS1 9.6.0
2023-06-08 10:41:43,301 [INFO] ThirdParty:1030 - CMSIS Pack Vendor :STMicroelectronics FP-SNS-MOTENV1 4.3.0
2023-06-08 10:41:43,301 [INFO] ThirdParty:1030 - CMSIS Pack Vendor :STMicroelectronics FP-SNS-FLIGHT1 5.0.0
2023-06-08 10:41:43,301 [INFO] ThirdParty:1030 - CMSIS Pack Vendor :STMicroelectronics FP-SNS-MOTENV1 4.3.1
2023-06-08 10:41:43,301 [INFO] ThirdParty:1030 - CMSIS Pack Vendor :STMicroelectronics FP-SNS-FLIGHT1 5.0.1
2023-06-08 10:41:43,301 [INFO] ThirdParty:1030 - CMSIS Pack Vendor :STMicroelectronics X-CUBE-ALGOBUILD 1.3.0
2023-06-08 10:41:43,301 [INFO] ThirdParty:1030 - CMSIS Pack Vendor :STMicroelectronics X-CUBE-BLE1 6.2.4
2023-06-08 10:41:43,301 [INFO] ThirdParty:1030 - CMSIS Pack Vendor :STMicroelectronics X-CUBE-AZRTOS-L5 1.1.0
2023-06-08 10:41:43,301 [INFO] ThirdParty:1030 - CMSIS Pack Vendor :STMicroelectronics FreeRTOS 0.0.1
2023-06-08 10:41:43,301 [INFO] ThirdParty:1030 - CMSIS Pack Vendor :emotas I-CUBE-CANOPEN 1.1.3
2023-06-08 10:41:43,301 [INFO] ThirdParty:1030 - CMSIS Pack Vendor :STMicroelectronics X-CUBE-AZRTOS-G0 1.1.0
2023-06-08 10:41:43,301 [INFO] ThirdParty:1030 - CMSIS Pack Vendor :STMicroelectronics X-CUBE-BLEMGR 2.0.0
2023-06-08 10:41:43,301 [INFO] ThirdParty:1030 - CMSIS Pack Vendor :STMicroelectronics X-CUBE-AI 8.0.1
2023-06-08 10:41:43,301 [INFO] ThirdParty:1030 - CMSIS Pack Vendor :STMicroelectronics X-CUBE-SUBG2 5.0.0
2023-06-08 10:41:43,301 [INFO] ThirdParty:1030 - CMSIS Pack Vendor :STMicroelectronics X-CUBE-NFC4 3.0.0
2023-06-08 10:41:43,301 [INFO] ThirdParty:1030 - CMSIS Pack Vendor :STMicroelectronics STM32_WPAN 1.0.0
2023-06-08 10:41:43,301 [INFO] ThirdParty:1030 - CMSIS Pack Vendor :STMicroelectronics lwIP 2.0.3
2023-06-08 10:41:43,301 [INFO] ThirdParty:1030 - CMSIS Pack Vendor :STMicroelectronics USB_HOST 1.0.0
2023-06-08 10:41:43,301 [INFO] ThirdParty:1030 - CMSIS Pack Vendor :STMicroelectronics X-CUBE-AZRTOS-G4 2.0.0
2023-06-08 10:41:43,301 [INFO] ThirdParty:1030 - CMSIS Pack Vendor :STMicroelectronics PDM2PCM 3.1.0
2023-06-08 10:41:43,301 [INFO] ThirdParty:1030 - CMSIS Pack Vendor :STMicroelectronics X-CUBE-AZRTOS-H7 3.1.0
2023-06-08 10:41:43,301 [INFO] ThirdParty:1030 - CMSIS Pack Vendor :STMicroelectronics X-CUBE-TOF1 3.3.0
2023-06-08 10:41:43,301 [INFO] ThirdParty:1030 - CMSIS Pack Vendor :STMicroelectronics PDM2PCM 3.3.0
2023-06-08 10:41:43,301 [INFO] ThirdParty:1030 - CMSIS Pack Vendor :STMicroelectronics X-CUBE-DISPLAY 3.0.0
2023-06-08 10:41:43,301 [INFO] ThirdParty:1030 - CMSIS Pack Vendor :STMicroelectronics FP-ATR-SIGFOX1 3.2.0
2023-06-08 10:41:43,301 [INFO] ThirdParty:1030 - CMSIS Pack Vendor :STMicroelectronics X-CUBE-AZRTOS-L4 1.0.0
2023-06-08 10:41:43,301 [INFO] ThirdParty:1030 - CMSIS Pack Vendor :STMicroelectronics HAL Drivers 0.0.0
2023-06-08 10:41:43,301 [INFO] ThirdParty:1030 - CMSIS Pack Vendor :STMicroelectronics MBEDTLS 2.16.2
2023-06-08 10:41:43,301 [INFO] ThirdParty:1030 - CMSIS Pack Vendor :STMicroelectronics MBEDTLS 2.14.1
2023-06-08 10:41:43,301 [INFO] ThirdParty:1030 - CMSIS Pack Vendor :STMicroelectronics X-CUBE-NFC7 1.0.0
2023-06-08 10:41:43,301 [INFO] ThirdParty:1030 - CMSIS Pack Vendor :STMicroelectronics X-CUBE-AZRTOS-WL 1.0.0
2023-06-08 10:41:43,301 [INFO] ThirdParty:1030 - CMSIS Pack Vendor :STMicroelectronics X-CUBE-EEPRMA1 4.1.0
2023-06-08 10:41:43,301 [INFO] ThirdParty:1030 - CMSIS Pack Vendor :portGmbH I-Cube-SoM-uGOAL 1.1.0
2023-06-08 10:41:43,301 [INFO] ThirdParty:1030 - CMSIS Pack Vendor :STMicroelectronics X-CUBE-ALS 1.0.1
2023-06-08 10:41:43,301 [INFO] ThirdParty:1030 - CMSIS Pack Vendor :STMicroelectronics ThreadX 1.0.0
2023-06-08 10:41:43,301 [INFO] ThirdParty:1030 - CMSIS Pack Vendor :STMicroelectronics X-CUBE-AZRTOS-WB 1.1.0
2023-06-08 10:41:43,301 [INFO] ThirdParty:1030 - CMSIS Pack Vendor :SEGGER I-CUBE-embOS 1.3.1
2023-06-08 10:41:43,301 [INFO] ThirdParty:1030 - CMSIS Pack Vendor :STMicroelectronics USB_DEVICE 1.0.0
2023-06-08 10:41:43,301 [INFO] ThirdParty:1030 - CMSIS Pack Vendor :STMicroelectronics X-CUBE-AZRTOS-L4 2.0.0
2023-06-08 10:41:43,301 [INFO] ThirdParty:1030 - CMSIS Pack Vendor :STMicroelectronics ThreadX 0.0.2
2023-06-08 10:41:43,301 [INFO] ThirdParty:1030 - CMSIS Pack Vendor :WES I-CUBE-Cesium 1.3.0
2023-06-08 10:41:43,301 [INFO] ThirdParty:1030 - CMSIS Pack Vendor :STMicroelectronics FP-ATR-ASTRA1 2.0.0
2023-06-08 10:41:43,301 [INFO] ThirdParty:1030 - CMSIS Pack Vendor :STMicroelectronics lwIP 2.1.2
2023-06-08 10:41:43,301 [INFO] ThirdParty:1030 - CMSIS Pack Vendor :STMicroelectronics X-CUBE-SFXS2LP1 4.0.0
2023-06-08 10:41:43,301 [INFO] ThirdParty:1030 - CMSIS Pack Vendor :STMicroelectronics X-CUBE-BLE2 3.3.0
2023-06-08 10:41:43,301 [INFO] ThirdParty:1030 - CMSIS Pack Vendor :STMicroelectronics PDM2PCM 3.2.0
2023-06-08 10:41:43,301 [INFO] ThirdParty:841 - exiting critical section [change project]
2023-06-08 10:41:43,519 [INFO] PinOutPanel:1499 - setPackage(No Configuration,No Configuration)
2023-06-08 10:41:43,520 [INFO] PinOutPanel:1499 - setPackage(STM32F446RETx,LQFP64)
2023-06-08 10:41:43,946 [INFO] UtilMem:75 - Before build in PCC Used Memory: 276719424 Bytes (406847488)
2023-06-08 10:41:44,447 [INFO] UtilMem:75 - After build in PCC Used Memory: 312504352 Bytes (406847488)
2023-06-08 10:41:44,516 [INFO] ApiDbMcu:507 - Load IP Config File for FREERTOS
2023-06-08 10:41:44,547 [INFO] IPUIPlugin:80 - create IPUIPlugin
2023-06-08 10:41:44,547 [INFO] IPUIPlugin:80 - create IPUIPlugin
2023-06-08 10:41:44,547 [INFO] IPUIPlugin:80 - create IPUIPlugin
2023-06-08 10:41:44,548 [INFO] IPUIPlugin:80 - create IPUIPlugin
2023-06-08 10:41:44,548 [INFO] IPUIPlugin:80 - create IPUIPlugin
2023-06-08 10:41:44,548 [INFO] IPUIPlugin:80 - create IPUIPlugin
2023-06-08 10:41:44,548 [INFO] IPUIPlugin:80 - create IPUIPlugin
2023-06-08 10:41:44,548 [INFO] IPUIPlugin:80 - create IPUIPlugin
2023-06-08 10:41:44,548 [INFO] IPUIPlugin:80 - create IPUIPlugin
2023-06-08 10:41:44,548 [INFO] IPUIPlugin:80 - create IPUIPlugin
2023-06-08 10:41:44,549 [INFO] IPUIPlugin:80 - create IPUIPlugin
2023-06-08 10:41:44,549 [INFO] IPUIPlugin:80 - create IPUIPlugin
2023-06-08 10:41:44,549 [INFO] IPUIPlugin:80 - create IPUIPlugin
2023-06-08 10:41:44,549 [INFO] IPUIPlugin:80 - create IPUIPlugin
2023-06-08 10:41:44,549 [INFO] IPUIPlugin:80 - create IPUIPlugin
2023-06-08 10:41:44,549 [INFO] IPUIPlugin:80 - create IPUIPlugin
2023-06-08 10:41:44,549 [INFO] IPUIPlugin:80 - create IPUIPlugin
2023-06-08 10:41:44,549 [INFO] IPUIPlugin:80 - create IPUIPlugin
2023-06-08 10:41:44,549 [INFO] IPUIPlugin:80 - create IPUIPlugin
2023-06-08 10:41:44,549 [INFO] IPUIPlugin:80 - create IPUIPlugin
2023-06-08 10:41:44,550 [INFO] IPUIPlugin:80 - create IPUIPlugin
2023-06-08 10:41:44,550 [INFO] IPUIPlugin:80 - create IPUIPlugin
2023-06-08 10:41:44,550 [INFO] IPUIPlugin:80 - create IPUIPlugin
2023-06-08 10:41:44,550 [INFO] IPUIPlugin:80 - create IPUIPlugin
2023-06-08 10:41:44,550 [INFO] IPUIPlugin:80 - create IPUIPlugin
2023-06-08 10:41:44,550 [INFO] IPUIPlugin:80 - create IPUIPlugin
2023-06-08 10:41:44,551 [INFO] IPUIPlugin:80 - create IPUIPlugin
2023-06-08 10:41:44,551 [INFO] IPUIPlugin:80 - create IPUIPlugin
2023-06-08 10:41:44,551 [INFO] IPUIPlugin:80 - create IPUIPlugin
2023-06-08 10:41:44,551 [INFO] IPUIPlugin:80 - create IPUIPlugin
2023-06-08 10:41:44,552 [INFO] IPUIPlugin:80 - create IPUIPlugin
2023-06-08 10:41:44,552 [INFO] IPUIPlugin:80 - create IPUIPlugin
2023-06-08 10:41:44,552 [INFO] IPUIPlugin:80 - create IPUIPlugin
2023-06-08 10:41:44,552 [INFO] IPUIPlugin:80 - create IPUIPlugin
2023-06-08 10:41:44,552 [INFO] IPUIPlugin:80 - create IPUIPlugin
2023-06-08 10:41:44,552 [INFO] IPUIPlugin:80 - create IPUIPlugin
2023-06-08 10:41:44,553 [INFO] IPUIPlugin:80 - create IPUIPlugin
2023-06-08 10:41:44,553 [INFO] IPUIPlugin:80 - create IPUIPlugin
2023-06-08 10:41:44,553 [INFO] IPUIPlugin:80 - create IPUIPlugin
2023-06-08 10:41:44,553 [INFO] IPUIPlugin:80 - create IPUIPlugin
2023-06-08 10:41:44,554 [INFO] IPUIPlugin:80 - create IPUIPlugin
2023-06-08 10:41:44,554 [INFO] IPUIPlugin:80 - create IPUIPlugin
2023-06-08 10:41:44,554 [INFO] IPUIPlugin:80 - create IPUIPlugin
2023-06-08 10:41:44,554 [INFO] IPUIPlugin:80 - create IPUIPlugin
2023-06-08 10:41:44,555 [INFO] IPUIPlugin:80 - create IPUIPlugin
2023-06-08 10:41:44,555 [INFO] IPUIPlugin:80 - create IPUIPlugin
2023-06-08 10:41:44,555 [INFO] IPUIPlugin:80 - create IPUIPlugin
2023-06-08 10:41:44,555 [INFO] IPUIPlugin:80 - create IPUIPlugin
2023-06-08 10:41:44,556 [INFO] IPUIPlugin:80 - create IPUIPlugin
2023-06-08 10:41:44,556 [INFO] IPUIPlugin:80 - create IPUIPlugin
2023-06-08 10:41:44,556 [INFO] IPUIPlugin:80 - create IPUIPlugin
2023-06-08 10:41:44,556 [INFO] IPUIPlugin:80 - create IPUIPlugin
2023-06-08 10:41:44,556 [INFO] IPUIPlugin:80 - create IPUIPlugin
2023-06-08 10:41:44,557 [INFO] IPUIPlugin:80 - create IPUIPlugin
2023-06-08 10:41:44,557 [INFO] IPUIPlugin:80 - create IPUIPlugin
2023-06-08 10:41:44,557 [INFO] IPUIPlugin:80 - create IPUIPlugin
2023-06-08 10:41:44,557 [INFO] IPUIPlugin:80 - create IPUIPlugin
2023-06-08 10:41:44,558 [INFO] IPUIPlugin:80 - create IPUIPlugin
2023-06-08 10:41:44,559 [INFO] IPUIPlugin:80 - create IPUIPlugin
2023-06-08 10:41:44,559 [INFO] IPUIPlugin:80 - create IPUIPlugin
2023-06-08 10:41:44,567 [INFO] ApiDbMcu:507 - Load IP Config File for PDM2PCM
2023-06-08 10:41:44,574 [WARN] IP:2113 - I2C_Coeff_DF not found: check if there is a RefParameter without a condition.
2023-06-08 10:41:44,574 [WARN] IP:2113 - Analog_Filter not found: check if there is a RefParameter without a condition.
2023-06-08 10:41:44,600 [WARN] FreeRTOS:1023 - Null or empty value: should not occur! (nothing added to the table)
2023-06-08 10:41:44,752 [INFO] CADModel:165 - CPN selected for project levelSTM32F446RET6
2023-06-08 10:41:44,752 [INFO] CADModel:114 - Register for checkConnection events
2023-06-08 10:41:44,754 [INFO] RtosManager:697 - Active RTOS found at IOC load: FREERTOS [Cortex-M4NS]
2023-06-08 10:41:44,793 [INFO] OpenFileManager:328 - Restore cursor
2023-06-08 10:41:44,953 [WARN] IP:2113 - I2C_Coeff_DF not found: check if there is a RefParameter without a condition.
2023-06-08 10:41:44,953 [WARN] IP:2113 - Analog_Filter not found: check if there is a RefParameter without a condition.
2023-06-08 10:41:44,953 [WARN] IP:2113 - I2C_Coeff_DF not found: check if there is a RefParameter without a condition.
2023-06-08 10:41:44,953 [WARN] IP:2113 - Analog_Filter not found: check if there is a RefParameter without a condition.
2023-06-08 10:41:49,678 [ERROR] LogOutputStream:75 - [STDERR_REDIRECT] SLF4J: Failed to load class "org.slf4j.impl.StaticLoggerBinder".
2023-06-08 10:41:49,678 [ERROR] LogOutputStream:75 - [STDERR_REDIRECT] SLF4J: Defaulting to no-operation (NOP) logger implementation
2023-06-08 10:41:49,678 [ERROR] LogOutputStream:75 - [STDERR_REDIRECT] SLF4J: See http://www.slf4j.org/codes.html#StaticLoggerBinder for further details.
2023-06-08 10:43:21,626 [INFO] MainUpdater:2854 - connection check result : 10
2023-06-08 10:43:21,626 [INFO] MainUpdater:2854 - connection check result : 10
2023-06-08 10:43:21,776 [INFO] MicroXplorer:468 - Change Database Path : 
2023-06-08 10:43:21,776 [INFO] MicroXplorer:498 - Change Database Version : DB.6.0.81
2023-06-08 10:43:21,810 [WARN] ThirdParty:871 - waiting for thirdparty lock release [close project]
2023-06-08 10:43:21,810 [INFO] ThirdParty:873 - entering critical section [close project]
2023-06-08 10:43:21,810 [INFO] ThirdParty:883 - exiting critical section [close project]
2023-06-08 10:43:21,813 [INFO] PinOutPanel:1499 - setPackage(No Configuration,No Configuration)
2023-06-08 10:43:21,856 [WARN] IpParametersView:150 - Warning: This peripheral hasn't parameters
2023-06-08 10:43:21,894 [WARN] MainPanel:257 - <html><b><center>Warning: This peripheral has no parameters to be configured<br></b></html>
2023-06-08 10:43:21,911 [INFO] UtilMem:75 - Begin LoadConfig() Used Memory: 502291928 Bytes (590348288)
2023-06-08 10:43:21,912 [INFO] MicroXplorer:468 - Change Database Path : 
2023-06-08 10:43:21,912 [INFO] MicroXplorer:498 - Change Database Version : DB.6.0.81
2023-06-08 10:43:21,912 [INFO] OpenFileManager:308 - Change cursor
2023-06-08 10:43:21,924 [INFO] Mcu:1937 - Initializing MCU STM32F767ZITx STM32F767ZITx STM32F767ZIT6
2023-06-08 10:43:23,220 [INFO] Context:659 - Trying to add GPIOservice into a context  which must be forbidden
2023-06-08 10:43:23,636 [INFO] RtosManager:555 - Registered RTOS mode: class=CMSIS, group=RTOS, mode=CMSIS_V1, owner=FREERTOS
2023-06-08 10:43:23,637 [INFO] RtosManager:555 - Registered RTOS mode: class=CMSIS, group=RTOS2, mode=CMSIS_V2, owner=FREERTOS
2023-06-08 10:43:23,637 [INFO] RtosManager:555 - Registered RTOS mode: class=RTOS, group=Core, mode=CMSIS_V1, owner=FREERTOS
2023-06-08 10:43:23,637 [INFO] RtosManager:555 - Registered RTOS mode: class=RTOS, group=Core, mode=CMSIS_V2, owner=FREERTOS
2023-06-08 10:43:23,637 [WARN] ModelIntegratedComponent:184 - Missing modes for component STMicroelectronics:FreeRTOS:0.0.1:STMicroelectronics:RTOS:FreeRTOS:Core:::10.2.0:
2023-06-08 10:43:23,644 [WARN] ModelIntegratedComponent:63 - No mode defined for component null
2023-06-08 10:43:23,644 [WARN] ModelIntegratedComponent:63 - No mode defined for component null
2023-06-08 10:43:23,644 [WARN] ModelIntegratedComponent:63 - No mode defined for component null
2023-06-08 10:43:23,644 [WARN] ModelIntegratedComponent:63 - No mode defined for component null
2023-06-08 10:43:23,644 [WARN] ModelIntegratedComponent:63 - No mode defined for component null
2023-06-08 10:43:23,644 [WARN] ModelIntegratedComponent:63 - No mode defined for component null
2023-06-08 10:43:23,644 [WARN] ModelIntegratedComponent:63 - No mode defined for component null
2023-06-08 10:43:23,644 [WARN] ModelIntegratedComponent:63 - No mode defined for component null
2023-06-08 10:43:23,644 [WARN] ModelIntegratedComponent:63 - No mode defined for component null
2023-06-08 10:43:23,644 [WARN] ModelIntegratedComponent:63 - No mode defined for component null
2023-06-08 10:43:23,644 [WARN] ModelIntegratedComponent:63 - No mode defined for component null
2023-06-08 10:43:23,644 [WARN] ModelIntegratedComponent:63 - No mode defined for component null
2023-06-08 10:43:23,644 [WARN] ModelIntegratedComponent:63 - No mode defined for component null
2023-06-08 10:43:23,644 [WARN] ModelIntegratedComponent:63 - No mode defined for component null
2023-06-08 10:43:23,644 [WARN] ModelIntegratedComponent:63 - No mode defined for component null
2023-06-08 10:43:23,644 [WARN] ModelIntegratedComponent:63 - No mode defined for component null
2023-06-08 10:43:23,644 [WARN] ModelIntegratedComponent:63 - No mode defined for component null
2023-06-08 10:43:23,644 [WARN] ModelIntegratedComponent:63 - No mode defined for component null
2023-06-08 10:43:23,644 [WARN] ModelIntegratedComponent:63 - No mode defined for component null
2023-06-08 10:43:23,644 [WARN] ModelIntegratedComponent:63 - No mode defined for component null
2023-06-08 10:43:23,645 [WARN] ModelIntegratedComponent:63 - No mode defined for component null
2023-06-08 10:43:23,645 [WARN] ModelIntegratedComponent:63 - No mode defined for component null
2023-06-08 10:43:23,645 [WARN] ModelIntegratedComponent:63 - No mode defined for component null
2023-06-08 10:43:23,645 [WARN] ModelIntegratedComponent:63 - No mode defined for component null
2023-06-08 10:43:23,645 [WARN] ModelIntegratedComponent:63 - No mode defined for component null
2023-06-08 10:43:23,645 [WARN] ModelIntegratedComponent:63 - No mode defined for component null
2023-06-08 10:43:23,645 [WARN] ModelIntegratedComponent:63 - No mode defined for component null
2023-06-08 10:43:23,645 [WARN] ModelIntegratedComponent:63 - No mode defined for component null
2023-06-08 10:43:23,645 [WARN] ModelIntegratedComponent:63 - No mode defined for component null
2023-06-08 10:43:23,645 [WARN] ModelIntegratedComponent:63 - No mode defined for component null
2023-06-08 10:43:23,645 [WARN] ModelIntegratedComponent:63 - No mode defined for component null
2023-06-08 10:43:23,645 [WARN] ModelIntegratedComponent:63 - No mode defined for component null
2023-06-08 10:43:23,645 [WARN] ModelIntegratedComponent:63 - No mode defined for component null
2023-06-08 10:43:23,655 [INFO] ThirdPartyModel:298 - Start build external matchings
2023-06-08 10:43:23,784 [INFO] ThirdPartyModel:316 - End build external matchings
2023-06-08 10:43:23,788 [INFO] RtosManager:919 - Current active RTOS is FREERTOS [Cortex-M7NS]
2023-06-08 10:43:23,789 [INFO] ImportTextPane:194 - (OptionalMessage_ERROR) IP (CORTEX_M7) : Invalid parameter (BaseAddress_S)
2023-06-08 10:43:23,789 [INFO] ImportTextPane:194 - (OptionalMessage_ERROR) IP (CORTEX_M7) : Invalid parameter (Size_S)
2023-06-08 10:43:23,789 [INFO] ImportTextPane:194 - (OptionalMessage_ERROR) IP (CORTEX_M7) : Invalid parameter (AccessPermission_S)
2023-06-08 10:43:23,789 [INFO] ImportTextPane:194 - (OptionalMessage_ERROR) IP (CORTEX_M7) : Invalid parameter (DisableExec_S)
2023-06-08 10:43:23,790 [INFO] ImportTextPane:194 - (OptionalMessage_ERROR) IP (CORTEX_M7) : Invalid parameter (TypeExtField_S)
2023-06-08 10:43:23,790 [INFO] ImportTextPane:194 - (OptionalMessage_ERROR) IP (CORTEX_M7) : Invalid parameter (BaseAddress_S)
2023-06-08 10:43:23,790 [INFO] ImportTextPane:194 - (OptionalMessage_ERROR) IP (CORTEX_M7) : Invalid parameter (Size_S)
2023-06-08 10:43:23,790 [INFO] ImportTextPane:194 - (OptionalMessage_ERROR) IP (CORTEX_M7) : Invalid parameter (AccessPermission_S)
2023-06-08 10:43:23,790 [INFO] ImportTextPane:194 - (OptionalMessage_ERROR) IP (CORTEX_M7) : Invalid parameter (DisableExec_S)
2023-06-08 10:43:23,790 [INFO] ImportTextPane:194 - (OptionalMessage_ERROR) IP (CORTEX_M7) : Invalid parameter (IsShareable_S)
2023-06-08 10:43:23,790 [INFO] ImportTextPane:194 - (OptionalMessage_ERROR) IP (CORTEX_M7) : Invalid parameter (IsBufferable_S)
2023-06-08 10:43:23,790 [INFO] ImportTextPane:194 - (OptionalMessage_ERROR) IP (ETH) : Invalid parameter (PHY_Name)
2023-06-08 10:43:23,790 [INFO] ImportTextPane:194 - (OptionalMessage_ERROR) IP (ETH) : Invalid parameter (PHY_Value)
2023-06-08 10:43:23,790 [INFO] ImportTextPane:194 - (OptionalMessage_ERROR) IP (ETH) : Invalid parameter (PhyAddress)
2023-06-08 10:43:23,814 [INFO] ImportTextPane:194 - (OptionalMessage_ERROR) IP (RCC) : Invalid parameter (48MHZClocksFreq_Value)
2023-06-08 10:43:23,814 [INFO] ImportTextPane:194 - (OptionalMessage_ERROR) IP (RCC) : Invalid parameter (ADC12outputFreq_Value)
2023-06-08 10:43:23,814 [INFO] ImportTextPane:194 - (OptionalMessage_ERROR) IP (RCC) : Invalid parameter (ADC34outputFreq_Value)
2023-06-08 10:43:23,814 [INFO] ImportTextPane:194 - (OptionalMessage_ERROR) IP (RCC) : Invalid parameter (FamilyName)
2023-06-08 10:43:23,814 [INFO] ImportTextPane:194 - (OptionalMessage_ERROR) IP (RCC) : Invalid parameter (I2SClocksFreq_Value)
2023-06-08 10:43:23,814 [INFO] ImportTextPane:194 - (OptionalMessage_ERROR) IP (RCC) : Invalid parameter (LCDTFToutputFreq_Value)
2023-06-08 10:43:23,814 [INFO] ImportTextPane:194 - (OptionalMessage_ERROR) IP (RCC) : Invalid parameter (MCOFreq_Value)
2023-06-08 10:43:23,814 [INFO] ImportTextPane:194 - (OptionalMessage_ERROR) IP (RCC) : Invalid parameter (PLLMCOFreq_Value)
2023-06-08 10:43:23,814 [INFO] ImportTextPane:194 - (OptionalMessage_ERROR) IP (RCC) : Invalid parameter (PLLMUL)
2023-06-08 10:43:23,814 [INFO] ImportTextPane:194 - (OptionalMessage_ERROR) IP (RCC) : Invalid parameter (PRESCALERUSB)
2023-06-08 10:43:23,815 [INFO] ImportTextPane:194 - (OptionalMessage_ERROR) IP (RCC) : Invalid parameter (RTCHSEDivFreq_Value)
2023-06-08 10:43:23,815 [INFO] ImportTextPane:194 - (OptionalMessage_ERROR) IP (RCC) : Parameter (SDMMC2Freq_Value) has invalid value (216000000)
2023-06-08 10:43:23,815 [INFO] ImportTextPane:194 - (OptionalMessage_ERROR) IP (RCC) : Parameter (SDMMCFreq_Value) has invalid value (216000000)
2023-06-08 10:43:23,815 [INFO] ImportTextPane:194 - (OptionalMessage_ERROR) IP (RCC) : Invalid parameter (SYSCLKSourceVirtual)
2023-06-08 10:43:23,815 [INFO] ImportTextPane:194 - (OptionalMessage_ERROR) IP (RCC) : Invalid parameter (TIM15Freq_Value)
2023-06-08 10:43:23,815 [INFO] ImportTextPane:194 - (OptionalMessage_ERROR) IP (RCC) : Invalid parameter (TIM16Freq_Value)
2023-06-08 10:43:23,815 [INFO] ImportTextPane:194 - (OptionalMessage_ERROR) IP (RCC) : Invalid parameter (TIM17Freq_Value)
2023-06-08 10:43:23,815 [INFO] ImportTextPane:194 - (OptionalMessage_ERROR) IP (RCC) : Invalid parameter (TIM1Freq_Value)
2023-06-08 10:43:23,815 [INFO] ImportTextPane:194 - (OptionalMessage_ERROR) IP (RCC) : Invalid parameter (TIM20Freq_Value)
2023-06-08 10:43:23,815 [INFO] ImportTextPane:194 - (OptionalMessage_ERROR) IP (RCC) : Invalid parameter (TIM2Freq_Value)
2023-06-08 10:43:23,815 [INFO] ImportTextPane:194 - (OptionalMessage_ERROR) IP (RCC) : Invalid parameter (TIM3Freq_Value)
2023-06-08 10:43:23,815 [INFO] ImportTextPane:194 - (OptionalMessage_ERROR) IP (RCC) : Invalid parameter (TIM8Freq_Value)
2023-06-08 10:43:23,815 [INFO] ImportTextPane:194 - (OptionalMessage_ERROR) IP (RCC) : Invalid parameter (VCOOutput2Freq_Value)
2023-06-08 10:43:23,815 [INFO] ImportTextPane:194 - (OptionalMessage_ERROR) IP (RCC) : Invalid parameter (VcooutputI2S)
2023-06-08 10:43:23,989 [INFO] UtilMem:75 - End LoadConfig() Used Memory: 661103840 Bytes (823132160)
2023-06-08 10:43:24,072 [WARN] ThirdParty:833 - waiting for thirdparty lock release [change project]
2023-06-08 10:43:24,072 [INFO] ThirdParty:835 - entering critical section [change project]
2023-06-08 10:43:24,072 [INFO] ThirdParty:1030 - CMSIS Pack Vendor :STMicroelectronics X-CUBE-ISPU 1.1.0
2023-06-08 10:43:24,072 [INFO] ThirdParty:1030 - CMSIS Pack Vendor :STMicroelectronics X-CUBE-GNSS1 6.0.0
2023-06-08 10:43:24,072 [INFO] ThirdParty:1030 - CMSIS Pack Vendor :STMicroelectronics USB_HOST 2.0.0
2023-06-08 10:43:24,072 [INFO] ThirdParty:1030 - CMSIS Pack Vendor :STMicroelectronics X-CUBE-AZRTOS-F4 1.1.0
2023-06-08 10:43:24,072 [INFO] ThirdParty:1030 - CMSIS Pack Vendor :STMicroelectronics LIBJPEG 8.0.0
2023-06-08 10:43:24,072 [INFO] ThirdParty:1030 - CMSIS Pack Vendor :STMicroelectronics X-CUBE-SMBUS 2.1.0
2023-06-08 10:43:24,072 [INFO] ThirdParty:1030 - CMSIS Pack Vendor :wolfSSL I-CUBE-wolfSSL 5.6.0
2023-06-08 10:43:24,072 [INFO] ThirdParty:1030 - CMSIS Pack Vendor :STMicroelectronics USB_DEVICE 3.0.0
2023-06-08 10:43:24,072 [INFO] ThirdParty:1030 - CMSIS Pack Vendor :STMicroelectronics X-CUBE-FREERTOS 1.0.1
2023-06-08 10:43:24,073 [INFO] ThirdParty:1030 - CMSIS Pack Vendor :STMicroelectronics X-CUBE-AZRTOS-F7 1.1.0
2023-06-08 10:43:24,073 [INFO] ThirdParty:1030 - CMSIS Pack Vendor :STMicroelectronics X-CUBE-TOUCHGFX 4.21.4
2023-06-08 10:43:24,073 [INFO] ThirdParty:1030 - CMSIS Pack Vendor :STMicroelectronics USB_DEVICE 2.0.0
2023-06-08 10:43:24,073 [INFO] ThirdParty:1030 - CMSIS Pack Vendor :STMicroelectronics X-CUBE-MEMS1 9.6.0
2023-06-08 10:43:24,073 [INFO] ThirdParty:1030 - CMSIS Pack Vendor :STMicroelectronics FP-SNS-MOTENV1 4.3.0
2023-06-08 10:43:24,073 [INFO] ThirdParty:1030 - CMSIS Pack Vendor :STMicroelectronics FP-SNS-FLIGHT1 5.0.0
2023-06-08 10:43:24,073 [INFO] ThirdParty:1030 - CMSIS Pack Vendor :STMicroelectronics FP-SNS-MOTENV1 4.3.1
2023-06-08 10:43:24,073 [INFO] ThirdParty:1030 - CMSIS Pack Vendor :STMicroelectronics FP-SNS-FLIGHT1 5.0.1
2023-06-08 10:43:24,073 [INFO] ThirdParty:1030 - CMSIS Pack Vendor :STMicroelectronics X-CUBE-ALGOBUILD 1.3.0
2023-06-08 10:43:24,073 [INFO] ThirdParty:1030 - CMSIS Pack Vendor :STMicroelectronics X-CUBE-BLE1 6.2.4
2023-06-08 10:43:24,073 [INFO] ThirdParty:1030 - CMSIS Pack Vendor :STMicroelectronics X-CUBE-AZRTOS-L5 1.1.0
2023-06-08 10:43:24,073 [INFO] ThirdParty:1030 - CMSIS Pack Vendor :STMicroelectronics FreeRTOS 0.0.1
2023-06-08 10:43:24,073 [INFO] ThirdParty:1030 - CMSIS Pack Vendor :emotas I-CUBE-CANOPEN 1.1.3
2023-06-08 10:43:24,073 [INFO] ThirdParty:1030 - CMSIS Pack Vendor :STMicroelectronics X-CUBE-AZRTOS-G0 1.1.0
2023-06-08 10:43:24,073 [INFO] ThirdParty:1030 - CMSIS Pack Vendor :STMicroelectronics X-CUBE-BLEMGR 2.0.0
2023-06-08 10:43:24,073 [INFO] ThirdParty:1030 - CMSIS Pack Vendor :STMicroelectronics X-CUBE-AI 8.0.1
2023-06-08 10:43:24,073 [INFO] ThirdParty:1030 - CMSIS Pack Vendor :STMicroelectronics X-CUBE-SUBG2 5.0.0
2023-06-08 10:43:24,073 [INFO] ThirdParty:1030 - CMSIS Pack Vendor :STMicroelectronics X-CUBE-NFC4 3.0.0
2023-06-08 10:43:24,073 [INFO] ThirdParty:1030 - CMSIS Pack Vendor :STMicroelectronics STM32_WPAN 1.0.0
2023-06-08 10:43:24,073 [INFO] ThirdParty:1030 - CMSIS Pack Vendor :STMicroelectronics lwIP 2.0.3
2023-06-08 10:43:24,073 [INFO] ThirdParty:1030 - CMSIS Pack Vendor :STMicroelectronics USB_HOST 1.0.0
2023-06-08 10:43:24,073 [INFO] ThirdParty:1030 - CMSIS Pack Vendor :STMicroelectronics X-CUBE-AZRTOS-G4 2.0.0
2023-06-08 10:43:24,073 [INFO] ThirdParty:1030 - CMSIS Pack Vendor :STMicroelectronics PDM2PCM 3.1.0
2023-06-08 10:43:24,074 [INFO] ThirdParty:1030 - CMSIS Pack Vendor :STMicroelectronics X-CUBE-AZRTOS-H7 3.1.0
2023-06-08 10:43:24,074 [INFO] ThirdParty:1030 - CMSIS Pack Vendor :STMicroelectronics X-CUBE-TOF1 3.3.0
2023-06-08 10:43:24,074 [INFO] ThirdParty:1030 - CMSIS Pack Vendor :STMicroelectronics PDM2PCM 3.3.0
2023-06-08 10:43:24,074 [INFO] ThirdParty:1030 - CMSIS Pack Vendor :STMicroelectronics X-CUBE-DISPLAY 3.0.0
2023-06-08 10:43:24,074 [INFO] ThirdParty:1030 - CMSIS Pack Vendor :STMicroelectronics FP-ATR-SIGFOX1 3.2.0
2023-06-08 10:43:24,074 [INFO] ThirdParty:1030 - CMSIS Pack Vendor :STMicroelectronics X-CUBE-AZRTOS-L4 1.0.0
2023-06-08 10:43:24,074 [INFO] ThirdParty:1030 - CMSIS Pack Vendor :STMicroelectronics HAL Drivers 0.0.0
2023-06-08 10:43:24,074 [INFO] ThirdParty:1030 - CMSIS Pack Vendor :STMicroelectronics MBEDTLS 2.16.2
2023-06-08 10:43:24,074 [INFO] ThirdParty:1030 - CMSIS Pack Vendor :STMicroelectronics MBEDTLS 2.14.1
2023-06-08 10:43:24,074 [INFO] ThirdParty:1030 - CMSIS Pack Vendor :STMicroelectronics X-CUBE-NFC7 1.0.0
2023-06-08 10:43:24,074 [INFO] ThirdParty:1030 - CMSIS Pack Vendor :STMicroelectronics X-CUBE-AZRTOS-WL 1.0.0
2023-06-08 10:43:24,074 [INFO] ThirdParty:1030 - CMSIS Pack Vendor :STMicroelectronics X-CUBE-EEPRMA1 4.1.0
2023-06-08 10:43:24,074 [INFO] ThirdParty:1030 - CMSIS Pack Vendor :portGmbH I-Cube-SoM-uGOAL 1.1.0
2023-06-08 10:43:24,074 [INFO] ThirdParty:1030 - CMSIS Pack Vendor :STMicroelectronics X-CUBE-ALS 1.0.1
2023-06-08 10:43:24,074 [INFO] ThirdParty:1030 - CMSIS Pack Vendor :STMicroelectronics ThreadX 1.0.0
2023-06-08 10:43:24,074 [INFO] ThirdParty:1030 - CMSIS Pack Vendor :STMicroelectronics X-CUBE-AZRTOS-WB 1.1.0
2023-06-08 10:43:24,074 [INFO] ThirdParty:1030 - CMSIS Pack Vendor :SEGGER I-CUBE-embOS 1.3.1
2023-06-08 10:43:24,074 [INFO] ThirdParty:1030 - CMSIS Pack Vendor :STMicroelectronics USB_DEVICE 1.0.0
2023-06-08 10:43:24,074 [INFO] ThirdParty:1030 - CMSIS Pack Vendor :STMicroelectronics X-CUBE-AZRTOS-L4 2.0.0
2023-06-08 10:43:24,074 [INFO] ThirdParty:1030 - CMSIS Pack Vendor :STMicroelectronics ThreadX 0.0.2
2023-06-08 10:43:24,074 [INFO] ThirdParty:1030 - CMSIS Pack Vendor :WES I-CUBE-Cesium 1.3.0
2023-06-08 10:43:24,074 [INFO] ThirdParty:1030 - CMSIS Pack Vendor :STMicroelectronics FP-ATR-ASTRA1 2.0.0
2023-06-08 10:43:24,074 [INFO] ThirdParty:1030 - CMSIS Pack Vendor :STMicroelectronics lwIP 2.1.2
2023-06-08 10:43:24,075 [INFO] ThirdParty:1030 - CMSIS Pack Vendor :STMicroelectronics X-CUBE-SFXS2LP1 4.0.0
2023-06-08 10:43:24,075 [INFO] ThirdParty:1030 - CMSIS Pack Vendor :STMicroelectronics X-CUBE-BLE2 3.3.0
2023-06-08 10:43:24,075 [INFO] ThirdParty:1030 - CMSIS Pack Vendor :STMicroelectronics PDM2PCM 3.2.0
2023-06-08 10:43:24,075 [INFO] ThirdParty:841 - exiting critical section [change project]
2023-06-08 10:43:24,240 [INFO] PinOutPanel:1499 - setPackage(No Configuration,No Configuration)
2023-06-08 10:43:24,240 [INFO] PinOutPanel:1499 - setPackage(STM32F767ZITx,LQFP144)
2023-06-08 10:43:24,680 [INFO] UtilMem:75 - Before build in PCC Used Memory: 647002944 Bytes (823132160)
2023-06-08 10:43:24,863 [INFO] UtilMem:75 - After build in PCC Used Memory: 698383168 Bytes (823132160)
2023-06-08 10:43:24,879 [INFO] ApiDbMcu:507 - Load IP Config File for FREERTOS
2023-06-08 10:43:24,911 [INFO] ApiDbMcu:507 - Load IP Config File for LWIP
2023-06-08 10:43:24,926 [INFO] IPUIPlugin:80 - create IPUIPlugin
2023-06-08 10:43:24,926 [INFO] IPUIPlugin:80 - create IPUIPlugin
2023-06-08 10:43:24,926 [INFO] IPUIPlugin:80 - create IPUIPlugin
2023-06-08 10:43:24,926 [INFO] IPUIPlugin:80 - create IPUIPlugin
2023-06-08 10:43:24,926 [INFO] IPUIPlugin:80 - create IPUIPlugin
2023-06-08 10:43:24,926 [INFO] IPUIPlugin:80 - create IPUIPlugin
2023-06-08 10:43:24,926 [INFO] IPUIPlugin:80 - create IPUIPlugin
2023-06-08 10:43:24,926 [INFO] IPUIPlugin:80 - create IPUIPlugin
2023-06-08 10:43:24,926 [INFO] IPUIPlugin:80 - create IPUIPlugin
2023-06-08 10:43:24,926 [INFO] IPUIPlugin:80 - create IPUIPlugin
2023-06-08 10:43:24,926 [INFO] IPUIPlugin:80 - create IPUIPlugin
2023-06-08 10:43:24,926 [INFO] IPUIPlugin:80 - create IPUIPlugin
2023-06-08 10:43:24,926 [INFO] IPUIPlugin:80 - create IPUIPlugin
2023-06-08 10:43:24,926 [INFO] IPUIPlugin:80 - create IPUIPlugin
2023-06-08 10:43:24,926 [INFO] IPUIPlugin:80 - create IPUIPlugin
2023-06-08 10:43:24,927 [INFO] IPUIPlugin:80 - create IPUIPlugin
2023-06-08 10:43:24,927 [INFO] IPUIPlugin:80 - create IPUIPlugin
2023-06-08 10:43:24,927 [INFO] IPUIPlugin:80 - create IPUIPlugin
2023-06-08 10:43:24,927 [INFO] IPUIPlugin:80 - create IPUIPlugin
2023-06-08 10:43:24,927 [INFO] IPUIPlugin:80 - create IPUIPlugin
2023-06-08 10:43:24,927 [INFO] IPUIPlugin:80 - create IPUIPlugin
2023-06-08 10:43:24,927 [INFO] IPUIPlugin:80 - create IPUIPlugin
2023-06-08 10:43:24,927 [INFO] IPUIPlugin:80 - create IPUIPlugin
2023-06-08 10:43:24,927 [INFO] IPUIPlugin:80 - create IPUIPlugin
2023-06-08 10:43:24,927 [INFO] IPUIPlugin:80 - create IPUIPlugin
2023-06-08 10:43:24,927 [INFO] IPUIPlugin:80 - create IPUIPlugin
2023-06-08 10:43:24,927 [INFO] IPUIPlugin:80 - create IPUIPlugin
2023-06-08 10:43:24,927 [INFO] IPUIPlugin:80 - create IPUIPlugin
2023-06-08 10:43:24,927 [INFO] IPUIPlugin:80 - create IPUIPlugin
2023-06-08 10:43:24,927 [INFO] IPUIPlugin:80 - create IPUIPlugin
2023-06-08 10:43:24,927 [INFO] IPUIPlugin:80 - create IPUIPlugin
2023-06-08 10:43:24,928 [INFO] IPUIPlugin:80 - create IPUIPlugin
2023-06-08 10:43:24,939 [INFO] IPUIPlugin:80 - create IPUIPlugin
2023-06-08 10:43:24,940 [INFO] IPUIPlugin:80 - create IPUIPlugin
2023-06-08 10:43:24,940 [INFO] IPUIPlugin:80 - create IPUIPlugin
2023-06-08 10:43:24,940 [INFO] IPUIPlugin:80 - create IPUIPlugin
2023-06-08 10:43:24,940 [INFO] IPUIPlugin:80 - create IPUIPlugin
2023-06-08 10:43:24,940 [INFO] IPUIPlugin:80 - create IPUIPlugin
2023-06-08 10:43:24,940 [INFO] IPUIPlugin:80 - create IPUIPlugin
2023-06-08 10:43:24,940 [INFO] IPUIPlugin:80 - create IPUIPlugin
2023-06-08 10:43:24,940 [INFO] IPUIPlugin:80 - create IPUIPlugin
2023-06-08 10:43:24,941 [INFO] IPUIPlugin:80 - create IPUIPlugin
2023-06-08 10:43:24,941 [INFO] IPUIPlugin:80 - create IPUIPlugin
2023-06-08 10:43:24,941 [INFO] IPUIPlugin:80 - create IPUIPlugin
2023-06-08 10:43:24,941 [INFO] IPUIPlugin:80 - create IPUIPlugin
2023-06-08 10:43:24,941 [INFO] IPUIPlugin:80 - create IPUIPlugin
2023-06-08 10:43:24,941 [INFO] IPUIPlugin:80 - create IPUIPlugin
2023-06-08 10:43:24,941 [INFO] IPUIPlugin:80 - create IPUIPlugin
2023-06-08 10:43:24,941 [INFO] IPUIPlugin:80 - create IPUIPlugin
2023-06-08 10:43:24,941 [INFO] IPUIPlugin:80 - create IPUIPlugin
2023-06-08 10:43:24,942 [INFO] IPUIPlugin:80 - create IPUIPlugin
2023-06-08 10:43:24,942 [INFO] IPUIPlugin:80 - create IPUIPlugin
2023-06-08 10:43:24,942 [INFO] IPUIPlugin:80 - create IPUIPlugin
2023-06-08 10:43:24,942 [INFO] IPUIPlugin:80 - create IPUIPlugin
2023-06-08 10:43:24,942 [INFO] IPUIPlugin:80 - create IPUIPlugin
2023-06-08 10:43:24,943 [INFO] IPUIPlugin:80 - create IPUIPlugin
2023-06-08 10:43:24,943 [INFO] IPUIPlugin:80 - create IPUIPlugin
2023-06-08 10:43:24,943 [INFO] IPUIPlugin:80 - create IPUIPlugin
2023-06-08 10:43:24,943 [INFO] IPUIPlugin:80 - create IPUIPlugin
2023-06-08 10:43:24,943 [INFO] IPUIPlugin:80 - create IPUIPlugin
2023-06-08 10:43:24,943 [INFO] IPUIPlugin:80 - create IPUIPlugin
2023-06-08 10:43:24,943 [INFO] IPUIPlugin:80 - create IPUIPlugin
2023-06-08 10:43:24,944 [INFO] IPUIPlugin:80 - create IPUIPlugin
2023-06-08 10:43:24,944 [INFO] IPUIPlugin:80 - create IPUIPlugin
2023-06-08 10:43:24,944 [INFO] IPUIPlugin:80 - create IPUIPlugin
2023-06-08 10:43:24,944 [INFO] IPUIPlugin:80 - create IPUIPlugin
2023-06-08 10:43:24,944 [INFO] IPUIPlugin:80 - create IPUIPlugin
2023-06-08 10:43:24,944 [INFO] IPUIPlugin:80 - create IPUIPlugin
2023-06-08 10:43:24,944 [INFO] IPUIPlugin:80 - create IPUIPlugin
2023-06-08 10:43:24,944 [INFO] IPUIPlugin:80 - create IPUIPlugin
2023-06-08 10:43:24,945 [INFO] IPUIPlugin:80 - create IPUIPlugin
2023-06-08 10:43:24,945 [INFO] IPUIPlugin:80 - create IPUIPlugin
2023-06-08 10:43:24,945 [INFO] IPUIPlugin:80 - create IPUIPlugin
2023-06-08 10:43:24,945 [INFO] IPUIPlugin:80 - create IPUIPlugin
2023-06-08 10:43:24,945 [INFO] IPUIPlugin:80 - create IPUIPlugin
2023-06-08 10:43:24,945 [INFO] IPUIPlugin:80 - create IPUIPlugin
2023-06-08 10:43:24,946 [INFO] IPUIPlugin:80 - create IPUIPlugin
2023-06-08 10:43:24,946 [INFO] IPUIPlugin:80 - create IPUIPlugin
2023-06-08 10:43:24,946 [INFO] IPUIPlugin:80 - create IPUIPlugin
2023-06-08 10:43:24,948 [INFO] ApiDbMcu:507 - Load IP Config File for PDM2PCM
2023-06-08 10:43:24,954 [WARN] FreeRTOS:1023 - Null or empty value: should not occur! (nothing added to the table)
2023-06-08 10:43:25,040 [INFO] CADModel:165 - CPN selected for project levelSTM32F767ZIT6
2023-06-08 10:43:25,040 [INFO] CADModel:114 - Register for checkConnection events
2023-06-08 10:43:25,043 [INFO] RtosManager:697 - Active RTOS found at IOC load: FREERTOS [Cortex-M7NS]
2023-06-08 10:43:25,082 [INFO] OpenFileManager:328 - Restore cursor
2023-06-08 13:23:46,777 [INFO] MainUpdater:2854 - connection check result : 10
2023-06-08 13:23:46,783 [INFO] MainUpdater:2854 - connection check result : 10
2023-06-08 13:23:46,807 [INFO] MicroXplorer:468 - Change Database Path : 
2023-06-08 13:23:46,807 [INFO] MicroXplorer:498 - Change Database Version : DB.6.0.81
2023-06-08 13:23:46,821 [WARN] ThirdParty:871 - waiting for thirdparty lock release [close project]
2023-06-08 13:23:46,822 [INFO] ThirdParty:873 - entering critical section [close project]
2023-06-08 13:23:46,822 [INFO] ThirdParty:883 - exiting critical section [close project]
2023-06-08 13:23:46,823 [INFO] PinOutPanel:1499 - setPackage(No Configuration,No Configuration)
2023-06-08 13:23:46,828 [WARN] IpParametersView:150 - Warning: This peripheral hasn't parameters
2023-06-08 13:23:46,831 [WARN] MainPanel:257 - <html><b><center>Warning: This peripheral has no parameters to be configured<br></b></html>
2023-06-08 13:23:46,834 [INFO] UtilMem:75 - Begin LoadConfig() Used Memory: 435422816 Bytes (823132160)
2023-06-08 13:23:46,834 [INFO] MicroXplorer:468 - Change Database Path : 
2023-06-08 13:23:46,834 [INFO] MicroXplorer:498 - Change Database Version : DB.6.0.81
2023-06-08 13:23:46,834 [INFO] OpenFileManager:308 - Change cursor
2023-06-08 13:23:46,840 [INFO] Mcu:1937 - Initializing MCU STM32F446R(C-E)Tx STM32F446RETx STM32F446RET6
2023-06-08 13:23:47,617 [INFO] Context:659 - Trying to add GPIOservice into a context  which must be forbidden
2023-06-08 13:23:47,884 [INFO] RtosManager:555 - Registered RTOS mode: class=CMSIS, group=RTOS, mode=CMSIS_V1, owner=FREERTOS
2023-06-08 13:23:47,884 [INFO] RtosManager:555 - Registered RTOS mode: class=CMSIS, group=RTOS2, mode=CMSIS_V2, owner=FREERTOS
2023-06-08 13:23:47,885 [INFO] RtosManager:555 - Registered RTOS mode: class=RTOS, group=Core, mode=CMSIS_V1, owner=FREERTOS
2023-06-08 13:23:47,885 [INFO] RtosManager:555 - Registered RTOS mode: class=RTOS, group=Core, mode=CMSIS_V2, owner=FREERTOS
2023-06-08 13:23:47,885 [WARN] ModelIntegratedComponent:184 - Missing modes for component STMicroelectronics:FreeRTOS:0.0.1:STMicroelectronics:RTOS:FreeRTOS:Core:::10.2.0:
2023-06-08 13:23:47,891 [WARN] ModelIntegratedComponent:63 - No mode defined for component null
2023-06-08 13:23:47,891 [WARN] ModelIntegratedComponent:63 - No mode defined for component null
2023-06-08 13:23:47,891 [WARN] ModelIntegratedComponent:63 - No mode defined for component null
2023-06-08 13:23:47,891 [WARN] ModelIntegratedComponent:63 - No mode defined for component null
2023-06-08 13:23:47,891 [WARN] ModelIntegratedComponent:63 - No mode defined for component null
2023-06-08 13:23:47,891 [WARN] ModelIntegratedComponent:63 - No mode defined for component null
2023-06-08 13:23:47,891 [WARN] ModelIntegratedComponent:63 - No mode defined for component null
2023-06-08 13:23:47,892 [WARN] ModelIntegratedComponent:63 - No mode defined for component null
2023-06-08 13:23:47,892 [WARN] ModelIntegratedComponent:63 - No mode defined for component null
2023-06-08 13:23:47,892 [WARN] ModelIntegratedComponent:63 - No mode defined for component null
2023-06-08 13:23:47,892 [WARN] ModelIntegratedComponent:63 - No mode defined for component null
2023-06-08 13:23:47,892 [WARN] ModelIntegratedComponent:63 - No mode defined for component null
2023-06-08 13:23:47,892 [WARN] ModelIntegratedComponent:63 - No mode defined for component null
2023-06-08 13:23:47,892 [WARN] ModelIntegratedComponent:63 - No mode defined for component null
2023-06-08 13:23:47,892 [WARN] ModelIntegratedComponent:63 - No mode defined for component null
2023-06-08 13:23:47,892 [WARN] ModelIntegratedComponent:63 - No mode defined for component null
2023-06-08 13:23:47,892 [WARN] ModelIntegratedComponent:63 - No mode defined for component null
2023-06-08 13:23:47,892 [WARN] ModelIntegratedComponent:63 - No mode defined for component null
2023-06-08 13:23:47,892 [WARN] ModelIntegratedComponent:63 - No mode defined for component null
2023-06-08 13:23:47,892 [WARN] ModelIntegratedComponent:63 - No mode defined for component null
2023-06-08 13:23:47,892 [WARN] ModelIntegratedComponent:63 - No mode defined for component null
2023-06-08 13:23:47,892 [WARN] ModelIntegratedComponent:63 - No mode defined for component null
2023-06-08 13:23:47,892 [WARN] ModelIntegratedComponent:63 - No mode defined for component null
2023-06-08 13:23:47,892 [WARN] ModelIntegratedComponent:63 - No mode defined for component null
2023-06-08 13:23:47,892 [WARN] ModelIntegratedComponent:63 - No mode defined for component null
2023-06-08 13:23:47,892 [WARN] ModelIntegratedComponent:63 - No mode defined for component null
2023-06-08 13:23:47,892 [WARN] ModelIntegratedComponent:63 - No mode defined for component null
2023-06-08 13:23:47,892 [WARN] ModelIntegratedComponent:63 - No mode defined for component null
2023-06-08 13:23:47,892 [WARN] ModelIntegratedComponent:63 - No mode defined for component null
2023-06-08 13:23:47,892 [WARN] ModelIntegratedComponent:63 - No mode defined for component null
2023-06-08 13:23:47,892 [WARN] ModelIntegratedComponent:63 - No mode defined for component null
2023-06-08 13:23:47,892 [WARN] ModelIntegratedComponent:63 - No mode defined for component null
2023-06-08 13:23:47,892 [WARN] ModelIntegratedComponent:63 - No mode defined for component null
2023-06-08 13:23:47,900 [INFO] ThirdPartyModel:298 - Start build external matchings
2023-06-08 13:23:48,048 [INFO] ThirdPartyModel:316 - End build external matchings
2023-06-08 13:23:48,055 [INFO] RtosManager:919 - Current active RTOS is FREERTOS [Cortex-M4NS]
2023-06-08 13:23:48,059 [WARN] IP:2113 - I2C_Coeff_DF not found: check if there is a RefParameter without a condition.
2023-06-08 13:23:48,059 [WARN] IP:2113 - Analog_Filter not found: check if there is a RefParameter without a condition.
2023-06-08 13:23:48,059 [INFO] ImportTextPane:194 - (OptionalMessage_ERROR) IP (RCC) : Parameter (FLatency) has Id (AdvancedSettings) currently not set
2023-06-08 13:23:48,059 [INFO] ImportTextPane:194 - (OptionalMessage_ERROR) IP (RCC) : Invalid parameter (FamilyName)
2023-06-08 13:23:48,060 [INFO] ImportTextPane:194 - (OptionalMessage_ERROR) IP (RCC) : Parameter (SDIOFreq_Value) has invalid value (168000000)
2023-06-08 13:23:48,060 [INFO] ImportTextPane:194 - (OptionalMessage_ERROR) IP (RCC) : Parameter (USBFreq_Value) has invalid value (168000000)
2023-06-08 13:23:48,060 [INFO] ImportTextPane:194 - (OptionalMessage_ERROR) IP (RCC) : Invalid parameter (VcooutputI2S)
2023-06-08 13:23:48,181 [INFO] UtilMem:75 - End LoadConfig() Used Memory: 442691320 Bytes (823132160)
2023-06-08 13:23:48,186 [WARN] ThirdParty:833 - waiting for thirdparty lock release [change project]
2023-06-08 13:23:48,186 [INFO] ThirdParty:835 - entering critical section [change project]
2023-06-08 13:23:48,187 [INFO] ThirdParty:1030 - CMSIS Pack Vendor :STMicroelectronics X-CUBE-ISPU 1.1.0
2023-06-08 13:23:48,187 [INFO] ThirdParty:1030 - CMSIS Pack Vendor :STMicroelectronics X-CUBE-GNSS1 6.0.0
2023-06-08 13:23:48,187 [INFO] ThirdParty:1030 - CMSIS Pack Vendor :STMicroelectronics USB_HOST 2.0.0
2023-06-08 13:23:48,187 [INFO] ThirdParty:1030 - CMSIS Pack Vendor :STMicroelectronics X-CUBE-AZRTOS-F4 1.1.0
2023-06-08 13:23:48,187 [INFO] ThirdParty:1030 - CMSIS Pack Vendor :STMicroelectronics LIBJPEG 8.0.0
2023-06-08 13:23:48,187 [INFO] ThirdParty:1030 - CMSIS Pack Vendor :STMicroelectronics X-CUBE-SMBUS 2.1.0
2023-06-08 13:23:48,187 [INFO] ThirdParty:1030 - CMSIS Pack Vendor :wolfSSL I-CUBE-wolfSSL 5.6.0
2023-06-08 13:23:48,187 [INFO] ThirdParty:1030 - CMSIS Pack Vendor :STMicroelectronics USB_DEVICE 3.0.0
2023-06-08 13:23:48,187 [INFO] ThirdParty:1030 - CMSIS Pack Vendor :STMicroelectronics X-CUBE-FREERTOS 1.0.1
2023-06-08 13:23:48,187 [INFO] ThirdParty:1030 - CMSIS Pack Vendor :STMicroelectronics X-CUBE-AZRTOS-F7 1.1.0
2023-06-08 13:23:48,187 [INFO] ThirdParty:1030 - CMSIS Pack Vendor :STMicroelectronics X-CUBE-TOUCHGFX 4.21.4
2023-06-08 13:23:48,187 [INFO] ThirdParty:1030 - CMSIS Pack Vendor :STMicroelectronics USB_DEVICE 2.0.0
2023-06-08 13:23:48,187 [INFO] ThirdParty:1030 - CMSIS Pack Vendor :STMicroelectronics X-CUBE-MEMS1 9.6.0
2023-06-08 13:23:48,187 [INFO] ThirdParty:1030 - CMSIS Pack Vendor :STMicroelectronics FP-SNS-MOTENV1 4.3.0
2023-06-08 13:23:48,187 [INFO] ThirdParty:1030 - CMSIS Pack Vendor :STMicroelectronics FP-SNS-FLIGHT1 5.0.0
2023-06-08 13:23:48,187 [INFO] ThirdParty:1030 - CMSIS Pack Vendor :STMicroelectronics FP-SNS-MOTENV1 4.3.1
2023-06-08 13:23:48,187 [INFO] ThirdParty:1030 - CMSIS Pack Vendor :STMicroelectronics FP-SNS-FLIGHT1 5.0.1
2023-06-08 13:23:48,187 [INFO] ThirdParty:1030 - CMSIS Pack Vendor :STMicroelectronics X-CUBE-ALGOBUILD 1.3.0
2023-06-08 13:23:48,187 [INFO] ThirdParty:1030 - CMSIS Pack Vendor :STMicroelectronics X-CUBE-BLE1 6.2.4
2023-06-08 13:23:48,187 [INFO] ThirdParty:1030 - CMSIS Pack Vendor :STMicroelectronics X-CUBE-AZRTOS-L5 1.1.0
2023-06-08 13:23:48,187 [INFO] ThirdParty:1030 - CMSIS Pack Vendor :STMicroelectronics FreeRTOS 0.0.1
2023-06-08 13:23:48,187 [INFO] ThirdParty:1030 - CMSIS Pack Vendor :emotas I-CUBE-CANOPEN 1.1.3
2023-06-08 13:23:48,187 [INFO] ThirdParty:1030 - CMSIS Pack Vendor :STMicroelectronics X-CUBE-AZRTOS-G0 1.1.0
2023-06-08 13:23:48,187 [INFO] ThirdParty:1030 - CMSIS Pack Vendor :STMicroelectronics X-CUBE-BLEMGR 2.0.0
2023-06-08 13:23:48,187 [INFO] ThirdParty:1030 - CMSIS Pack Vendor :STMicroelectronics X-CUBE-AI 8.0.1
2023-06-08 13:23:48,187 [INFO] ThirdParty:1030 - CMSIS Pack Vendor :STMicroelectronics X-CUBE-SUBG2 5.0.0
2023-06-08 13:23:48,187 [INFO] ThirdParty:1030 - CMSIS Pack Vendor :STMicroelectronics X-CUBE-NFC4 3.0.0
2023-06-08 13:23:48,187 [INFO] ThirdParty:1030 - CMSIS Pack Vendor :STMicroelectronics STM32_WPAN 1.0.0
2023-06-08 13:23:48,187 [INFO] ThirdParty:1030 - CMSIS Pack Vendor :STMicroelectronics lwIP 2.0.3
2023-06-08 13:23:48,187 [INFO] ThirdParty:1030 - CMSIS Pack Vendor :STMicroelectronics USB_HOST 1.0.0
2023-06-08 13:23:48,187 [INFO] ThirdParty:1030 - CMSIS Pack Vendor :STMicroelectronics X-CUBE-AZRTOS-G4 2.0.0
2023-06-08 13:23:48,187 [INFO] ThirdParty:1030 - CMSIS Pack Vendor :STMicroelectronics PDM2PCM 3.1.0
2023-06-08 13:23:48,187 [INFO] ThirdParty:1030 - CMSIS Pack Vendor :STMicroelectronics X-CUBE-AZRTOS-H7 3.1.0
2023-06-08 13:23:48,187 [INFO] ThirdParty:1030 - CMSIS Pack Vendor :STMicroelectronics X-CUBE-TOF1 3.3.0
2023-06-08 13:23:48,187 [INFO] ThirdParty:1030 - CMSIS Pack Vendor :STMicroelectronics PDM2PCM 3.3.0
2023-06-08 13:23:48,187 [INFO] ThirdParty:1030 - CMSIS Pack Vendor :STMicroelectronics X-CUBE-DISPLAY 3.0.0
2023-06-08 13:23:48,187 [INFO] ThirdParty:1030 - CMSIS Pack Vendor :STMicroelectronics FP-ATR-SIGFOX1 3.2.0
2023-06-08 13:23:48,187 [INFO] ThirdParty:1030 - CMSIS Pack Vendor :STMicroelectronics X-CUBE-AZRTOS-L4 1.0.0
2023-06-08 13:23:48,187 [INFO] ThirdParty:1030 - CMSIS Pack Vendor :STMicroelectronics HAL Drivers 0.0.0
2023-06-08 13:23:48,187 [INFO] ThirdParty:1030 - CMSIS Pack Vendor :STMicroelectronics MBEDTLS 2.16.2
2023-06-08 13:23:48,187 [INFO] ThirdParty:1030 - CMSIS Pack Vendor :STMicroelectronics MBEDTLS 2.14.1
2023-06-08 13:23:48,187 [INFO] ThirdParty:1030 - CMSIS Pack Vendor :STMicroelectronics X-CUBE-NFC7 1.0.0
2023-06-08 13:23:48,187 [INFO] ThirdParty:1030 - CMSIS Pack Vendor :STMicroelectronics X-CUBE-AZRTOS-WL 1.0.0
2023-06-08 13:23:48,187 [INFO] ThirdParty:1030 - CMSIS Pack Vendor :STMicroelectronics X-CUBE-EEPRMA1 4.1.0
2023-06-08 13:23:48,187 [INFO] ThirdParty:1030 - CMSIS Pack Vendor :portGmbH I-Cube-SoM-uGOAL 1.1.0
2023-06-08 13:23:48,187 [INFO] ThirdParty:1030 - CMSIS Pack Vendor :STMicroelectronics X-CUBE-ALS 1.0.1
2023-06-08 13:23:48,187 [INFO] ThirdParty:1030 - CMSIS Pack Vendor :STMicroelectronics ThreadX 1.0.0
2023-06-08 13:23:48,187 [INFO] ThirdParty:1030 - CMSIS Pack Vendor :STMicroelectronics X-CUBE-AZRTOS-WB 1.1.0
2023-06-08 13:23:48,187 [INFO] ThirdParty:1030 - CMSIS Pack Vendor :SEGGER I-CUBE-embOS 1.3.1
2023-06-08 13:23:48,187 [INFO] ThirdParty:1030 - CMSIS Pack Vendor :STMicroelectronics USB_DEVICE 1.0.0
2023-06-08 13:23:48,187 [INFO] ThirdParty:1030 - CMSIS Pack Vendor :STMicroelectronics X-CUBE-AZRTOS-L4 2.0.0
2023-06-08 13:23:48,187 [INFO] ThirdParty:1030 - CMSIS Pack Vendor :STMicroelectronics ThreadX 0.0.2
2023-06-08 13:23:48,187 [INFO] ThirdParty:1030 - CMSIS Pack Vendor :WES I-CUBE-Cesium 1.3.0
2023-06-08 13:23:48,187 [INFO] ThirdParty:1030 - CMSIS Pack Vendor :STMicroelectronics FP-ATR-ASTRA1 2.0.0
2023-06-08 13:23:48,187 [INFO] ThirdParty:1030 - CMSIS Pack Vendor :STMicroelectronics lwIP 2.1.2
2023-06-08 13:23:48,187 [INFO] ThirdParty:1030 - CMSIS Pack Vendor :STMicroelectronics X-CUBE-SFXS2LP1 4.0.0
2023-06-08 13:23:48,187 [INFO] ThirdParty:1030 - CMSIS Pack Vendor :STMicroelectronics X-CUBE-BLE2 3.3.0
2023-06-08 13:23:48,187 [INFO] ThirdParty:1030 - CMSIS Pack Vendor :STMicroelectronics PDM2PCM 3.2.0
2023-06-08 13:23:48,187 [INFO] ThirdParty:841 - exiting critical section [change project]
2023-06-08 13:23:48,336 [INFO] PinOutPanel:1499 - setPackage(No Configuration,No Configuration)
2023-06-08 13:23:48,336 [INFO] PinOutPanel:1499 - setPackage(STM32F446RETx,LQFP64)
2023-06-08 13:23:48,566 [INFO] UtilMem:75 - Before build in PCC Used Memory: 623031080 Bytes (823132160)
2023-06-08 13:23:48,698 [INFO] UtilMem:75 - After build in PCC Used Memory: 672314152 Bytes (823132160)
2023-06-08 13:23:48,716 [INFO] ApiDbMcu:507 - Load IP Config File for FREERTOS
2023-06-08 13:23:48,728 [INFO] IPUIPlugin:80 - create IPUIPlugin
2023-06-08 13:23:48,728 [INFO] IPUIPlugin:80 - create IPUIPlugin
2023-06-08 13:23:48,728 [INFO] IPUIPlugin:80 - create IPUIPlugin
2023-06-08 13:23:48,728 [INFO] IPUIPlugin:80 - create IPUIPlugin
2023-06-08 13:23:48,728 [INFO] IPUIPlugin:80 - create IPUIPlugin
2023-06-08 13:23:48,738 [INFO] IPUIPlugin:80 - create IPUIPlugin
2023-06-08 13:23:48,739 [INFO] IPUIPlugin:80 - create IPUIPlugin
2023-06-08 13:23:48,739 [INFO] IPUIPlugin:80 - create IPUIPlugin
2023-06-08 13:23:48,739 [INFO] IPUIPlugin:80 - create IPUIPlugin
2023-06-08 13:23:48,739 [INFO] IPUIPlugin:80 - create IPUIPlugin
2023-06-08 13:23:48,739 [INFO] IPUIPlugin:80 - create IPUIPlugin
2023-06-08 13:23:48,739 [INFO] IPUIPlugin:80 - create IPUIPlugin
2023-06-08 13:23:48,739 [INFO] IPUIPlugin:80 - create IPUIPlugin
2023-06-08 13:23:48,739 [INFO] IPUIPlugin:80 - create IPUIPlugin
2023-06-08 13:23:48,739 [INFO] IPUIPlugin:80 - create IPUIPlugin
2023-06-08 13:23:48,739 [INFO] IPUIPlugin:80 - create IPUIPlugin
2023-06-08 13:23:48,739 [INFO] IPUIPlugin:80 - create IPUIPlugin
2023-06-08 13:23:48,739 [INFO] IPUIPlugin:80 - create IPUIPlugin
2023-06-08 13:23:48,739 [INFO] IPUIPlugin:80 - create IPUIPlugin
2023-06-08 13:23:48,739 [INFO] IPUIPlugin:80 - create IPUIPlugin
2023-06-08 13:23:48,739 [INFO] IPUIPlugin:80 - create IPUIPlugin
2023-06-08 13:23:48,739 [INFO] IPUIPlugin:80 - create IPUIPlugin
2023-06-08 13:23:48,740 [INFO] IPUIPlugin:80 - create IPUIPlugin
2023-06-08 13:23:48,740 [INFO] IPUIPlugin:80 - create IPUIPlugin
2023-06-08 13:23:48,740 [INFO] IPUIPlugin:80 - create IPUIPlugin
2023-06-08 13:23:48,740 [INFO] IPUIPlugin:80 - create IPUIPlugin
2023-06-08 13:23:48,740 [INFO] IPUIPlugin:80 - create IPUIPlugin
2023-06-08 13:23:48,740 [INFO] IPUIPlugin:80 - create IPUIPlugin
2023-06-08 13:23:48,740 [INFO] IPUIPlugin:80 - create IPUIPlugin
2023-06-08 13:23:48,740 [INFO] IPUIPlugin:80 - create IPUIPlugin
2023-06-08 13:23:48,740 [INFO] IPUIPlugin:80 - create IPUIPlugin
2023-06-08 13:23:48,740 [INFO] IPUIPlugin:80 - create IPUIPlugin
2023-06-08 13:23:48,740 [INFO] IPUIPlugin:80 - create IPUIPlugin
2023-06-08 13:23:48,741 [INFO] IPUIPlugin:80 - create IPUIPlugin
2023-06-08 13:23:48,741 [INFO] IPUIPlugin:80 - create IPUIPlugin
2023-06-08 13:23:48,741 [INFO] IPUIPlugin:80 - create IPUIPlugin
2023-06-08 13:23:48,741 [INFO] IPUIPlugin:80 - create IPUIPlugin
2023-06-08 13:23:48,741 [INFO] IPUIPlugin:80 - create IPUIPlugin
2023-06-08 13:23:48,741 [INFO] IPUIPlugin:80 - create IPUIPlugin
2023-06-08 13:23:48,741 [INFO] IPUIPlugin:80 - create IPUIPlugin
2023-06-08 13:23:48,741 [INFO] IPUIPlugin:80 - create IPUIPlugin
2023-06-08 13:23:48,742 [INFO] IPUIPlugin:80 - create IPUIPlugin
2023-06-08 13:23:48,742 [INFO] IPUIPlugin:80 - create IPUIPlugin
2023-06-08 13:23:48,742 [INFO] IPUIPlugin:80 - create IPUIPlugin
2023-06-08 13:23:48,742 [INFO] IPUIPlugin:80 - create IPUIPlugin
2023-06-08 13:23:48,742 [INFO] IPUIPlugin:80 - create IPUIPlugin
2023-06-08 13:23:48,742 [INFO] IPUIPlugin:80 - create IPUIPlugin
2023-06-08 13:23:48,742 [INFO] IPUIPlugin:80 - create IPUIPlugin
2023-06-08 13:23:48,743 [INFO] IPUIPlugin:80 - create IPUIPlugin
2023-06-08 13:23:48,743 [INFO] IPUIPlugin:80 - create IPUIPlugin
2023-06-08 13:23:48,743 [INFO] IPUIPlugin:80 - create IPUIPlugin
2023-06-08 13:23:48,743 [INFO] IPUIPlugin:80 - create IPUIPlugin
2023-06-08 13:23:48,743 [INFO] IPUIPlugin:80 - create IPUIPlugin
2023-06-08 13:23:48,743 [INFO] IPUIPlugin:80 - create IPUIPlugin
2023-06-08 13:23:48,743 [INFO] IPUIPlugin:80 - create IPUIPlugin
2023-06-08 13:23:48,744 [INFO] IPUIPlugin:80 - create IPUIPlugin
2023-06-08 13:23:48,744 [INFO] IPUIPlugin:80 - create IPUIPlugin
2023-06-08 13:23:48,744 [INFO] IPUIPlugin:80 - create IPUIPlugin
2023-06-08 13:23:48,745 [INFO] IPUIPlugin:80 - create IPUIPlugin
2023-06-08 13:23:48,745 [INFO] IPUIPlugin:80 - create IPUIPlugin
2023-06-08 13:23:48,747 [INFO] ApiDbMcu:507 - Load IP Config File for PDM2PCM
2023-06-08 13:23:48,747 [WARN] IP:2113 - I2C_Coeff_DF not found: check if there is a RefParameter without a condition.
2023-06-08 13:23:48,747 [WARN] IP:2113 - Analog_Filter not found: check if there is a RefParameter without a condition.
2023-06-08 13:23:48,752 [WARN] FreeRTOS:1023 - Null or empty value: should not occur! (nothing added to the table)
2023-06-08 13:23:48,778 [INFO] CADModel:165 - CPN selected for project levelSTM32F446RET6
2023-06-08 13:23:48,779 [INFO] CADModel:114 - Register for checkConnection events
2023-06-08 13:23:48,780 [INFO] RtosManager:697 - Active RTOS found at IOC load: FREERTOS [Cortex-M4NS]
2023-06-08 13:23:48,817 [INFO] OpenFileManager:328 - Restore cursor
2023-06-08 13:23:48,919 [WARN] IP:2113 - I2C_Coeff_DF not found: check if there is a RefParameter without a condition.
2023-06-08 13:23:48,919 [WARN] IP:2113 - Analog_Filter not found: check if there is a RefParameter without a condition.
2023-06-08 13:23:48,919 [WARN] IP:2113 - I2C_Coeff_DF not found: check if there is a RefParameter without a condition.
2023-06-08 13:23:48,919 [WARN] IP:2113 - Analog_Filter not found: check if there is a RefParameter without a condition.
2023-06-08 14:01:21,371 [INFO] Activator:176 - 


2023-06-08 14:01:21,372 [INFO] Activator:177 - !SESSION log4j initialized
2023-06-08 14:01:24,409 [INFO] LogOutputStream:77 - [STDOUT_REDIRECT] 
2023-06-08 14:02:00,735 [ERROR] LogOutputStream:75 - [STDERR_REDIRECT] SLF4J: Failed to load class "org.slf4j.impl.StaticLoggerBinder".
2023-06-08 14:02:00,736 [ERROR] LogOutputStream:75 - [STDERR_REDIRECT] SLF4J: Defaulting to no-operation (NOP) logger implementation
2023-06-08 14:02:00,736 [ERROR] LogOutputStream:75 - [STDERR_REDIRECT] SLF4J: See http://www.slf4j.org/codes.html#StaticLoggerBinder for further details.
2023-06-08 14:26:59,077 [INFO] Activator:176 - 


2023-06-08 14:26:59,078 [INFO] Activator:177 - !SESSION log4j initialized
2023-06-08 14:27:02,183 [INFO] LogOutputStream:77 - [STDOUT_REDIRECT] 
2023-06-08 14:27:33,567 [ERROR] LogOutputStream:75 - [STDERR_REDIRECT] SLF4J: Failed to load class "org.slf4j.impl.StaticLoggerBinder".
2023-06-08 14:27:33,567 [ERROR] LogOutputStream:75 - [STDERR_REDIRECT] SLF4J: Defaulting to no-operation (NOP) logger implementation
2023-06-08 14:27:33,567 [ERROR] LogOutputStream:75 - [STDERR_REDIRECT] SLF4J: See http://www.slf4j.org/codes.html#StaticLoggerBinder for further details.
