2023-06-20 11:37:25,338 [INFO] Activator:176 - 


2023-06-20 11:37:25,341 [INFO] Activator:177 - !SESSION log4j initialized
2023-06-20 11:37:28,682 [INFO] LogOutputStream:77 - [STDOUT_REDIRECT] 
2023-06-20 11:37:55,096 [ERROR] LogOutputStream:75 - [STDERR_REDIRECT] SLF4J: Failed to load class "org.slf4j.impl.StaticLoggerBinder".
2023-06-20 11:37:55,097 [ERROR] LogOutputStream:75 - [STDERR_REDIRECT] SLF4J: Defaulting to no-operation (NOP) logger implementation
2023-06-20 11:37:55,097 [ERROR] LogOutputStream:75 - [STDERR_REDIRECT] SLF4J: See http://www.slf4j.org/codes.html#StaticLoggerBinder for further details.
2023-06-20 12:16:06,691 [INFO] Activator:176 - 


2023-06-20 12:16:06,692 [INFO] Activator:177 - !SESSION log4j initialized
2023-06-20 12:16:09,971 [INFO] LogOutputStream:77 - [STDOUT_REDIRECT] 
2023-06-20 12:16:36,579 [ERROR] LogOutputStream:75 - [STDERR_REDIRECT] SLF4J: Failed to load class "org.slf4j.impl.StaticLoggerBinder".
2023-06-20 12:16:36,579 [ERROR] LogOutputStream:75 - [STDERR_REDIRECT] SLF4J: Defaulting to no-operation (NOP) logger implementation
2023-06-20 12:16:36,580 [ERROR] LogOutputStream:75 - [STDERR_REDIRECT] SLF4J: See http://www.slf4j.org/codes.html#StaticLoggerBinder for further details.
2023-06-20 12:49:51,303 [INFO] Activator:176 - 


2023-06-20 12:49:51,304 [INFO] Activator:177 - !SESSION log4j initialized
2023-06-20 12:49:54,867 [INFO] LogOutputStream:77 - [STDOUT_REDIRECT] 
2023-06-20 12:50:21,587 [ERROR] LogOutputStream:75 - [STDERR_REDIRECT] SLF4J: Failed to load class "org.slf4j.impl.StaticLoggerBinder".
2023-06-20 12:50:21,587 [ERROR] LogOutputStream:75 - [STDERR_REDIRECT] SLF4J: Defaulting to no-operation (NOP) logger implementation
2023-06-20 12:50:21,587 [ERROR] LogOutputStream:75 - [STDERR_REDIRECT] SLF4J: See http://www.slf4j.org/codes.html#StaticLoggerBinder for further details.
2023-06-20 19:20:59,488 [INFO] Activator:176 - 


2023-06-20 19:20:59,489 [INFO] Activator:177 - !SESSION log4j initialized
2023-06-20 19:21:02,639 [INFO] LogOutputStream:77 - [STDOUT_REDIRECT] 
2023-06-20 19:21:29,042 [ERROR] LogOutputStream:75 - [STDERR_REDIRECT] SLF4J: Failed to load class "org.slf4j.impl.StaticLoggerBinder".
2023-06-20 19:21:29,042 [ERROR] LogOutputStream:75 - [STDERR_REDIRECT] SLF4J: Defaulting to no-operation (NOP) logger implementation
2023-06-20 19:21:29,043 [ERROR] LogOutputStream:75 - [STDERR_REDIRECT] SLF4J: See http://www.slf4j.org/codes.html#StaticLoggerBinder for further details.
2023-06-20 20:11:27,210 [INFO] Activator:176 - 


2023-06-20 20:11:27,211 [INFO] Activator:177 - !SESSION log4j initialized
2023-06-20 20:11:30,263 [INFO] LogOutputStream:77 - [STDOUT_REDIRECT] 
2023-06-20 20:11:56,485 [ERROR] LogOutputStream:75 - [STDERR_REDIRECT] SLF4J: Failed to load class "org.slf4j.impl.StaticLoggerBinder".
2023-06-20 20:11:56,486 [ERROR] LogOutputStream:75 - [STDERR_REDIRECT] SLF4J: Defaulting to no-operation (NOP) logger implementation
2023-06-20 20:11:56,486 [ERROR] LogOutputStream:75 - [STDERR_REDIRECT] SLF4J: See http://www.slf4j.org/codes.html#StaticLoggerBinder for further details.
